Starting script
GCDC Clinton
Epoch 00: train acc: 0.4869 train loss: 1.0398 valid acc: 0.4492 valid loss: 1.0485
Epoch 01: train acc: 0.5307 train loss: 1.0085 valid acc: 0.4609 valid loss: 1.0523
Epoch 02: train acc: 0.5211 train loss: 1.0042 valid acc: 0.4453 valid loss: 1.0575
Epoch 03: train acc: 0.5387 train loss: 0.9821 valid acc: 0.4766 valid loss: 1.0496
Epoch 04: train acc: 0.5328 train loss: 0.9751 valid acc: 0.4297 valid loss: 1.0763
Epoch 05: train acc: 0.5369 train loss: 0.9720 valid acc: 0.4805 valid loss: 1.0548
Epoch 06: train acc: 0.5494 train loss: 0.9595 valid acc: 0.5039 valid loss: 1.0448
Epoch 07: train acc: 0.5664 train loss: 0.9429 valid acc: 0.4609 valid loss: 1.0802
Epoch 08: train acc: 0.5559 train loss: 0.9478 valid acc: 0.4531 valid loss: 1.0352
Epoch 09: train acc: 0.5723 train loss: 0.9352 valid acc: 0.5977 valid loss: 0.9687
Epoch 10: train acc: 0.5787 train loss: 0.9347 valid acc: 0.4883 valid loss: 1.0383
Epoch 11: train acc: 0.5713 train loss: 0.9356 valid acc: 0.4336 valid loss: 1.0700
Epoch 12: train acc: 0.5773 train loss: 0.9199 valid acc: 0.4648 valid loss: 1.0540
Epoch 13: train acc: 0.5840 train loss: 0.9149 valid acc: 0.4375 valid loss: 1.0682
Epoch 14: train acc: 0.5965 train loss: 0.9048 valid acc: 0.4023 valid loss: 1.1278
Epoch 15: train acc: 0.5891 train loss: 0.9106 valid acc: 0.4883 valid loss: 1.0214
Epoch 16: train acc: 0.5873 train loss: 0.8983 valid acc: 0.4453 valid loss: 1.0997
Epoch 17: train acc: 0.5938 train loss: 0.8935 valid acc: 0.5508 valid loss: 0.9954
Epoch 18: train acc: 0.5885 train loss: 0.8918 valid acc: 0.4766 valid loss: 1.0497
Epoch 19: train acc: 0.6020 train loss: 0.8954 valid acc: 0.5000 valid loss: 1.0330
Epoch 20: train acc: 0.6102 train loss: 0.8806 valid acc: 0.5352 valid loss: 1.0306
Epoch 21: train acc: 0.5961 train loss: 0.8805 valid acc: 0.5547 valid loss: 0.9662
Epoch 22: train acc: 0.6137 train loss: 0.8714 valid acc: 0.5391 valid loss: 1.0221
Epoch 23: train acc: 0.6160 train loss: 0.8651 valid acc: 0.5273 valid loss: 1.0055
Epoch 24: train acc: 0.6164 train loss: 0.8640 valid acc: 0.4844 valid loss: 1.0437
Epoch 25: train acc: 0.6045 train loss: 0.8746 valid acc: 0.4648 valid loss: 1.0528
Epoch 26: train acc: 0.6096 train loss: 0.8674 valid acc: 0.5273 valid loss: 1.0036
Epoch 27: train acc: 0.6059 train loss: 0.8659 valid acc: 0.4727 valid loss: 1.0337
Epoch 28: train acc: 0.6172 train loss: 0.8538 valid acc: 0.4844 valid loss: 1.0369
Epoch 29: train acc: 0.6158 train loss: 0.8486 valid acc: 0.4922 valid loss: 1.0636
Epoch 30: train acc: 0.6283 train loss: 0.8510 valid acc: 0.4961 valid loss: 1.0418
Epoch 31: train acc: 0.6240 train loss: 0.8465 valid acc: 0.5078 valid loss: 1.0056
Epoch 32: train acc: 0.6148 train loss: 0.8407 valid acc: 0.4766 valid loss: 1.0407
Epoch 33: train acc: 0.6371 train loss: 0.8456 valid acc: 0.5352 valid loss: 0.9942
Epoch 34: train acc: 0.6359 train loss: 0.8294 valid acc: 0.3984 valid loss: 1.0750
Epoch 35: train acc: 0.6252 train loss: 0.8358 valid acc: 0.5000 valid loss: 1.0225
Epoch 36: train acc: 0.6238 train loss: 0.8371 valid acc: 0.4375 valid loss: 1.0708
Epoch 37: train acc: 0.6256 train loss: 0.8349 valid acc: 0.5820 valid loss: 1.0079
Epoch 38: train acc: 0.6457 train loss: 0.8263 valid acc: 0.4844 valid loss: 1.0439
Epoch 39: train acc: 0.6369 train loss: 0.8237 valid acc: 0.4922 valid loss: 1.0353
Epoch 40: train acc: 0.6316 train loss: 0.8245 valid acc: 0.4609 valid loss: 1.0851
Epoch 41: train acc: 0.6375 train loss: 0.8249 valid acc: 0.4883 valid loss: 1.0005
Epoch 42: train acc: 0.6289 train loss: 0.8275 valid acc: 0.5469 valid loss: 0.9691
Epoch 43: train acc: 0.6363 train loss: 0.8214 valid acc: 0.4258 valid loss: 1.1207
Epoch 44: train acc: 0.6467 train loss: 0.8180 valid acc: 0.5117 valid loss: 1.0434
Epoch 45: train acc: 0.6404 train loss: 0.8148 valid acc: 0.4648 valid loss: 1.1189
Epoch 46: train acc: 0.6418 train loss: 0.8109 valid acc: 0.5273 valid loss: 1.0096
Epoch 47: train acc: 0.6340 train loss: 0.8137 valid acc: 0.5078 valid loss: 1.0268
Epoch 48: train acc: 0.6436 train loss: 0.8136 valid acc: 0.4609 valid loss: 1.0526
Epoch 49: train acc: 0.6270 train loss: 0.8160 valid acc: 0.4922 valid loss: 1.0111
Run 00: test acc: 0.5398 test loss: 1.0144
Epoch 00: train acc: 0.5025 train loss: 1.0476 valid acc: 0.3984 valid loss: 1.1150
Epoch 01: train acc: 0.5174 train loss: 1.0049 valid acc: 0.4688 valid loss: 1.0433
Epoch 02: train acc: 0.5270 train loss: 0.9942 valid acc: 0.4609 valid loss: 1.0632
Epoch 03: train acc: 0.5346 train loss: 0.9907 valid acc: 0.4805 valid loss: 1.0887
Epoch 04: train acc: 0.5439 train loss: 0.9881 valid acc: 0.3906 valid loss: 1.1093
Epoch 05: train acc: 0.5477 train loss: 0.9693 valid acc: 0.5312 valid loss: 0.9960
Epoch 06: train acc: 0.5607 train loss: 0.9681 valid acc: 0.4336 valid loss: 1.0751
Epoch 07: train acc: 0.5508 train loss: 0.9563 valid acc: 0.5156 valid loss: 1.0179
Epoch 08: train acc: 0.5555 train loss: 0.9517 valid acc: 0.4570 valid loss: 1.0578
Epoch 09: train acc: 0.5621 train loss: 0.9493 valid acc: 0.5586 valid loss: 1.0174
Epoch 10: train acc: 0.5721 train loss: 0.9374 valid acc: 0.4688 valid loss: 1.0614
Epoch 11: train acc: 0.5687 train loss: 0.9340 valid acc: 0.5273 valid loss: 0.9945
Epoch 12: train acc: 0.5766 train loss: 0.9282 valid acc: 0.5000 valid loss: 1.0501
Epoch 13: train acc: 0.5732 train loss: 0.9252 valid acc: 0.5000 valid loss: 1.0280
Epoch 14: train acc: 0.5689 train loss: 0.9272 valid acc: 0.5234 valid loss: 1.0171
Epoch 15: train acc: 0.5748 train loss: 0.9178 valid acc: 0.5273 valid loss: 1.0244
Epoch 16: train acc: 0.5590 train loss: 0.9210 valid acc: 0.4805 valid loss: 1.0478
Epoch 17: train acc: 0.5877 train loss: 0.9056 valid acc: 0.5000 valid loss: 1.0801
Epoch 18: train acc: 0.5781 train loss: 0.9099 valid acc: 0.4883 valid loss: 1.0797
Epoch 19: train acc: 0.5877 train loss: 0.9088 valid acc: 0.5234 valid loss: 1.0522
Epoch 20: train acc: 0.5844 train loss: 0.9005 valid acc: 0.5000 valid loss: 1.0384
Epoch 21: train acc: 0.6057 train loss: 0.8925 valid acc: 0.4766 valid loss: 1.0430
Epoch 22: train acc: 0.5975 train loss: 0.8824 valid acc: 0.4805 valid loss: 1.0257
Epoch 23: train acc: 0.5992 train loss: 0.8832 valid acc: 0.3984 valid loss: 1.1281
Epoch 24: train acc: 0.6088 train loss: 0.8789 valid acc: 0.5156 valid loss: 1.0252
Epoch 25: train acc: 0.6016 train loss: 0.8848 valid acc: 0.5586 valid loss: 1.0104
Epoch 26: train acc: 0.6143 train loss: 0.8684 valid acc: 0.5352 valid loss: 0.9929
Epoch 27: train acc: 0.6049 train loss: 0.8720 valid acc: 0.4883 valid loss: 1.0501
Epoch 28: train acc: 0.6008 train loss: 0.8698 valid acc: 0.5352 valid loss: 1.0084
Epoch 29: train acc: 0.6172 train loss: 0.8556 valid acc: 0.3945 valid loss: 1.0995
Epoch 30: train acc: 0.6119 train loss: 0.8583 valid acc: 0.4180 valid loss: 1.1450
Epoch 31: train acc: 0.6049 train loss: 0.8563 valid acc: 0.5781 valid loss: 0.9943
Epoch 32: train acc: 0.6143 train loss: 0.8487 valid acc: 0.5312 valid loss: 0.9792
Epoch 33: train acc: 0.6160 train loss: 0.8537 valid acc: 0.5156 valid loss: 1.0214
Epoch 34: train acc: 0.6127 train loss: 0.8503 valid acc: 0.4766 valid loss: 1.0576
Epoch 35: train acc: 0.6131 train loss: 0.8548 valid acc: 0.4961 valid loss: 1.0446
Epoch 36: train acc: 0.6148 train loss: 0.8537 valid acc: 0.5312 valid loss: 1.0408
Epoch 37: train acc: 0.6281 train loss: 0.8423 valid acc: 0.5312 valid loss: 1.0400
Epoch 38: train acc: 0.6203 train loss: 0.8357 valid acc: 0.4922 valid loss: 1.0539
Epoch 39: train acc: 0.6195 train loss: 0.8356 valid acc: 0.5703 valid loss: 0.9869
Epoch 40: train acc: 0.6303 train loss: 0.8335 valid acc: 0.5430 valid loss: 0.9894
Epoch 41: train acc: 0.6178 train loss: 0.8373 valid acc: 0.5273 valid loss: 0.9980
Epoch 42: train acc: 0.6150 train loss: 0.8323 valid acc: 0.5273 valid loss: 1.0142
Epoch 43: train acc: 0.6170 train loss: 0.8346 valid acc: 0.5078 valid loss: 1.0426
Epoch 44: train acc: 0.6373 train loss: 0.8238 valid acc: 0.4609 valid loss: 1.0846
Epoch 45: train acc: 0.6246 train loss: 0.8245 valid acc: 0.4688 valid loss: 1.0074
Epoch 46: train acc: 0.6246 train loss: 0.8191 valid acc: 0.5469 valid loss: 1.0239
Epoch 47: train acc: 0.6414 train loss: 0.8180 valid acc: 0.5391 valid loss: 1.0084
Epoch 48: train acc: 0.6254 train loss: 0.8265 valid acc: 0.4727 valid loss: 1.0750
Epoch 49: train acc: 0.6441 train loss: 0.8153 valid acc: 0.5430 valid loss: 1.0055
Run 01: test acc: 0.5645 test loss: 0.9747
Epoch 00: train acc: 0.4912 train loss: 1.0328 valid acc: 0.4531 valid loss: 1.0507
Epoch 01: train acc: 0.5166 train loss: 0.9995 valid acc: 0.4492 valid loss: 1.0784
Epoch 02: train acc: 0.5283 train loss: 0.9986 valid acc: 0.4609 valid loss: 1.0495
Epoch 03: train acc: 0.5451 train loss: 0.9831 valid acc: 0.4883 valid loss: 1.0622
Epoch 04: train acc: 0.5523 train loss: 0.9729 valid acc: 0.4570 valid loss: 1.0437
Epoch 05: train acc: 0.5520 train loss: 0.9619 valid acc: 0.5195 valid loss: 1.0293
Epoch 06: train acc: 0.5531 train loss: 0.9765 valid acc: 0.4570 valid loss: 1.0780
Epoch 07: train acc: 0.5629 train loss: 0.9490 valid acc: 0.4727 valid loss: 1.0469
Epoch 08: train acc: 0.5643 train loss: 0.9418 valid acc: 0.4648 valid loss: 1.0310
Epoch 09: train acc: 0.5803 train loss: 0.9335 valid acc: 0.4258 valid loss: 1.0562
Epoch 10: train acc: 0.5713 train loss: 0.9280 valid acc: 0.4688 valid loss: 1.0486
Epoch 11: train acc: 0.5773 train loss: 0.9238 valid acc: 0.5156 valid loss: 1.0214
Epoch 12: train acc: 0.5805 train loss: 0.9123 valid acc: 0.5469 valid loss: 0.9921
Epoch 13: train acc: 0.5930 train loss: 0.9014 valid acc: 0.4922 valid loss: 1.0206
Epoch 14: train acc: 0.5859 train loss: 0.9062 valid acc: 0.5664 valid loss: 1.0176
Epoch 15: train acc: 0.5865 train loss: 0.9069 valid acc: 0.5039 valid loss: 1.0067
Epoch 16: train acc: 0.5877 train loss: 0.9016 valid acc: 0.5352 valid loss: 0.9845
Epoch 17: train acc: 0.5957 train loss: 0.9202 valid acc: 0.4609 valid loss: 1.0557
Epoch 18: train acc: 0.5918 train loss: 0.9033 valid acc: 0.5078 valid loss: 1.0004
Epoch 19: train acc: 0.6018 train loss: 0.8925 valid acc: 0.5117 valid loss: 1.0670
Epoch 20: train acc: 0.5979 train loss: 0.8798 valid acc: 0.5430 valid loss: 1.0032
Epoch 21: train acc: 0.6082 train loss: 0.8751 valid acc: 0.5625 valid loss: 0.9899
Epoch 22: train acc: 0.6004 train loss: 0.8797 valid acc: 0.5352 valid loss: 1.0246
Epoch 23: train acc: 0.6033 train loss: 0.8704 valid acc: 0.4766 valid loss: 1.0962
Epoch 24: train acc: 0.6125 train loss: 0.8632 valid acc: 0.5039 valid loss: 1.0247
Epoch 25: train acc: 0.6125 train loss: 0.8647 valid acc: 0.5703 valid loss: 0.9797
Epoch 26: train acc: 0.6107 train loss: 0.8643 valid acc: 0.5352 valid loss: 1.0317
Epoch 27: train acc: 0.6070 train loss: 0.8648 valid acc: 0.5664 valid loss: 0.9616
Epoch 28: train acc: 0.6137 train loss: 0.8555 valid acc: 0.4805 valid loss: 1.0240
Epoch 29: train acc: 0.6035 train loss: 0.8548 valid acc: 0.5391 valid loss: 1.0040
Epoch 30: train acc: 0.6104 train loss: 0.8609 valid acc: 0.5430 valid loss: 0.9847
Epoch 31: train acc: 0.6229 train loss: 0.8441 valid acc: 0.4844 valid loss: 1.0394
Epoch 32: train acc: 0.6273 train loss: 0.8350 valid acc: 0.4688 valid loss: 1.0951
Epoch 33: train acc: 0.6211 train loss: 0.8309 valid acc: 0.5117 valid loss: 1.0270
Epoch 34: train acc: 0.6287 train loss: 0.8307 valid acc: 0.5469 valid loss: 1.0152
Epoch 35: train acc: 0.6352 train loss: 0.8253 valid acc: 0.5703 valid loss: 0.9636
Epoch 36: train acc: 0.6178 train loss: 0.8274 valid acc: 0.5312 valid loss: 1.0165
Epoch 37: train acc: 0.6361 train loss: 0.8225 valid acc: 0.5273 valid loss: 1.0167
Epoch 38: train acc: 0.6281 train loss: 0.8248 valid acc: 0.5703 valid loss: 1.0167
Epoch 39: train acc: 0.6346 train loss: 0.8338 valid acc: 0.5469 valid loss: 0.9973
Epoch 40: train acc: 0.6262 train loss: 0.8196 valid acc: 0.4414 valid loss: 1.0785
Epoch 41: train acc: 0.6352 train loss: 0.8171 valid acc: 0.5156 valid loss: 1.0293
Epoch 42: train acc: 0.6264 train loss: 0.8207 valid acc: 0.4141 valid loss: 1.0881
Epoch 43: train acc: 0.6260 train loss: 0.8178 valid acc: 0.4648 valid loss: 1.0106
Epoch 44: train acc: 0.6354 train loss: 0.8101 valid acc: 0.5352 valid loss: 1.0008
Epoch 45: train acc: 0.6445 train loss: 0.8123 valid acc: 0.5273 valid loss: 1.0210
Epoch 46: train acc: 0.6471 train loss: 0.8031 valid acc: 0.5078 valid loss: 1.0112
Epoch 47: train acc: 0.6391 train loss: 0.8137 valid acc: 0.5156 valid loss: 1.0290
Epoch 48: train acc: 0.6277 train loss: 0.8049 valid acc: 0.5430 valid loss: 0.9684
Epoch 49: train acc: 0.6461 train loss: 0.8036 valid acc: 0.5508 valid loss: 1.0102
Run 02: test acc: 0.5891 test loss: 0.9357
Epoch 00: train acc: 0.5023 train loss: 1.0410 valid acc: 0.4258 valid loss: 1.0832
Epoch 01: train acc: 0.5211 train loss: 0.9987 valid acc: 0.4766 valid loss: 1.0293
Epoch 02: train acc: 0.5387 train loss: 0.9926 valid acc: 0.4609 valid loss: 1.0566
Epoch 03: train acc: 0.5316 train loss: 0.9821 valid acc: 0.5430 valid loss: 1.0072
Epoch 04: train acc: 0.5363 train loss: 0.9685 valid acc: 0.4805 valid loss: 1.0796
Epoch 05: train acc: 0.5563 train loss: 0.9725 valid acc: 0.4883 valid loss: 1.0357
Epoch 06: train acc: 0.5652 train loss: 0.9568 valid acc: 0.4453 valid loss: 1.0719
Epoch 07: train acc: 0.5580 train loss: 0.9507 valid acc: 0.4336 valid loss: 1.0495
Epoch 08: train acc: 0.5684 train loss: 0.9364 valid acc: 0.5781 valid loss: 1.0082
Epoch 09: train acc: 0.5844 train loss: 0.9301 valid acc: 0.4922 valid loss: 1.0282
Epoch 10: train acc: 0.5631 train loss: 0.9518 valid acc: 0.4141 valid loss: 1.0838
Epoch 11: train acc: 0.5650 train loss: 0.9415 valid acc: 0.4375 valid loss: 1.0537
Epoch 12: train acc: 0.5781 train loss: 0.9246 valid acc: 0.4727 valid loss: 1.0081
Epoch 13: train acc: 0.5795 train loss: 0.9140 valid acc: 0.5000 valid loss: 1.0457
Epoch 14: train acc: 0.5957 train loss: 0.9122 valid acc: 0.4961 valid loss: 1.0685
Epoch 15: train acc: 0.5957 train loss: 0.8971 valid acc: 0.5234 valid loss: 1.0483
Epoch 16: train acc: 0.5828 train loss: 0.9034 valid acc: 0.4805 valid loss: 1.0432
Epoch 17: train acc: 0.5854 train loss: 0.8966 valid acc: 0.4961 valid loss: 1.0171
Epoch 18: train acc: 0.5986 train loss: 0.8880 valid acc: 0.5078 valid loss: 1.0243
Epoch 19: train acc: 0.6016 train loss: 0.8810 valid acc: 0.5508 valid loss: 0.9917
Epoch 20: train acc: 0.6064 train loss: 0.8770 valid acc: 0.5312 valid loss: 1.0180
Epoch 21: train acc: 0.6020 train loss: 0.8720 valid acc: 0.5352 valid loss: 1.0141
Epoch 22: train acc: 0.6055 train loss: 0.8737 valid acc: 0.4922 valid loss: 1.0373
Epoch 23: train acc: 0.6072 train loss: 0.8636 valid acc: 0.4844 valid loss: 1.0782
Epoch 24: train acc: 0.6223 train loss: 0.8608 valid acc: 0.4922 valid loss: 1.0147
Epoch 25: train acc: 0.6008 train loss: 0.8636 valid acc: 0.5977 valid loss: 0.9508
Epoch 26: train acc: 0.6205 train loss: 0.8588 valid acc: 0.5195 valid loss: 1.0191
Epoch 27: train acc: 0.6072 train loss: 0.8588 valid acc: 0.5742 valid loss: 0.9631
Epoch 28: train acc: 0.6164 train loss: 0.8544 valid acc: 0.4102 valid loss: 1.0795
Epoch 29: train acc: 0.6113 train loss: 0.8499 valid acc: 0.4961 valid loss: 0.9969
Epoch 30: train acc: 0.6246 train loss: 0.8455 valid acc: 0.5352 valid loss: 0.9820
Epoch 31: train acc: 0.6289 train loss: 0.8410 valid acc: 0.5195 valid loss: 1.0154
Epoch 32: train acc: 0.6189 train loss: 0.8402 valid acc: 0.4336 valid loss: 1.0383
Epoch 33: train acc: 0.6285 train loss: 0.8471 valid acc: 0.5469 valid loss: 1.0085
Epoch 34: train acc: 0.6166 train loss: 0.8375 valid acc: 0.4648 valid loss: 1.0779
Epoch 35: train acc: 0.6318 train loss: 0.8314 valid acc: 0.5273 valid loss: 1.0090
Epoch 36: train acc: 0.6287 train loss: 0.8321 valid acc: 0.5039 valid loss: 1.0560
Epoch 37: train acc: 0.6264 train loss: 0.8396 valid acc: 0.5430 valid loss: 1.0251
Epoch 38: train acc: 0.6252 train loss: 0.8330 valid acc: 0.5781 valid loss: 0.9590
Epoch 39: train acc: 0.6408 train loss: 0.8249 valid acc: 0.4922 valid loss: 1.0428
Epoch 40: train acc: 0.6363 train loss: 0.8198 valid acc: 0.4805 valid loss: 1.0659
Epoch 41: train acc: 0.6307 train loss: 0.8173 valid acc: 0.5312 valid loss: 0.9890
Epoch 42: train acc: 0.6344 train loss: 0.8173 valid acc: 0.4883 valid loss: 1.0175
Epoch 43: train acc: 0.6396 train loss: 0.8142 valid acc: 0.5430 valid loss: 0.9859
Epoch 44: train acc: 0.6217 train loss: 0.8166 valid acc: 0.5078 valid loss: 1.1185
Epoch 45: train acc: 0.6412 train loss: 0.8082 valid acc: 0.4648 valid loss: 1.0282
Epoch 46: train acc: 0.6379 train loss: 0.8081 valid acc: 0.5000 valid loss: 0.9942
Epoch 47: train acc: 0.6352 train loss: 0.8061 valid acc: 0.4414 valid loss: 1.0537
Epoch 48: train acc: 0.6285 train loss: 0.8125 valid acc: 0.4844 valid loss: 1.0549
Epoch 49: train acc: 0.6422 train loss: 0.8064 valid acc: 0.4805 valid loss: 1.0415
Run 03: test acc: 0.5781 test loss: 0.9311
Epoch 00: train acc: 0.4932 train loss: 1.0351 valid acc: 0.4531 valid loss: 1.0472
Epoch 01: train acc: 0.5182 train loss: 1.0004 valid acc: 0.5039 valid loss: 1.0253
Epoch 02: train acc: 0.5352 train loss: 0.9874 valid acc: 0.4414 valid loss: 1.0788
Epoch 03: train acc: 0.5357 train loss: 1.0023 valid acc: 0.4531 valid loss: 1.0549
Epoch 04: train acc: 0.5350 train loss: 0.9788 valid acc: 0.4570 valid loss: 1.0787
Epoch 05: train acc: 0.5615 train loss: 0.9697 valid acc: 0.5547 valid loss: 0.9791
Epoch 06: train acc: 0.5594 train loss: 0.9563 valid acc: 0.5117 valid loss: 1.0249
Epoch 07: train acc: 0.5531 train loss: 0.9519 valid acc: 0.4844 valid loss: 1.0217
Epoch 08: train acc: 0.5646 train loss: 0.9403 valid acc: 0.4570 valid loss: 1.0609
Epoch 09: train acc: 0.5740 train loss: 0.9416 valid acc: 0.4883 valid loss: 1.0584
Epoch 10: train acc: 0.5697 train loss: 0.9368 valid acc: 0.4258 valid loss: 1.0597
Epoch 11: train acc: 0.5801 train loss: 0.9245 valid acc: 0.5391 valid loss: 1.0408
Epoch 12: train acc: 0.5721 train loss: 0.9278 valid acc: 0.4883 valid loss: 1.0276
Epoch 13: train acc: 0.5811 train loss: 0.9176 valid acc: 0.4570 valid loss: 1.0549
Epoch 14: train acc: 0.5771 train loss: 0.9106 valid acc: 0.4922 valid loss: 1.0062
Epoch 15: train acc: 0.5832 train loss: 0.9190 valid acc: 0.5117 valid loss: 1.0434
Epoch 16: train acc: 0.5912 train loss: 0.8992 valid acc: 0.4805 valid loss: 1.0542
Epoch 17: train acc: 0.5896 train loss: 0.9023 valid acc: 0.5312 valid loss: 1.0088
Epoch 18: train acc: 0.5926 train loss: 0.8976 valid acc: 0.4922 valid loss: 1.0275
Epoch 19: train acc: 0.5896 train loss: 0.8951 valid acc: 0.5430 valid loss: 0.9909
Epoch 20: train acc: 0.6039 train loss: 0.8805 valid acc: 0.5000 valid loss: 1.0358
Epoch 21: train acc: 0.5996 train loss: 0.8810 valid acc: 0.4648 valid loss: 1.0309
Epoch 22: train acc: 0.5980 train loss: 0.8740 valid acc: 0.4922 valid loss: 1.0408
Epoch 23: train acc: 0.6072 train loss: 0.8757 valid acc: 0.5273 valid loss: 1.0029
Epoch 24: train acc: 0.6102 train loss: 0.8713 valid acc: 0.4414 valid loss: 1.0652
Epoch 25: train acc: 0.6051 train loss: 0.8657 valid acc: 0.5234 valid loss: 1.0259
Epoch 26: train acc: 0.6064 train loss: 0.8677 valid acc: 0.5156 valid loss: 0.9797
Epoch 27: train acc: 0.6143 train loss: 0.8605 valid acc: 0.4922 valid loss: 1.0311
Epoch 28: train acc: 0.6168 train loss: 0.8610 valid acc: 0.4961 valid loss: 1.0301
Epoch 29: train acc: 0.6137 train loss: 0.8572 valid acc: 0.4961 valid loss: 1.0300
Epoch 30: train acc: 0.6213 train loss: 0.8550 valid acc: 0.5078 valid loss: 1.0166
Epoch 31: train acc: 0.6111 train loss: 0.8559 valid acc: 0.5469 valid loss: 0.9943
Epoch 32: train acc: 0.6117 train loss: 0.8603 valid acc: 0.5078 valid loss: 1.0345
Epoch 33: train acc: 0.6006 train loss: 0.8531 valid acc: 0.5039 valid loss: 1.0496
Epoch 34: train acc: 0.6182 train loss: 0.8467 valid acc: 0.4727 valid loss: 1.0519
Epoch 35: train acc: 0.6242 train loss: 0.8486 valid acc: 0.5508 valid loss: 0.9801
Epoch 36: train acc: 0.6236 train loss: 0.8369 valid acc: 0.5000 valid loss: 1.0228
Epoch 37: train acc: 0.6287 train loss: 0.8365 valid acc: 0.5000 valid loss: 1.0359
Epoch 38: train acc: 0.6244 train loss: 0.8319 valid acc: 0.4219 valid loss: 1.1077
Epoch 39: train acc: 0.6311 train loss: 0.8333 valid acc: 0.5000 valid loss: 1.0019
Epoch 40: train acc: 0.6197 train loss: 0.8346 valid acc: 0.5352 valid loss: 0.9965
Epoch 41: train acc: 0.6285 train loss: 0.8349 valid acc: 0.4805 valid loss: 1.0362
Epoch 42: train acc: 0.6166 train loss: 0.8315 valid acc: 0.4844 valid loss: 1.0708
Epoch 43: train acc: 0.6234 train loss: 0.8311 valid acc: 0.5352 valid loss: 1.0179
Epoch 44: train acc: 0.6328 train loss: 0.8264 valid acc: 0.4766 valid loss: 1.0719
Epoch 45: train acc: 0.6287 train loss: 0.8267 valid acc: 0.5391 valid loss: 1.0196
Epoch 46: train acc: 0.6234 train loss: 0.8281 valid acc: 0.5039 valid loss: 1.0471
Epoch 47: train acc: 0.6330 train loss: 0.8179 valid acc: 0.5352 valid loss: 1.0318
Epoch 48: train acc: 0.6422 train loss: 0.8227 valid acc: 0.5312 valid loss: 0.9848
Epoch 49: train acc: 0.6258 train loss: 0.8188 valid acc: 0.5273 valid loss: 0.9950
Run 04: test acc: 0.5684 test loss: 0.9378
Epoch 00: train acc: 0.4982 train loss: 1.0320 valid acc: 0.4258 valid loss: 1.0622
Epoch 01: train acc: 0.5209 train loss: 0.9990 valid acc: 0.4844 valid loss: 1.0954
Epoch 02: train acc: 0.5438 train loss: 0.9887 valid acc: 0.4570 valid loss: 1.0700
Epoch 03: train acc: 0.5445 train loss: 0.9845 valid acc: 0.4023 valid loss: 1.1005
Epoch 04: train acc: 0.5480 train loss: 0.9750 valid acc: 0.3984 valid loss: 1.1013
Epoch 05: train acc: 0.5416 train loss: 0.9669 valid acc: 0.4922 valid loss: 1.0517
Epoch 06: train acc: 0.5539 train loss: 0.9479 valid acc: 0.5039 valid loss: 1.0855
Epoch 07: train acc: 0.5721 train loss: 0.9418 valid acc: 0.3984 valid loss: 1.1083
Epoch 08: train acc: 0.5701 train loss: 0.9438 valid acc: 0.4883 valid loss: 1.0068
Epoch 09: train acc: 0.5807 train loss: 0.9317 valid acc: 0.4219 valid loss: 1.1113
Epoch 10: train acc: 0.5631 train loss: 0.9496 valid acc: 0.4570 valid loss: 1.0758
Epoch 11: train acc: 0.5910 train loss: 0.9239 valid acc: 0.4727 valid loss: 1.0314
Epoch 12: train acc: 0.5797 train loss: 0.9217 valid acc: 0.4609 valid loss: 1.0816
Epoch 13: train acc: 0.5818 train loss: 0.9052 valid acc: 0.4688 valid loss: 1.0682
Epoch 14: train acc: 0.5871 train loss: 0.9054 valid acc: 0.5508 valid loss: 1.0001
Epoch 15: train acc: 0.5906 train loss: 0.8964 valid acc: 0.5078 valid loss: 1.0076
Epoch 16: train acc: 0.5955 train loss: 0.8924 valid acc: 0.4961 valid loss: 1.0142
Epoch 17: train acc: 0.6051 train loss: 0.8929 valid acc: 0.5039 valid loss: 1.0133
Epoch 18: train acc: 0.5938 train loss: 0.8904 valid acc: 0.5039 valid loss: 1.0333
Epoch 19: train acc: 0.6127 train loss: 0.8820 valid acc: 0.4727 valid loss: 1.0486
Epoch 20: train acc: 0.6094 train loss: 0.8763 valid acc: 0.5039 valid loss: 1.0547
Epoch 21: train acc: 0.6043 train loss: 0.8722 valid acc: 0.5781 valid loss: 0.9372
Epoch 22: train acc: 0.6064 train loss: 0.8721 valid acc: 0.5039 valid loss: 1.0171
Epoch 23: train acc: 0.5975 train loss: 0.8802 valid acc: 0.5547 valid loss: 0.9902
Epoch 24: train acc: 0.5971 train loss: 0.8728 valid acc: 0.5273 valid loss: 1.0163
Epoch 25: train acc: 0.6043 train loss: 0.8668 valid acc: 0.4805 valid loss: 1.0152
Epoch 26: train acc: 0.6027 train loss: 0.8636 valid acc: 0.5078 valid loss: 1.0101
Epoch 27: train acc: 0.6166 train loss: 0.8525 valid acc: 0.5625 valid loss: 0.9908
Epoch 28: train acc: 0.6125 train loss: 0.8529 valid acc: 0.5039 valid loss: 1.0641
Epoch 29: train acc: 0.6248 train loss: 0.8478 valid acc: 0.4805 valid loss: 1.0474
Epoch 30: train acc: 0.6152 train loss: 0.8441 valid acc: 0.4688 valid loss: 1.0438
Epoch 31: train acc: 0.6393 train loss: 0.8348 valid acc: 0.4492 valid loss: 1.1324
Epoch 32: train acc: 0.6246 train loss: 0.8402 valid acc: 0.5117 valid loss: 1.0575
Epoch 33: train acc: 0.6189 train loss: 0.8353 valid acc: 0.5000 valid loss: 1.0506
Epoch 34: train acc: 0.6254 train loss: 0.8353 valid acc: 0.5352 valid loss: 1.0200
Epoch 35: train acc: 0.6297 train loss: 0.8281 valid acc: 0.4844 valid loss: 1.0388
Epoch 36: train acc: 0.6295 train loss: 0.8277 valid acc: 0.5391 valid loss: 1.0187
Epoch 37: train acc: 0.6328 train loss: 0.8271 valid acc: 0.5078 valid loss: 1.0303
Epoch 38: train acc: 0.6340 train loss: 0.8239 valid acc: 0.5352 valid loss: 1.0001
Epoch 39: train acc: 0.6350 train loss: 0.8277 valid acc: 0.5312 valid loss: 0.9886
Epoch 40: train acc: 0.6393 train loss: 0.8202 valid acc: 0.5117 valid loss: 1.0159
Epoch 41: train acc: 0.6313 train loss: 0.8213 valid acc: 0.5312 valid loss: 0.9852
Epoch 42: train acc: 0.6312 train loss: 0.8277 valid acc: 0.5391 valid loss: 1.0056
Epoch 43: train acc: 0.6328 train loss: 0.8159 valid acc: 0.5625 valid loss: 0.9908
Epoch 44: train acc: 0.6293 train loss: 0.8132 valid acc: 0.4805 valid loss: 1.0706
Epoch 45: train acc: 0.6238 train loss: 0.8178 valid acc: 0.4727 valid loss: 1.0300
Epoch 46: train acc: 0.6428 train loss: 0.8095 valid acc: 0.4805 valid loss: 1.0716
Epoch 47: train acc: 0.6375 train loss: 0.8066 valid acc: 0.5273 valid loss: 1.0242
Epoch 48: train acc: 0.6383 train loss: 0.8134 valid acc: 0.4531 valid loss: 1.0612
Epoch 49: train acc: 0.6293 train loss: 0.8106 valid acc: 0.4727 valid loss: 1.0456
Run 05: test acc: 0.5762 test loss: 0.9455
Epoch 00: train acc: 0.5209 train loss: 1.0242 valid acc: 0.3984 valid loss: 1.0927
Epoch 01: train acc: 0.5289 train loss: 1.0004 valid acc: 0.4258 valid loss: 1.0682
Epoch 02: train acc: 0.5273 train loss: 0.9889 valid acc: 0.3984 valid loss: 1.0895
Epoch 03: train acc: 0.5514 train loss: 0.9687 valid acc: 0.5234 valid loss: 1.0440
Epoch 04: train acc: 0.5426 train loss: 0.9793 valid acc: 0.5312 valid loss: 1.0238
Epoch 05: train acc: 0.5557 train loss: 0.9575 valid acc: 0.5508 valid loss: 1.0088
Epoch 06: train acc: 0.5664 train loss: 0.9503 valid acc: 0.4570 valid loss: 1.0551
Epoch 07: train acc: 0.5684 train loss: 0.9402 valid acc: 0.5039 valid loss: 1.0339
Epoch 08: train acc: 0.5746 train loss: 0.9425 valid acc: 0.5078 valid loss: 1.0117
Epoch 09: train acc: 0.5818 train loss: 0.9318 valid acc: 0.5039 valid loss: 1.0238
Epoch 10: train acc: 0.5750 train loss: 0.9299 valid acc: 0.4648 valid loss: 1.0159
Epoch 11: train acc: 0.5682 train loss: 0.9354 valid acc: 0.5039 valid loss: 1.0404
Epoch 12: train acc: 0.5945 train loss: 0.9196 valid acc: 0.4609 valid loss: 1.0897
Epoch 13: train acc: 0.5777 train loss: 0.9163 valid acc: 0.4766 valid loss: 1.0476
Epoch 14: train acc: 0.5875 train loss: 0.9074 valid acc: 0.5508 valid loss: 0.9835
Epoch 15: train acc: 0.5863 train loss: 0.8946 valid acc: 0.5273 valid loss: 0.9965
Epoch 16: train acc: 0.6025 train loss: 0.8996 valid acc: 0.4688 valid loss: 1.0288
Epoch 17: train acc: 0.5979 train loss: 0.8988 valid acc: 0.4766 valid loss: 1.0437
Epoch 18: train acc: 0.5990 train loss: 0.8827 valid acc: 0.4805 valid loss: 1.0190
Epoch 19: train acc: 0.5975 train loss: 0.8770 valid acc: 0.5352 valid loss: 0.9562
Epoch 20: train acc: 0.6020 train loss: 0.8778 valid acc: 0.5117 valid loss: 1.0069
Epoch 21: train acc: 0.6066 train loss: 0.8728 valid acc: 0.5078 valid loss: 1.0016
Epoch 22: train acc: 0.6004 train loss: 0.8811 valid acc: 0.4414 valid loss: 1.0318
Epoch 23: train acc: 0.6062 train loss: 0.8797 valid acc: 0.4492 valid loss: 1.0453
Epoch 24: train acc: 0.6014 train loss: 0.8721 valid acc: 0.4297 valid loss: 1.0685
Epoch 25: train acc: 0.6045 train loss: 0.8624 valid acc: 0.4844 valid loss: 1.0601
Epoch 26: train acc: 0.6119 train loss: 0.8616 valid acc: 0.4766 valid loss: 1.0475
Epoch 27: train acc: 0.6072 train loss: 0.8542 valid acc: 0.5312 valid loss: 0.9840
Epoch 28: train acc: 0.6064 train loss: 0.8574 valid acc: 0.5039 valid loss: 0.9929
Epoch 29: train acc: 0.6180 train loss: 0.8467 valid acc: 0.5586 valid loss: 0.9519
Epoch 30: train acc: 0.6104 train loss: 0.8491 valid acc: 0.5039 valid loss: 1.0316
Epoch 31: train acc: 0.6209 train loss: 0.8459 valid acc: 0.4844 valid loss: 1.0135
Epoch 32: train acc: 0.6162 train loss: 0.8449 valid acc: 0.5586 valid loss: 0.9829
Epoch 33: train acc: 0.6283 train loss: 0.8388 valid acc: 0.5352 valid loss: 1.0005
Epoch 34: train acc: 0.6236 train loss: 0.8407 valid acc: 0.4961 valid loss: 1.0597
Epoch 35: train acc: 0.6307 train loss: 0.8291 valid acc: 0.5352 valid loss: 0.9899
Epoch 36: train acc: 0.6311 train loss: 0.8378 valid acc: 0.5586 valid loss: 0.9590
Epoch 37: train acc: 0.6271 train loss: 0.8407 valid acc: 0.4766 valid loss: 1.0488
Epoch 38: train acc: 0.6281 train loss: 0.8358 valid acc: 0.4492 valid loss: 1.0491
Epoch 39: train acc: 0.6346 train loss: 0.8274 valid acc: 0.4844 valid loss: 1.0532
Epoch 40: train acc: 0.6307 train loss: 0.8299 valid acc: 0.5938 valid loss: 0.9195
Epoch 41: train acc: 0.6357 train loss: 0.8213 valid acc: 0.5352 valid loss: 1.0108
Epoch 42: train acc: 0.6311 train loss: 0.8208 valid acc: 0.5117 valid loss: 1.0193
Epoch 43: train acc: 0.6307 train loss: 0.8245 valid acc: 0.5117 valid loss: 1.0473
Epoch 44: train acc: 0.6412 train loss: 0.8153 valid acc: 0.4570 valid loss: 1.0852
Epoch 45: train acc: 0.6248 train loss: 0.8218 valid acc: 0.4922 valid loss: 1.0218
Epoch 46: train acc: 0.6400 train loss: 0.8065 valid acc: 0.5117 valid loss: 1.0383
Epoch 47: train acc: 0.6332 train loss: 0.8083 valid acc: 0.4297 valid loss: 1.0541
Epoch 48: train acc: 0.6342 train loss: 0.8121 valid acc: 0.5625 valid loss: 0.9783
Epoch 49: train acc: 0.6434 train loss: 0.8124 valid acc: 0.5469 valid loss: 1.0179
Run 06: test acc: 0.5922 test loss: 0.9082
Epoch 00: train acc: 0.4920 train loss: 1.0351 valid acc: 0.4258 valid loss: 1.0662
Epoch 01: train acc: 0.5262 train loss: 1.0076 valid acc: 0.4766 valid loss: 1.0400
Epoch 02: train acc: 0.5246 train loss: 0.9942 valid acc: 0.5391 valid loss: 1.0198
Epoch 03: train acc: 0.5344 train loss: 0.9900 valid acc: 0.5234 valid loss: 1.0507
Epoch 04: train acc: 0.5465 train loss: 0.9872 valid acc: 0.4414 valid loss: 1.0844
Epoch 05: train acc: 0.5504 train loss: 0.9722 valid acc: 0.5117 valid loss: 1.0422
Epoch 06: train acc: 0.5463 train loss: 0.9606 valid acc: 0.5078 valid loss: 1.0624
Epoch 07: train acc: 0.5588 train loss: 0.9589 valid acc: 0.4883 valid loss: 1.0580
Epoch 08: train acc: 0.5449 train loss: 0.9680 valid acc: 0.4883 valid loss: 1.0453
Epoch 09: train acc: 0.5570 train loss: 0.9527 valid acc: 0.5000 valid loss: 1.0352
Epoch 10: train acc: 0.5654 train loss: 0.9429 valid acc: 0.4688 valid loss: 1.0640
Epoch 11: train acc: 0.5678 train loss: 0.9351 valid acc: 0.4727 valid loss: 1.0435
Epoch 12: train acc: 0.5594 train loss: 0.9418 valid acc: 0.5781 valid loss: 0.9775
Epoch 13: train acc: 0.5803 train loss: 0.9270 valid acc: 0.5078 valid loss: 1.0594
Epoch 14: train acc: 0.5783 train loss: 0.9222 valid acc: 0.4727 valid loss: 1.0275
Epoch 15: train acc: 0.5727 train loss: 0.9188 valid acc: 0.5039 valid loss: 1.0281
Epoch 16: train acc: 0.5889 train loss: 0.9108 valid acc: 0.4766 valid loss: 1.0357
Epoch 17: train acc: 0.5734 train loss: 0.9096 valid acc: 0.5078 valid loss: 1.0466
Epoch 18: train acc: 0.5654 train loss: 0.9135 valid acc: 0.5625 valid loss: 1.0019
Epoch 19: train acc: 0.5939 train loss: 0.9056 valid acc: 0.4805 valid loss: 1.0792
Epoch 20: train acc: 0.5992 train loss: 0.8946 valid acc: 0.5273 valid loss: 1.0300
Epoch 21: train acc: 0.5801 train loss: 0.8976 valid acc: 0.5430 valid loss: 1.0062
Epoch 22: train acc: 0.5910 train loss: 0.8896 valid acc: 0.4492 valid loss: 1.0828
Epoch 23: train acc: 0.5846 train loss: 0.8918 valid acc: 0.4805 valid loss: 1.0481
Epoch 24: train acc: 0.5971 train loss: 0.8811 valid acc: 0.4883 valid loss: 1.0550
Epoch 25: train acc: 0.6059 train loss: 0.8812 valid acc: 0.5391 valid loss: 1.0490
Epoch 26: train acc: 0.6096 train loss: 0.8721 valid acc: 0.6211 valid loss: 0.9646
Epoch 27: train acc: 0.5992 train loss: 0.8746 valid acc: 0.5430 valid loss: 0.9946
Epoch 28: train acc: 0.6039 train loss: 0.8760 valid acc: 0.4648 valid loss: 1.0807
Epoch 29: train acc: 0.5998 train loss: 0.8679 valid acc: 0.5781 valid loss: 1.0108
Epoch 30: train acc: 0.6057 train loss: 0.8659 valid acc: 0.5820 valid loss: 0.9983
Epoch 31: train acc: 0.6084 train loss: 0.8674 valid acc: 0.5273 valid loss: 1.0170
Epoch 32: train acc: 0.6064 train loss: 0.8616 valid acc: 0.5781 valid loss: 1.0271
Epoch 33: train acc: 0.6186 train loss: 0.8603 valid acc: 0.5430 valid loss: 0.9932
Epoch 34: train acc: 0.6104 train loss: 0.8618 valid acc: 0.5391 valid loss: 0.9910
Epoch 35: train acc: 0.6082 train loss: 0.8534 valid acc: 0.5078 valid loss: 1.0690
Epoch 36: train acc: 0.6191 train loss: 0.8505 valid acc: 0.4609 valid loss: 1.1031
Epoch 37: train acc: 0.6119 train loss: 0.8513 valid acc: 0.5391 valid loss: 0.9991
Epoch 38: train acc: 0.6119 train loss: 0.8473 valid acc: 0.5586 valid loss: 1.0256
Epoch 39: train acc: 0.6146 train loss: 0.8492 valid acc: 0.5000 valid loss: 1.0320
Epoch 40: train acc: 0.6221 train loss: 0.8481 valid acc: 0.5117 valid loss: 1.0100
Epoch 41: train acc: 0.6273 train loss: 0.8386 valid acc: 0.5430 valid loss: 0.9934
Epoch 42: train acc: 0.6234 train loss: 0.8372 valid acc: 0.5273 valid loss: 1.0568
Epoch 43: train acc: 0.6275 train loss: 0.8360 valid acc: 0.5625 valid loss: 0.9948
Epoch 44: train acc: 0.6188 train loss: 0.8373 valid acc: 0.5352 valid loss: 1.0054
Epoch 45: train acc: 0.6201 train loss: 0.8314 valid acc: 0.4805 valid loss: 1.0667
Epoch 46: train acc: 0.6285 train loss: 0.8340 valid acc: 0.4844 valid loss: 1.0227
Epoch 47: train acc: 0.6248 train loss: 0.8318 valid acc: 0.5625 valid loss: 1.0176
Epoch 48: train acc: 0.6240 train loss: 0.8329 valid acc: 0.5078 valid loss: 1.0724
Epoch 49: train acc: 0.6244 train loss: 0.8322 valid acc: 0.5273 valid loss: 1.0240
Run 07: test acc: 0.5969 test loss: 0.9382
Epoch 00: train acc: 0.4975 train loss: 1.0606 valid acc: 0.4531 valid loss: 1.0511
Epoch 01: train acc: 0.5115 train loss: 1.0082 valid acc: 0.5039 valid loss: 1.0265
Epoch 02: train acc: 0.5385 train loss: 0.9993 valid acc: 0.4766 valid loss: 1.0528
Epoch 03: train acc: 0.5287 train loss: 0.9818 valid acc: 0.4844 valid loss: 1.0494
Epoch 04: train acc: 0.5473 train loss: 0.9770 valid acc: 0.4219 valid loss: 1.0696
Epoch 05: train acc: 0.5512 train loss: 0.9780 valid acc: 0.4258 valid loss: 1.0544
Epoch 06: train acc: 0.5652 train loss: 0.9808 valid acc: 0.4570 valid loss: 1.0435
Epoch 07: train acc: 0.5531 train loss: 0.9696 valid acc: 0.5508 valid loss: 0.9876
Epoch 08: train acc: 0.5559 train loss: 0.9610 valid acc: 0.5469 valid loss: 0.9845
Epoch 09: train acc: 0.5625 train loss: 0.9483 valid acc: 0.4883 valid loss: 1.0630
Epoch 10: train acc: 0.5676 train loss: 0.9398 valid acc: 0.4648 valid loss: 1.0300
Epoch 11: train acc: 0.5543 train loss: 0.9380 valid acc: 0.5312 valid loss: 0.9700
Epoch 12: train acc: 0.5680 train loss: 0.9435 valid acc: 0.5859 valid loss: 0.9776
Epoch 13: train acc: 0.5740 train loss: 0.9295 valid acc: 0.5859 valid loss: 0.9735
Epoch 14: train acc: 0.5799 train loss: 0.9237 valid acc: 0.5078 valid loss: 1.0533
Epoch 15: train acc: 0.5807 train loss: 0.9243 valid acc: 0.5703 valid loss: 1.0175
Epoch 16: train acc: 0.5932 train loss: 0.9064 valid acc: 0.4219 valid loss: 1.0872
Epoch 17: train acc: 0.6076 train loss: 0.9091 valid acc: 0.4258 valid loss: 1.0900
Epoch 18: train acc: 0.5910 train loss: 0.9064 valid acc: 0.5000 valid loss: 1.0219
Epoch 19: train acc: 0.5975 train loss: 0.8977 valid acc: 0.5352 valid loss: 1.0376
Epoch 20: train acc: 0.5959 train loss: 0.8863 valid acc: 0.4453 valid loss: 1.0690
Epoch 21: train acc: 0.5920 train loss: 0.8866 valid acc: 0.4727 valid loss: 1.0400
Epoch 22: train acc: 0.5932 train loss: 0.8787 valid acc: 0.3984 valid loss: 1.0944
Epoch 23: train acc: 0.6070 train loss: 0.8737 valid acc: 0.5312 valid loss: 1.0037
Epoch 24: train acc: 0.6221 train loss: 0.8716 valid acc: 0.5625 valid loss: 0.9849
Epoch 25: train acc: 0.5988 train loss: 0.8765 valid acc: 0.4531 valid loss: 1.0670
Epoch 26: train acc: 0.6070 train loss: 0.8666 valid acc: 0.5469 valid loss: 1.0411
Epoch 27: train acc: 0.6066 train loss: 0.8638 valid acc: 0.4844 valid loss: 1.0122
Epoch 28: train acc: 0.5906 train loss: 0.8653 valid acc: 0.4766 valid loss: 1.0790
Epoch 29: train acc: 0.6049 train loss: 0.8651 valid acc: 0.4766 valid loss: 1.0279
Epoch 30: train acc: 0.6215 train loss: 0.8620 valid acc: 0.4844 valid loss: 1.0618
Epoch 31: train acc: 0.6080 train loss: 0.8440 valid acc: 0.5352 valid loss: 1.0008
Epoch 32: train acc: 0.6238 train loss: 0.8497 valid acc: 0.5391 valid loss: 1.0173
Epoch 33: train acc: 0.6207 train loss: 0.8418 valid acc: 0.5273 valid loss: 0.9941
Epoch 34: train acc: 0.6238 train loss: 0.8431 valid acc: 0.5039 valid loss: 1.0283
Epoch 35: train acc: 0.6123 train loss: 0.8472 valid acc: 0.4766 valid loss: 1.0892
Epoch 36: train acc: 0.6205 train loss: 0.8437 valid acc: 0.5117 valid loss: 1.0649
Epoch 37: train acc: 0.6246 train loss: 0.8292 valid acc: 0.5273 valid loss: 1.0050
Epoch 38: train acc: 0.6268 train loss: 0.8291 valid acc: 0.5938 valid loss: 1.0145
Epoch 39: train acc: 0.6207 train loss: 0.8304 valid acc: 0.4570 valid loss: 1.0280
Epoch 40: train acc: 0.6324 train loss: 0.8266 valid acc: 0.5391 valid loss: 1.0023
Epoch 41: train acc: 0.6225 train loss: 0.8261 valid acc: 0.4883 valid loss: 1.0729
Epoch 42: train acc: 0.6049 train loss: 0.8397 valid acc: 0.4609 valid loss: 1.0720
Epoch 43: train acc: 0.6252 train loss: 0.8260 valid acc: 0.5352 valid loss: 1.0101
Epoch 44: train acc: 0.6258 train loss: 0.8218 valid acc: 0.5039 valid loss: 1.0485
Epoch 45: train acc: 0.6352 train loss: 0.8240 valid acc: 0.4219 valid loss: 1.0862
Epoch 46: train acc: 0.6289 train loss: 0.8161 valid acc: 0.5000 valid loss: 1.0392
Epoch 47: train acc: 0.6293 train loss: 0.8149 valid acc: 0.4414 valid loss: 1.0552
Epoch 48: train acc: 0.6363 train loss: 0.8134 valid acc: 0.5273 valid loss: 1.0346
Epoch 49: train acc: 0.6191 train loss: 0.8164 valid acc: 0.5352 valid loss: 0.9890
Run 08: test acc: 0.6055 test loss: 0.9113
Epoch 00: train acc: 0.5008 train loss: 1.0277 valid acc: 0.3984 valid loss: 1.0951
Epoch 01: train acc: 0.5203 train loss: 1.0032 valid acc: 0.5156 valid loss: 1.0259
Epoch 02: train acc: 0.5338 train loss: 0.9847 valid acc: 0.5078 valid loss: 1.0299
Epoch 03: train acc: 0.5291 train loss: 0.9803 valid acc: 0.5547 valid loss: 1.0239
Epoch 04: train acc: 0.5467 train loss: 0.9780 valid acc: 0.5117 valid loss: 1.0102
Epoch 05: train acc: 0.5535 train loss: 0.9586 valid acc: 0.5391 valid loss: 0.9974
Epoch 06: train acc: 0.5547 train loss: 0.9467 valid acc: 0.4883 valid loss: 1.0377
Epoch 07: train acc: 0.5498 train loss: 0.9552 valid acc: 0.4883 valid loss: 1.0234
Epoch 08: train acc: 0.5697 train loss: 0.9347 valid acc: 0.4961 valid loss: 1.0474
Epoch 09: train acc: 0.5482 train loss: 0.9442 valid acc: 0.4961 valid loss: 1.0247
Epoch 10: train acc: 0.5824 train loss: 0.9297 valid acc: 0.4570 valid loss: 1.0409
Epoch 11: train acc: 0.5674 train loss: 0.9247 valid acc: 0.4922 valid loss: 1.0421
Epoch 12: train acc: 0.5807 train loss: 0.9150 valid acc: 0.4102 valid loss: 1.0582
Epoch 13: train acc: 0.5830 train loss: 0.9098 valid acc: 0.5820 valid loss: 0.9857
Epoch 14: train acc: 0.5891 train loss: 0.9130 valid acc: 0.4727 valid loss: 1.0105
Epoch 15: train acc: 0.5945 train loss: 0.8967 valid acc: 0.4727 valid loss: 1.0400
Epoch 16: train acc: 0.5969 train loss: 0.8934 valid acc: 0.5039 valid loss: 1.0012
Epoch 17: train acc: 0.5920 train loss: 0.8886 valid acc: 0.4844 valid loss: 1.0313
Epoch 18: train acc: 0.5924 train loss: 0.8919 valid acc: 0.4727 valid loss: 1.0280
Epoch 19: train acc: 0.6064 train loss: 0.8901 valid acc: 0.5547 valid loss: 0.9708
Epoch 20: train acc: 0.6131 train loss: 0.8720 valid acc: 0.4727 valid loss: 1.0297
Epoch 21: train acc: 0.5951 train loss: 0.8773 valid acc: 0.5078 valid loss: 1.0339
Epoch 22: train acc: 0.6094 train loss: 0.8734 valid acc: 0.4805 valid loss: 1.0162
Epoch 23: train acc: 0.6084 train loss: 0.8633 valid acc: 0.4648 valid loss: 1.0734
Epoch 24: train acc: 0.5994 train loss: 0.8681 valid acc: 0.5273 valid loss: 0.9988
Epoch 25: train acc: 0.6088 train loss: 0.8768 valid acc: 0.4219 valid loss: 1.0472
Epoch 26: train acc: 0.6070 train loss: 0.8644 valid acc: 0.4531 valid loss: 1.0363
Epoch 27: train acc: 0.6061 train loss: 0.8596 valid acc: 0.5625 valid loss: 0.9879
Epoch 28: train acc: 0.6189 train loss: 0.8485 valid acc: 0.5508 valid loss: 0.9906
Epoch 29: train acc: 0.6229 train loss: 0.8465 valid acc: 0.4492 valid loss: 1.0398
Epoch 30: train acc: 0.6229 train loss: 0.8509 valid acc: 0.5625 valid loss: 1.0118
Epoch 31: train acc: 0.6064 train loss: 0.8481 valid acc: 0.5352 valid loss: 1.0136
Epoch 32: train acc: 0.6361 train loss: 0.8418 valid acc: 0.5625 valid loss: 0.9805
Epoch 33: train acc: 0.6199 train loss: 0.8378 valid acc: 0.5273 valid loss: 1.0185
Epoch 34: train acc: 0.6305 train loss: 0.8349 valid acc: 0.5117 valid loss: 1.0260
Epoch 35: train acc: 0.6297 train loss: 0.8303 valid acc: 0.5000 valid loss: 1.0292
Epoch 36: train acc: 0.6271 train loss: 0.8330 valid acc: 0.4648 valid loss: 1.0402
Epoch 37: train acc: 0.6236 train loss: 0.8325 valid acc: 0.5391 valid loss: 0.9805
Epoch 38: train acc: 0.6287 train loss: 0.8316 valid acc: 0.4805 valid loss: 1.0767
Epoch 39: train acc: 0.6324 train loss: 0.8224 valid acc: 0.4922 valid loss: 1.0260
Epoch 40: train acc: 0.6211 train loss: 0.8297 valid acc: 0.4883 valid loss: 1.0895
Epoch 41: train acc: 0.6414 train loss: 0.8202 valid acc: 0.4883 valid loss: 1.0230
Epoch 42: train acc: 0.6393 train loss: 0.8193 valid acc: 0.6016 valid loss: 0.9473
Epoch 43: train acc: 0.6279 train loss: 0.8187 valid acc: 0.4727 valid loss: 1.0293
Epoch 44: train acc: 0.6365 train loss: 0.8164 valid acc: 0.4609 valid loss: 1.0427
Epoch 45: train acc: 0.6426 train loss: 0.8169 valid acc: 0.5195 valid loss: 1.0060
Epoch 46: train acc: 0.6426 train loss: 0.8109 valid acc: 0.5664 valid loss: 0.9671
Epoch 47: train acc: 0.6307 train loss: 0.8145 valid acc: 0.5312 valid loss: 0.9937
Epoch 48: train acc: 0.6453 train loss: 0.8070 valid acc: 0.5391 valid loss: 0.9836
Epoch 49: train acc: 0.6359 train loss: 0.8081 valid acc: 0.4609 valid loss: 1.0588
Run 09: test acc: 0.5672 test loss: 0.9305
Test acc: 0.5778 (0.0181), loss: 0.9427 (0.0295)
DONE
