Starting script
GCDC Enron
Epoch 00: train acc: 0.4779 train loss: 1.0385 valid acc: 0.6484 valid loss: 0.9086
Epoch 01: train acc: 0.5227 train loss: 0.9966 valid acc: 0.5781 valid loss: 0.9699
Epoch 02: train acc: 0.5197 train loss: 0.9864 valid acc: 0.5195 valid loss: 0.9543
Epoch 03: train acc: 0.5387 train loss: 0.9748 valid acc: 0.5781 valid loss: 0.9292
Epoch 04: train acc: 0.5607 train loss: 0.9590 valid acc: 0.5508 valid loss: 1.0259
Epoch 05: train acc: 0.5605 train loss: 0.9534 valid acc: 0.5781 valid loss: 0.9238
Epoch 06: train acc: 0.5553 train loss: 0.9477 valid acc: 0.5742 valid loss: 0.9520
Epoch 07: train acc: 0.5789 train loss: 0.9393 valid acc: 0.5898 valid loss: 0.9479
Epoch 08: train acc: 0.5715 train loss: 0.9348 valid acc: 0.6055 valid loss: 0.9186
Epoch 09: train acc: 0.5541 train loss: 0.9394 valid acc: 0.5781 valid loss: 0.9444
Epoch 10: train acc: 0.5639 train loss: 0.9362 valid acc: 0.6289 valid loss: 0.8442
Epoch 11: train acc: 0.5744 train loss: 0.9190 valid acc: 0.6055 valid loss: 0.9054
Epoch 12: train acc: 0.5836 train loss: 0.9112 valid acc: 0.5078 valid loss: 0.9451
Epoch 13: train acc: 0.5982 train loss: 0.9059 valid acc: 0.5625 valid loss: 0.9530
Epoch 14: train acc: 0.6111 train loss: 0.9005 valid acc: 0.5547 valid loss: 0.9620
Epoch 15: train acc: 0.6016 train loss: 0.8936 valid acc: 0.5938 valid loss: 0.9379
Epoch 16: train acc: 0.5920 train loss: 0.8938 valid acc: 0.5430 valid loss: 0.9499
Epoch 17: train acc: 0.6068 train loss: 0.8883 valid acc: 0.5508 valid loss: 0.9410
Epoch 18: train acc: 0.6010 train loss: 0.8945 valid acc: 0.5547 valid loss: 0.9472
Epoch 19: train acc: 0.6020 train loss: 0.8816 valid acc: 0.5859 valid loss: 0.9037
Epoch 20: train acc: 0.6070 train loss: 0.8782 valid acc: 0.4883 valid loss: 1.0162
Epoch 21: train acc: 0.6018 train loss: 0.8832 valid acc: 0.5273 valid loss: 0.9519
Epoch 22: train acc: 0.6092 train loss: 0.8750 valid acc: 0.5625 valid loss: 0.9941
Epoch 23: train acc: 0.6053 train loss: 0.8734 valid acc: 0.6172 valid loss: 0.8638
Epoch 24: train acc: 0.6156 train loss: 0.8759 valid acc: 0.5312 valid loss: 0.9263
Epoch 25: train acc: 0.6205 train loss: 0.8666 valid acc: 0.5820 valid loss: 0.8902
Epoch 26: train acc: 0.6080 train loss: 0.8667 valid acc: 0.5898 valid loss: 0.8794
Epoch 27: train acc: 0.6207 train loss: 0.8640 valid acc: 0.5312 valid loss: 0.9944
Epoch 28: train acc: 0.6180 train loss: 0.8586 valid acc: 0.5625 valid loss: 0.9913
Epoch 29: train acc: 0.6070 train loss: 0.8666 valid acc: 0.5234 valid loss: 0.9211
Epoch 30: train acc: 0.6121 train loss: 0.8598 valid acc: 0.5742 valid loss: 0.9135
Epoch 31: train acc: 0.6219 train loss: 0.8578 valid acc: 0.6211 valid loss: 0.8695
Epoch 32: train acc: 0.6152 train loss: 0.8597 valid acc: 0.5078 valid loss: 1.0098
Epoch 33: train acc: 0.6182 train loss: 0.8551 valid acc: 0.5625 valid loss: 0.9009
Epoch 34: train acc: 0.6273 train loss: 0.8547 valid acc: 0.5664 valid loss: 0.9406
Epoch 35: train acc: 0.6297 train loss: 0.8522 valid acc: 0.6094 valid loss: 0.9220
Epoch 36: train acc: 0.6230 train loss: 0.8508 valid acc: 0.4766 valid loss: 0.9773
Epoch 37: train acc: 0.6289 train loss: 0.8466 valid acc: 0.5547 valid loss: 0.9738
Epoch 38: train acc: 0.6254 train loss: 0.8445 valid acc: 0.5664 valid loss: 0.9302
Epoch 39: train acc: 0.6268 train loss: 0.8438 valid acc: 0.5273 valid loss: 0.9643
Epoch 40: train acc: 0.6230 train loss: 0.8439 valid acc: 0.5273 valid loss: 0.9565
Epoch 41: train acc: 0.6332 train loss: 0.8463 valid acc: 0.5391 valid loss: 0.9210
Epoch 42: train acc: 0.6348 train loss: 0.8409 valid acc: 0.6367 valid loss: 0.8391
Epoch 43: train acc: 0.6230 train loss: 0.8410 valid acc: 0.6016 valid loss: 0.9083
Epoch 44: train acc: 0.6307 train loss: 0.8419 valid acc: 0.5391 valid loss: 0.9278
Epoch 45: train acc: 0.6264 train loss: 0.8365 valid acc: 0.5742 valid loss: 0.9420
Epoch 46: train acc: 0.6281 train loss: 0.8403 valid acc: 0.5781 valid loss: 0.9474
Epoch 47: train acc: 0.6314 train loss: 0.8365 valid acc: 0.4883 valid loss: 1.0135
Epoch 48: train acc: 0.6264 train loss: 0.8386 valid acc: 0.6055 valid loss: 0.8942
Epoch 49: train acc: 0.6336 train loss: 0.8344 valid acc: 0.5586 valid loss: 0.8958
Run 00: test acc: 0.4578 test loss: 1.0698
Epoch 00: train acc: 0.5082 train loss: 1.0417 valid acc: 0.5742 valid loss: 0.9713
Epoch 01: train acc: 0.5232 train loss: 0.9875 valid acc: 0.5508 valid loss: 0.9641
Epoch 02: train acc: 0.5381 train loss: 0.9768 valid acc: 0.5742 valid loss: 0.9659
Epoch 03: train acc: 0.5443 train loss: 0.9657 valid acc: 0.5273 valid loss: 1.0118
Epoch 04: train acc: 0.5584 train loss: 0.9590 valid acc: 0.5078 valid loss: 1.0070
Epoch 05: train acc: 0.5590 train loss: 0.9540 valid acc: 0.5078 valid loss: 0.9961
Epoch 06: train acc: 0.5580 train loss: 0.9476 valid acc: 0.5508 valid loss: 0.9512
Epoch 07: train acc: 0.5682 train loss: 0.9359 valid acc: 0.4336 valid loss: 1.0349
Epoch 08: train acc: 0.5631 train loss: 0.9427 valid acc: 0.5508 valid loss: 0.9901
Epoch 09: train acc: 0.5789 train loss: 0.9299 valid acc: 0.5039 valid loss: 0.9790
Epoch 10: train acc: 0.5963 train loss: 0.9229 valid acc: 0.5586 valid loss: 0.9917
Epoch 11: train acc: 0.5795 train loss: 0.9167 valid acc: 0.5000 valid loss: 1.0004
Epoch 12: train acc: 0.6064 train loss: 0.9056 valid acc: 0.5234 valid loss: 1.0173
Epoch 13: train acc: 0.5803 train loss: 0.9019 valid acc: 0.5234 valid loss: 0.9664
Epoch 14: train acc: 0.5943 train loss: 0.9001 valid acc: 0.5938 valid loss: 0.9160
Epoch 15: train acc: 0.5984 train loss: 0.8991 valid acc: 0.6289 valid loss: 0.8814
Epoch 16: train acc: 0.6018 train loss: 0.8908 valid acc: 0.5742 valid loss: 0.8848
Epoch 17: train acc: 0.6084 train loss: 0.8836 valid acc: 0.5508 valid loss: 0.9635
Epoch 18: train acc: 0.6045 train loss: 0.8890 valid acc: 0.5547 valid loss: 0.9458
Epoch 19: train acc: 0.5977 train loss: 0.8864 valid acc: 0.5391 valid loss: 0.9394
Epoch 20: train acc: 0.6014 train loss: 0.8859 valid acc: 0.4922 valid loss: 1.0190
Epoch 21: train acc: 0.6133 train loss: 0.8817 valid acc: 0.5547 valid loss: 0.9420
Epoch 22: train acc: 0.6014 train loss: 0.8797 valid acc: 0.6016 valid loss: 0.9179
Epoch 23: train acc: 0.6205 train loss: 0.8758 valid acc: 0.5898 valid loss: 0.9575
Epoch 24: train acc: 0.6156 train loss: 0.8678 valid acc: 0.5898 valid loss: 0.8800
Epoch 25: train acc: 0.6059 train loss: 0.8714 valid acc: 0.4961 valid loss: 0.9879
Epoch 26: train acc: 0.6053 train loss: 0.8638 valid acc: 0.5195 valid loss: 0.9687
Epoch 27: train acc: 0.6166 train loss: 0.8622 valid acc: 0.5664 valid loss: 0.9313
Epoch 28: train acc: 0.6191 train loss: 0.8583 valid acc: 0.5508 valid loss: 0.9215
Epoch 29: train acc: 0.6264 train loss: 0.8567 valid acc: 0.5781 valid loss: 0.9110
Epoch 30: train acc: 0.6242 train loss: 0.8532 valid acc: 0.5352 valid loss: 0.9426
Epoch 31: train acc: 0.6188 train loss: 0.8508 valid acc: 0.5586 valid loss: 0.9565
Epoch 32: train acc: 0.6209 train loss: 0.8462 valid acc: 0.5352 valid loss: 0.9712
Epoch 33: train acc: 0.6160 train loss: 0.8459 valid acc: 0.5430 valid loss: 0.9352
Epoch 34: train acc: 0.6189 train loss: 0.8538 valid acc: 0.5938 valid loss: 0.8883
Epoch 35: train acc: 0.6209 train loss: 0.8526 valid acc: 0.5625 valid loss: 0.9993
Epoch 36: train acc: 0.6164 train loss: 0.8445 valid acc: 0.6289 valid loss: 0.8301
Epoch 37: train acc: 0.6232 train loss: 0.8468 valid acc: 0.5859 valid loss: 0.8671
Epoch 38: train acc: 0.6146 train loss: 0.8394 valid acc: 0.5977 valid loss: 0.8799
Epoch 39: train acc: 0.6242 train loss: 0.8441 valid acc: 0.5703 valid loss: 0.9360
Epoch 40: train acc: 0.6283 train loss: 0.8369 valid acc: 0.5117 valid loss: 0.9771
Epoch 41: train acc: 0.6248 train loss: 0.8368 valid acc: 0.5547 valid loss: 0.8940
Epoch 42: train acc: 0.6297 train loss: 0.8356 valid acc: 0.6250 valid loss: 0.8380
Epoch 43: train acc: 0.6277 train loss: 0.8364 valid acc: 0.5625 valid loss: 0.8994
Epoch 44: train acc: 0.6283 train loss: 0.8358 valid acc: 0.5547 valid loss: 0.9061
Epoch 45: train acc: 0.6344 train loss: 0.8353 valid acc: 0.5938 valid loss: 0.9150
Epoch 46: train acc: 0.6219 train loss: 0.8349 valid acc: 0.5312 valid loss: 0.9655
Epoch 47: train acc: 0.6322 train loss: 0.8326 valid acc: 0.5938 valid loss: 0.8404
Epoch 48: train acc: 0.6385 train loss: 0.8264 valid acc: 0.5742 valid loss: 0.8721
Epoch 49: train acc: 0.6350 train loss: 0.8254 valid acc: 0.5312 valid loss: 0.9771
Run 01: test acc: 0.4859 test loss: 1.0684
Epoch 00: train acc: 0.4863 train loss: 1.0399 valid acc: 0.4922 valid loss: 1.0188
Epoch 01: train acc: 0.5271 train loss: 0.9969 valid acc: 0.6211 valid loss: 0.9089
Epoch 02: train acc: 0.5373 train loss: 0.9786 valid acc: 0.5469 valid loss: 1.0161
Epoch 03: train acc: 0.5469 train loss: 0.9787 valid acc: 0.5508 valid loss: 0.9674
Epoch 04: train acc: 0.5430 train loss: 0.9667 valid acc: 0.5508 valid loss: 0.9765
Epoch 05: train acc: 0.5645 train loss: 0.9694 valid acc: 0.5000 valid loss: 1.0673
Epoch 06: train acc: 0.5633 train loss: 0.9518 valid acc: 0.6367 valid loss: 0.8421
Epoch 07: train acc: 0.5715 train loss: 0.9399 valid acc: 0.5977 valid loss: 0.9534
Epoch 08: train acc: 0.5713 train loss: 0.9314 valid acc: 0.5352 valid loss: 0.9941
Epoch 09: train acc: 0.5795 train loss: 0.9317 valid acc: 0.5547 valid loss: 0.9330
Epoch 10: train acc: 0.5816 train loss: 0.9229 valid acc: 0.5938 valid loss: 0.9004
Epoch 11: train acc: 0.5971 train loss: 0.9135 valid acc: 0.5234 valid loss: 0.9873
Epoch 12: train acc: 0.5920 train loss: 0.9036 valid acc: 0.5273 valid loss: 0.9580
Epoch 13: train acc: 0.5918 train loss: 0.9039 valid acc: 0.5273 valid loss: 0.9841
Epoch 14: train acc: 0.5762 train loss: 0.9027 valid acc: 0.5234 valid loss: 1.0094
Epoch 15: train acc: 0.5957 train loss: 0.8890 valid acc: 0.5273 valid loss: 1.0219
Epoch 16: train acc: 0.6018 train loss: 0.8944 valid acc: 0.5234 valid loss: 0.9245
Epoch 17: train acc: 0.6039 train loss: 0.8888 valid acc: 0.6016 valid loss: 0.9326
Epoch 18: train acc: 0.6143 train loss: 0.8804 valid acc: 0.5508 valid loss: 0.9732
Epoch 19: train acc: 0.5984 train loss: 0.8892 valid acc: 0.5000 valid loss: 1.0009
Epoch 20: train acc: 0.5904 train loss: 0.8841 valid acc: 0.6133 valid loss: 0.9258
Epoch 21: train acc: 0.6092 train loss: 0.8790 valid acc: 0.5117 valid loss: 0.9843
Epoch 22: train acc: 0.6096 train loss: 0.8751 valid acc: 0.5312 valid loss: 0.9222
Epoch 23: train acc: 0.6125 train loss: 0.8653 valid acc: 0.4883 valid loss: 0.9499
Epoch 24: train acc: 0.6193 train loss: 0.8634 valid acc: 0.5898 valid loss: 0.9016
Epoch 25: train acc: 0.6156 train loss: 0.8609 valid acc: 0.5859 valid loss: 0.8891
Epoch 26: train acc: 0.6205 train loss: 0.8612 valid acc: 0.6133 valid loss: 0.8862
Epoch 27: train acc: 0.6068 train loss: 0.8716 valid acc: 0.5078 valid loss: 1.0102
Epoch 28: train acc: 0.6213 train loss: 0.8575 valid acc: 0.5859 valid loss: 0.9120
Epoch 29: train acc: 0.6256 train loss: 0.8493 valid acc: 0.5781 valid loss: 0.9493
Epoch 30: train acc: 0.6309 train loss: 0.8502 valid acc: 0.4961 valid loss: 1.0067
Epoch 31: train acc: 0.6275 train loss: 0.8390 valid acc: 0.6133 valid loss: 0.8859
Epoch 32: train acc: 0.6248 train loss: 0.8441 valid acc: 0.5000 valid loss: 1.0061
Epoch 33: train acc: 0.6295 train loss: 0.8459 valid acc: 0.5469 valid loss: 0.9355
Epoch 34: train acc: 0.6164 train loss: 0.8444 valid acc: 0.5273 valid loss: 0.9324
Epoch 35: train acc: 0.6301 train loss: 0.8432 valid acc: 0.6406 valid loss: 0.8609
Epoch 36: train acc: 0.6283 train loss: 0.8369 valid acc: 0.5859 valid loss: 0.8991
Epoch 37: train acc: 0.6402 train loss: 0.8330 valid acc: 0.5898 valid loss: 0.8834
Epoch 38: train acc: 0.6279 train loss: 0.8349 valid acc: 0.5625 valid loss: 0.9173
Epoch 39: train acc: 0.6291 train loss: 0.8304 valid acc: 0.6172 valid loss: 0.8943
Epoch 40: train acc: 0.6342 train loss: 0.8303 valid acc: 0.5625 valid loss: 0.9338
Epoch 41: train acc: 0.6338 train loss: 0.8291 valid acc: 0.5547 valid loss: 0.8949
Epoch 42: train acc: 0.6383 train loss: 0.8225 valid acc: 0.4688 valid loss: 0.9785
Epoch 43: train acc: 0.6410 train loss: 0.8223 valid acc: 0.5664 valid loss: 0.9245
Epoch 44: train acc: 0.6391 train loss: 0.8230 valid acc: 0.5664 valid loss: 0.9758
Epoch 45: train acc: 0.6438 train loss: 0.8237 valid acc: 0.5352 valid loss: 0.9127
Epoch 46: train acc: 0.6350 train loss: 0.8228 valid acc: 0.5859 valid loss: 0.9177
Epoch 47: train acc: 0.6459 train loss: 0.8212 valid acc: 0.5938 valid loss: 0.8971
Epoch 48: train acc: 0.6463 train loss: 0.8172 valid acc: 0.6133 valid loss: 0.8726
Epoch 49: train acc: 0.6416 train loss: 0.8156 valid acc: 0.5469 valid loss: 0.9146
Run 02: test acc: 0.5109 test loss: 1.0030
Epoch 00: train acc: 0.4930 train loss: 1.0373 valid acc: 0.5742 valid loss: 0.9724
Epoch 01: train acc: 0.5256 train loss: 0.9962 valid acc: 0.5312 valid loss: 1.0443
Epoch 02: train acc: 0.5227 train loss: 0.9892 valid acc: 0.5195 valid loss: 1.0226
Epoch 03: train acc: 0.5383 train loss: 0.9750 valid acc: 0.5742 valid loss: 0.9616
Epoch 04: train acc: 0.5406 train loss: 0.9645 valid acc: 0.5469 valid loss: 1.0062
Epoch 05: train acc: 0.5512 train loss: 0.9545 valid acc: 0.6094 valid loss: 0.9210
Epoch 06: train acc: 0.5641 train loss: 0.9447 valid acc: 0.5234 valid loss: 0.9832
Epoch 07: train acc: 0.5820 train loss: 0.9432 valid acc: 0.5195 valid loss: 0.9892
Epoch 08: train acc: 0.5900 train loss: 0.9268 valid acc: 0.5781 valid loss: 0.9402
Epoch 09: train acc: 0.5738 train loss: 0.9253 valid acc: 0.5742 valid loss: 0.9564
Epoch 10: train acc: 0.5838 train loss: 0.9209 valid acc: 0.5234 valid loss: 1.0355
Epoch 11: train acc: 0.5869 train loss: 0.9129 valid acc: 0.5195 valid loss: 0.9727
Epoch 12: train acc: 0.5967 train loss: 0.9143 valid acc: 0.6133 valid loss: 0.8792
Epoch 13: train acc: 0.5980 train loss: 0.9086 valid acc: 0.5508 valid loss: 0.9816
Epoch 14: train acc: 0.6051 train loss: 0.9016 valid acc: 0.5195 valid loss: 0.9528
Epoch 15: train acc: 0.6014 train loss: 0.8982 valid acc: 0.4453 valid loss: 1.0314
Epoch 16: train acc: 0.5986 train loss: 0.8962 valid acc: 0.6211 valid loss: 0.9070
Epoch 17: train acc: 0.5910 train loss: 0.8969 valid acc: 0.5664 valid loss: 0.9647
Epoch 18: train acc: 0.6029 train loss: 0.8854 valid acc: 0.5469 valid loss: 0.9573
Epoch 19: train acc: 0.6127 train loss: 0.8809 valid acc: 0.5195 valid loss: 0.9569
Epoch 20: train acc: 0.6129 train loss: 0.8749 valid acc: 0.6719 valid loss: 0.8604
Epoch 21: train acc: 0.6137 train loss: 0.8720 valid acc: 0.5469 valid loss: 0.9566
Epoch 22: train acc: 0.6164 train loss: 0.8658 valid acc: 0.5547 valid loss: 0.9381
Epoch 23: train acc: 0.6182 train loss: 0.8630 valid acc: 0.5820 valid loss: 0.9067
Epoch 24: train acc: 0.6164 train loss: 0.8599 valid acc: 0.5078 valid loss: 1.0342
Epoch 25: train acc: 0.6273 train loss: 0.8548 valid acc: 0.5703 valid loss: 0.9793
Epoch 26: train acc: 0.6248 train loss: 0.8634 valid acc: 0.5664 valid loss: 0.9168
Epoch 27: train acc: 0.6262 train loss: 0.8488 valid acc: 0.5117 valid loss: 0.9437
Epoch 28: train acc: 0.6279 train loss: 0.8512 valid acc: 0.5352 valid loss: 0.9486
Epoch 29: train acc: 0.6301 train loss: 0.8446 valid acc: 0.5703 valid loss: 0.8823
Epoch 30: train acc: 0.6299 train loss: 0.8389 valid acc: 0.5234 valid loss: 0.9077
Epoch 31: train acc: 0.6301 train loss: 0.8421 valid acc: 0.5664 valid loss: 1.0090
Epoch 32: train acc: 0.6445 train loss: 0.8348 valid acc: 0.5391 valid loss: 1.0207
Epoch 33: train acc: 0.6449 train loss: 0.8289 valid acc: 0.6484 valid loss: 0.8405
Epoch 34: train acc: 0.6355 train loss: 0.8325 valid acc: 0.6758 valid loss: 0.8157
Epoch 35: train acc: 0.6291 train loss: 0.8364 valid acc: 0.5430 valid loss: 1.0007
Epoch 36: train acc: 0.6436 train loss: 0.8294 valid acc: 0.5898 valid loss: 0.9067
Epoch 37: train acc: 0.6377 train loss: 0.8234 valid acc: 0.5703 valid loss: 0.9268
Epoch 38: train acc: 0.6459 train loss: 0.8240 valid acc: 0.6445 valid loss: 0.8659
Epoch 39: train acc: 0.6414 train loss: 0.8214 valid acc: 0.6250 valid loss: 0.9190
Epoch 40: train acc: 0.6428 train loss: 0.8190 valid acc: 0.6211 valid loss: 0.8788
Epoch 41: train acc: 0.6428 train loss: 0.8146 valid acc: 0.6172 valid loss: 0.8975
Epoch 42: train acc: 0.6438 train loss: 0.8169 valid acc: 0.4219 valid loss: 1.0175
Epoch 43: train acc: 0.6408 train loss: 0.8120 valid acc: 0.6211 valid loss: 0.8477
Epoch 44: train acc: 0.6424 train loss: 0.8128 valid acc: 0.5078 valid loss: 1.0148
Epoch 45: train acc: 0.6475 train loss: 0.8153 valid acc: 0.5039 valid loss: 0.9953
Epoch 46: train acc: 0.6443 train loss: 0.8146 valid acc: 0.5391 valid loss: 0.9258
Epoch 47: train acc: 0.6539 train loss: 0.8028 valid acc: 0.6367 valid loss: 0.8108
Epoch 48: train acc: 0.6592 train loss: 0.7985 valid acc: 0.5391 valid loss: 1.0091
Epoch 49: train acc: 0.6492 train loss: 0.8057 valid acc: 0.5664 valid loss: 0.8831
Run 03: test acc: 0.4934 test loss: 1.0070
Epoch 00: train acc: 0.4883 train loss: 1.0291 valid acc: 0.5781 valid loss: 0.9713
Epoch 01: train acc: 0.5203 train loss: 1.0119 valid acc: 0.5742 valid loss: 1.0037
Epoch 02: train acc: 0.5408 train loss: 0.9855 valid acc: 0.6016 valid loss: 0.9145
Epoch 03: train acc: 0.5373 train loss: 0.9727 valid acc: 0.5742 valid loss: 0.9527
Epoch 04: train acc: 0.5449 train loss: 0.9654 valid acc: 0.5820 valid loss: 0.9324
Epoch 05: train acc: 0.5561 train loss: 0.9633 valid acc: 0.5781 valid loss: 0.9456
Epoch 06: train acc: 0.5654 train loss: 0.9474 valid acc: 0.5781 valid loss: 0.9746
Epoch 07: train acc: 0.5631 train loss: 0.9430 valid acc: 0.6094 valid loss: 0.9100
Epoch 08: train acc: 0.5729 train loss: 0.9386 valid acc: 0.5508 valid loss: 0.9741
Epoch 09: train acc: 0.5789 train loss: 0.9280 valid acc: 0.5547 valid loss: 1.0156
Epoch 10: train acc: 0.5709 train loss: 0.9370 valid acc: 0.5195 valid loss: 0.9819
Epoch 11: train acc: 0.5674 train loss: 0.9295 valid acc: 0.5234 valid loss: 0.9683
Epoch 12: train acc: 0.5703 train loss: 0.9303 valid acc: 0.4570 valid loss: 1.0166
Epoch 13: train acc: 0.5822 train loss: 0.9174 valid acc: 0.5117 valid loss: 0.9276
Epoch 14: train acc: 0.5918 train loss: 0.8994 valid acc: 0.4961 valid loss: 1.0194
Epoch 15: train acc: 0.6057 train loss: 0.8968 valid acc: 0.5820 valid loss: 0.9202
Epoch 16: train acc: 0.5992 train loss: 0.8917 valid acc: 0.6367 valid loss: 0.8891
Epoch 17: train acc: 0.6031 train loss: 0.8923 valid acc: 0.5938 valid loss: 0.9108
Epoch 18: train acc: 0.5986 train loss: 0.8861 valid acc: 0.5742 valid loss: 0.9109
Epoch 19: train acc: 0.6074 train loss: 0.8792 valid acc: 0.5391 valid loss: 0.9796
Epoch 20: train acc: 0.6074 train loss: 0.8799 valid acc: 0.5625 valid loss: 0.9787
Epoch 21: train acc: 0.6047 train loss: 0.8714 valid acc: 0.5352 valid loss: 0.9429
Epoch 22: train acc: 0.6082 train loss: 0.8699 valid acc: 0.6094 valid loss: 0.8978
Epoch 23: train acc: 0.6111 train loss: 0.8679 valid acc: 0.5312 valid loss: 0.9157
Epoch 24: train acc: 0.6129 train loss: 0.8610 valid acc: 0.5156 valid loss: 0.9957
Epoch 25: train acc: 0.6123 train loss: 0.8641 valid acc: 0.6172 valid loss: 0.8981
Epoch 26: train acc: 0.6209 train loss: 0.8588 valid acc: 0.5859 valid loss: 0.9263
Epoch 27: train acc: 0.6191 train loss: 0.8538 valid acc: 0.5742 valid loss: 0.9119
Epoch 28: train acc: 0.6277 train loss: 0.8506 valid acc: 0.4766 valid loss: 0.9911
Epoch 29: train acc: 0.6123 train loss: 0.8509 valid acc: 0.5352 valid loss: 0.9363
Epoch 30: train acc: 0.6303 train loss: 0.8506 valid acc: 0.5312 valid loss: 0.9329
Epoch 31: train acc: 0.6146 train loss: 0.8474 valid acc: 0.5977 valid loss: 0.9269
Epoch 32: train acc: 0.6305 train loss: 0.8392 valid acc: 0.5625 valid loss: 0.9527
Epoch 33: train acc: 0.6271 train loss: 0.8397 valid acc: 0.6016 valid loss: 0.8739
Epoch 34: train acc: 0.6330 train loss: 0.8420 valid acc: 0.5547 valid loss: 0.9311
Epoch 35: train acc: 0.6219 train loss: 0.8375 valid acc: 0.5312 valid loss: 0.9394
Epoch 36: train acc: 0.6238 train loss: 0.8431 valid acc: 0.5352 valid loss: 1.0068
Epoch 37: train acc: 0.6354 train loss: 0.8369 valid acc: 0.6211 valid loss: 0.8569
Epoch 38: train acc: 0.6271 train loss: 0.8395 valid acc: 0.5742 valid loss: 0.9687
Epoch 39: train acc: 0.6404 train loss: 0.8281 valid acc: 0.6211 valid loss: 0.8839
Epoch 40: train acc: 0.6291 train loss: 0.8317 valid acc: 0.5430 valid loss: 0.9390
Epoch 41: train acc: 0.6307 train loss: 0.8251 valid acc: 0.5117 valid loss: 1.0060
Epoch 42: train acc: 0.6410 train loss: 0.8202 valid acc: 0.6289 valid loss: 0.8898
Epoch 43: train acc: 0.6342 train loss: 0.8277 valid acc: 0.5664 valid loss: 0.9207
Epoch 44: train acc: 0.6432 train loss: 0.8191 valid acc: 0.5508 valid loss: 0.9653
Epoch 45: train acc: 0.6328 train loss: 0.8204 valid acc: 0.5391 valid loss: 0.9710
Epoch 46: train acc: 0.6514 train loss: 0.8201 valid acc: 0.6289 valid loss: 0.8739
Epoch 47: train acc: 0.6336 train loss: 0.8202 valid acc: 0.5547 valid loss: 0.8859
Epoch 48: train acc: 0.6385 train loss: 0.8162 valid acc: 0.5781 valid loss: 0.9270
Epoch 49: train acc: 0.6389 train loss: 0.8144 valid acc: 0.5898 valid loss: 0.8764
Run 04: test acc: 0.4941 test loss: 1.0405
Epoch 00: train acc: 0.5008 train loss: 1.0285 valid acc: 0.5391 valid loss: 0.9993
Epoch 01: train acc: 0.5299 train loss: 0.9911 valid acc: 0.5938 valid loss: 1.0046
Epoch 02: train acc: 0.5291 train loss: 0.9799 valid acc: 0.5508 valid loss: 0.9634
Epoch 03: train acc: 0.5514 train loss: 0.9777 valid acc: 0.5273 valid loss: 1.0156
Epoch 04: train acc: 0.5330 train loss: 0.9743 valid acc: 0.4570 valid loss: 1.0143
Epoch 05: train acc: 0.5295 train loss: 0.9725 valid acc: 0.5312 valid loss: 0.9747
Epoch 06: train acc: 0.5605 train loss: 0.9438 valid acc: 0.5859 valid loss: 0.8978
Epoch 07: train acc: 0.5748 train loss: 0.9360 valid acc: 0.5273 valid loss: 0.9947
Epoch 08: train acc: 0.5742 train loss: 0.9272 valid acc: 0.5742 valid loss: 0.9305
Epoch 09: train acc: 0.5701 train loss: 0.9301 valid acc: 0.4375 valid loss: 0.9918
Epoch 10: train acc: 0.5891 train loss: 0.9205 valid acc: 0.5156 valid loss: 0.9483
Epoch 11: train acc: 0.5857 train loss: 0.9103 valid acc: 0.6211 valid loss: 0.9057
Epoch 12: train acc: 0.5707 train loss: 0.9138 valid acc: 0.4648 valid loss: 1.0002
Epoch 13: train acc: 0.6016 train loss: 0.9040 valid acc: 0.6055 valid loss: 0.8913
Epoch 14: train acc: 0.5840 train loss: 0.9132 valid acc: 0.5273 valid loss: 0.9347
Epoch 15: train acc: 0.5838 train loss: 0.9059 valid acc: 0.5195 valid loss: 0.9331
Epoch 16: train acc: 0.6012 train loss: 0.8987 valid acc: 0.5781 valid loss: 0.8870
Epoch 17: train acc: 0.6006 train loss: 0.8984 valid acc: 0.4336 valid loss: 1.0322
Epoch 18: train acc: 0.5918 train loss: 0.8913 valid acc: 0.4922 valid loss: 0.9666
Epoch 19: train acc: 0.5949 train loss: 0.8867 valid acc: 0.5000 valid loss: 0.9758
Epoch 20: train acc: 0.5957 train loss: 0.8869 valid acc: 0.5469 valid loss: 0.8698
Epoch 21: train acc: 0.6027 train loss: 0.8780 valid acc: 0.5391 valid loss: 0.9884
Epoch 22: train acc: 0.6129 train loss: 0.8722 valid acc: 0.5039 valid loss: 0.9782
Epoch 23: train acc: 0.6123 train loss: 0.8685 valid acc: 0.5391 valid loss: 0.9118
Epoch 24: train acc: 0.6170 train loss: 0.8646 valid acc: 0.4961 valid loss: 0.9689
Epoch 25: train acc: 0.6072 train loss: 0.8668 valid acc: 0.5000 valid loss: 0.9495
Epoch 26: train acc: 0.6270 train loss: 0.8556 valid acc: 0.4961 valid loss: 0.9837
Epoch 27: train acc: 0.6105 train loss: 0.8586 valid acc: 0.6172 valid loss: 0.8936
Epoch 28: train acc: 0.6141 train loss: 0.8552 valid acc: 0.5586 valid loss: 0.9489
Epoch 29: train acc: 0.6232 train loss: 0.8512 valid acc: 0.5352 valid loss: 0.9557
Epoch 30: train acc: 0.6217 train loss: 0.8497 valid acc: 0.5391 valid loss: 0.9239
Epoch 31: train acc: 0.6123 train loss: 0.8513 valid acc: 0.6016 valid loss: 0.8503
Epoch 32: train acc: 0.6152 train loss: 0.8500 valid acc: 0.4219 valid loss: 1.1093
Epoch 33: train acc: 0.6227 train loss: 0.8469 valid acc: 0.5430 valid loss: 0.9917
Epoch 34: train acc: 0.6299 train loss: 0.8421 valid acc: 0.4922 valid loss: 0.9822
Epoch 35: train acc: 0.6174 train loss: 0.8466 valid acc: 0.5352 valid loss: 0.9439
Epoch 36: train acc: 0.6342 train loss: 0.8432 valid acc: 0.5820 valid loss: 0.8686
Epoch 37: train acc: 0.6209 train loss: 0.8419 valid acc: 0.4688 valid loss: 1.0369
Epoch 38: train acc: 0.6234 train loss: 0.8373 valid acc: 0.5508 valid loss: 0.9205
Epoch 39: train acc: 0.6375 train loss: 0.8332 valid acc: 0.5117 valid loss: 0.9796
Epoch 40: train acc: 0.6311 train loss: 0.8369 valid acc: 0.5625 valid loss: 0.9065
Epoch 41: train acc: 0.6240 train loss: 0.8390 valid acc: 0.5117 valid loss: 0.9662
Epoch 42: train acc: 0.6277 train loss: 0.8304 valid acc: 0.4727 valid loss: 0.9977
Epoch 43: train acc: 0.6303 train loss: 0.8306 valid acc: 0.5664 valid loss: 0.9464
Epoch 44: train acc: 0.6482 train loss: 0.8286 valid acc: 0.5117 valid loss: 0.9761
Epoch 45: train acc: 0.6238 train loss: 0.8317 valid acc: 0.5742 valid loss: 0.8881
Epoch 46: train acc: 0.6295 train loss: 0.8274 valid acc: 0.5586 valid loss: 0.9047
Epoch 47: train acc: 0.6346 train loss: 0.8316 valid acc: 0.6211 valid loss: 0.8729
Epoch 48: train acc: 0.6311 train loss: 0.8239 valid acc: 0.5000 valid loss: 0.9534
Epoch 49: train acc: 0.6387 train loss: 0.8265 valid acc: 0.5391 valid loss: 0.9403
Run 05: test acc: 0.5219 test loss: 1.0125
Epoch 00: train acc: 0.5057 train loss: 1.0265 valid acc: 0.5469 valid loss: 0.9847
Epoch 01: train acc: 0.5234 train loss: 0.9913 valid acc: 0.4375 valid loss: 1.0805
Epoch 02: train acc: 0.5508 train loss: 0.9800 valid acc: 0.5781 valid loss: 0.9663
Epoch 03: train acc: 0.5377 train loss: 0.9671 valid acc: 0.4922 valid loss: 1.0294
Epoch 04: train acc: 0.5475 train loss: 0.9562 valid acc: 0.5820 valid loss: 0.9811
Epoch 05: train acc: 0.5689 train loss: 0.9555 valid acc: 0.5820 valid loss: 0.9370
Epoch 06: train acc: 0.5607 train loss: 0.9496 valid acc: 0.6055 valid loss: 0.8938
Epoch 07: train acc: 0.5824 train loss: 0.9234 valid acc: 0.5469 valid loss: 0.9534
Epoch 08: train acc: 0.5693 train loss: 0.9266 valid acc: 0.5781 valid loss: 0.9340
Epoch 09: train acc: 0.5686 train loss: 0.9273 valid acc: 0.6367 valid loss: 0.8745
Epoch 10: train acc: 0.5820 train loss: 0.9209 valid acc: 0.5820 valid loss: 0.9289
Epoch 11: train acc: 0.5832 train loss: 0.9093 valid acc: 0.5469 valid loss: 0.9736
Epoch 12: train acc: 0.6055 train loss: 0.8980 valid acc: 0.5039 valid loss: 0.9849
Epoch 13: train acc: 0.5973 train loss: 0.8983 valid acc: 0.5234 valid loss: 0.9483
Epoch 14: train acc: 0.6049 train loss: 0.8971 valid acc: 0.5898 valid loss: 0.9118
Epoch 15: train acc: 0.5906 train loss: 0.8967 valid acc: 0.5508 valid loss: 0.9482
Epoch 16: train acc: 0.6121 train loss: 0.8786 valid acc: 0.5625 valid loss: 0.9229
Epoch 17: train acc: 0.6029 train loss: 0.8775 valid acc: 0.6016 valid loss: 0.9823
Epoch 18: train acc: 0.5998 train loss: 0.8758 valid acc: 0.5586 valid loss: 0.9470
Epoch 19: train acc: 0.6188 train loss: 0.8706 valid acc: 0.5117 valid loss: 0.8992
Epoch 20: train acc: 0.6164 train loss: 0.8616 valid acc: 0.5703 valid loss: 0.9515
Epoch 21: train acc: 0.6205 train loss: 0.8571 valid acc: 0.5938 valid loss: 0.9166
Epoch 22: train acc: 0.6059 train loss: 0.8753 valid acc: 0.6367 valid loss: 0.8547
Epoch 23: train acc: 0.6041 train loss: 0.8564 valid acc: 0.5586 valid loss: 0.9453
Epoch 24: train acc: 0.6186 train loss: 0.8556 valid acc: 0.5234 valid loss: 1.0179
Epoch 25: train acc: 0.6189 train loss: 0.8485 valid acc: 0.5430 valid loss: 0.9855
Epoch 26: train acc: 0.6264 train loss: 0.8463 valid acc: 0.5117 valid loss: 0.9961
Epoch 27: train acc: 0.6289 train loss: 0.8421 valid acc: 0.5391 valid loss: 0.9949
Epoch 28: train acc: 0.6246 train loss: 0.8451 valid acc: 0.5625 valid loss: 0.9468
Epoch 29: train acc: 0.6338 train loss: 0.8360 valid acc: 0.5586 valid loss: 0.9253
Epoch 30: train acc: 0.6355 train loss: 0.8311 valid acc: 0.5312 valid loss: 0.9422
Epoch 31: train acc: 0.6244 train loss: 0.8326 valid acc: 0.5820 valid loss: 0.9206
Epoch 32: train acc: 0.6398 train loss: 0.8306 valid acc: 0.5391 valid loss: 0.9590
Epoch 33: train acc: 0.6373 train loss: 0.8274 valid acc: 0.5117 valid loss: 1.0054
Epoch 34: train acc: 0.6383 train loss: 0.8276 valid acc: 0.5586 valid loss: 0.9056
Epoch 35: train acc: 0.6195 train loss: 0.8343 valid acc: 0.5156 valid loss: 1.0109
Epoch 36: train acc: 0.6277 train loss: 0.8276 valid acc: 0.5859 valid loss: 0.8925
Epoch 37: train acc: 0.6506 train loss: 0.8224 valid acc: 0.6484 valid loss: 0.8764
Epoch 38: train acc: 0.6457 train loss: 0.8173 valid acc: 0.5312 valid loss: 0.9737
Epoch 39: train acc: 0.6402 train loss: 0.8228 valid acc: 0.5195 valid loss: 0.9747
Epoch 40: train acc: 0.6479 train loss: 0.8142 valid acc: 0.5195 valid loss: 0.8937
Epoch 41: train acc: 0.6508 train loss: 0.8121 valid acc: 0.5625 valid loss: 0.9465
Epoch 42: train acc: 0.6486 train loss: 0.8157 valid acc: 0.5977 valid loss: 0.8492
Epoch 43: train acc: 0.6424 train loss: 0.8110 valid acc: 0.5000 valid loss: 0.9693
Epoch 44: train acc: 0.6541 train loss: 0.8053 valid acc: 0.5664 valid loss: 0.8734
Epoch 45: train acc: 0.6402 train loss: 0.8073 valid acc: 0.5703 valid loss: 0.9442
Epoch 46: train acc: 0.6475 train loss: 0.8102 valid acc: 0.5664 valid loss: 0.9307
Epoch 47: train acc: 0.6520 train loss: 0.8036 valid acc: 0.5273 valid loss: 0.9558
Epoch 48: train acc: 0.6422 train loss: 0.8058 valid acc: 0.5625 valid loss: 0.9034
Epoch 49: train acc: 0.6410 train loss: 0.8000 valid acc: 0.5273 valid loss: 0.9704
Run 06: test acc: 0.5055 test loss: 1.0277
Epoch 00: train acc: 0.4891 train loss: 1.0358 valid acc: 0.5156 valid loss: 1.0175
Epoch 01: train acc: 0.5211 train loss: 0.9940 valid acc: 0.6016 valid loss: 0.9613
Epoch 02: train acc: 0.5273 train loss: 0.9818 valid acc: 0.5547 valid loss: 0.9790
Epoch 03: train acc: 0.5334 train loss: 0.9735 valid acc: 0.5859 valid loss: 0.9775
Epoch 04: train acc: 0.5473 train loss: 0.9724 valid acc: 0.6133 valid loss: 0.9064
Epoch 05: train acc: 0.5604 train loss: 0.9535 valid acc: 0.5742 valid loss: 0.9467
Epoch 06: train acc: 0.5627 train loss: 0.9494 valid acc: 0.6367 valid loss: 0.8944
Epoch 07: train acc: 0.5680 train loss: 0.9415 valid acc: 0.5547 valid loss: 0.9867
Epoch 08: train acc: 0.5678 train loss: 0.9385 valid acc: 0.5195 valid loss: 0.9796
Epoch 09: train acc: 0.5834 train loss: 0.9246 valid acc: 0.6172 valid loss: 0.9463
Epoch 10: train acc: 0.5738 train loss: 0.9234 valid acc: 0.6094 valid loss: 0.9096
Epoch 11: train acc: 0.5879 train loss: 0.9237 valid acc: 0.6250 valid loss: 0.9130
Epoch 12: train acc: 0.5838 train loss: 0.9121 valid acc: 0.5742 valid loss: 0.9577
Epoch 13: train acc: 0.5973 train loss: 0.9033 valid acc: 0.5312 valid loss: 0.9701
Epoch 14: train acc: 0.6008 train loss: 0.9025 valid acc: 0.6055 valid loss: 0.9087
Epoch 15: train acc: 0.5922 train loss: 0.8996 valid acc: 0.5625 valid loss: 0.9527
Epoch 16: train acc: 0.5980 train loss: 0.8919 valid acc: 0.5742 valid loss: 0.9067
Epoch 17: train acc: 0.6096 train loss: 0.8887 valid acc: 0.5859 valid loss: 0.9397
Epoch 18: train acc: 0.5947 train loss: 0.8909 valid acc: 0.6680 valid loss: 0.8179
Epoch 19: train acc: 0.6041 train loss: 0.8797 valid acc: 0.5625 valid loss: 0.9462
Epoch 20: train acc: 0.6057 train loss: 0.8779 valid acc: 0.5547 valid loss: 0.9923
Epoch 21: train acc: 0.6014 train loss: 0.8749 valid acc: 0.5859 valid loss: 0.9381
Epoch 22: train acc: 0.6109 train loss: 0.8793 valid acc: 0.5820 valid loss: 0.9173
Epoch 23: train acc: 0.6078 train loss: 0.8693 valid acc: 0.5391 valid loss: 0.9601
Epoch 24: train acc: 0.6221 train loss: 0.8668 valid acc: 0.5742 valid loss: 0.9059
Epoch 25: train acc: 0.6217 train loss: 0.8577 valid acc: 0.5898 valid loss: 0.8747
Epoch 26: train acc: 0.6215 train loss: 0.8543 valid acc: 0.5898 valid loss: 0.9346
Epoch 27: train acc: 0.6160 train loss: 0.8528 valid acc: 0.6758 valid loss: 0.8636
Epoch 28: train acc: 0.6137 train loss: 0.8539 valid acc: 0.5938 valid loss: 0.8686
Epoch 29: train acc: 0.6262 train loss: 0.8462 valid acc: 0.5664 valid loss: 0.9456
Epoch 30: train acc: 0.6246 train loss: 0.8427 valid acc: 0.5781 valid loss: 0.9279
Epoch 31: train acc: 0.6227 train loss: 0.8476 valid acc: 0.5234 valid loss: 0.9440
Epoch 32: train acc: 0.6383 train loss: 0.8394 valid acc: 0.6055 valid loss: 0.8802
Epoch 33: train acc: 0.6232 train loss: 0.8429 valid acc: 0.5859 valid loss: 0.9167
Epoch 34: train acc: 0.6262 train loss: 0.8378 valid acc: 0.6484 valid loss: 0.7965
Epoch 35: train acc: 0.6277 train loss: 0.8313 valid acc: 0.5430 valid loss: 0.9549
Epoch 36: train acc: 0.6307 train loss: 0.8297 valid acc: 0.5625 valid loss: 0.8920
Epoch 37: train acc: 0.6334 train loss: 0.8281 valid acc: 0.5664 valid loss: 0.9411
Epoch 38: train acc: 0.6330 train loss: 0.8250 valid acc: 0.5664 valid loss: 0.9669
Epoch 39: train acc: 0.6418 train loss: 0.8251 valid acc: 0.5469 valid loss: 0.9189
Epoch 40: train acc: 0.6383 train loss: 0.8214 valid acc: 0.5430 valid loss: 0.9473
Epoch 41: train acc: 0.6379 train loss: 0.8220 valid acc: 0.6211 valid loss: 0.9156
Epoch 42: train acc: 0.6332 train loss: 0.8232 valid acc: 0.5820 valid loss: 0.9623
Epoch 43: train acc: 0.6262 train loss: 0.8210 valid acc: 0.4727 valid loss: 1.0188
Epoch 44: train acc: 0.6367 train loss: 0.8141 valid acc: 0.6016 valid loss: 0.8589
Epoch 45: train acc: 0.6465 train loss: 0.8103 valid acc: 0.5703 valid loss: 0.9083
Epoch 46: train acc: 0.6445 train loss: 0.8107 valid acc: 0.5469 valid loss: 0.9397
Epoch 47: train acc: 0.6473 train loss: 0.8109 valid acc: 0.5820 valid loss: 0.9127
Epoch 48: train acc: 0.6463 train loss: 0.8080 valid acc: 0.5312 valid loss: 0.9517
Epoch 49: train acc: 0.6377 train loss: 0.8088 valid acc: 0.5742 valid loss: 0.9611
Run 07: test acc: 0.5078 test loss: 1.0256
Epoch 00: train acc: 0.4857 train loss: 1.0326 valid acc: 0.5781 valid loss: 0.9749
Epoch 01: train acc: 0.5227 train loss: 0.9943 valid acc: 0.5195 valid loss: 0.9973
Epoch 02: train acc: 0.5250 train loss: 0.9849 valid acc: 0.5547 valid loss: 0.9898
Epoch 03: train acc: 0.5365 train loss: 0.9780 valid acc: 0.5312 valid loss: 0.9755
Epoch 04: train acc: 0.5510 train loss: 0.9655 valid acc: 0.5195 valid loss: 0.9738
Epoch 05: train acc: 0.5506 train loss: 0.9628 valid acc: 0.6172 valid loss: 0.9406
Epoch 06: train acc: 0.5715 train loss: 0.9477 valid acc: 0.5977 valid loss: 0.9011
Epoch 07: train acc: 0.5738 train loss: 0.9367 valid acc: 0.6055 valid loss: 0.9057
Epoch 08: train acc: 0.5668 train loss: 0.9319 valid acc: 0.5625 valid loss: 0.9521
Epoch 09: train acc: 0.5742 train loss: 0.9240 valid acc: 0.5312 valid loss: 0.9692
Epoch 10: train acc: 0.5775 train loss: 0.9197 valid acc: 0.5664 valid loss: 0.9676
Epoch 11: train acc: 0.5895 train loss: 0.9165 valid acc: 0.5469 valid loss: 0.9964
Epoch 12: train acc: 0.5889 train loss: 0.9132 valid acc: 0.5938 valid loss: 0.9311
Epoch 13: train acc: 0.5811 train loss: 0.9061 valid acc: 0.5273 valid loss: 0.9575
Epoch 14: train acc: 0.5965 train loss: 0.9049 valid acc: 0.5547 valid loss: 0.9638
Epoch 15: train acc: 0.6062 train loss: 0.8975 valid acc: 0.5547 valid loss: 1.0123
Epoch 16: train acc: 0.5967 train loss: 0.8894 valid acc: 0.5586 valid loss: 0.9058
Epoch 17: train acc: 0.5990 train loss: 0.8915 valid acc: 0.5312 valid loss: 0.9963
Epoch 18: train acc: 0.6072 train loss: 0.8895 valid acc: 0.6172 valid loss: 0.9099
Epoch 19: train acc: 0.6070 train loss: 0.8846 valid acc: 0.5547 valid loss: 1.0236
Epoch 20: train acc: 0.6008 train loss: 0.8796 valid acc: 0.5312 valid loss: 0.9505
Epoch 21: train acc: 0.6062 train loss: 0.8765 valid acc: 0.4805 valid loss: 0.9995
Epoch 22: train acc: 0.6008 train loss: 0.8721 valid acc: 0.5586 valid loss: 0.8891
Epoch 23: train acc: 0.6086 train loss: 0.8770 valid acc: 0.5977 valid loss: 0.9072
Epoch 24: train acc: 0.6137 train loss: 0.8653 valid acc: 0.5547 valid loss: 0.9426
Epoch 25: train acc: 0.6133 train loss: 0.8658 valid acc: 0.6055 valid loss: 0.8683
Epoch 26: train acc: 0.6158 train loss: 0.8594 valid acc: 0.5859 valid loss: 0.9393
Epoch 27: train acc: 0.6150 train loss: 0.8624 valid acc: 0.6172 valid loss: 0.8508
Epoch 28: train acc: 0.6174 train loss: 0.8608 valid acc: 0.5625 valid loss: 0.9183
Epoch 29: train acc: 0.6205 train loss: 0.8521 valid acc: 0.5898 valid loss: 0.9616
Epoch 30: train acc: 0.6180 train loss: 0.8517 valid acc: 0.5430 valid loss: 1.0047
Epoch 31: train acc: 0.6082 train loss: 0.8481 valid acc: 0.5391 valid loss: 0.9669
Epoch 32: train acc: 0.5996 train loss: 0.8669 valid acc: 0.6211 valid loss: 0.9165
Epoch 33: train acc: 0.6283 train loss: 0.8465 valid acc: 0.6211 valid loss: 0.9289
Epoch 34: train acc: 0.6258 train loss: 0.8451 valid acc: 0.5000 valid loss: 1.0359
Epoch 35: train acc: 0.6275 train loss: 0.8436 valid acc: 0.6250 valid loss: 0.9458
Epoch 36: train acc: 0.6289 train loss: 0.8459 valid acc: 0.5781 valid loss: 0.9241
Epoch 37: train acc: 0.6277 train loss: 0.8361 valid acc: 0.6016 valid loss: 0.9336
Epoch 38: train acc: 0.6215 train loss: 0.8378 valid acc: 0.5938 valid loss: 0.9002
Epoch 39: train acc: 0.6209 train loss: 0.8384 valid acc: 0.6250 valid loss: 0.8728
Epoch 40: train acc: 0.6230 train loss: 0.8322 valid acc: 0.6445 valid loss: 0.8393
Epoch 41: train acc: 0.6279 train loss: 0.8441 valid acc: 0.5938 valid loss: 0.8700
Epoch 42: train acc: 0.6434 train loss: 0.8277 valid acc: 0.5938 valid loss: 0.8897
Epoch 43: train acc: 0.6338 train loss: 0.8290 valid acc: 0.5703 valid loss: 0.9922
Epoch 44: train acc: 0.6256 train loss: 0.8315 valid acc: 0.5703 valid loss: 0.9421
Epoch 45: train acc: 0.6260 train loss: 0.8270 valid acc: 0.5508 valid loss: 0.8856
Epoch 46: train acc: 0.6322 train loss: 0.8232 valid acc: 0.5781 valid loss: 0.9288
Epoch 47: train acc: 0.6346 train loss: 0.8217 valid acc: 0.5625 valid loss: 0.9616
Epoch 48: train acc: 0.6396 train loss: 0.8247 valid acc: 0.5859 valid loss: 0.8898
Epoch 49: train acc: 0.6275 train loss: 0.8251 valid acc: 0.6055 valid loss: 0.9239
Run 08: test acc: 0.4840 test loss: 0.9937
Epoch 00: train acc: 0.4602 train loss: 1.0392 valid acc: 0.4492 valid loss: 1.0659
Epoch 01: train acc: 0.5199 train loss: 1.0177 valid acc: 0.6133 valid loss: 0.9496
Epoch 02: train acc: 0.5363 train loss: 0.9920 valid acc: 0.6016 valid loss: 0.9623
Epoch 03: train acc: 0.5340 train loss: 0.9848 valid acc: 0.5273 valid loss: 1.0033
Epoch 04: train acc: 0.5547 train loss: 0.9728 valid acc: 0.5781 valid loss: 0.9548
Epoch 05: train acc: 0.5553 train loss: 0.9593 valid acc: 0.5820 valid loss: 0.9700
Epoch 06: train acc: 0.5619 train loss: 0.9584 valid acc: 0.6016 valid loss: 0.9408
Epoch 07: train acc: 0.5629 train loss: 0.9624 valid acc: 0.4922 valid loss: 1.0405
Epoch 08: train acc: 0.5732 train loss: 0.9338 valid acc: 0.6016 valid loss: 0.8998
Epoch 09: train acc: 0.5744 train loss: 0.9341 valid acc: 0.6055 valid loss: 0.9304
Epoch 10: train acc: 0.5885 train loss: 0.9260 valid acc: 0.6328 valid loss: 0.8736
Epoch 11: train acc: 0.5756 train loss: 0.9362 valid acc: 0.5234 valid loss: 0.9868
Epoch 12: train acc: 0.5752 train loss: 0.9250 valid acc: 0.5547 valid loss: 0.9495
Epoch 13: train acc: 0.5902 train loss: 0.9225 valid acc: 0.6641 valid loss: 0.8332
Epoch 14: train acc: 0.5873 train loss: 0.9101 valid acc: 0.6133 valid loss: 0.9301
Epoch 15: train acc: 0.5922 train loss: 0.9086 valid acc: 0.5430 valid loss: 0.9152
Epoch 16: train acc: 0.5846 train loss: 0.9040 valid acc: 0.4844 valid loss: 0.9807
Epoch 17: train acc: 0.5975 train loss: 0.8964 valid acc: 0.5195 valid loss: 0.9268
Epoch 18: train acc: 0.5969 train loss: 0.8987 valid acc: 0.5742 valid loss: 0.9491
Epoch 19: train acc: 0.5902 train loss: 0.9006 valid acc: 0.6641 valid loss: 0.8371
Epoch 20: train acc: 0.5990 train loss: 0.8898 valid acc: 0.5820 valid loss: 0.9013
Epoch 21: train acc: 0.6047 train loss: 0.8830 valid acc: 0.6094 valid loss: 0.9259
Epoch 22: train acc: 0.6064 train loss: 0.8778 valid acc: 0.6211 valid loss: 0.8984
Epoch 23: train acc: 0.6072 train loss: 0.8725 valid acc: 0.6055 valid loss: 0.8677
Epoch 24: train acc: 0.6035 train loss: 0.8737 valid acc: 0.6445 valid loss: 0.8439
Epoch 25: train acc: 0.6061 train loss: 0.8647 valid acc: 0.5469 valid loss: 0.9676
Epoch 26: train acc: 0.6029 train loss: 0.8687 valid acc: 0.5547 valid loss: 0.9804
Epoch 27: train acc: 0.6217 train loss: 0.8622 valid acc: 0.6328 valid loss: 0.8772
Epoch 28: train acc: 0.6197 train loss: 0.8588 valid acc: 0.6328 valid loss: 0.8728
Epoch 29: train acc: 0.6074 train loss: 0.8588 valid acc: 0.5898 valid loss: 0.8855
Epoch 30: train acc: 0.6137 train loss: 0.8564 valid acc: 0.5430 valid loss: 0.9682
Epoch 31: train acc: 0.6145 train loss: 0.8529 valid acc: 0.5312 valid loss: 0.9591
Epoch 32: train acc: 0.6258 train loss: 0.8524 valid acc: 0.5273 valid loss: 0.9459
Epoch 33: train acc: 0.6205 train loss: 0.8481 valid acc: 0.5977 valid loss: 0.8714
Epoch 34: train acc: 0.6158 train loss: 0.8482 valid acc: 0.5898 valid loss: 0.8595
Epoch 35: train acc: 0.6238 train loss: 0.8458 valid acc: 0.6133 valid loss: 0.8337
Epoch 36: train acc: 0.6287 train loss: 0.8407 valid acc: 0.5703 valid loss: 0.8895
Epoch 37: train acc: 0.6277 train loss: 0.8427 valid acc: 0.5977 valid loss: 0.8897
Epoch 38: train acc: 0.6229 train loss: 0.8390 valid acc: 0.5742 valid loss: 0.9305
Epoch 39: train acc: 0.6285 train loss: 0.8360 valid acc: 0.6211 valid loss: 0.8622
Epoch 40: train acc: 0.6189 train loss: 0.8394 valid acc: 0.5898 valid loss: 0.8884
Epoch 41: train acc: 0.6227 train loss: 0.8466 valid acc: 0.5664 valid loss: 0.9074
Epoch 42: train acc: 0.6314 train loss: 0.8385 valid acc: 0.5625 valid loss: 0.9525
Epoch 43: train acc: 0.6223 train loss: 0.8352 valid acc: 0.5312 valid loss: 0.9711
Epoch 44: train acc: 0.6131 train loss: 0.8432 valid acc: 0.5352 valid loss: 0.9319
Epoch 45: train acc: 0.6465 train loss: 0.8302 valid acc: 0.5898 valid loss: 0.9528
Epoch 46: train acc: 0.6207 train loss: 0.8299 valid acc: 0.4727 valid loss: 1.0236
Epoch 47: train acc: 0.6313 train loss: 0.8306 valid acc: 0.5312 valid loss: 0.9496
Epoch 48: train acc: 0.6355 train loss: 0.8259 valid acc: 0.5391 valid loss: 0.9623
Epoch 49: train acc: 0.6381 train loss: 0.8261 valid acc: 0.5781 valid loss: 0.8974
Run 09: test acc: 0.5039 test loss: 1.0275
Test acc: 0.4965 (0.0170), loss: 1.0276 (0.0245)
DONE
