Starting script
Fake news politifact
Epoch 00: train acc: 0.7657 train loss: 0.5506 valid acc: 0.7455 valid loss: 0.6010
Epoch 01: train acc: 0.7909 train loss: 0.5214 valid acc: 0.7704 valid loss: 0.5421
Epoch 02: train acc: 0.7928 train loss: 0.5040 valid acc: 0.8037 valid loss: 0.4870
Epoch 03: train acc: 0.7831 train loss: 0.5107 valid acc: 0.7704 valid loss: 0.5195
Epoch 04: train acc: 0.7909 train loss: 0.4965 valid acc: 0.7870 valid loss: 0.4951
Epoch 05: train acc: 0.7948 train loss: 0.4866 valid acc: 0.7455 valid loss: 0.5465
Epoch 06: train acc: 0.7928 train loss: 0.4852 valid acc: 0.7455 valid loss: 0.5319
Epoch 07: train acc: 0.7909 train loss: 0.4818 valid acc: 0.7538 valid loss: 0.5297
Epoch 08: train acc: 0.7870 train loss: 0.4856 valid acc: 0.7371 valid loss: 0.5434
Epoch 09: train acc: 0.7909 train loss: 0.4774 valid acc: 0.7704 valid loss: 0.4895
Epoch 10: train acc: 0.7850 train loss: 0.4813 valid acc: 0.7538 valid loss: 0.5117
Epoch 11: train acc: 0.7967 train loss: 0.4693 valid acc: 0.7870 valid loss: 0.4534
Epoch 12: train acc: 0.7850 train loss: 0.4831 valid acc: 0.7621 valid loss: 0.4947
Epoch 13: train acc: 0.7870 train loss: 0.4701 valid acc: 0.7787 valid loss: 0.4660
Epoch 14: train acc: 0.7889 train loss: 0.4657 valid acc: 0.7538 valid loss: 0.5015
Epoch 15: train acc: 0.7987 train loss: 0.4522 valid acc: 0.7621 valid loss: 0.4783
Epoch 16: train acc: 0.7831 train loss: 0.4700 valid acc: 0.7621 valid loss: 0.4782
Epoch 17: train acc: 0.7928 train loss: 0.4536 valid acc: 0.7668 valid loss: 0.4625
Epoch 18: train acc: 0.7899 train loss: 0.4559 valid acc: 0.7371 valid loss: 0.5026
Epoch 19: train acc: 0.7893 train loss: 0.4531 valid acc: 0.7668 valid loss: 0.4648
Epoch 20: train acc: 0.7912 train loss: 0.4475 valid acc: 0.7582 valid loss: 0.4636
Epoch 21: train acc: 0.7970 train loss: 0.4381 valid acc: 0.7753 valid loss: 0.4448
Epoch 22: train acc: 0.7913 train loss: 0.4413 valid acc: 0.7668 valid loss: 0.4571
Epoch 23: train acc: 0.7954 train loss: 0.4374 valid acc: 0.7169 valid loss: 0.5118
Epoch 24: train acc: 0.7850 train loss: 0.4454 valid acc: 0.7582 valid loss: 0.4545
Epoch 25: train acc: 0.7765 train loss: 0.4578 valid acc: 0.7411 valid loss: 0.4808
Epoch 26: train acc: 0.7851 train loss: 0.4429 valid acc: 0.7096 valid loss: 0.4983
Epoch 27: train acc: 0.7908 train loss: 0.4332 valid acc: 0.7325 valid loss: 0.4832
Epoch 28: train acc: 0.7866 train loss: 0.4354 valid acc: 0.7582 valid loss: 0.4405
Epoch 29: train acc: 0.7897 train loss: 0.4362 valid acc: 0.7582 valid loss: 0.4493
Epoch 30: train acc: 0.7830 train loss: 0.4365 valid acc: 0.7169 valid loss: 0.4885
Epoch 31: train acc: 0.7826 train loss: 0.4384 valid acc: 0.7496 valid loss: 0.4490
Epoch 32: train acc: 0.7844 train loss: 0.4330 valid acc: 0.7582 valid loss: 0.4423
Epoch 33: train acc: 0.7847 train loss: 0.4308 valid acc: 0.7411 valid loss: 0.4561
Epoch 34: train acc: 0.7848 train loss: 0.4291 valid acc: 0.7496 valid loss: 0.4552
Epoch 35: train acc: 0.7871 train loss: 0.4254 valid acc: 0.7496 valid loss: 0.4425
Epoch 36: train acc: 0.7782 train loss: 0.4386 valid acc: 0.7668 valid loss: 0.4367
Epoch 37: train acc: 0.7917 train loss: 0.4200 valid acc: 0.7582 valid loss: 0.4276
Epoch 38: train acc: 0.7856 train loss: 0.4228 valid acc: 0.7496 valid loss: 0.4454
Epoch 39: train acc: 0.7807 train loss: 0.4284 valid acc: 0.7582 valid loss: 0.4400
Epoch 40: train acc: 0.7831 train loss: 0.4207 valid acc: 0.7314 valid loss: 0.4485
Epoch 41: train acc: 0.7815 train loss: 0.4235 valid acc: 0.7753 valid loss: 0.4142
Epoch 42: train acc: 0.7877 train loss: 0.4149 valid acc: 0.7387 valid loss: 0.4368
Epoch 43: train acc: 0.7720 train loss: 0.4228 valid acc: 0.7411 valid loss: 0.4403
Epoch 44: train acc: 0.7710 train loss: 0.4365 valid acc: 0.7314 valid loss: 0.4521
Epoch 45: train acc: 0.7810 train loss: 0.4162 valid acc: 0.7241 valid loss: 0.4416
Epoch 46: train acc: 0.7805 train loss: 0.4140 valid acc: 0.7753 valid loss: 0.4098
Epoch 47: train acc: 0.7730 train loss: 0.4311 valid acc: 0.7533 valid loss: 0.4241
Epoch 48: train acc: 0.7802 train loss: 0.4161 valid acc: 0.7753 valid loss: 0.4141
Epoch 49: train acc: 0.7782 train loss: 0.4115 valid acc: 0.7668 valid loss: 0.4182
Run 00: test acc: 0.7801 test loss: 0.5171 precision: 0.0000 recall: 0.0000 f1: 0.0000
Epoch 00: train acc: 0.7862 train loss: 0.5591 valid acc: 0.7787 valid loss: 0.5371
Epoch 01: train acc: 0.7967 train loss: 0.5106 valid acc: 0.7455 valid loss: 0.5763
Epoch 02: train acc: 0.7870 train loss: 0.5125 valid acc: 0.7455 valid loss: 0.5571
Epoch 03: train acc: 0.7909 train loss: 0.5014 valid acc: 0.7704 valid loss: 0.5178
Epoch 04: train acc: 0.7948 train loss: 0.4930 valid acc: 0.7455 valid loss: 0.5525
Epoch 05: train acc: 0.7909 train loss: 0.4943 valid acc: 0.7205 valid loss: 0.5748
Epoch 06: train acc: 0.7928 train loss: 0.4893 valid acc: 0.7371 valid loss: 0.5446
Epoch 07: train acc: 0.7967 train loss: 0.4790 valid acc: 0.7621 valid loss: 0.5191
Epoch 08: train acc: 0.7987 train loss: 0.4741 valid acc: 0.7371 valid loss: 0.5411
Epoch 09: train acc: 0.7928 train loss: 0.4782 valid acc: 0.7621 valid loss: 0.5084
Epoch 10: train acc: 0.7909 train loss: 0.4804 valid acc: 0.7621 valid loss: 0.4944
Epoch 11: train acc: 0.7909 train loss: 0.4775 valid acc: 0.7538 valid loss: 0.5152
Epoch 12: train acc: 0.7831 train loss: 0.4825 valid acc: 0.7621 valid loss: 0.5001
Epoch 13: train acc: 0.7889 train loss: 0.4734 valid acc: 0.7455 valid loss: 0.5151
Epoch 14: train acc: 0.7870 train loss: 0.4758 valid acc: 0.7870 valid loss: 0.4613
Epoch 15: train acc: 0.7948 train loss: 0.4646 valid acc: 0.7704 valid loss: 0.4703
Epoch 16: train acc: 0.7889 train loss: 0.4659 valid acc: 0.7122 valid loss: 0.5522
Epoch 17: train acc: 0.7928 train loss: 0.4587 valid acc: 0.7455 valid loss: 0.5000
Epoch 18: train acc: 0.7909 train loss: 0.4596 valid acc: 0.7455 valid loss: 0.4903
Epoch 19: train acc: 0.7948 train loss: 0.4536 valid acc: 0.7954 valid loss: 0.4366
Epoch 20: train acc: 0.7822 train loss: 0.4622 valid acc: 0.7411 valid loss: 0.4936
Epoch 21: train acc: 0.7933 train loss: 0.4529 valid acc: 0.7496 valid loss: 0.4811
Epoch 22: train acc: 0.7852 train loss: 0.4641 valid acc: 0.7538 valid loss: 0.4957
Epoch 23: train acc: 0.7845 train loss: 0.4530 valid acc: 0.7496 valid loss: 0.4728
Epoch 24: train acc: 0.7910 train loss: 0.4531 valid acc: 0.7387 valid loss: 0.4686
Epoch 25: train acc: 0.7873 train loss: 0.4500 valid acc: 0.7325 valid loss: 0.4963
Epoch 26: train acc: 0.7891 train loss: 0.4403 valid acc: 0.7582 valid loss: 0.4523
Epoch 27: train acc: 0.7931 train loss: 0.4417 valid acc: 0.7239 valid loss: 0.5032
Epoch 28: train acc: 0.7914 train loss: 0.4393 valid acc: 0.7605 valid loss: 0.4545
Epoch 29: train acc: 0.7884 train loss: 0.4419 valid acc: 0.7154 valid loss: 0.5066
Epoch 30: train acc: 0.7894 train loss: 0.4381 valid acc: 0.7582 valid loss: 0.4493
Epoch 31: train acc: 0.7820 train loss: 0.4405 valid acc: 0.7605 valid loss: 0.4397
Epoch 32: train acc: 0.7851 train loss: 0.4396 valid acc: 0.7839 valid loss: 0.4207
Epoch 33: train acc: 0.7867 train loss: 0.4295 valid acc: 0.7169 valid loss: 0.4837
Epoch 34: train acc: 0.7862 train loss: 0.4333 valid acc: 0.7496 valid loss: 0.4564
Epoch 35: train acc: 0.7845 train loss: 0.4340 valid acc: 0.7753 valid loss: 0.4146
Epoch 36: train acc: 0.7819 train loss: 0.4296 valid acc: 0.7678 valid loss: 0.4142
Epoch 37: train acc: 0.7912 train loss: 0.4226 valid acc: 0.7533 valid loss: 0.4487
Epoch 38: train acc: 0.7917 train loss: 0.4173 valid acc: 0.7496 valid loss: 0.4449
Epoch 39: train acc: 0.7797 train loss: 0.4278 valid acc: 0.7839 valid loss: 0.4060
Epoch 40: train acc: 0.7773 train loss: 0.4280 valid acc: 0.7387 valid loss: 0.4417
Epoch 41: train acc: 0.7812 train loss: 0.4270 valid acc: 0.7325 valid loss: 0.4644
Epoch 42: train acc: 0.7738 train loss: 0.4286 valid acc: 0.7668 valid loss: 0.4216
Epoch 43: train acc: 0.7745 train loss: 0.4310 valid acc: 0.7751 valid loss: 0.4063
Epoch 44: train acc: 0.7756 train loss: 0.4196 valid acc: 0.7325 valid loss: 0.4462
Epoch 45: train acc: 0.7776 train loss: 0.4244 valid acc: 0.7668 valid loss: 0.4229
Epoch 46: train acc: 0.7828 train loss: 0.4190 valid acc: 0.7533 valid loss: 0.4159
Epoch 47: train acc: 0.7760 train loss: 0.4121 valid acc: 0.7239 valid loss: 0.4588
Epoch 48: train acc: 0.7722 train loss: 0.4309 valid acc: 0.7839 valid loss: 0.3951
Epoch 49: train acc: 0.7772 train loss: 0.4138 valid acc: 0.7460 valid loss: 0.4271
Run 01: test acc: 0.7801 test loss: 0.4791 precision: 0.0000 recall: 0.0000 f1: 0.0000
Epoch 00: train acc: 0.7499 train loss: 0.5577 valid acc: 0.7455 valid loss: 0.5889
Epoch 01: train acc: 0.7967 train loss: 0.5132 valid acc: 0.7787 valid loss: 0.5271
Epoch 02: train acc: 0.7850 train loss: 0.5131 valid acc: 0.7538 valid loss: 0.5470
Epoch 03: train acc: 0.7909 train loss: 0.5025 valid acc: 0.7538 valid loss: 0.5397
Epoch 04: train acc: 0.7870 train loss: 0.4998 valid acc: 0.7538 valid loss: 0.5430
Epoch 05: train acc: 0.7889 train loss: 0.4959 valid acc: 0.7621 valid loss: 0.5208
Epoch 06: train acc: 0.7948 train loss: 0.4848 valid acc: 0.7455 valid loss: 0.5320
Epoch 07: train acc: 0.7889 train loss: 0.4882 valid acc: 0.7870 valid loss: 0.4834
Epoch 08: train acc: 0.7928 train loss: 0.4795 valid acc: 0.7371 valid loss: 0.5373
Epoch 09: train acc: 0.7889 train loss: 0.4826 valid acc: 0.7538 valid loss: 0.5101
Epoch 10: train acc: 0.7889 train loss: 0.4789 valid acc: 0.7538 valid loss: 0.4977
Epoch 11: train acc: 0.7967 train loss: 0.4664 valid acc: 0.7621 valid loss: 0.4946
Epoch 12: train acc: 0.7870 train loss: 0.4760 valid acc: 0.7787 valid loss: 0.4713
Epoch 13: train acc: 0.7889 train loss: 0.4703 valid acc: 0.7538 valid loss: 0.4976
Epoch 14: train acc: 0.7909 train loss: 0.4657 valid acc: 0.7621 valid loss: 0.4830
Epoch 15: train acc: 0.7948 train loss: 0.4589 valid acc: 0.7538 valid loss: 0.4913
Epoch 16: train acc: 0.7889 train loss: 0.4622 valid acc: 0.7704 valid loss: 0.4831
Epoch 17: train acc: 0.7940 train loss: 0.4520 valid acc: 0.7314 valid loss: 0.4927
Epoch 18: train acc: 0.7902 train loss: 0.4575 valid acc: 0.7460 valid loss: 0.4755
Epoch 19: train acc: 0.7870 train loss: 0.4521 valid acc: 0.7314 valid loss: 0.5038
Epoch 20: train acc: 0.7898 train loss: 0.4477 valid acc: 0.7460 valid loss: 0.4781
Epoch 21: train acc: 0.7910 train loss: 0.4445 valid acc: 0.7753 valid loss: 0.4515
Epoch 22: train acc: 0.7854 train loss: 0.4455 valid acc: 0.7496 valid loss: 0.4729
Epoch 23: train acc: 0.7846 train loss: 0.4458 valid acc: 0.7582 valid loss: 0.4559
Epoch 24: train acc: 0.7926 train loss: 0.4341 valid acc: 0.7839 valid loss: 0.4198
Epoch 25: train acc: 0.7883 train loss: 0.4401 valid acc: 0.7496 valid loss: 0.4561
Epoch 26: train acc: 0.7911 train loss: 0.4342 valid acc: 0.7533 valid loss: 0.4460
Epoch 27: train acc: 0.7850 train loss: 0.4388 valid acc: 0.7605 valid loss: 0.4421
Epoch 28: train acc: 0.7823 train loss: 0.4407 valid acc: 0.7582 valid loss: 0.4437
Epoch 29: train acc: 0.7871 train loss: 0.4297 valid acc: 0.7582 valid loss: 0.4413
Epoch 30: train acc: 0.7740 train loss: 0.4486 valid acc: 0.7582 valid loss: 0.4462
Epoch 31: train acc: 0.7863 train loss: 0.4259 valid acc: 0.7239 valid loss: 0.4705
Epoch 32: train acc: 0.7863 train loss: 0.4245 valid acc: 0.7314 valid loss: 0.4466
Epoch 33: train acc: 0.7881 train loss: 0.4308 valid acc: 0.7460 valid loss: 0.4407
Epoch 34: train acc: 0.7851 train loss: 0.4236 valid acc: 0.7411 valid loss: 0.4492
Epoch 35: train acc: 0.7826 train loss: 0.4215 valid acc: 0.7668 valid loss: 0.4262
Epoch 36: train acc: 0.7876 train loss: 0.4200 valid acc: 0.7411 valid loss: 0.4520
Epoch 37: train acc: 0.7795 train loss: 0.4275 valid acc: 0.7533 valid loss: 0.4191
Epoch 38: train acc: 0.7876 train loss: 0.4169 valid acc: 0.7668 valid loss: 0.4026
Epoch 39: train acc: 0.7761 train loss: 0.4208 valid acc: 0.7753 valid loss: 0.4033
Epoch 40: train acc: 0.7796 train loss: 0.4168 valid acc: 0.7314 valid loss: 0.4436
Epoch 41: train acc: 0.7753 train loss: 0.4239 valid acc: 0.7387 valid loss: 0.4301
Epoch 42: train acc: 0.7793 train loss: 0.4139 valid acc: 0.7668 valid loss: 0.4105
Epoch 43: train acc: 0.7795 train loss: 0.4102 valid acc: 0.7605 valid loss: 0.4152
Epoch 44: train acc: 0.7821 train loss: 0.4087 valid acc: 0.7239 valid loss: 0.4565
Epoch 45: train acc: 0.7770 train loss: 0.4136 valid acc: 0.7668 valid loss: 0.4029
Epoch 46: train acc: 0.7799 train loss: 0.4118 valid acc: 0.7241 valid loss: 0.4377
Epoch 47: train acc: 0.7788 train loss: 0.4108 valid acc: 0.7460 valid loss: 0.4028
Epoch 48: train acc: 0.7784 train loss: 0.4090 valid acc: 0.7460 valid loss: 0.4218
Epoch 49: train acc: 0.7787 train loss: 0.4086 valid acc: 0.7668 valid loss: 0.4069
Run 02: test acc: 0.7802 test loss: 0.5038 precision: 0.0000 recall: 0.0000 f1: 0.0000
Epoch 00: train acc: 0.7870 train loss: 0.5642 valid acc: 0.7538 valid loss: 0.5734
Epoch 01: train acc: 0.7850 train loss: 0.5286 valid acc: 0.7621 valid loss: 0.5538
Epoch 02: train acc: 0.7987 train loss: 0.5002 valid acc: 0.7621 valid loss: 0.5368
Epoch 03: train acc: 0.7909 train loss: 0.5033 valid acc: 0.7621 valid loss: 0.5434
Epoch 04: train acc: 0.7948 train loss: 0.4937 valid acc: 0.7538 valid loss: 0.5372
Epoch 05: train acc: 0.7870 train loss: 0.4995 valid acc: 0.7704 valid loss: 0.5133
Epoch 06: train acc: 0.7928 train loss: 0.4892 valid acc: 0.7455 valid loss: 0.5351
Epoch 07: train acc: 0.7909 train loss: 0.4861 valid acc: 0.7787 valid loss: 0.4983
Epoch 08: train acc: 0.7948 train loss: 0.4786 valid acc: 0.7538 valid loss: 0.5141
Epoch 09: train acc: 0.7928 train loss: 0.4807 valid acc: 0.7455 valid loss: 0.5302
Epoch 10: train acc: 0.7889 train loss: 0.4780 valid acc: 0.7455 valid loss: 0.5187
Epoch 11: train acc: 0.7928 train loss: 0.4713 valid acc: 0.7787 valid loss: 0.4686
Epoch 12: train acc: 0.7928 train loss: 0.4690 valid acc: 0.7455 valid loss: 0.5204
Epoch 13: train acc: 0.7909 train loss: 0.4640 valid acc: 0.7704 valid loss: 0.4731
Epoch 14: train acc: 0.7909 train loss: 0.4680 valid acc: 0.7288 valid loss: 0.5204
Epoch 15: train acc: 0.7948 train loss: 0.4573 valid acc: 0.7538 valid loss: 0.4996
Epoch 16: train acc: 0.7948 train loss: 0.4583 valid acc: 0.7371 valid loss: 0.5077
Epoch 17: train acc: 0.7957 train loss: 0.4525 valid acc: 0.7704 valid loss: 0.4661
Epoch 18: train acc: 0.7909 train loss: 0.4533 valid acc: 0.7787 valid loss: 0.4458
Epoch 19: train acc: 0.7872 train loss: 0.4506 valid acc: 0.7605 valid loss: 0.4538
Epoch 20: train acc: 0.7877 train loss: 0.4532 valid acc: 0.7668 valid loss: 0.4631
Epoch 21: train acc: 0.7973 train loss: 0.4385 valid acc: 0.7387 valid loss: 0.4769
Epoch 22: train acc: 0.7891 train loss: 0.4428 valid acc: 0.7582 valid loss: 0.4575
Epoch 23: train acc: 0.7949 train loss: 0.4353 valid acc: 0.7605 valid loss: 0.4490
Epoch 24: train acc: 0.7940 train loss: 0.4291 valid acc: 0.7496 valid loss: 0.4677
Epoch 25: train acc: 0.7859 train loss: 0.4421 valid acc: 0.7678 valid loss: 0.4240
Epoch 26: train acc: 0.7793 train loss: 0.4385 valid acc: 0.7678 valid loss: 0.4261
Epoch 27: train acc: 0.7902 train loss: 0.4290 valid acc: 0.7668 valid loss: 0.4356
Epoch 28: train acc: 0.7856 train loss: 0.4342 valid acc: 0.7753 valid loss: 0.4266
Epoch 29: train acc: 0.7829 train loss: 0.4304 valid acc: 0.7668 valid loss: 0.4304
Epoch 30: train acc: 0.7847 train loss: 0.4296 valid acc: 0.7668 valid loss: 0.4276
Epoch 31: train acc: 0.7797 train loss: 0.4384 valid acc: 0.7668 valid loss: 0.4239
Epoch 32: train acc: 0.7792 train loss: 0.4269 valid acc: 0.7839 valid loss: 0.4178
Epoch 33: train acc: 0.7831 train loss: 0.4209 valid acc: 0.7460 valid loss: 0.4311
Epoch 34: train acc: 0.7914 train loss: 0.4147 valid acc: 0.7839 valid loss: 0.4066
Epoch 35: train acc: 0.7894 train loss: 0.4175 valid acc: 0.7582 valid loss: 0.4322
Epoch 36: train acc: 0.7840 train loss: 0.4212 valid acc: 0.7582 valid loss: 0.4395
Epoch 37: train acc: 0.7853 train loss: 0.4148 valid acc: 0.7387 valid loss: 0.4297
Epoch 38: train acc: 0.7865 train loss: 0.4169 valid acc: 0.7496 valid loss: 0.4336
Epoch 39: train acc: 0.7839 train loss: 0.4099 valid acc: 0.7314 valid loss: 0.4507
Epoch 40: train acc: 0.7712 train loss: 0.4172 valid acc: 0.7325 valid loss: 0.4404
Epoch 41: train acc: 0.7861 train loss: 0.4070 valid acc: 0.7496 valid loss: 0.4402
Epoch 42: train acc: 0.7857 train loss: 0.4167 valid acc: 0.7496 valid loss: 0.4359
Epoch 43: train acc: 0.7746 train loss: 0.4166 valid acc: 0.7387 valid loss: 0.4370
Epoch 44: train acc: 0.7844 train loss: 0.4073 valid acc: 0.7839 valid loss: 0.3927
Epoch 45: train acc: 0.7780 train loss: 0.4029 valid acc: 0.7411 valid loss: 0.4282
Epoch 46: train acc: 0.7771 train loss: 0.4221 valid acc: 0.7582 valid loss: 0.4242
Epoch 47: train acc: 0.7792 train loss: 0.4095 valid acc: 0.7496 valid loss: 0.4126
Epoch 48: train acc: 0.7757 train loss: 0.4040 valid acc: 0.7496 valid loss: 0.4120
Epoch 49: train acc: 0.7783 train loss: 0.4054 valid acc: 0.7496 valid loss: 0.4193
Run 03: test acc: 0.7604 test loss: 0.4466 precision: 1.0000 recall: 0.1667 f1: 0.2857
Epoch 00: train acc: 0.7441 train loss: 0.5595 valid acc: 0.7621 valid loss: 0.5690
Epoch 01: train acc: 0.7895 train loss: 0.5240 valid acc: 0.7787 valid loss: 0.5381
Epoch 02: train acc: 0.7928 train loss: 0.5064 valid acc: 0.7787 valid loss: 0.5195
Epoch 03: train acc: 0.7987 train loss: 0.4932 valid acc: 0.7787 valid loss: 0.5100
Epoch 04: train acc: 0.7948 train loss: 0.4933 valid acc: 0.7538 valid loss: 0.5390
Epoch 05: train acc: 0.7948 train loss: 0.4888 valid acc: 0.7870 valid loss: 0.4913
Epoch 06: train acc: 0.7909 train loss: 0.4902 valid acc: 0.7205 valid loss: 0.5768
Epoch 07: train acc: 0.7889 train loss: 0.4879 valid acc: 0.7538 valid loss: 0.5250
Epoch 08: train acc: 0.7909 train loss: 0.4829 valid acc: 0.7288 valid loss: 0.5600
Epoch 09: train acc: 0.7909 train loss: 0.4788 valid acc: 0.7787 valid loss: 0.4899
Epoch 10: train acc: 0.7870 train loss: 0.4810 valid acc: 0.7538 valid loss: 0.5074
Epoch 11: train acc: 0.7928 train loss: 0.4746 valid acc: 0.7371 valid loss: 0.5139
Epoch 12: train acc: 0.7889 train loss: 0.4717 valid acc: 0.7288 valid loss: 0.5414
Epoch 13: train acc: 0.7928 train loss: 0.4682 valid acc: 0.7621 valid loss: 0.4859
Epoch 14: train acc: 0.8006 train loss: 0.4553 valid acc: 0.7870 valid loss: 0.4595
Epoch 15: train acc: 0.7831 train loss: 0.4735 valid acc: 0.7455 valid loss: 0.5008
Epoch 16: train acc: 0.7880 train loss: 0.4635 valid acc: 0.7455 valid loss: 0.4861
Epoch 17: train acc: 0.7918 train loss: 0.4602 valid acc: 0.7704 valid loss: 0.4675
Epoch 18: train acc: 0.7862 train loss: 0.4603 valid acc: 0.7839 valid loss: 0.4482
Epoch 19: train acc: 0.7931 train loss: 0.4501 valid acc: 0.7668 valid loss: 0.4640
Epoch 20: train acc: 0.7952 train loss: 0.4448 valid acc: 0.7582 valid loss: 0.4794
Epoch 21: train acc: 0.7934 train loss: 0.4468 valid acc: 0.7668 valid loss: 0.4549
Epoch 22: train acc: 0.7844 train loss: 0.4509 valid acc: 0.7582 valid loss: 0.4648
Epoch 23: train acc: 0.7930 train loss: 0.4400 valid acc: 0.7668 valid loss: 0.4516
Epoch 24: train acc: 0.7835 train loss: 0.4512 valid acc: 0.7460 valid loss: 0.4652
Epoch 25: train acc: 0.7938 train loss: 0.4398 valid acc: 0.7460 valid loss: 0.4633
Epoch 26: train acc: 0.7878 train loss: 0.4398 valid acc: 0.7753 valid loss: 0.4593
Epoch 27: train acc: 0.7862 train loss: 0.4401 valid acc: 0.7533 valid loss: 0.4495
Epoch 28: train acc: 0.7928 train loss: 0.4341 valid acc: 0.7582 valid loss: 0.4590
Epoch 29: train acc: 0.7840 train loss: 0.4391 valid acc: 0.7582 valid loss: 0.4551
Epoch 30: train acc: 0.7910 train loss: 0.4309 valid acc: 0.7668 valid loss: 0.4332
Epoch 31: train acc: 0.7855 train loss: 0.4295 valid acc: 0.7411 valid loss: 0.4712
Epoch 32: train acc: 0.7852 train loss: 0.4353 valid acc: 0.7460 valid loss: 0.4496
Epoch 33: train acc: 0.7832 train loss: 0.4332 valid acc: 0.7668 valid loss: 0.4296
Epoch 34: train acc: 0.7932 train loss: 0.4210 valid acc: 0.7460 valid loss: 0.4479
Epoch 35: train acc: 0.7764 train loss: 0.4440 valid acc: 0.7753 valid loss: 0.4340
Epoch 36: train acc: 0.7791 train loss: 0.4382 valid acc: 0.7533 valid loss: 0.4333
Epoch 37: train acc: 0.7803 train loss: 0.4241 valid acc: 0.7839 valid loss: 0.4148
Epoch 38: train acc: 0.7755 train loss: 0.4367 valid acc: 0.7839 valid loss: 0.4054
Epoch 39: train acc: 0.7880 train loss: 0.4195 valid acc: 0.7533 valid loss: 0.4127
Epoch 40: train acc: 0.7812 train loss: 0.4292 valid acc: 0.7605 valid loss: 0.4129
Epoch 41: train acc: 0.7819 train loss: 0.4204 valid acc: 0.7411 valid loss: 0.4557
Epoch 42: train acc: 0.7790 train loss: 0.4241 valid acc: 0.7668 valid loss: 0.4115
Epoch 43: train acc: 0.7882 train loss: 0.4154 valid acc: 0.7582 valid loss: 0.4279
Epoch 44: train acc: 0.7844 train loss: 0.4277 valid acc: 0.7325 valid loss: 0.4641
Epoch 45: train acc: 0.7796 train loss: 0.4234 valid acc: 0.7314 valid loss: 0.4382
Epoch 46: train acc: 0.7749 train loss: 0.4223 valid acc: 0.7411 valid loss: 0.4477
Epoch 47: train acc: 0.7873 train loss: 0.4077 valid acc: 0.7496 valid loss: 0.4248
Epoch 48: train acc: 0.7852 train loss: 0.4161 valid acc: 0.7668 valid loss: 0.4143
Epoch 49: train acc: 0.7830 train loss: 0.4137 valid acc: 0.7325 valid loss: 0.4505
Run 04: test acc: 0.7801 test loss: 0.5107 precision: 0.0000 recall: 0.0000 f1: 0.0000
Epoch 00: train acc: 0.7084 train loss: 0.5937 valid acc: 0.7496 valid loss: 0.5754
Epoch 01: train acc: 0.7912 train loss: 0.5149 valid acc: 0.7704 valid loss: 0.5442
Epoch 02: train acc: 0.7870 train loss: 0.5145 valid acc: 0.7455 valid loss: 0.5605
Epoch 03: train acc: 0.7948 train loss: 0.5002 valid acc: 0.7455 valid loss: 0.5571
Epoch 04: train acc: 0.7850 train loss: 0.5092 valid acc: 0.7538 valid loss: 0.5481
Epoch 05: train acc: 0.7909 train loss: 0.4948 valid acc: 0.7288 valid loss: 0.5615
Epoch 06: train acc: 0.7928 train loss: 0.4881 valid acc: 0.7787 valid loss: 0.5047
Epoch 07: train acc: 0.7909 train loss: 0.4895 valid acc: 0.7371 valid loss: 0.5508
Epoch 08: train acc: 0.7889 train loss: 0.4882 valid acc: 0.7621 valid loss: 0.5099
Epoch 09: train acc: 0.7889 train loss: 0.4846 valid acc: 0.7455 valid loss: 0.5340
Epoch 10: train acc: 0.7928 train loss: 0.4770 valid acc: 0.7455 valid loss: 0.5231
Epoch 11: train acc: 0.7928 train loss: 0.4761 valid acc: 0.7538 valid loss: 0.5074
Epoch 12: train acc: 0.7889 train loss: 0.4739 valid acc: 0.7538 valid loss: 0.4990
Epoch 13: train acc: 0.7850 train loss: 0.4762 valid acc: 0.7455 valid loss: 0.5074
Epoch 14: train acc: 0.7987 train loss: 0.4635 valid acc: 0.7538 valid loss: 0.4945
Epoch 15: train acc: 0.7948 train loss: 0.4602 valid acc: 0.7621 valid loss: 0.4942
Epoch 16: train acc: 0.7889 train loss: 0.4638 valid acc: 0.7455 valid loss: 0.4984
Epoch 17: train acc: 0.7928 train loss: 0.4557 valid acc: 0.7538 valid loss: 0.4890
Epoch 18: train acc: 0.7928 train loss: 0.4594 valid acc: 0.7496 valid loss: 0.4931
Epoch 19: train acc: 0.7931 train loss: 0.4501 valid acc: 0.7582 valid loss: 0.4815
Epoch 20: train acc: 0.7909 train loss: 0.4535 valid acc: 0.7538 valid loss: 0.4803
Epoch 21: train acc: 0.7932 train loss: 0.4477 valid acc: 0.7325 valid loss: 0.5063
Epoch 22: train acc: 0.7954 train loss: 0.4439 valid acc: 0.7411 valid loss: 0.4965
Epoch 23: train acc: 0.7891 train loss: 0.4472 valid acc: 0.7582 valid loss: 0.4660
Epoch 24: train acc: 0.7945 train loss: 0.4435 valid acc: 0.7924 valid loss: 0.4202
Epoch 25: train acc: 0.7875 train loss: 0.4470 valid acc: 0.7582 valid loss: 0.4636
Epoch 26: train acc: 0.7902 train loss: 0.4438 valid acc: 0.7325 valid loss: 0.4787
Epoch 27: train acc: 0.7918 train loss: 0.4339 valid acc: 0.7325 valid loss: 0.4817
Epoch 28: train acc: 0.7866 train loss: 0.4378 valid acc: 0.7325 valid loss: 0.4709
Epoch 29: train acc: 0.7875 train loss: 0.4317 valid acc: 0.7496 valid loss: 0.4577
Epoch 30: train acc: 0.7955 train loss: 0.4259 valid acc: 0.7411 valid loss: 0.4618
Epoch 31: train acc: 0.7834 train loss: 0.4338 valid acc: 0.7839 valid loss: 0.4233
Epoch 32: train acc: 0.7828 train loss: 0.4383 valid acc: 0.7668 valid loss: 0.4405
Epoch 33: train acc: 0.7838 train loss: 0.4328 valid acc: 0.7582 valid loss: 0.4286
Epoch 34: train acc: 0.7855 train loss: 0.4251 valid acc: 0.7325 valid loss: 0.4624
Epoch 35: train acc: 0.7830 train loss: 0.4299 valid acc: 0.7387 valid loss: 0.4412
Epoch 36: train acc: 0.7859 train loss: 0.4187 valid acc: 0.7582 valid loss: 0.4234
Epoch 37: train acc: 0.7842 train loss: 0.4178 valid acc: 0.7411 valid loss: 0.4402
Epoch 38: train acc: 0.7851 train loss: 0.4214 valid acc: 0.7668 valid loss: 0.4165
Epoch 39: train acc: 0.7821 train loss: 0.4188 valid acc: 0.7496 valid loss: 0.4388
Epoch 40: train acc: 0.7787 train loss: 0.4136 valid acc: 0.7533 valid loss: 0.4318
Epoch 41: train acc: 0.7837 train loss: 0.4191 valid acc: 0.7582 valid loss: 0.4285
Epoch 42: train acc: 0.7868 train loss: 0.4071 valid acc: 0.7668 valid loss: 0.4116
Epoch 43: train acc: 0.7791 train loss: 0.4143 valid acc: 0.7387 valid loss: 0.4355
Epoch 44: train acc: 0.7843 train loss: 0.4060 valid acc: 0.7496 valid loss: 0.4310
Epoch 45: train acc: 0.7785 train loss: 0.4091 valid acc: 0.7496 valid loss: 0.4303
Epoch 46: train acc: 0.7788 train loss: 0.4077 valid acc: 0.7582 valid loss: 0.4256
Epoch 47: train acc: 0.7759 train loss: 0.4124 valid acc: 0.7411 valid loss: 0.4230
Epoch 48: train acc: 0.7783 train loss: 0.4092 valid acc: 0.7239 valid loss: 0.4474
Epoch 49: train acc: 0.7706 train loss: 0.4105 valid acc: 0.7496 valid loss: 0.4149
Run 05: test acc: 0.7718 test loss: 0.4661 precision: 1.0000 recall: 0.0714 f1: 0.1333
Epoch 00: train acc: 0.7763 train loss: 0.5501 valid acc: 0.7704 valid loss: 0.5601
Epoch 01: train acc: 0.7909 train loss: 0.5238 valid acc: 0.7371 valid loss: 0.5925
Epoch 02: train acc: 0.7831 train loss: 0.5144 valid acc: 0.7455 valid loss: 0.5547
Epoch 03: train acc: 0.7870 train loss: 0.5079 valid acc: 0.7538 valid loss: 0.5382
Epoch 04: train acc: 0.7967 train loss: 0.4887 valid acc: 0.7538 valid loss: 0.5309
Epoch 05: train acc: 0.7948 train loss: 0.4857 valid acc: 0.7538 valid loss: 0.5353
Epoch 06: train acc: 0.7967 train loss: 0.4814 valid acc: 0.7621 valid loss: 0.5180
Epoch 07: train acc: 0.7889 train loss: 0.4888 valid acc: 0.7455 valid loss: 0.5382
Epoch 08: train acc: 0.7967 train loss: 0.4766 valid acc: 0.7704 valid loss: 0.4925
Epoch 09: train acc: 0.7889 train loss: 0.4833 valid acc: 0.7787 valid loss: 0.4845
Epoch 10: train acc: 0.7928 train loss: 0.4743 valid acc: 0.7288 valid loss: 0.5401
Epoch 11: train acc: 0.7967 train loss: 0.4682 valid acc: 0.7538 valid loss: 0.5067
Epoch 12: train acc: 0.7909 train loss: 0.4729 valid acc: 0.7538 valid loss: 0.5016
Epoch 13: train acc: 0.7948 train loss: 0.4667 valid acc: 0.7621 valid loss: 0.4874
Epoch 14: train acc: 0.7987 train loss: 0.4567 valid acc: 0.7621 valid loss: 0.4977
Epoch 15: train acc: 0.7928 train loss: 0.4677 valid acc: 0.7621 valid loss: 0.4921
Epoch 16: train acc: 0.7880 train loss: 0.4660 valid acc: 0.7704 valid loss: 0.4731
Epoch 17: train acc: 0.7928 train loss: 0.4591 valid acc: 0.7538 valid loss: 0.4843
Epoch 18: train acc: 0.7967 train loss: 0.4518 valid acc: 0.7371 valid loss: 0.5053
Epoch 19: train acc: 0.7899 train loss: 0.4545 valid acc: 0.7621 valid loss: 0.4767
Epoch 20: train acc: 0.7938 train loss: 0.4508 valid acc: 0.7496 valid loss: 0.4741
Epoch 21: train acc: 0.7814 train loss: 0.4627 valid acc: 0.7753 valid loss: 0.4425
Epoch 22: train acc: 0.7933 train loss: 0.4448 valid acc: 0.7496 valid loss: 0.4839
Epoch 23: train acc: 0.7832 train loss: 0.4597 valid acc: 0.7411 valid loss: 0.4956
Epoch 24: train acc: 0.7795 train loss: 0.4615 valid acc: 0.7668 valid loss: 0.4468
Epoch 25: train acc: 0.7815 train loss: 0.4596 valid acc: 0.7496 valid loss: 0.4747
Epoch 26: train acc: 0.7895 train loss: 0.4435 valid acc: 0.7668 valid loss: 0.4541
Epoch 27: train acc: 0.7868 train loss: 0.4429 valid acc: 0.7753 valid loss: 0.4298
Epoch 28: train acc: 0.7936 train loss: 0.4327 valid acc: 0.7924 valid loss: 0.4194
Epoch 29: train acc: 0.7875 train loss: 0.4369 valid acc: 0.7668 valid loss: 0.4393
Epoch 30: train acc: 0.7879 train loss: 0.4379 valid acc: 0.7753 valid loss: 0.4331
Epoch 31: train acc: 0.7918 train loss: 0.4346 valid acc: 0.7314 valid loss: 0.4676
Epoch 32: train acc: 0.7822 train loss: 0.4451 valid acc: 0.7314 valid loss: 0.4771
Epoch 33: train acc: 0.7927 train loss: 0.4300 valid acc: 0.7582 valid loss: 0.4491
Epoch 34: train acc: 0.7846 train loss: 0.4370 valid acc: 0.7678 valid loss: 0.4360
Epoch 35: train acc: 0.7869 train loss: 0.4329 valid acc: 0.7496 valid loss: 0.4588
Epoch 36: train acc: 0.7873 train loss: 0.4280 valid acc: 0.7496 valid loss: 0.4534
Epoch 37: train acc: 0.7856 train loss: 0.4353 valid acc: 0.7668 valid loss: 0.4326
Epoch 38: train acc: 0.7893 train loss: 0.4241 valid acc: 0.7460 valid loss: 0.4356
Epoch 39: train acc: 0.7868 train loss: 0.4238 valid acc: 0.7496 valid loss: 0.4546
Epoch 40: train acc: 0.7853 train loss: 0.4343 valid acc: 0.7387 valid loss: 0.4504
Epoch 41: train acc: 0.7868 train loss: 0.4177 valid acc: 0.7753 valid loss: 0.4150
Epoch 42: train acc: 0.7903 train loss: 0.4180 valid acc: 0.7582 valid loss: 0.4450
Epoch 43: train acc: 0.7818 train loss: 0.4288 valid acc: 0.7753 valid loss: 0.4229
Epoch 44: train acc: 0.7873 train loss: 0.4215 valid acc: 0.7582 valid loss: 0.4374
Epoch 45: train acc: 0.7827 train loss: 0.4213 valid acc: 0.7582 valid loss: 0.4233
Epoch 46: train acc: 0.7819 train loss: 0.4263 valid acc: 0.7582 valid loss: 0.4338
Epoch 47: train acc: 0.7778 train loss: 0.4289 valid acc: 0.7839 valid loss: 0.4145
Epoch 48: train acc: 0.7857 train loss: 0.4153 valid acc: 0.7387 valid loss: 0.4525
Epoch 49: train acc: 0.7758 train loss: 0.4236 valid acc: 0.7753 valid loss: 0.3997
Run 06: test acc: 0.7717 test loss: 0.4610 precision: 1.0000 recall: 0.0714 f1: 0.1333
Epoch 00: train acc: 0.7305 train loss: 0.5861 valid acc: 0.7621 valid loss: 0.5650
Epoch 01: train acc: 0.7948 train loss: 0.5199 valid acc: 0.7538 valid loss: 0.5745
Epoch 02: train acc: 0.7870 train loss: 0.5137 valid acc: 0.7621 valid loss: 0.5383
Epoch 03: train acc: 0.7889 train loss: 0.5074 valid acc: 0.7704 valid loss: 0.5217
Epoch 04: train acc: 0.7909 train loss: 0.4986 valid acc: 0.7621 valid loss: 0.5318
Epoch 05: train acc: 0.7928 train loss: 0.4938 valid acc: 0.7621 valid loss: 0.5230
Epoch 06: train acc: 0.7870 train loss: 0.4999 valid acc: 0.7621 valid loss: 0.5164
Epoch 07: train acc: 0.7909 train loss: 0.4892 valid acc: 0.7538 valid loss: 0.5325
Epoch 08: train acc: 0.7928 train loss: 0.4836 valid acc: 0.7538 valid loss: 0.5253
Epoch 09: train acc: 0.7889 train loss: 0.4897 valid acc: 0.8037 valid loss: 0.4558
Epoch 10: train acc: 0.7850 train loss: 0.4861 valid acc: 0.7621 valid loss: 0.5066
Epoch 11: train acc: 0.7889 train loss: 0.4800 valid acc: 0.7621 valid loss: 0.5020
Epoch 12: train acc: 0.7928 train loss: 0.4736 valid acc: 0.7787 valid loss: 0.4713
Epoch 13: train acc: 0.7909 train loss: 0.4748 valid acc: 0.7621 valid loss: 0.5042
Epoch 14: train acc: 0.7889 train loss: 0.4699 valid acc: 0.7538 valid loss: 0.4987
Epoch 15: train acc: 0.7987 train loss: 0.4617 valid acc: 0.7787 valid loss: 0.4698
Epoch 16: train acc: 0.7909 train loss: 0.4622 valid acc: 0.7455 valid loss: 0.5098
Epoch 17: train acc: 0.7948 train loss: 0.4561 valid acc: 0.7538 valid loss: 0.4951
Epoch 18: train acc: 0.7948 train loss: 0.4529 valid acc: 0.7455 valid loss: 0.4965
Epoch 19: train acc: 0.7987 train loss: 0.4513 valid acc: 0.7538 valid loss: 0.4818
Epoch 20: train acc: 0.7915 train loss: 0.4518 valid acc: 0.7496 valid loss: 0.4896
Epoch 21: train acc: 0.7911 train loss: 0.4531 valid acc: 0.7387 valid loss: 0.4861
Epoch 22: train acc: 0.7968 train loss: 0.4409 valid acc: 0.7924 valid loss: 0.4302
Epoch 23: train acc: 0.7950 train loss: 0.4427 valid acc: 0.7411 valid loss: 0.4983
Epoch 24: train acc: 0.7894 train loss: 0.4466 valid acc: 0.7668 valid loss: 0.4529
Epoch 25: train acc: 0.7912 train loss: 0.4423 valid acc: 0.7496 valid loss: 0.4753
Epoch 26: train acc: 0.7898 train loss: 0.4376 valid acc: 0.7582 valid loss: 0.4549
Epoch 27: train acc: 0.7893 train loss: 0.4399 valid acc: 0.7387 valid loss: 0.4816
Epoch 28: train acc: 0.7893 train loss: 0.4381 valid acc: 0.7411 valid loss: 0.4678
Epoch 29: train acc: 0.7864 train loss: 0.4381 valid acc: 0.7314 valid loss: 0.4798
Epoch 30: train acc: 0.7929 train loss: 0.4279 valid acc: 0.7314 valid loss: 0.4764
Epoch 31: train acc: 0.7863 train loss: 0.4311 valid acc: 0.7411 valid loss: 0.4566
Epoch 32: train acc: 0.7829 train loss: 0.4332 valid acc: 0.7582 valid loss: 0.4486
Epoch 33: train acc: 0.7826 train loss: 0.4315 valid acc: 0.7668 valid loss: 0.4275
Epoch 34: train acc: 0.7797 train loss: 0.4361 valid acc: 0.7411 valid loss: 0.4658
Epoch 35: train acc: 0.7734 train loss: 0.4360 valid acc: 0.7239 valid loss: 0.4644
Epoch 36: train acc: 0.7767 train loss: 0.4248 valid acc: 0.7411 valid loss: 0.4389
Epoch 37: train acc: 0.7796 train loss: 0.4341 valid acc: 0.7533 valid loss: 0.4363
Epoch 38: train acc: 0.7850 train loss: 0.4201 valid acc: 0.7668 valid loss: 0.4154
Epoch 39: train acc: 0.7795 train loss: 0.4222 valid acc: 0.7496 valid loss: 0.4356
Epoch 40: train acc: 0.7851 train loss: 0.4176 valid acc: 0.7924 valid loss: 0.3889
Epoch 41: train acc: 0.7768 train loss: 0.4242 valid acc: 0.7387 valid loss: 0.4404
Epoch 42: train acc: 0.7711 train loss: 0.4234 valid acc: 0.7533 valid loss: 0.4099
Epoch 43: train acc: 0.7881 train loss: 0.4103 valid acc: 0.7753 valid loss: 0.4090
Epoch 44: train acc: 0.7836 train loss: 0.4180 valid acc: 0.7582 valid loss: 0.4500
Epoch 45: train acc: 0.7827 train loss: 0.4172 valid acc: 0.7533 valid loss: 0.4217
Epoch 46: train acc: 0.7853 train loss: 0.4092 valid acc: 0.7839 valid loss: 0.4102
Epoch 47: train acc: 0.7832 train loss: 0.4124 valid acc: 0.7582 valid loss: 0.4096
Epoch 48: train acc: 0.7735 train loss: 0.4182 valid acc: 0.7239 valid loss: 0.4559
Epoch 49: train acc: 0.7825 train loss: 0.4083 valid acc: 0.7325 valid loss: 0.4470
Run 07: test acc: 0.7801 test loss: 0.5002 precision: 0.0000 recall: 0.0000 f1: 0.0000
Epoch 00: train acc: 0.7428 train loss: 0.5538 valid acc: 0.7122 valid loss: 0.6494
Epoch 01: train acc: 0.7914 train loss: 0.5203 valid acc: 0.7538 valid loss: 0.5708
Epoch 02: train acc: 0.7928 train loss: 0.5098 valid acc: 0.7538 valid loss: 0.5478
Epoch 03: train acc: 0.7870 train loss: 0.5093 valid acc: 0.7621 valid loss: 0.5375
Epoch 04: train acc: 0.7928 train loss: 0.4983 valid acc: 0.7455 valid loss: 0.5447
Epoch 05: train acc: 0.7850 train loss: 0.5059 valid acc: 0.7704 valid loss: 0.5182
Epoch 06: train acc: 0.7948 train loss: 0.4862 valid acc: 0.7455 valid loss: 0.5403
Epoch 07: train acc: 0.7948 train loss: 0.4859 valid acc: 0.7538 valid loss: 0.5257
Epoch 08: train acc: 0.7928 train loss: 0.4831 valid acc: 0.7621 valid loss: 0.5130
Epoch 09: train acc: 0.7948 train loss: 0.4802 valid acc: 0.7455 valid loss: 0.5302
Epoch 10: train acc: 0.7928 train loss: 0.4787 valid acc: 0.7621 valid loss: 0.5110
Epoch 11: train acc: 0.7889 train loss: 0.4808 valid acc: 0.7455 valid loss: 0.5269
Epoch 12: train acc: 0.7928 train loss: 0.4735 valid acc: 0.7288 valid loss: 0.5434
Epoch 13: train acc: 0.7889 train loss: 0.4737 valid acc: 0.7455 valid loss: 0.5135
Epoch 14: train acc: 0.7909 train loss: 0.4688 valid acc: 0.7538 valid loss: 0.4982
Epoch 15: train acc: 0.7889 train loss: 0.4710 valid acc: 0.7538 valid loss: 0.5012
Epoch 16: train acc: 0.7967 train loss: 0.4580 valid acc: 0.7538 valid loss: 0.4877
Epoch 17: train acc: 0.7889 train loss: 0.4642 valid acc: 0.7455 valid loss: 0.5046
Epoch 18: train acc: 0.7928 train loss: 0.4573 valid acc: 0.7787 valid loss: 0.4576
Epoch 19: train acc: 0.7928 train loss: 0.4548 valid acc: 0.7787 valid loss: 0.4614
Epoch 20: train acc: 0.7892 train loss: 0.4556 valid acc: 0.7455 valid loss: 0.5043
Epoch 21: train acc: 0.7874 train loss: 0.4538 valid acc: 0.7538 valid loss: 0.4859
Epoch 22: train acc: 0.7952 train loss: 0.4432 valid acc: 0.7241 valid loss: 0.4988
Epoch 23: train acc: 0.7911 train loss: 0.4465 valid acc: 0.7582 valid loss: 0.4637
Epoch 24: train acc: 0.7893 train loss: 0.4467 valid acc: 0.7582 valid loss: 0.4710
Epoch 25: train acc: 0.7859 train loss: 0.4485 valid acc: 0.7496 valid loss: 0.4722
Epoch 26: train acc: 0.7899 train loss: 0.4413 valid acc: 0.7411 valid loss: 0.4950
Epoch 27: train acc: 0.7859 train loss: 0.4430 valid acc: 0.7241 valid loss: 0.4723
Epoch 28: train acc: 0.7856 train loss: 0.4433 valid acc: 0.7839 valid loss: 0.4248
Epoch 29: train acc: 0.7958 train loss: 0.4295 valid acc: 0.7239 valid loss: 0.4845
Epoch 30: train acc: 0.7845 train loss: 0.4369 valid acc: 0.7582 valid loss: 0.4721
Epoch 31: train acc: 0.7819 train loss: 0.4344 valid acc: 0.7582 valid loss: 0.4306
Epoch 32: train acc: 0.7888 train loss: 0.4289 valid acc: 0.7605 valid loss: 0.4207
Epoch 33: train acc: 0.7855 train loss: 0.4338 valid acc: 0.7582 valid loss: 0.4419
Epoch 34: train acc: 0.7861 train loss: 0.4257 valid acc: 0.7411 valid loss: 0.4657
Epoch 35: train acc: 0.7867 train loss: 0.4274 valid acc: 0.7411 valid loss: 0.4574
Epoch 36: train acc: 0.7804 train loss: 0.4315 valid acc: 0.7668 valid loss: 0.4146
Epoch 37: train acc: 0.7889 train loss: 0.4162 valid acc: 0.7668 valid loss: 0.4226
Epoch 38: train acc: 0.7872 train loss: 0.4194 valid acc: 0.7387 valid loss: 0.4457
Epoch 39: train acc: 0.7832 train loss: 0.4208 valid acc: 0.7411 valid loss: 0.4508
Epoch 40: train acc: 0.7822 train loss: 0.4221 valid acc: 0.7839 valid loss: 0.3915
Epoch 41: train acc: 0.7804 train loss: 0.4213 valid acc: 0.7668 valid loss: 0.4178
Epoch 42: train acc: 0.7812 train loss: 0.4184 valid acc: 0.7241 valid loss: 0.4582
Epoch 43: train acc: 0.7774 train loss: 0.4207 valid acc: 0.7533 valid loss: 0.4226
Epoch 44: train acc: 0.7808 train loss: 0.4120 valid acc: 0.7582 valid loss: 0.4241
Epoch 45: train acc: 0.7829 train loss: 0.4102 valid acc: 0.7924 valid loss: 0.3865
Epoch 46: train acc: 0.7874 train loss: 0.4095 valid acc: 0.7753 valid loss: 0.3921
Epoch 47: train acc: 0.7805 train loss: 0.4143 valid acc: 0.7839 valid loss: 0.3892
Epoch 48: train acc: 0.7789 train loss: 0.4152 valid acc: 0.7753 valid loss: 0.4167
Epoch 49: train acc: 0.7788 train loss: 0.4060 valid acc: 0.7582 valid loss: 0.4248
Run 08: test acc: 0.7632 test loss: 0.4339 precision: 1.0000 recall: 0.1429 f1: 0.2500
Epoch 00: train acc: 0.7355 train loss: 0.5844 valid acc: 0.7621 valid loss: 0.5551
Epoch 01: train acc: 0.7928 train loss: 0.5177 valid acc: 0.7288 valid loss: 0.6069
Epoch 02: train acc: 0.7967 train loss: 0.5013 valid acc: 0.7455 valid loss: 0.5568
Epoch 03: train acc: 0.7928 train loss: 0.5002 valid acc: 0.7870 valid loss: 0.4966
Epoch 04: train acc: 0.7870 train loss: 0.5034 valid acc: 0.7371 valid loss: 0.5625
Epoch 05: train acc: 0.7948 train loss: 0.4907 valid acc: 0.7621 valid loss: 0.5224
Epoch 06: train acc: 0.7870 train loss: 0.4942 valid acc: 0.7538 valid loss: 0.5305
Epoch 07: train acc: 0.7948 train loss: 0.4839 valid acc: 0.7538 valid loss: 0.5260
Epoch 08: train acc: 0.7850 train loss: 0.4935 valid acc: 0.7538 valid loss: 0.5336
Epoch 09: train acc: 0.7909 train loss: 0.4800 valid acc: 0.7621 valid loss: 0.5067
Epoch 10: train acc: 0.7928 train loss: 0.4773 valid acc: 0.7704 valid loss: 0.4938
Epoch 11: train acc: 0.7850 train loss: 0.4840 valid acc: 0.7704 valid loss: 0.4903
Epoch 12: train acc: 0.7928 train loss: 0.4706 valid acc: 0.7288 valid loss: 0.5329
Epoch 13: train acc: 0.7948 train loss: 0.4640 valid acc: 0.7704 valid loss: 0.4818
Epoch 14: train acc: 0.7850 train loss: 0.4790 valid acc: 0.7870 valid loss: 0.4566
Epoch 15: train acc: 0.7889 train loss: 0.4672 valid acc: 0.7538 valid loss: 0.5090
Epoch 16: train acc: 0.7909 train loss: 0.4650 valid acc: 0.7538 valid loss: 0.5037
Epoch 17: train acc: 0.7930 train loss: 0.4616 valid acc: 0.7704 valid loss: 0.4696
Epoch 18: train acc: 0.7959 train loss: 0.4520 valid acc: 0.7371 valid loss: 0.5269
Epoch 19: train acc: 0.7870 train loss: 0.4629 valid acc: 0.7538 valid loss: 0.4789
Epoch 20: train acc: 0.7900 train loss: 0.4570 valid acc: 0.7387 valid loss: 0.4825
Epoch 21: train acc: 0.7951 train loss: 0.4444 valid acc: 0.7704 valid loss: 0.4632
Epoch 22: train acc: 0.7916 train loss: 0.4517 valid acc: 0.7325 valid loss: 0.5091
Epoch 23: train acc: 0.7876 train loss: 0.4534 valid acc: 0.7411 valid loss: 0.4909
Epoch 24: train acc: 0.7970 train loss: 0.4418 valid acc: 0.7533 valid loss: 0.4668
Epoch 25: train acc: 0.7872 train loss: 0.4477 valid acc: 0.7668 valid loss: 0.4630
Epoch 26: train acc: 0.7866 train loss: 0.4503 valid acc: 0.7582 valid loss: 0.4583
Epoch 27: train acc: 0.7910 train loss: 0.4433 valid acc: 0.7533 valid loss: 0.4603
Epoch 28: train acc: 0.7886 train loss: 0.4446 valid acc: 0.7314 valid loss: 0.4858
Epoch 29: train acc: 0.7892 train loss: 0.4410 valid acc: 0.7239 valid loss: 0.4970
Epoch 30: train acc: 0.7874 train loss: 0.4430 valid acc: 0.7496 valid loss: 0.4681
Epoch 31: train acc: 0.7955 train loss: 0.4320 valid acc: 0.7605 valid loss: 0.4319
Epoch 32: train acc: 0.7876 train loss: 0.4408 valid acc: 0.7582 valid loss: 0.4466
Epoch 33: train acc: 0.7897 train loss: 0.4342 valid acc: 0.7239 valid loss: 0.4785
Epoch 34: train acc: 0.7849 train loss: 0.4385 valid acc: 0.7533 valid loss: 0.4465
Epoch 35: train acc: 0.7848 train loss: 0.4392 valid acc: 0.7169 valid loss: 0.4815
Epoch 36: train acc: 0.7932 train loss: 0.4267 valid acc: 0.7496 valid loss: 0.4568
Epoch 37: train acc: 0.7889 train loss: 0.4306 valid acc: 0.7668 valid loss: 0.4305
Epoch 38: train acc: 0.7835 train loss: 0.4356 valid acc: 0.7753 valid loss: 0.4192
Epoch 39: train acc: 0.7885 train loss: 0.4282 valid acc: 0.7668 valid loss: 0.4486
Epoch 40: train acc: 0.7811 train loss: 0.4351 valid acc: 0.7924 valid loss: 0.4127
Epoch 41: train acc: 0.7851 train loss: 0.4290 valid acc: 0.7668 valid loss: 0.4384
Epoch 42: train acc: 0.7905 train loss: 0.4264 valid acc: 0.7582 valid loss: 0.4468
Epoch 43: train acc: 0.7901 train loss: 0.4197 valid acc: 0.7668 valid loss: 0.4230
Epoch 44: train acc: 0.7853 train loss: 0.4256 valid acc: 0.7533 valid loss: 0.4325
Epoch 45: train acc: 0.7895 train loss: 0.4189 valid acc: 0.7411 valid loss: 0.4490
Epoch 46: train acc: 0.7803 train loss: 0.4227 valid acc: 0.7533 valid loss: 0.4334
Epoch 47: train acc: 0.7874 train loss: 0.4223 valid acc: 0.7239 valid loss: 0.4585
Epoch 48: train acc: 0.7875 train loss: 0.4185 valid acc: 0.7325 valid loss: 0.4500
Epoch 49: train acc: 0.7846 train loss: 0.4261 valid acc: 0.7387 valid loss: 0.4403
Run 09: test acc: 0.7687 test loss: 0.4504 precision: 1.0000 recall: 0.0952 f1: 0.1739
Test acc: 0.7736 (0.0073), loss: 0.4769 (0.0280)
 precision: 0.5 (0.5000), recall: 0.0548 (0.0612), f1: 0.09762939958592132 (0.1070602441028305)
DONE
