Starting script
Persuasiveness
Epoch 00: train acc: 0.2189 train loss: 1.7085 valid acc: 0.2385 valid loss: 1.6642
Epoch 01: train acc: 0.2181 train loss: 1.6730 valid acc: 0.2385 valid loss: 1.6572
Epoch 02: train acc: 0.2436 train loss: 1.6398 valid acc: 0.2785 valid loss: 1.6643
Epoch 03: train acc: 0.3015 train loss: 1.6274 valid acc: 0.2809 valid loss: 1.6415
Epoch 04: train acc: 0.2711 train loss: 1.6171 valid acc: 0.2184 valid loss: 1.6759
Epoch 05: train acc: 0.2898 train loss: 1.6035 valid acc: 0.2463 valid loss: 1.6528
Epoch 06: train acc: 0.3245 train loss: 1.6034 valid acc: 0.2382 valid loss: 1.6495
Epoch 07: train acc: 0.2797 train loss: 1.6153 valid acc: 0.2322 valid loss: 1.6394
Epoch 08: train acc: 0.2897 train loss: 1.5871 valid acc: 0.3049 valid loss: 1.6319
Epoch 09: train acc: 0.3076 train loss: 1.5900 valid acc: 0.2538 valid loss: 1.6682
Epoch 10: train acc: 0.3655 train loss: 1.5498 valid acc: 0.2628 valid loss: 1.6359
Epoch 11: train acc: 0.3336 train loss: 1.5570 valid acc: 0.2418 valid loss: 1.6400
Epoch 12: train acc: 0.3811 train loss: 1.5469 valid acc: 0.2899 valid loss: 1.6228
Epoch 13: train acc: 0.3594 train loss: 1.5451 valid acc: 0.2995 valid loss: 1.6267
Epoch 14: train acc: 0.3618 train loss: 1.5462 valid acc: 0.2851 valid loss: 1.6249
Epoch 15: train acc: 0.3766 train loss: 1.5373 valid acc: 0.2827 valid loss: 1.6288
Epoch 16: train acc: 0.3766 train loss: 1.5200 valid acc: 0.2581 valid loss: 1.6396
Epoch 17: train acc: 0.3561 train loss: 1.5190 valid acc: 0.2839 valid loss: 1.6136
Epoch 18: train acc: 0.3805 train loss: 1.5043 valid acc: 0.2412 valid loss: 1.6325
Epoch 19: train acc: 0.3984 train loss: 1.5042 valid acc: 0.2499 valid loss: 1.6257
Epoch 20: train acc: 0.3653 train loss: 1.5122 valid acc: 0.2764 valid loss: 1.6402
Epoch 21: train acc: 0.3923 train loss: 1.4894 valid acc: 0.2550 valid loss: 1.6414
Epoch 22: train acc: 0.3982 train loss: 1.4875 valid acc: 0.2659 valid loss: 1.6371
Epoch 23: train acc: 0.4345 train loss: 1.4863 valid acc: 0.2881 valid loss: 1.6212
Epoch 24: train acc: 0.3984 train loss: 1.4738 valid acc: 0.2812 valid loss: 1.6295
Epoch 25: train acc: 0.3997 train loss: 1.4825 valid acc: 0.2832 valid loss: 1.6169
Epoch 26: train acc: 0.3997 train loss: 1.4668 valid acc: 0.2710 valid loss: 1.6321
Epoch 27: train acc: 0.4285 train loss: 1.4622 valid acc: 0.2883 valid loss: 1.6141
Epoch 28: train acc: 0.4221 train loss: 1.4781 valid acc: 0.2718 valid loss: 1.6182
Epoch 29: train acc: 0.4270 train loss: 1.4666 valid acc: 0.3031 valid loss: 1.6187
Epoch 30: train acc: 0.4314 train loss: 1.4568 valid acc: 0.2565 valid loss: 1.6269
Epoch 31: train acc: 0.4244 train loss: 1.4588 valid acc: 0.2989 valid loss: 1.6101
Epoch 32: train acc: 0.4278 train loss: 1.4629 valid acc: 0.2839 valid loss: 1.6184
Epoch 33: train acc: 0.4576 train loss: 1.4468 valid acc: 0.3079 valid loss: 1.6133
Epoch 34: train acc: 0.4140 train loss: 1.4632 valid acc: 0.2592 valid loss: 1.6185
Epoch 35: train acc: 0.4148 train loss: 1.4472 valid acc: 0.3067 valid loss: 1.6092
Epoch 36: train acc: 0.4166 train loss: 1.4448 valid acc: 0.2689 valid loss: 1.6194
Epoch 37: train acc: 0.4426 train loss: 1.4357 valid acc: 0.2848 valid loss: 1.6151
Epoch 38: train acc: 0.4290 train loss: 1.4477 valid acc: 0.2695 valid loss: 1.6180
Epoch 39: train acc: 0.4341 train loss: 1.4440 valid acc: 0.2890 valid loss: 1.6052
Epoch 40: train acc: 0.4127 train loss: 1.4446 valid acc: 0.2746 valid loss: 1.6136
Epoch 41: train acc: 0.4550 train loss: 1.4178 valid acc: 0.2689 valid loss: 1.6214
Epoch 42: train acc: 0.4426 train loss: 1.4200 valid acc: 0.2989 valid loss: 1.6116
Epoch 43: train acc: 0.4672 train loss: 1.4153 valid acc: 0.2836 valid loss: 1.6072
Epoch 44: train acc: 0.4635 train loss: 1.4314 valid acc: 0.2992 valid loss: 1.6129
Epoch 45: train acc: 0.4605 train loss: 1.4114 valid acc: 0.2655 valid loss: 1.6211
Epoch 46: train acc: 0.4709 train loss: 1.4122 valid acc: 0.2977 valid loss: 1.6114
Epoch 47: train acc: 0.4753 train loss: 1.4029 valid acc: 0.2926 valid loss: 1.6077
Epoch 48: train acc: 0.4643 train loss: 1.4141 valid acc: 0.3031 valid loss: 1.6074
Epoch 49: train acc: 0.4874 train loss: 1.4083 valid acc: 0.2769 valid loss: 1.6146
Run 00: test acc: 0.2700 test loss: 1.6223
Epoch 00: train acc: 0.2353 train loss: 1.7113 valid acc: 0.2325 valid loss: 1.6717
Epoch 01: train acc: 0.2451 train loss: 1.6584 valid acc: 0.1904 valid loss: 1.6765
Epoch 02: train acc: 0.2363 train loss: 1.6586 valid acc: 0.2757 valid loss: 1.6464
Epoch 03: train acc: 0.2905 train loss: 1.6237 valid acc: 0.2667 valid loss: 1.6417
Epoch 04: train acc: 0.2859 train loss: 1.6043 valid acc: 0.2502 valid loss: 1.6534
Epoch 05: train acc: 0.3167 train loss: 1.6005 valid acc: 0.2545 valid loss: 1.6394
Epoch 06: train acc: 0.3093 train loss: 1.6002 valid acc: 0.2484 valid loss: 1.6339
Epoch 07: train acc: 0.3385 train loss: 1.5814 valid acc: 0.2229 valid loss: 1.6447
Epoch 08: train acc: 0.3201 train loss: 1.5643 valid acc: 0.2914 valid loss: 1.6364
Epoch 09: train acc: 0.3370 train loss: 1.5757 valid acc: 0.2863 valid loss: 1.6353
Epoch 10: train acc: 0.3613 train loss: 1.5672 valid acc: 0.3028 valid loss: 1.6137
Epoch 11: train acc: 0.3850 train loss: 1.5353 valid acc: 0.3055 valid loss: 1.6139
Epoch 12: train acc: 0.3827 train loss: 1.5388 valid acc: 0.3082 valid loss: 1.6200
Epoch 13: train acc: 0.3398 train loss: 1.5401 valid acc: 0.2604 valid loss: 1.6228
Epoch 14: train acc: 0.3731 train loss: 1.5472 valid acc: 0.2054 valid loss: 1.6631
Epoch 15: train acc: 0.3097 train loss: 1.5506 valid acc: 0.3052 valid loss: 1.6207
Epoch 16: train acc: 0.3867 train loss: 1.5173 valid acc: 0.2860 valid loss: 1.6275
Epoch 17: train acc: 0.3762 train loss: 1.5169 valid acc: 0.2730 valid loss: 1.6169
Epoch 18: train acc: 0.3688 train loss: 1.5038 valid acc: 0.2346 valid loss: 1.6363
Epoch 19: train acc: 0.3971 train loss: 1.4844 valid acc: 0.2905 valid loss: 1.6220
Epoch 20: train acc: 0.4208 train loss: 1.4885 valid acc: 0.2718 valid loss: 1.6195
Epoch 21: train acc: 0.3880 train loss: 1.4873 valid acc: 0.2484 valid loss: 1.6372
Epoch 22: train acc: 0.3758 train loss: 1.4886 valid acc: 0.2839 valid loss: 1.6279
Epoch 23: train acc: 0.3953 train loss: 1.4827 valid acc: 0.3196 valid loss: 1.6092
Epoch 24: train acc: 0.4241 train loss: 1.4678 valid acc: 0.2412 valid loss: 1.6368
Epoch 25: train acc: 0.3901 train loss: 1.4771 valid acc: 0.2938 valid loss: 1.6100
Epoch 26: train acc: 0.4594 train loss: 1.4430 valid acc: 0.2974 valid loss: 1.5958
Epoch 27: train acc: 0.4376 train loss: 1.4497 valid acc: 0.2553 valid loss: 1.6228
Epoch 28: train acc: 0.4524 train loss: 1.4492 valid acc: 0.2616 valid loss: 1.6174
Epoch 29: train acc: 0.4379 train loss: 1.4440 valid acc: 0.3100 valid loss: 1.6001
Epoch 30: train acc: 0.3987 train loss: 1.4466 valid acc: 0.2769 valid loss: 1.6150
Epoch 31: train acc: 0.4230 train loss: 1.4573 valid acc: 0.3226 valid loss: 1.6064
Epoch 32: train acc: 0.4169 train loss: 1.4366 valid acc: 0.2761 valid loss: 1.6078
Epoch 33: train acc: 0.4343 train loss: 1.4394 valid acc: 0.2827 valid loss: 1.6206
Epoch 34: train acc: 0.4557 train loss: 1.4208 valid acc: 0.2917 valid loss: 1.6105
Epoch 35: train acc: 0.4688 train loss: 1.4050 valid acc: 0.2871 valid loss: 1.6010
Epoch 36: train acc: 0.5010 train loss: 1.3920 valid acc: 0.3028 valid loss: 1.5986
Epoch 37: train acc: 0.4713 train loss: 1.4159 valid acc: 0.2902 valid loss: 1.6033
Epoch 38: train acc: 0.4591 train loss: 1.4055 valid acc: 0.2968 valid loss: 1.5962
Epoch 39: train acc: 0.4753 train loss: 1.3870 valid acc: 0.3145 valid loss: 1.5992
Epoch 40: train acc: 0.4553 train loss: 1.4047 valid acc: 0.3016 valid loss: 1.6060
Epoch 41: train acc: 0.4875 train loss: 1.3851 valid acc: 0.2941 valid loss: 1.6036
Epoch 42: train acc: 0.4809 train loss: 1.3912 valid acc: 0.2844 valid loss: 1.5997
Epoch 43: train acc: 0.4945 train loss: 1.3755 valid acc: 0.2773 valid loss: 1.6167
Epoch 44: train acc: 0.4670 train loss: 1.3693 valid acc: 0.2968 valid loss: 1.6100
Epoch 45: train acc: 0.4918 train loss: 1.3774 valid acc: 0.2866 valid loss: 1.6087
Epoch 46: train acc: 0.4883 train loss: 1.3833 valid acc: 0.2848 valid loss: 1.6007
Epoch 47: train acc: 0.4817 train loss: 1.3753 valid acc: 0.2769 valid loss: 1.5997
Epoch 48: train acc: 0.4874 train loss: 1.3720 valid acc: 0.3004 valid loss: 1.6036
Epoch 49: train acc: 0.4913 train loss: 1.3785 valid acc: 0.2820 valid loss: 1.5986
Run 01: test acc: 0.2365 test loss: 1.6445
Epoch 00: train acc: 0.1971 train loss: 1.7160 valid acc: 0.1904 valid loss: 1.6986
Epoch 01: train acc: 0.2337 train loss: 1.6602 valid acc: 0.2373 valid loss: 1.6595
Epoch 02: train acc: 0.2514 train loss: 1.6474 valid acc: 0.2241 valid loss: 1.6733
Epoch 03: train acc: 0.2514 train loss: 1.6342 valid acc: 0.2761 valid loss: 1.6422
Epoch 04: train acc: 0.3411 train loss: 1.6168 valid acc: 0.2706 valid loss: 1.6521
Epoch 05: train acc: 0.2693 train loss: 1.6258 valid acc: 0.2202 valid loss: 1.6570
Epoch 06: train acc: 0.2945 train loss: 1.5940 valid acc: 0.2304 valid loss: 1.6489
Epoch 07: train acc: 0.3458 train loss: 1.5803 valid acc: 0.2604 valid loss: 1.6573
Epoch 08: train acc: 0.3320 train loss: 1.5772 valid acc: 0.2166 valid loss: 1.6521
Epoch 09: train acc: 0.3161 train loss: 1.5682 valid acc: 0.2824 valid loss: 1.6411
Epoch 10: train acc: 0.3141 train loss: 1.5785 valid acc: 0.2478 valid loss: 1.6456
Epoch 11: train acc: 0.2788 train loss: 1.5583 valid acc: 0.2448 valid loss: 1.6501
Epoch 12: train acc: 0.3379 train loss: 1.5450 valid acc: 0.2178 valid loss: 1.6647
Epoch 13: train acc: 0.3334 train loss: 1.5453 valid acc: 0.2553 valid loss: 1.6622
Epoch 14: train acc: 0.3307 train loss: 1.5459 valid acc: 0.2175 valid loss: 1.6747
Epoch 15: train acc: 0.3079 train loss: 1.5537 valid acc: 0.2746 valid loss: 1.6247
Epoch 16: train acc: 0.3684 train loss: 1.5228 valid acc: 0.2851 valid loss: 1.6309
Epoch 17: train acc: 0.3346 train loss: 1.5387 valid acc: 0.2769 valid loss: 1.6477
Epoch 18: train acc: 0.3653 train loss: 1.5318 valid acc: 0.2805 valid loss: 1.6265
Epoch 19: train acc: 0.3860 train loss: 1.5124 valid acc: 0.2785 valid loss: 1.6305
Epoch 20: train acc: 0.3632 train loss: 1.5125 valid acc: 0.2953 valid loss: 1.6179
Epoch 21: train acc: 0.4024 train loss: 1.4906 valid acc: 0.2553 valid loss: 1.6394
Epoch 22: train acc: 0.3857 train loss: 1.5037 valid acc: 0.2803 valid loss: 1.6343
Epoch 23: train acc: 0.3880 train loss: 1.4870 valid acc: 0.2136 valid loss: 1.6575
Epoch 24: train acc: 0.3784 train loss: 1.4951 valid acc: 0.2659 valid loss: 1.6292
Epoch 25: train acc: 0.4185 train loss: 1.4637 valid acc: 0.2827 valid loss: 1.6436
Epoch 26: train acc: 0.3909 train loss: 1.4868 valid acc: 0.2667 valid loss: 1.6283
Epoch 27: train acc: 0.4389 train loss: 1.4533 valid acc: 0.2538 valid loss: 1.6334
Epoch 28: train acc: 0.4361 train loss: 1.4487 valid acc: 0.2878 valid loss: 1.6230
Epoch 29: train acc: 0.4361 train loss: 1.4478 valid acc: 0.2577 valid loss: 1.6335
Epoch 30: train acc: 0.4039 train loss: 1.4704 valid acc: 0.2355 valid loss: 1.6325
Epoch 31: train acc: 0.4274 train loss: 1.4523 valid acc: 0.2757 valid loss: 1.6228
Epoch 32: train acc: 0.4553 train loss: 1.4439 valid acc: 0.2604 valid loss: 1.6285
Epoch 33: train acc: 0.4400 train loss: 1.4391 valid acc: 0.3025 valid loss: 1.6180
Epoch 34: train acc: 0.4559 train loss: 1.4221 valid acc: 0.2448 valid loss: 1.6225
Epoch 35: train acc: 0.4210 train loss: 1.4444 valid acc: 0.2764 valid loss: 1.6229
Epoch 36: train acc: 0.4409 train loss: 1.4471 valid acc: 0.2887 valid loss: 1.6226
Epoch 37: train acc: 0.4418 train loss: 1.4317 valid acc: 0.2671 valid loss: 1.6242
Epoch 38: train acc: 0.4640 train loss: 1.4206 valid acc: 0.3058 valid loss: 1.6181
Epoch 39: train acc: 0.4599 train loss: 1.4233 valid acc: 0.2715 valid loss: 1.6168
Epoch 40: train acc: 0.4667 train loss: 1.4053 valid acc: 0.2992 valid loss: 1.6142
Epoch 41: train acc: 0.4508 train loss: 1.4104 valid acc: 0.2565 valid loss: 1.6257
Epoch 42: train acc: 0.4605 train loss: 1.3975 valid acc: 0.2878 valid loss: 1.6153
Epoch 43: train acc: 0.4872 train loss: 1.3946 valid acc: 0.2917 valid loss: 1.6294
Epoch 44: train acc: 0.4586 train loss: 1.4047 valid acc: 0.2769 valid loss: 1.6217
Epoch 45: train acc: 0.4758 train loss: 1.3867 valid acc: 0.3235 valid loss: 1.6073
Epoch 46: train acc: 0.4667 train loss: 1.3904 valid acc: 0.2793 valid loss: 1.6103
Epoch 47: train acc: 0.4936 train loss: 1.3861 valid acc: 0.3016 valid loss: 1.6262
Epoch 48: train acc: 0.4648 train loss: 1.3980 valid acc: 0.2809 valid loss: 1.6111
Epoch 49: train acc: 0.4722 train loss: 1.3866 valid acc: 0.2863 valid loss: 1.6146
Run 02: test acc: 0.2479 test loss: 1.6380
Epoch 00: train acc: 0.2068 train loss: 1.7043 valid acc: 0.2785 valid loss: 1.6620
Epoch 01: train acc: 0.2319 train loss: 1.6578 valid acc: 0.2565 valid loss: 1.6549
Epoch 02: train acc: 0.2228 train loss: 1.6623 valid acc: 0.2457 valid loss: 1.6585
Epoch 03: train acc: 0.2942 train loss: 1.6271 valid acc: 0.2292 valid loss: 1.6498
Epoch 04: train acc: 0.2428 train loss: 1.6230 valid acc: 0.2691 valid loss: 1.6451
Epoch 05: train acc: 0.3146 train loss: 1.6155 valid acc: 0.2643 valid loss: 1.6434
Epoch 06: train acc: 0.3037 train loss: 1.6050 valid acc: 0.2151 valid loss: 1.6549
Epoch 07: train acc: 0.2841 train loss: 1.5937 valid acc: 0.2601 valid loss: 1.6475
Epoch 08: train acc: 0.3045 train loss: 1.5886 valid acc: 0.2406 valid loss: 1.6429
Epoch 09: train acc: 0.3219 train loss: 1.5811 valid acc: 0.2620 valid loss: 1.6523
Epoch 10: train acc: 0.3022 train loss: 1.5983 valid acc: 0.2400 valid loss: 1.6470
Epoch 11: train acc: 0.3349 train loss: 1.5730 valid acc: 0.2785 valid loss: 1.6305
Epoch 12: train acc: 0.3354 train loss: 1.5675 valid acc: 0.2647 valid loss: 1.6388
Epoch 13: train acc: 0.3336 train loss: 1.5525 valid acc: 0.2953 valid loss: 1.6302
Epoch 14: train acc: 0.3172 train loss: 1.5527 valid acc: 0.2785 valid loss: 1.6221
Epoch 15: train acc: 0.3580 train loss: 1.5394 valid acc: 0.3073 valid loss: 1.6301
Epoch 16: train acc: 0.3792 train loss: 1.5413 valid acc: 0.3040 valid loss: 1.6301
Epoch 17: train acc: 0.3590 train loss: 1.5443 valid acc: 0.2769 valid loss: 1.6358
Epoch 18: train acc: 0.3827 train loss: 1.5392 valid acc: 0.2550 valid loss: 1.6295
Epoch 19: train acc: 0.3967 train loss: 1.5172 valid acc: 0.2890 valid loss: 1.6198
Epoch 20: train acc: 0.3722 train loss: 1.5338 valid acc: 0.2722 valid loss: 1.6283
Epoch 21: train acc: 0.4171 train loss: 1.5167 valid acc: 0.2887 valid loss: 1.6185
Epoch 22: train acc: 0.3676 train loss: 1.5257 valid acc: 0.2824 valid loss: 1.6233
Epoch 23: train acc: 0.3771 train loss: 1.5070 valid acc: 0.2506 valid loss: 1.6351
Epoch 24: train acc: 0.4006 train loss: 1.4965 valid acc: 0.2820 valid loss: 1.6183
Epoch 25: train acc: 0.4127 train loss: 1.4963 valid acc: 0.2941 valid loss: 1.6228
Epoch 26: train acc: 0.4005 train loss: 1.4881 valid acc: 0.2832 valid loss: 1.6142
Epoch 27: train acc: 0.3818 train loss: 1.4979 valid acc: 0.2902 valid loss: 1.6160
Epoch 28: train acc: 0.4270 train loss: 1.4760 valid acc: 0.2968 valid loss: 1.6122
Epoch 29: train acc: 0.4130 train loss: 1.4885 valid acc: 0.2776 valid loss: 1.6223
Epoch 30: train acc: 0.4192 train loss: 1.4778 valid acc: 0.2809 valid loss: 1.6179
Epoch 31: train acc: 0.3864 train loss: 1.4993 valid acc: 0.2992 valid loss: 1.6095
Epoch 32: train acc: 0.4023 train loss: 1.4760 valid acc: 0.2749 valid loss: 1.6198
Epoch 33: train acc: 0.4249 train loss: 1.4759 valid acc: 0.2827 valid loss: 1.6222
Epoch 34: train acc: 0.4296 train loss: 1.4759 valid acc: 0.2971 valid loss: 1.6138
Epoch 35: train acc: 0.4217 train loss: 1.4861 valid acc: 0.2950 valid loss: 1.6116
Epoch 36: train acc: 0.4317 train loss: 1.4688 valid acc: 0.2851 valid loss: 1.6141
Epoch 37: train acc: 0.4301 train loss: 1.4639 valid acc: 0.3001 valid loss: 1.6086
Epoch 38: train acc: 0.4547 train loss: 1.4707 valid acc: 0.2785 valid loss: 1.6201
Epoch 39: train acc: 0.4431 train loss: 1.4654 valid acc: 0.2659 valid loss: 1.6179
Epoch 40: train acc: 0.4405 train loss: 1.4535 valid acc: 0.2923 valid loss: 1.6058
Epoch 41: train acc: 0.4566 train loss: 1.4499 valid acc: 0.2793 valid loss: 1.6051
Epoch 42: train acc: 0.4184 train loss: 1.4560 valid acc: 0.2824 valid loss: 1.6156
Epoch 43: train acc: 0.4444 train loss: 1.4473 valid acc: 0.2917 valid loss: 1.6165
Epoch 44: train acc: 0.4267 train loss: 1.4510 valid acc: 0.2761 valid loss: 1.6156
Epoch 45: train acc: 0.4327 train loss: 1.4405 valid acc: 0.2773 valid loss: 1.6122
Epoch 46: train acc: 0.4649 train loss: 1.4459 valid acc: 0.2785 valid loss: 1.6142
Epoch 47: train acc: 0.4417 train loss: 1.4587 valid acc: 0.2667 valid loss: 1.6072
Epoch 48: train acc: 0.4487 train loss: 1.4654 valid acc: 0.2883 valid loss: 1.6169
Epoch 49: train acc: 0.4544 train loss: 1.4399 valid acc: 0.2815 valid loss: 1.6080
Run 03: test acc: 0.2538 test loss: 1.6253
Epoch 00: train acc: 0.2137 train loss: 1.7039 valid acc: 0.1881 valid loss: 1.6723
Epoch 01: train acc: 0.2433 train loss: 1.6702 valid acc: 0.2046 valid loss: 1.6567
Epoch 02: train acc: 0.2181 train loss: 1.6664 valid acc: 0.2508 valid loss: 1.6668
Epoch 03: train acc: 0.2176 train loss: 1.6434 valid acc: 0.2628 valid loss: 1.6389
Epoch 04: train acc: 0.2827 train loss: 1.6275 valid acc: 0.2358 valid loss: 1.6444
Epoch 05: train acc: 0.2778 train loss: 1.6284 valid acc: 0.2370 valid loss: 1.6694
Epoch 06: train acc: 0.3149 train loss: 1.5998 valid acc: 0.2436 valid loss: 1.6555
Epoch 07: train acc: 0.2770 train loss: 1.5973 valid acc: 0.2331 valid loss: 1.6552
Epoch 08: train acc: 0.3041 train loss: 1.6098 valid acc: 0.2659 valid loss: 1.6407
Epoch 09: train acc: 0.3383 train loss: 1.5720 valid acc: 0.3007 valid loss: 1.6499
Epoch 10: train acc: 0.3201 train loss: 1.5736 valid acc: 0.2851 valid loss: 1.6374
Epoch 11: train acc: 0.3475 train loss: 1.5526 valid acc: 0.2467 valid loss: 1.6315
Epoch 12: train acc: 0.3626 train loss: 1.5531 valid acc: 0.2797 valid loss: 1.6335
Epoch 13: train acc: 0.3572 train loss: 1.5469 valid acc: 0.2698 valid loss: 1.6457
Epoch 14: train acc: 0.3359 train loss: 1.5600 valid acc: 0.1998 valid loss: 1.6409
Epoch 15: train acc: 0.4044 train loss: 1.5220 valid acc: 0.2944 valid loss: 1.6471
Epoch 16: train acc: 0.3894 train loss: 1.5066 valid acc: 0.2737 valid loss: 1.6208
Epoch 17: train acc: 0.3676 train loss: 1.5246 valid acc: 0.2205 valid loss: 1.6452
Epoch 18: train acc: 0.3549 train loss: 1.5199 valid acc: 0.2941 valid loss: 1.6209
Epoch 19: train acc: 0.4127 train loss: 1.4992 valid acc: 0.2589 valid loss: 1.6406
Epoch 20: train acc: 0.3928 train loss: 1.5011 valid acc: 0.2674 valid loss: 1.6300
Epoch 21: train acc: 0.3702 train loss: 1.4964 valid acc: 0.2871 valid loss: 1.6061
Epoch 22: train acc: 0.4202 train loss: 1.4906 valid acc: 0.2616 valid loss: 1.6267
Epoch 23: train acc: 0.4101 train loss: 1.4961 valid acc: 0.3121 valid loss: 1.6127
Epoch 24: train acc: 0.4210 train loss: 1.4818 valid acc: 0.3028 valid loss: 1.6103
Epoch 25: train acc: 0.4160 train loss: 1.4903 valid acc: 0.2613 valid loss: 1.6262
Epoch 26: train acc: 0.4083 train loss: 1.4811 valid acc: 0.2730 valid loss: 1.6147
Epoch 27: train acc: 0.3956 train loss: 1.4835 valid acc: 0.2977 valid loss: 1.6337
Epoch 28: train acc: 0.4309 train loss: 1.4675 valid acc: 0.2217 valid loss: 1.6399
Epoch 29: train acc: 0.4314 train loss: 1.4629 valid acc: 0.2878 valid loss: 1.6232
Epoch 30: train acc: 0.4426 train loss: 1.4477 valid acc: 0.2824 valid loss: 1.6154
Epoch 31: train acc: 0.4509 train loss: 1.4525 valid acc: 0.3022 valid loss: 1.6181
Epoch 32: train acc: 0.4361 train loss: 1.4533 valid acc: 0.2800 valid loss: 1.6148
Epoch 33: train acc: 0.4402 train loss: 1.4441 valid acc: 0.2535 valid loss: 1.6137
Epoch 34: train acc: 0.4425 train loss: 1.4581 valid acc: 0.3055 valid loss: 1.6123
Epoch 35: train acc: 0.4714 train loss: 1.4269 valid acc: 0.2860 valid loss: 1.6178
Epoch 36: train acc: 0.4430 train loss: 1.4378 valid acc: 0.3073 valid loss: 1.6208
Epoch 37: train acc: 0.4784 train loss: 1.4228 valid acc: 0.2860 valid loss: 1.6125
Epoch 38: train acc: 0.4430 train loss: 1.4327 valid acc: 0.2773 valid loss: 1.6192
Epoch 39: train acc: 0.4558 train loss: 1.4219 valid acc: 0.2803 valid loss: 1.6181
Epoch 40: train acc: 0.4818 train loss: 1.4193 valid acc: 0.2722 valid loss: 1.6164
Epoch 41: train acc: 0.4757 train loss: 1.4326 valid acc: 0.2773 valid loss: 1.6217
Epoch 42: train acc: 0.4640 train loss: 1.4187 valid acc: 0.2809 valid loss: 1.6132
Epoch 43: train acc: 0.4483 train loss: 1.4204 valid acc: 0.2722 valid loss: 1.6173
Epoch 44: train acc: 0.4932 train loss: 1.4040 valid acc: 0.2989 valid loss: 1.6061
Epoch 45: train acc: 0.4459 train loss: 1.4370 valid acc: 0.2698 valid loss: 1.6166
Epoch 46: train acc: 0.4701 train loss: 1.4065 valid acc: 0.2875 valid loss: 1.6320
Epoch 47: train acc: 0.4666 train loss: 1.4027 valid acc: 0.2788 valid loss: 1.6167
Epoch 48: train acc: 0.4752 train loss: 1.4064 valid acc: 0.2550 valid loss: 1.6172
Epoch 49: train acc: 0.4843 train loss: 1.4023 valid acc: 0.2764 valid loss: 1.6201
Run 04: test acc: 0.2266 test loss: 1.6383
Epoch 00: train acc: 0.2277 train loss: 1.7051 valid acc: 0.1952 valid loss: 1.6786
Epoch 01: train acc: 0.2384 train loss: 1.6654 valid acc: 0.2340 valid loss: 1.6613
Epoch 02: train acc: 0.2327 train loss: 1.6617 valid acc: 0.2190 valid loss: 1.6657
Epoch 03: train acc: 0.2684 train loss: 1.6309 valid acc: 0.2421 valid loss: 1.6587
Epoch 04: train acc: 0.3089 train loss: 1.6205 valid acc: 0.2683 valid loss: 1.6515
Epoch 05: train acc: 0.3032 train loss: 1.6074 valid acc: 0.2304 valid loss: 1.6612
Epoch 06: train acc: 0.2784 train loss: 1.6027 valid acc: 0.2613 valid loss: 1.6530
Epoch 07: train acc: 0.2906 train loss: 1.5926 valid acc: 0.2992 valid loss: 1.6323
Epoch 08: train acc: 0.3037 train loss: 1.5822 valid acc: 0.2124 valid loss: 1.6794
Epoch 09: train acc: 0.3336 train loss: 1.5764 valid acc: 0.2773 valid loss: 1.6445
Epoch 10: train acc: 0.3445 train loss: 1.5640 valid acc: 0.2664 valid loss: 1.6231
Epoch 11: train acc: 0.3167 train loss: 1.5589 valid acc: 0.2616 valid loss: 1.6434
Epoch 12: train acc: 0.3707 train loss: 1.5447 valid acc: 0.2683 valid loss: 1.6389
Epoch 13: train acc: 0.3577 train loss: 1.5403 valid acc: 0.2160 valid loss: 1.6508
Epoch 14: train acc: 0.3222 train loss: 1.5707 valid acc: 0.2647 valid loss: 1.6368
Epoch 15: train acc: 0.3605 train loss: 1.5206 valid acc: 0.2926 valid loss: 1.6235
Epoch 16: train acc: 0.3450 train loss: 1.5324 valid acc: 0.2815 valid loss: 1.6277
Epoch 17: train acc: 0.4304 train loss: 1.5007 valid acc: 0.2628 valid loss: 1.6248
Epoch 18: train acc: 0.4010 train loss: 1.5124 valid acc: 0.2914 valid loss: 1.6248
Epoch 19: train acc: 0.4241 train loss: 1.4971 valid acc: 0.2769 valid loss: 1.6228
Epoch 20: train acc: 0.3884 train loss: 1.4895 valid acc: 0.2589 valid loss: 1.6269
Epoch 21: train acc: 0.3836 train loss: 1.4950 valid acc: 0.2911 valid loss: 1.6094
Epoch 22: train acc: 0.3948 train loss: 1.4837 valid acc: 0.2190 valid loss: 1.6381
Epoch 23: train acc: 0.3997 train loss: 1.4841 valid acc: 0.2992 valid loss: 1.6141
Epoch 24: train acc: 0.4101 train loss: 1.4847 valid acc: 0.2805 valid loss: 1.6180
Epoch 25: train acc: 0.3948 train loss: 1.4800 valid acc: 0.2887 valid loss: 1.6245
Epoch 26: train acc: 0.4278 train loss: 1.4703 valid acc: 0.2824 valid loss: 1.6113
Epoch 27: train acc: 0.4317 train loss: 1.4699 valid acc: 0.2475 valid loss: 1.6271
Epoch 28: train acc: 0.4278 train loss: 1.4574 valid acc: 0.2965 valid loss: 1.6166
Epoch 29: train acc: 0.4028 train loss: 1.4590 valid acc: 0.2773 valid loss: 1.6174
Epoch 30: train acc: 0.4200 train loss: 1.4594 valid acc: 0.2839 valid loss: 1.6122
Epoch 31: train acc: 0.4235 train loss: 1.4621 valid acc: 0.2875 valid loss: 1.6248
Epoch 32: train acc: 0.4319 train loss: 1.4739 valid acc: 0.2854 valid loss: 1.6112
Epoch 33: train acc: 0.4428 train loss: 1.4420 valid acc: 0.2824 valid loss: 1.6084
Epoch 34: train acc: 0.4544 train loss: 1.4570 valid acc: 0.2797 valid loss: 1.6171
Epoch 35: train acc: 0.4478 train loss: 1.4481 valid acc: 0.2902 valid loss: 1.6042
Epoch 36: train acc: 0.4535 train loss: 1.4333 valid acc: 0.2815 valid loss: 1.6120
Epoch 37: train acc: 0.4426 train loss: 1.4504 valid acc: 0.2679 valid loss: 1.6086
Epoch 38: train acc: 0.4522 train loss: 1.4344 valid acc: 0.2923 valid loss: 1.6017
Epoch 39: train acc: 0.4613 train loss: 1.4294 valid acc: 0.2761 valid loss: 1.6178
Epoch 40: train acc: 0.4885 train loss: 1.4101 valid acc: 0.2902 valid loss: 1.6177
Epoch 41: train acc: 0.4472 train loss: 1.4367 valid acc: 0.2965 valid loss: 1.6028
Epoch 42: train acc: 0.4539 train loss: 1.4313 valid acc: 0.2806 valid loss: 1.6178
Epoch 43: train acc: 0.4622 train loss: 1.4196 valid acc: 0.2890 valid loss: 1.6052
Epoch 44: train acc: 0.4848 train loss: 1.4191 valid acc: 0.2923 valid loss: 1.6068
Epoch 45: train acc: 0.4773 train loss: 1.4285 valid acc: 0.2671 valid loss: 1.6161
Epoch 46: train acc: 0.4695 train loss: 1.4161 valid acc: 0.2917 valid loss: 1.6157
Epoch 47: train acc: 0.4539 train loss: 1.4165 valid acc: 0.2905 valid loss: 1.6131
Epoch 48: train acc: 0.4508 train loss: 1.4267 valid acc: 0.3136 valid loss: 1.6046
Epoch 49: train acc: 0.4622 train loss: 1.4107 valid acc: 0.2989 valid loss: 1.6256
Run 05: test acc: 0.2814 test loss: 1.6215
Epoch 00: train acc: 0.2024 train loss: 1.7264 valid acc: 0.2538 valid loss: 1.6796
Epoch 01: train acc: 0.2420 train loss: 1.6558 valid acc: 0.2376 valid loss: 1.6476
Epoch 02: train acc: 0.2832 train loss: 1.6325 valid acc: 0.2280 valid loss: 1.6568
Epoch 03: train acc: 0.3014 train loss: 1.6275 valid acc: 0.2557 valid loss: 1.6398
Epoch 04: train acc: 0.2762 train loss: 1.6280 valid acc: 0.2902 valid loss: 1.6495
Epoch 05: train acc: 0.3385 train loss: 1.5901 valid acc: 0.2472 valid loss: 1.6584
Epoch 06: train acc: 0.3289 train loss: 1.5861 valid acc: 0.2893 valid loss: 1.6533
Epoch 07: train acc: 0.3157 train loss: 1.5947 valid acc: 0.2433 valid loss: 1.6571
Epoch 08: train acc: 0.3250 train loss: 1.5703 valid acc: 0.2671 valid loss: 1.6396
Epoch 09: train acc: 0.3344 train loss: 1.5605 valid acc: 0.2773 valid loss: 1.6246
Epoch 10: train acc: 0.3011 train loss: 1.5872 valid acc: 0.2911 valid loss: 1.6487
Epoch 11: train acc: 0.3455 train loss: 1.5607 valid acc: 0.2601 valid loss: 1.6499
Epoch 12: train acc: 0.3011 train loss: 1.5735 valid acc: 0.2199 valid loss: 1.6714
Epoch 13: train acc: 0.3427 train loss: 1.5328 valid acc: 0.2601 valid loss: 1.6569
Epoch 14: train acc: 0.3448 train loss: 1.5388 valid acc: 0.2487 valid loss: 1.6492
Epoch 15: train acc: 0.3575 train loss: 1.5314 valid acc: 0.2683 valid loss: 1.6281
Epoch 16: train acc: 0.3678 train loss: 1.5267 valid acc: 0.3028 valid loss: 1.6185
Epoch 17: train acc: 0.3696 train loss: 1.5169 valid acc: 0.2439 valid loss: 1.6451
Epoch 18: train acc: 0.3525 train loss: 1.5312 valid acc: 0.2643 valid loss: 1.6237
Epoch 19: train acc: 0.4075 train loss: 1.4852 valid acc: 0.2992 valid loss: 1.6141
Epoch 20: train acc: 0.4210 train loss: 1.4851 valid acc: 0.2761 valid loss: 1.6083
Epoch 21: train acc: 0.3813 train loss: 1.4940 valid acc: 0.2934 valid loss: 1.6289
Epoch 22: train acc: 0.4004 train loss: 1.4856 valid acc: 0.2187 valid loss: 1.6395
Epoch 23: train acc: 0.4028 train loss: 1.4695 valid acc: 0.3043 valid loss: 1.6186
Epoch 24: train acc: 0.4065 train loss: 1.4771 valid acc: 0.3196 valid loss: 1.6085
Epoch 25: train acc: 0.4366 train loss: 1.4423 valid acc: 0.2427 valid loss: 1.6423
Epoch 26: train acc: 0.4285 train loss: 1.4504 valid acc: 0.3220 valid loss: 1.6083
Epoch 27: train acc: 0.4361 train loss: 1.4458 valid acc: 0.2983 valid loss: 1.6132
Epoch 28: train acc: 0.4361 train loss: 1.4409 valid acc: 0.2878 valid loss: 1.6208
Epoch 29: train acc: 0.4295 train loss: 1.4653 valid acc: 0.2769 valid loss: 1.6274
Epoch 30: train acc: 0.4485 train loss: 1.4224 valid acc: 0.3211 valid loss: 1.6142
Epoch 31: train acc: 0.4231 train loss: 1.4418 valid acc: 0.2722 valid loss: 1.6397
Epoch 32: train acc: 0.4322 train loss: 1.4221 valid acc: 0.2385 valid loss: 1.6558
Epoch 33: train acc: 0.4290 train loss: 1.4310 valid acc: 0.3010 valid loss: 1.6104
Epoch 34: train acc: 0.4327 train loss: 1.4038 valid acc: 0.3148 valid loss: 1.6123
Epoch 35: train acc: 0.4675 train loss: 1.4008 valid acc: 0.3157 valid loss: 1.6103
Epoch 36: train acc: 0.4682 train loss: 1.4056 valid acc: 0.2604 valid loss: 1.6171
Epoch 37: train acc: 0.4705 train loss: 1.3960 valid acc: 0.3100 valid loss: 1.6235
Epoch 38: train acc: 0.4714 train loss: 1.4003 valid acc: 0.2929 valid loss: 1.6087
Epoch 39: train acc: 0.4783 train loss: 1.3924 valid acc: 0.2820 valid loss: 1.6174
Epoch 40: train acc: 0.4766 train loss: 1.3777 valid acc: 0.2944 valid loss: 1.6105
Epoch 41: train acc: 0.4822 train loss: 1.3755 valid acc: 0.2686 valid loss: 1.6122
Epoch 42: train acc: 0.4880 train loss: 1.3748 valid acc: 0.2887 valid loss: 1.6020
Epoch 43: train acc: 0.4548 train loss: 1.3867 valid acc: 0.2463 valid loss: 1.6141
Epoch 44: train acc: 0.4778 train loss: 1.3699 valid acc: 0.3118 valid loss: 1.6090
Epoch 45: train acc: 0.4936 train loss: 1.3661 valid acc: 0.2781 valid loss: 1.6078
Epoch 46: train acc: 0.4939 train loss: 1.3584 valid acc: 0.3163 valid loss: 1.6007
Epoch 47: train acc: 0.4716 train loss: 1.3763 valid acc: 0.2514 valid loss: 1.6208
Epoch 48: train acc: 0.5049 train loss: 1.3485 valid acc: 0.2878 valid loss: 1.6069
Epoch 49: train acc: 0.5048 train loss: 1.3564 valid acc: 0.2887 valid loss: 1.6121
Run 06: test acc: 0.2810 test loss: 1.6104
Epoch 00: train acc: 0.2215 train loss: 1.7021 valid acc: 0.2409 valid loss: 1.6604
Epoch 01: train acc: 0.2511 train loss: 1.6568 valid acc: 0.1995 valid loss: 1.6842
Epoch 02: train acc: 0.2571 train loss: 1.6388 valid acc: 0.2112 valid loss: 1.6773
Epoch 03: train acc: 0.2841 train loss: 1.6239 valid acc: 0.2589 valid loss: 1.6581
Epoch 04: train acc: 0.2859 train loss: 1.6080 valid acc: 0.2659 valid loss: 1.6646
Epoch 05: train acc: 0.3115 train loss: 1.6052 valid acc: 0.2112 valid loss: 1.6603
Epoch 06: train acc: 0.2963 train loss: 1.5896 valid acc: 0.2499 valid loss: 1.6494
Epoch 07: train acc: 0.3212 train loss: 1.5758 valid acc: 0.2754 valid loss: 1.6555
Epoch 08: train acc: 0.3281 train loss: 1.5896 valid acc: 0.2902 valid loss: 1.6403
Epoch 09: train acc: 0.3357 train loss: 1.5729 valid acc: 0.2217 valid loss: 1.6708
Epoch 10: train acc: 0.3085 train loss: 1.5694 valid acc: 0.2914 valid loss: 1.6348
Epoch 11: train acc: 0.3514 train loss: 1.5548 valid acc: 0.2907 valid loss: 1.6352
Epoch 12: train acc: 0.3253 train loss: 1.5480 valid acc: 0.2385 valid loss: 1.6469
Epoch 13: train acc: 0.3261 train loss: 1.5535 valid acc: 0.2163 valid loss: 1.6466
Epoch 14: train acc: 0.3359 train loss: 1.5272 valid acc: 0.2899 valid loss: 1.6378
Epoch 15: train acc: 0.3839 train loss: 1.5306 valid acc: 0.2202 valid loss: 1.6499
Epoch 16: train acc: 0.3567 train loss: 1.5204 valid acc: 0.2725 valid loss: 1.6429
Epoch 17: train acc: 0.3595 train loss: 1.5183 valid acc: 0.2878 valid loss: 1.6256
Epoch 18: train acc: 0.3941 train loss: 1.5046 valid acc: 0.2586 valid loss: 1.6353
Epoch 19: train acc: 0.3868 train loss: 1.5016 valid acc: 0.2980 valid loss: 1.6182
Epoch 20: train acc: 0.4101 train loss: 1.4924 valid acc: 0.2523 valid loss: 1.6342
Epoch 21: train acc: 0.4028 train loss: 1.4820 valid acc: 0.2785 valid loss: 1.6271
Epoch 22: train acc: 0.4028 train loss: 1.5000 valid acc: 0.2764 valid loss: 1.6247
Epoch 23: train acc: 0.3940 train loss: 1.4906 valid acc: 0.2433 valid loss: 1.6276
Epoch 24: train acc: 0.3792 train loss: 1.4928 valid acc: 0.2809 valid loss: 1.6283
Epoch 25: train acc: 0.3909 train loss: 1.4790 valid acc: 0.2475 valid loss: 1.6372
Epoch 26: train acc: 0.4123 train loss: 1.4757 valid acc: 0.2659 valid loss: 1.6205
Epoch 27: train acc: 0.4280 train loss: 1.4834 valid acc: 0.3079 valid loss: 1.6170
Epoch 28: train acc: 0.4241 train loss: 1.4677 valid acc: 0.2695 valid loss: 1.6180
Epoch 29: train acc: 0.3756 train loss: 1.4590 valid acc: 0.2827 valid loss: 1.6285
Epoch 30: train acc: 0.4165 train loss: 1.4729 valid acc: 0.2827 valid loss: 1.6216
Epoch 31: train acc: 0.4343 train loss: 1.4554 valid acc: 0.2667 valid loss: 1.6265
Epoch 32: train acc: 0.3956 train loss: 1.4539 valid acc: 0.2229 valid loss: 1.6465
Epoch 33: train acc: 0.4130 train loss: 1.4453 valid acc: 0.2746 valid loss: 1.6118
Epoch 34: train acc: 0.4496 train loss: 1.4297 valid acc: 0.3097 valid loss: 1.6149
Epoch 35: train acc: 0.4052 train loss: 1.4424 valid acc: 0.2448 valid loss: 1.6287
Epoch 36: train acc: 0.4627 train loss: 1.4206 valid acc: 0.2953 valid loss: 1.6136
Epoch 37: train acc: 0.4418 train loss: 1.4208 valid acc: 0.2604 valid loss: 1.6286
Epoch 38: train acc: 0.4496 train loss: 1.4101 valid acc: 0.2565 valid loss: 1.6149
Epoch 39: train acc: 0.4709 train loss: 1.4053 valid acc: 0.2706 valid loss: 1.6170
Epoch 40: train acc: 0.4905 train loss: 1.4041 valid acc: 0.2839 valid loss: 1.6269
Epoch 41: train acc: 0.4666 train loss: 1.4135 valid acc: 0.2695 valid loss: 1.6204
Epoch 42: train acc: 0.4721 train loss: 1.4095 valid acc: 0.2851 valid loss: 1.6142
Epoch 43: train acc: 0.4664 train loss: 1.4140 valid acc: 0.2875 valid loss: 1.6162
Epoch 44: train acc: 0.4788 train loss: 1.3918 valid acc: 0.2878 valid loss: 1.6185
Epoch 45: train acc: 0.4840 train loss: 1.3877 valid acc: 0.2604 valid loss: 1.6198
Epoch 46: train acc: 0.4801 train loss: 1.3955 valid acc: 0.2710 valid loss: 1.6230
Epoch 47: train acc: 0.4682 train loss: 1.3830 valid acc: 0.2713 valid loss: 1.6239
Epoch 48: train acc: 0.4979 train loss: 1.3729 valid acc: 0.2604 valid loss: 1.6238
Epoch 49: train acc: 0.4830 train loss: 1.3828 valid acc: 0.2836 valid loss: 1.6161
Run 07: test acc: 0.2851 test loss: 1.6153
Epoch 00: train acc: 0.2348 train loss: 1.6817 valid acc: 0.2322 valid loss: 1.6836
Epoch 01: train acc: 0.2397 train loss: 1.6713 valid acc: 0.2541 valid loss: 1.6522
Epoch 02: train acc: 0.2801 train loss: 1.6443 valid acc: 0.2514 valid loss: 1.6613
Epoch 03: train acc: 0.2741 train loss: 1.6278 valid acc: 0.2781 valid loss: 1.6776
Epoch 04: train acc: 0.3165 train loss: 1.6075 valid acc: 0.2671 valid loss: 1.6382
Epoch 05: train acc: 0.2781 train loss: 1.6036 valid acc: 0.2550 valid loss: 1.6334
Epoch 06: train acc: 0.3111 train loss: 1.5932 valid acc: 0.2151 valid loss: 1.6710
Epoch 07: train acc: 0.3283 train loss: 1.6080 valid acc: 0.2445 valid loss: 1.6598
Epoch 08: train acc: 0.3489 train loss: 1.5736 valid acc: 0.2475 valid loss: 1.6552
Epoch 09: train acc: 0.3362 train loss: 1.5731 valid acc: 0.3004 valid loss: 1.6372
Epoch 10: train acc: 0.3777 train loss: 1.5408 valid acc: 0.2070 valid loss: 1.6832
Epoch 11: train acc: 0.3133 train loss: 1.5964 valid acc: 0.2679 valid loss: 1.6386
Epoch 12: train acc: 0.3368 train loss: 1.5495 valid acc: 0.3136 valid loss: 1.6271
Epoch 13: train acc: 0.3650 train loss: 1.5310 valid acc: 0.3166 valid loss: 1.6313
Epoch 14: train acc: 0.3758 train loss: 1.5347 valid acc: 0.2871 valid loss: 1.6344
Epoch 15: train acc: 0.3541 train loss: 1.5306 valid acc: 0.2569 valid loss: 1.6507
Epoch 16: train acc: 0.3897 train loss: 1.5284 valid acc: 0.2448 valid loss: 1.6462
Epoch 17: train acc: 0.4000 train loss: 1.5247 valid acc: 0.2887 valid loss: 1.6473
Epoch 18: train acc: 0.3862 train loss: 1.5276 valid acc: 0.2941 valid loss: 1.6267
Epoch 19: train acc: 0.4145 train loss: 1.4946 valid acc: 0.2589 valid loss: 1.6477
Epoch 20: train acc: 0.3400 train loss: 1.5123 valid acc: 0.2691 valid loss: 1.6322
Epoch 21: train acc: 0.3787 train loss: 1.4936 valid acc: 0.2781 valid loss: 1.6319
Epoch 22: train acc: 0.3748 train loss: 1.4914 valid acc: 0.2812 valid loss: 1.6291
Epoch 23: train acc: 0.4511 train loss: 1.4641 valid acc: 0.2643 valid loss: 1.6245
Epoch 24: train acc: 0.4045 train loss: 1.4685 valid acc: 0.2671 valid loss: 1.6258
Epoch 25: train acc: 0.4301 train loss: 1.4808 valid acc: 0.2844 valid loss: 1.6184
Epoch 26: train acc: 0.4174 train loss: 1.4703 valid acc: 0.2941 valid loss: 1.6254
Epoch 27: train acc: 0.4095 train loss: 1.4731 valid acc: 0.2848 valid loss: 1.6179
Epoch 28: train acc: 0.4452 train loss: 1.4520 valid acc: 0.3016 valid loss: 1.6077
Epoch 29: train acc: 0.4067 train loss: 1.4612 valid acc: 0.2346 valid loss: 1.6469
Epoch 30: train acc: 0.4566 train loss: 1.4431 valid acc: 0.2977 valid loss: 1.6149
Epoch 31: train acc: 0.4443 train loss: 1.4470 valid acc: 0.2757 valid loss: 1.6243
Epoch 32: train acc: 0.4748 train loss: 1.4325 valid acc: 0.2887 valid loss: 1.6252
Epoch 33: train acc: 0.4311 train loss: 1.4435 valid acc: 0.2659 valid loss: 1.6300
Epoch 34: train acc: 0.4482 train loss: 1.4291 valid acc: 0.2632 valid loss: 1.6312
Epoch 35: train acc: 0.4532 train loss: 1.4286 valid acc: 0.2776 valid loss: 1.6180
Epoch 36: train acc: 0.4358 train loss: 1.4224 valid acc: 0.2604 valid loss: 1.6320
Epoch 37: train acc: 0.4571 train loss: 1.4089 valid acc: 0.2899 valid loss: 1.6133
Epoch 38: train acc: 0.4352 train loss: 1.4146 valid acc: 0.2914 valid loss: 1.6180
Epoch 39: train acc: 0.4848 train loss: 1.4240 valid acc: 0.2848 valid loss: 1.6179
Epoch 40: train acc: 0.4949 train loss: 1.4098 valid acc: 0.2866 valid loss: 1.6244
Epoch 41: train acc: 0.4400 train loss: 1.4193 valid acc: 0.2718 valid loss: 1.6164
Epoch 42: train acc: 0.5127 train loss: 1.3892 valid acc: 0.3031 valid loss: 1.6184
Epoch 43: train acc: 0.4625 train loss: 1.4054 valid acc: 0.2599 valid loss: 1.6384
Epoch 44: train acc: 0.4742 train loss: 1.4049 valid acc: 0.2769 valid loss: 1.6114
Epoch 45: train acc: 0.4957 train loss: 1.3893 valid acc: 0.2883 valid loss: 1.6177
Epoch 46: train acc: 0.4879 train loss: 1.3904 valid acc: 0.2902 valid loss: 1.6193
Epoch 47: train acc: 0.5045 train loss: 1.3793 valid acc: 0.2683 valid loss: 1.6200
Epoch 48: train acc: 0.5036 train loss: 1.3791 valid acc: 0.2989 valid loss: 1.6148
Epoch 49: train acc: 0.5060 train loss: 1.3810 valid acc: 0.2827 valid loss: 1.6210
Run 08: test acc: 0.2513 test loss: 1.6346
Epoch 00: train acc: 0.2346 train loss: 1.6984 valid acc: 0.1881 valid loss: 1.7161
Epoch 01: train acc: 0.2290 train loss: 1.6977 valid acc: 0.2238 valid loss: 1.6610
Epoch 02: train acc: 0.2662 train loss: 1.6383 valid acc: 0.2241 valid loss: 1.6586
Epoch 03: train acc: 0.2823 train loss: 1.6252 valid acc: 0.2809 valid loss: 1.6511
Epoch 04: train acc: 0.2848 train loss: 1.6294 valid acc: 0.2277 valid loss: 1.6609
Epoch 05: train acc: 0.2915 train loss: 1.6045 valid acc: 0.2616 valid loss: 1.6572
Epoch 06: train acc: 0.3233 train loss: 1.5887 valid acc: 0.2475 valid loss: 1.6464
Epoch 07: train acc: 0.3472 train loss: 1.5746 valid acc: 0.2569 valid loss: 1.6514
Epoch 08: train acc: 0.3266 train loss: 1.5784 valid acc: 0.2628 valid loss: 1.6395
Epoch 09: train acc: 0.3653 train loss: 1.5661 valid acc: 0.2871 valid loss: 1.6365
Epoch 10: train acc: 0.3505 train loss: 1.5664 valid acc: 0.2601 valid loss: 1.6384
Epoch 11: train acc: 0.3912 train loss: 1.5456 valid acc: 0.2659 valid loss: 1.6581
Epoch 12: train acc: 0.3071 train loss: 1.5746 valid acc: 0.2625 valid loss: 1.6577
Epoch 13: train acc: 0.3433 train loss: 1.5484 valid acc: 0.2932 valid loss: 1.6365
Epoch 14: train acc: 0.3857 train loss: 1.5450 valid acc: 0.2331 valid loss: 1.6466
Epoch 15: train acc: 0.3975 train loss: 1.5311 valid acc: 0.2463 valid loss: 1.6487
Epoch 16: train acc: 0.3605 train loss: 1.5397 valid acc: 0.2034 valid loss: 1.6492
Epoch 17: train acc: 0.3683 train loss: 1.5267 valid acc: 0.2911 valid loss: 1.6320
Epoch 18: train acc: 0.3839 train loss: 1.5300 valid acc: 0.2214 valid loss: 1.6342
Epoch 19: train acc: 0.3707 train loss: 1.5038 valid acc: 0.2613 valid loss: 1.6299
Epoch 20: train acc: 0.4197 train loss: 1.4976 valid acc: 0.2839 valid loss: 1.6229
Epoch 21: train acc: 0.4034 train loss: 1.4979 valid acc: 0.2773 valid loss: 1.6348
Epoch 22: train acc: 0.4208 train loss: 1.4876 valid acc: 0.2616 valid loss: 1.6196
Epoch 23: train acc: 0.3935 train loss: 1.5092 valid acc: 0.2691 valid loss: 1.6222
Epoch 24: train acc: 0.3987 train loss: 1.5009 valid acc: 0.2791 valid loss: 1.6270
Epoch 25: train acc: 0.4141 train loss: 1.4747 valid acc: 0.2502 valid loss: 1.6321
Epoch 26: train acc: 0.4075 train loss: 1.4821 valid acc: 0.2565 valid loss: 1.6255
Epoch 27: train acc: 0.3945 train loss: 1.4648 valid acc: 0.2878 valid loss: 1.6185
Epoch 28: train acc: 0.4363 train loss: 1.4499 valid acc: 0.3043 valid loss: 1.6321
Epoch 29: train acc: 0.4174 train loss: 1.4648 valid acc: 0.2773 valid loss: 1.6184
Epoch 30: train acc: 0.4152 train loss: 1.4601 valid acc: 0.3031 valid loss: 1.6182
Epoch 31: train acc: 0.4485 train loss: 1.4527 valid acc: 0.2851 valid loss: 1.6166
Epoch 32: train acc: 0.4296 train loss: 1.4589 valid acc: 0.3016 valid loss: 1.6193
Epoch 33: train acc: 0.4332 train loss: 1.4457 valid acc: 0.2934 valid loss: 1.6092
Epoch 34: train acc: 0.4350 train loss: 1.4400 valid acc: 0.2785 valid loss: 1.6338
Epoch 35: train acc: 0.4340 train loss: 1.4455 valid acc: 0.3067 valid loss: 1.6136
Epoch 36: train acc: 0.4461 train loss: 1.4417 valid acc: 0.2809 valid loss: 1.6157
Epoch 37: train acc: 0.4548 train loss: 1.4286 valid acc: 0.3253 valid loss: 1.6278
Epoch 38: train acc: 0.4399 train loss: 1.4261 valid acc: 0.2902 valid loss: 1.6163
Epoch 39: train acc: 0.4326 train loss: 1.4296 valid acc: 0.3034 valid loss: 1.6187
Epoch 40: train acc: 0.4726 train loss: 1.4158 valid acc: 0.3004 valid loss: 1.6137
Epoch 41: train acc: 0.4744 train loss: 1.4137 valid acc: 0.2773 valid loss: 1.6190
Epoch 42: train acc: 0.4248 train loss: 1.4149 valid acc: 0.2695 valid loss: 1.6166
Epoch 43: train acc: 0.4630 train loss: 1.4107 valid acc: 0.3007 valid loss: 1.6092
Epoch 44: train acc: 0.4508 train loss: 1.4090 valid acc: 0.3040 valid loss: 1.6064
Epoch 45: train acc: 0.4558 train loss: 1.4129 valid acc: 0.2713 valid loss: 1.6126
Epoch 46: train acc: 0.4688 train loss: 1.4040 valid acc: 0.2926 valid loss: 1.6099
Epoch 47: train acc: 0.4443 train loss: 1.4068 valid acc: 0.2674 valid loss: 1.6174
Epoch 48: train acc: 0.4563 train loss: 1.4077 valid acc: 0.3007 valid loss: 1.6128
Epoch 49: train acc: 0.4618 train loss: 1.4163 valid acc: 0.2824 valid loss: 1.6127
Run 09: test acc: 0.2666 test loss: 1.6297
Test acc: 0.2600 (0.0190), loss: 1.6280 (0.0104)
DONE
