Starting script
GCDC Yahoo
Epoch 00: train acc: 0.4414 train loss: 1.0454 valid acc: 0.5703 valid loss: 0.9917
Epoch 01: train acc: 0.4982 train loss: 1.0139 valid acc: 0.5664 valid loss: 1.0123
Epoch 02: train acc: 0.4994 train loss: 1.0076 valid acc: 0.5156 valid loss: 1.0594
Epoch 03: train acc: 0.4998 train loss: 1.0031 valid acc: 0.5469 valid loss: 1.0117
Epoch 04: train acc: 0.5029 train loss: 0.9962 valid acc: 0.6016 valid loss: 0.9758
Epoch 05: train acc: 0.5078 train loss: 0.9898 valid acc: 0.5273 valid loss: 1.0124
Epoch 06: train acc: 0.5092 train loss: 0.9857 valid acc: 0.5781 valid loss: 0.9945
Epoch 07: train acc: 0.5311 train loss: 0.9812 valid acc: 0.5312 valid loss: 1.0942
Epoch 08: train acc: 0.5424 train loss: 0.9736 valid acc: 0.5352 valid loss: 0.9611
Epoch 09: train acc: 0.5396 train loss: 0.9673 valid acc: 0.6094 valid loss: 0.9318
Epoch 10: train acc: 0.5406 train loss: 0.9581 valid acc: 0.4961 valid loss: 1.0054
Epoch 11: train acc: 0.5559 train loss: 0.9622 valid acc: 0.4961 valid loss: 1.0457
Epoch 12: train acc: 0.5475 train loss: 0.9515 valid acc: 0.5859 valid loss: 0.9690
Epoch 13: train acc: 0.5881 train loss: 0.9388 valid acc: 0.5859 valid loss: 0.9518
Epoch 14: train acc: 0.5959 train loss: 0.9351 valid acc: 0.5781 valid loss: 0.9394
Epoch 15: train acc: 0.5799 train loss: 0.9304 valid acc: 0.4727 valid loss: 1.0428
Epoch 16: train acc: 0.6059 train loss: 0.9216 valid acc: 0.5820 valid loss: 0.9443
Epoch 17: train acc: 0.5965 train loss: 0.9153 valid acc: 0.5195 valid loss: 0.9882
Epoch 18: train acc: 0.6115 train loss: 0.9121 valid acc: 0.5586 valid loss: 0.9544
Epoch 19: train acc: 0.6078 train loss: 0.9043 valid acc: 0.5039 valid loss: 0.9968
Epoch 20: train acc: 0.6164 train loss: 0.9012 valid acc: 0.6367 valid loss: 0.8800
Epoch 21: train acc: 0.6053 train loss: 0.8953 valid acc: 0.6133 valid loss: 0.9184
Epoch 22: train acc: 0.6189 train loss: 0.8952 valid acc: 0.5352 valid loss: 0.9905
Epoch 23: train acc: 0.6313 train loss: 0.8879 valid acc: 0.6094 valid loss: 0.9120
Epoch 24: train acc: 0.6250 train loss: 0.8857 valid acc: 0.6133 valid loss: 0.9257
Epoch 25: train acc: 0.6188 train loss: 0.8897 valid acc: 0.5664 valid loss: 0.9433
Epoch 26: train acc: 0.6090 train loss: 0.8805 valid acc: 0.6055 valid loss: 0.9362
Epoch 27: train acc: 0.6287 train loss: 0.8744 valid acc: 0.5547 valid loss: 0.9495
Epoch 28: train acc: 0.6361 train loss: 0.8697 valid acc: 0.5352 valid loss: 0.9931
Epoch 29: train acc: 0.6436 train loss: 0.8694 valid acc: 0.5664 valid loss: 0.9920
Epoch 30: train acc: 0.6223 train loss: 0.8798 valid acc: 0.6172 valid loss: 0.8900
Epoch 31: train acc: 0.6244 train loss: 0.8704 valid acc: 0.5664 valid loss: 0.9636
Epoch 32: train acc: 0.6240 train loss: 0.8657 valid acc: 0.5547 valid loss: 0.9712
Epoch 33: train acc: 0.6377 train loss: 0.8584 valid acc: 0.5547 valid loss: 0.9839
Epoch 34: train acc: 0.6361 train loss: 0.8584 valid acc: 0.5000 valid loss: 1.0585
Epoch 35: train acc: 0.6311 train loss: 0.8560 valid acc: 0.5547 valid loss: 0.9635
Epoch 36: train acc: 0.6373 train loss: 0.8528 valid acc: 0.5820 valid loss: 0.9492
Epoch 37: train acc: 0.6346 train loss: 0.8524 valid acc: 0.5273 valid loss: 1.0129
Epoch 38: train acc: 0.6572 train loss: 0.8469 valid acc: 0.5781 valid loss: 0.9358
Epoch 39: train acc: 0.6471 train loss: 0.8532 valid acc: 0.6211 valid loss: 0.9128
Epoch 40: train acc: 0.6543 train loss: 0.8507 valid acc: 0.6719 valid loss: 0.8499
Epoch 41: train acc: 0.6471 train loss: 0.8493 valid acc: 0.6367 valid loss: 0.8918
Epoch 42: train acc: 0.6490 train loss: 0.8440 valid acc: 0.5859 valid loss: 0.9399
Epoch 43: train acc: 0.6496 train loss: 0.8405 valid acc: 0.5078 valid loss: 1.0575
Epoch 44: train acc: 0.6473 train loss: 0.8422 valid acc: 0.5000 valid loss: 1.0985
Epoch 45: train acc: 0.6467 train loss: 0.8457 valid acc: 0.5898 valid loss: 0.9550
Epoch 46: train acc: 0.6486 train loss: 0.8364 valid acc: 0.4961 valid loss: 1.0765
Epoch 47: train acc: 0.6420 train loss: 0.8413 valid acc: 0.5352 valid loss: 1.0195
Epoch 48: train acc: 0.6516 train loss: 0.8365 valid acc: 0.5781 valid loss: 0.9823
Epoch 49: train acc: 0.6605 train loss: 0.8370 valid acc: 0.5820 valid loss: 0.9295
Run 00: test acc: 0.5367 test loss: 0.9415
Epoch 00: train acc: 0.4723 train loss: 1.0354 valid acc: 0.4570 valid loss: 1.0758
Epoch 01: train acc: 0.5014 train loss: 1.0133 valid acc: 0.5430 valid loss: 0.9846
Epoch 02: train acc: 0.5039 train loss: 1.0010 valid acc: 0.5977 valid loss: 0.9928
Epoch 03: train acc: 0.5188 train loss: 0.9926 valid acc: 0.6094 valid loss: 0.9614
Epoch 04: train acc: 0.5109 train loss: 0.9879 valid acc: 0.6367 valid loss: 0.9603
Epoch 05: train acc: 0.5168 train loss: 0.9777 valid acc: 0.5781 valid loss: 0.9574
Epoch 06: train acc: 0.5381 train loss: 0.9716 valid acc: 0.4570 valid loss: 1.0561
Epoch 07: train acc: 0.5563 train loss: 0.9606 valid acc: 0.5352 valid loss: 0.9979
Epoch 08: train acc: 0.5557 train loss: 0.9569 valid acc: 0.5742 valid loss: 0.9562
Epoch 09: train acc: 0.5693 train loss: 0.9509 valid acc: 0.6094 valid loss: 0.9369
Epoch 10: train acc: 0.5793 train loss: 0.9456 valid acc: 0.4922 valid loss: 1.0274
Epoch 11: train acc: 0.5580 train loss: 0.9401 valid acc: 0.6094 valid loss: 0.9184
Epoch 12: train acc: 0.5955 train loss: 0.9249 valid acc: 0.6680 valid loss: 0.8854
Epoch 13: train acc: 0.5816 train loss: 0.9280 valid acc: 0.5742 valid loss: 0.9319
Epoch 14: train acc: 0.5941 train loss: 0.9266 valid acc: 0.5273 valid loss: 0.9816
Epoch 15: train acc: 0.5922 train loss: 0.9163 valid acc: 0.5156 valid loss: 1.0276
Epoch 16: train acc: 0.5982 train loss: 0.9191 valid acc: 0.5586 valid loss: 0.9941
Epoch 17: train acc: 0.6105 train loss: 0.9037 valid acc: 0.6094 valid loss: 0.9512
Epoch 18: train acc: 0.6047 train loss: 0.9010 valid acc: 0.5469 valid loss: 0.9646
Epoch 19: train acc: 0.6197 train loss: 0.8971 valid acc: 0.5586 valid loss: 1.0099
Epoch 20: train acc: 0.6199 train loss: 0.8916 valid acc: 0.6406 valid loss: 0.8726
Epoch 21: train acc: 0.6193 train loss: 0.8875 valid acc: 0.5820 valid loss: 0.9591
Epoch 22: train acc: 0.6088 train loss: 0.8920 valid acc: 0.5039 valid loss: 1.0817
Epoch 23: train acc: 0.6281 train loss: 0.8812 valid acc: 0.5781 valid loss: 0.9442
Epoch 24: train acc: 0.6334 train loss: 0.8813 valid acc: 0.5781 valid loss: 0.9905
Epoch 25: train acc: 0.6234 train loss: 0.8827 valid acc: 0.5859 valid loss: 0.9324
Epoch 26: train acc: 0.6270 train loss: 0.8786 valid acc: 0.6328 valid loss: 0.8949
Epoch 27: train acc: 0.6299 train loss: 0.8743 valid acc: 0.5312 valid loss: 1.0166
Epoch 28: train acc: 0.6184 train loss: 0.8744 valid acc: 0.6016 valid loss: 0.9305
Epoch 29: train acc: 0.6264 train loss: 0.8741 valid acc: 0.4961 valid loss: 1.0532
Epoch 30: train acc: 0.6486 train loss: 0.8652 valid acc: 0.5820 valid loss: 0.9396
Epoch 31: train acc: 0.6318 train loss: 0.8654 valid acc: 0.5586 valid loss: 0.9899
Epoch 32: train acc: 0.6432 train loss: 0.8613 valid acc: 0.5117 valid loss: 1.0095
Epoch 33: train acc: 0.6287 train loss: 0.8582 valid acc: 0.6016 valid loss: 0.9074
Epoch 34: train acc: 0.6254 train loss: 0.8640 valid acc: 0.5859 valid loss: 0.9622
Epoch 35: train acc: 0.6398 train loss: 0.8567 valid acc: 0.5039 valid loss: 1.0386
Epoch 36: train acc: 0.6389 train loss: 0.8552 valid acc: 0.6094 valid loss: 0.9143
Epoch 37: train acc: 0.6426 train loss: 0.8565 valid acc: 0.5820 valid loss: 0.9379
Epoch 38: train acc: 0.6430 train loss: 0.8578 valid acc: 0.5859 valid loss: 0.9289
Epoch 39: train acc: 0.6455 train loss: 0.8517 valid acc: 0.5547 valid loss: 0.9665
Epoch 40: train acc: 0.6436 train loss: 0.8557 valid acc: 0.5547 valid loss: 0.9790
Epoch 41: train acc: 0.6412 train loss: 0.8519 valid acc: 0.5820 valid loss: 0.9149
Epoch 42: train acc: 0.6482 train loss: 0.8462 valid acc: 0.5508 valid loss: 0.9801
Epoch 43: train acc: 0.6480 train loss: 0.8446 valid acc: 0.5547 valid loss: 0.9574
Epoch 44: train acc: 0.6416 train loss: 0.8463 valid acc: 0.6055 valid loss: 0.9213
Epoch 45: train acc: 0.6453 train loss: 0.8483 valid acc: 0.5586 valid loss: 0.9828
Epoch 46: train acc: 0.6475 train loss: 0.8452 valid acc: 0.5781 valid loss: 0.9328
Epoch 47: train acc: 0.6527 train loss: 0.8458 valid acc: 0.6094 valid loss: 0.9283
Epoch 48: train acc: 0.6486 train loss: 0.8458 valid acc: 0.5312 valid loss: 0.9997
Epoch 49: train acc: 0.6523 train loss: 0.8367 valid acc: 0.5000 valid loss: 1.0904
Run 01: test acc: 0.5551 test loss: 0.9795
Epoch 00: train acc: 0.4777 train loss: 1.0442 valid acc: 0.5430 valid loss: 1.0114
Epoch 01: train acc: 0.4977 train loss: 1.0150 valid acc: 0.5703 valid loss: 0.9700
Epoch 02: train acc: 0.5012 train loss: 1.0056 valid acc: 0.5781 valid loss: 0.9722
Epoch 03: train acc: 0.4955 train loss: 1.0065 valid acc: 0.5391 valid loss: 0.9702
Epoch 04: train acc: 0.5090 train loss: 0.9973 valid acc: 0.5469 valid loss: 1.0053
Epoch 05: train acc: 0.5096 train loss: 0.9840 valid acc: 0.5586 valid loss: 0.9936
Epoch 06: train acc: 0.5207 train loss: 0.9827 valid acc: 0.4727 valid loss: 1.0326
Epoch 07: train acc: 0.5412 train loss: 0.9726 valid acc: 0.4531 valid loss: 1.0364
Epoch 08: train acc: 0.5350 train loss: 0.9663 valid acc: 0.5352 valid loss: 0.9734
Epoch 09: train acc: 0.5527 train loss: 0.9586 valid acc: 0.5547 valid loss: 0.9631
Epoch 10: train acc: 0.5498 train loss: 0.9562 valid acc: 0.4844 valid loss: 1.0346
Epoch 11: train acc: 0.5590 train loss: 0.9627 valid acc: 0.5469 valid loss: 0.9770
Epoch 12: train acc: 0.5645 train loss: 0.9587 valid acc: 0.5547 valid loss: 0.9914
Epoch 13: train acc: 0.5852 train loss: 0.9424 valid acc: 0.5469 valid loss: 0.9971
Epoch 14: train acc: 0.5740 train loss: 0.9368 valid acc: 0.5938 valid loss: 0.9439
Epoch 15: train acc: 0.5701 train loss: 0.9312 valid acc: 0.5469 valid loss: 0.9944
Epoch 16: train acc: 0.5775 train loss: 0.9363 valid acc: 0.5547 valid loss: 0.9846
Epoch 17: train acc: 0.6027 train loss: 0.9178 valid acc: 0.5430 valid loss: 0.9705
Epoch 18: train acc: 0.5996 train loss: 0.9173 valid acc: 0.5078 valid loss: 1.0052
Epoch 19: train acc: 0.5896 train loss: 0.9135 valid acc: 0.5586 valid loss: 0.9988
Epoch 20: train acc: 0.6123 train loss: 0.9066 valid acc: 0.6094 valid loss: 0.8935
Epoch 21: train acc: 0.6230 train loss: 0.9035 valid acc: 0.5234 valid loss: 1.0072
Epoch 22: train acc: 0.5977 train loss: 0.9009 valid acc: 0.5859 valid loss: 0.9318
Epoch 23: train acc: 0.5871 train loss: 0.9115 valid acc: 0.5781 valid loss: 0.9244
Epoch 24: train acc: 0.6094 train loss: 0.9017 valid acc: 0.5469 valid loss: 0.9527
Epoch 25: train acc: 0.6215 train loss: 0.8865 valid acc: 0.6133 valid loss: 0.9482
Epoch 26: train acc: 0.6260 train loss: 0.8815 valid acc: 0.5820 valid loss: 0.9666
Epoch 27: train acc: 0.6348 train loss: 0.8802 valid acc: 0.6133 valid loss: 0.9137
Epoch 28: train acc: 0.6207 train loss: 0.8783 valid acc: 0.5430 valid loss: 1.0069
Epoch 29: train acc: 0.6207 train loss: 0.8764 valid acc: 0.5586 valid loss: 1.0181
Epoch 30: train acc: 0.6340 train loss: 0.8745 valid acc: 0.6133 valid loss: 0.9322
Epoch 31: train acc: 0.6357 train loss: 0.8665 valid acc: 0.6094 valid loss: 0.9407
Epoch 32: train acc: 0.6311 train loss: 0.8662 valid acc: 0.5273 valid loss: 1.0592
Epoch 33: train acc: 0.6420 train loss: 0.8629 valid acc: 0.6055 valid loss: 0.9641
Epoch 34: train acc: 0.6385 train loss: 0.8636 valid acc: 0.4961 valid loss: 1.0487
Epoch 35: train acc: 0.6299 train loss: 0.8661 valid acc: 0.5820 valid loss: 0.9104
Epoch 36: train acc: 0.6396 train loss: 0.8596 valid acc: 0.5312 valid loss: 1.0281
Epoch 37: train acc: 0.6350 train loss: 0.8546 valid acc: 0.6016 valid loss: 0.9627
Epoch 38: train acc: 0.6396 train loss: 0.8519 valid acc: 0.5469 valid loss: 0.9671
Epoch 39: train acc: 0.6328 train loss: 0.8589 valid acc: 0.4961 valid loss: 1.0687
Epoch 40: train acc: 0.6354 train loss: 0.8537 valid acc: 0.5508 valid loss: 1.0299
Epoch 41: train acc: 0.6496 train loss: 0.8499 valid acc: 0.5508 valid loss: 0.9679
Epoch 42: train acc: 0.6496 train loss: 0.8450 valid acc: 0.6328 valid loss: 0.8995
Epoch 43: train acc: 0.6521 train loss: 0.8435 valid acc: 0.5781 valid loss: 0.9430
Epoch 44: train acc: 0.6445 train loss: 0.8449 valid acc: 0.5000 valid loss: 1.0459
Epoch 45: train acc: 0.6480 train loss: 0.8431 valid acc: 0.5273 valid loss: 1.0348
Epoch 46: train acc: 0.6514 train loss: 0.8432 valid acc: 0.5742 valid loss: 0.9744
Epoch 47: train acc: 0.6500 train loss: 0.8379 valid acc: 0.6016 valid loss: 0.9768
Epoch 48: train acc: 0.6441 train loss: 0.8391 valid acc: 0.5508 valid loss: 0.9722
Epoch 49: train acc: 0.6449 train loss: 0.8337 valid acc: 0.5742 valid loss: 0.9845
Run 02: test acc: 0.5633 test loss: 0.9463
Epoch 00: train acc: 0.4725 train loss: 1.0324 valid acc: 0.5703 valid loss: 0.9754
Epoch 01: train acc: 0.5064 train loss: 1.0137 valid acc: 0.5742 valid loss: 0.9602
Epoch 02: train acc: 0.5035 train loss: 1.0102 valid acc: 0.5781 valid loss: 0.9935
Epoch 03: train acc: 0.5023 train loss: 1.0019 valid acc: 0.5625 valid loss: 1.0361
Epoch 04: train acc: 0.5064 train loss: 0.9928 valid acc: 0.6406 valid loss: 0.9450
Epoch 05: train acc: 0.5162 train loss: 0.9835 valid acc: 0.5977 valid loss: 0.9379
Epoch 06: train acc: 0.5312 train loss: 0.9780 valid acc: 0.4570 valid loss: 1.0413
Epoch 07: train acc: 0.5467 train loss: 0.9738 valid acc: 0.5430 valid loss: 0.9756
Epoch 08: train acc: 0.5363 train loss: 0.9654 valid acc: 0.5234 valid loss: 1.0101
Epoch 09: train acc: 0.5602 train loss: 0.9672 valid acc: 0.5234 valid loss: 0.9924
Epoch 10: train acc: 0.5576 train loss: 0.9530 valid acc: 0.6250 valid loss: 0.9439
Epoch 11: train acc: 0.5699 train loss: 0.9484 valid acc: 0.5352 valid loss: 0.9782
Epoch 12: train acc: 0.5639 train loss: 0.9443 valid acc: 0.5781 valid loss: 0.9248
Epoch 13: train acc: 0.5908 train loss: 0.9343 valid acc: 0.5586 valid loss: 0.9696
Epoch 14: train acc: 0.5732 train loss: 0.9356 valid acc: 0.5469 valid loss: 0.9435
Epoch 15: train acc: 0.5996 train loss: 0.9271 valid acc: 0.4922 valid loss: 1.0176
Epoch 16: train acc: 0.5828 train loss: 0.9240 valid acc: 0.6016 valid loss: 0.9250
Epoch 17: train acc: 0.6020 train loss: 0.9185 valid acc: 0.5117 valid loss: 0.9946
Epoch 18: train acc: 0.5994 train loss: 0.9164 valid acc: 0.4883 valid loss: 1.0257
Epoch 19: train acc: 0.5914 train loss: 0.9100 valid acc: 0.5820 valid loss: 0.9802
Epoch 20: train acc: 0.5994 train loss: 0.9047 valid acc: 0.5000 valid loss: 1.0199
Epoch 21: train acc: 0.6049 train loss: 0.9107 valid acc: 0.5273 valid loss: 0.9789
Epoch 22: train acc: 0.6254 train loss: 0.8979 valid acc: 0.5859 valid loss: 0.9594
Epoch 23: train acc: 0.6109 train loss: 0.8957 valid acc: 0.5586 valid loss: 0.9901
Epoch 24: train acc: 0.6150 train loss: 0.8930 valid acc: 0.5859 valid loss: 0.9066
Epoch 25: train acc: 0.6242 train loss: 0.8895 valid acc: 0.5039 valid loss: 1.0468
Epoch 26: train acc: 0.6229 train loss: 0.8896 valid acc: 0.6133 valid loss: 0.9143
Epoch 27: train acc: 0.6254 train loss: 0.8880 valid acc: 0.5781 valid loss: 0.9381
Epoch 28: train acc: 0.6221 train loss: 0.8844 valid acc: 0.5859 valid loss: 0.9439
Epoch 29: train acc: 0.6348 train loss: 0.8802 valid acc: 0.5391 valid loss: 0.9504
Epoch 30: train acc: 0.6145 train loss: 0.8831 valid acc: 0.6094 valid loss: 0.9234
Epoch 31: train acc: 0.6219 train loss: 0.8818 valid acc: 0.5859 valid loss: 0.9463
Epoch 32: train acc: 0.6313 train loss: 0.8737 valid acc: 0.5586 valid loss: 0.9562
Epoch 33: train acc: 0.6322 train loss: 0.8762 valid acc: 0.5547 valid loss: 0.9610
Epoch 34: train acc: 0.6266 train loss: 0.8735 valid acc: 0.5273 valid loss: 1.0053
Epoch 35: train acc: 0.6246 train loss: 0.8737 valid acc: 0.5586 valid loss: 0.9723
Epoch 36: train acc: 0.6268 train loss: 0.8674 valid acc: 0.5234 valid loss: 0.9976
Epoch 37: train acc: 0.6371 train loss: 0.8709 valid acc: 0.6445 valid loss: 0.8974
Epoch 38: train acc: 0.6363 train loss: 0.8657 valid acc: 0.5859 valid loss: 0.9596
Epoch 39: train acc: 0.6365 train loss: 0.8695 valid acc: 0.5625 valid loss: 0.9854
Epoch 40: train acc: 0.6334 train loss: 0.8648 valid acc: 0.5820 valid loss: 0.9537
Epoch 41: train acc: 0.6299 train loss: 0.8698 valid acc: 0.6133 valid loss: 0.9066
Epoch 42: train acc: 0.6316 train loss: 0.8618 valid acc: 0.5586 valid loss: 0.9706
Epoch 43: train acc: 0.6432 train loss: 0.8601 valid acc: 0.5742 valid loss: 0.9644
Epoch 44: train acc: 0.6402 train loss: 0.8634 valid acc: 0.5312 valid loss: 1.0133
Epoch 45: train acc: 0.6365 train loss: 0.8589 valid acc: 0.5898 valid loss: 0.9229
Epoch 46: train acc: 0.6342 train loss: 0.8614 valid acc: 0.5898 valid loss: 0.9790
Epoch 47: train acc: 0.6279 train loss: 0.8631 valid acc: 0.5820 valid loss: 0.9408
Epoch 48: train acc: 0.6445 train loss: 0.8538 valid acc: 0.6016 valid loss: 0.9359
Epoch 49: train acc: 0.6428 train loss: 0.8547 valid acc: 0.5586 valid loss: 0.9652
Run 03: test acc: 0.5813 test loss: 0.9191
Epoch 00: train acc: 0.4875 train loss: 1.0335 valid acc: 0.5156 valid loss: 1.0056
Epoch 01: train acc: 0.5018 train loss: 1.0119 valid acc: 0.5938 valid loss: 0.9877
Epoch 02: train acc: 0.5035 train loss: 1.0024 valid acc: 0.5117 valid loss: 1.0341
Epoch 03: train acc: 0.5068 train loss: 0.9967 valid acc: 0.6055 valid loss: 0.9619
Epoch 04: train acc: 0.5277 train loss: 0.9922 valid acc: 0.5508 valid loss: 1.0125
Epoch 05: train acc: 0.5248 train loss: 0.9783 valid acc: 0.5156 valid loss: 1.0095
Epoch 06: train acc: 0.5395 train loss: 0.9707 valid acc: 0.5820 valid loss: 0.9585
Epoch 07: train acc: 0.5398 train loss: 0.9646 valid acc: 0.5469 valid loss: 1.0049
Epoch 08: train acc: 0.5434 train loss: 0.9594 valid acc: 0.5820 valid loss: 0.9710
Epoch 09: train acc: 0.5688 train loss: 0.9498 valid acc: 0.5859 valid loss: 0.9695
Epoch 10: train acc: 0.5521 train loss: 0.9477 valid acc: 0.5508 valid loss: 0.9754
Epoch 11: train acc: 0.5729 train loss: 0.9377 valid acc: 0.6055 valid loss: 0.9281
Epoch 12: train acc: 0.5895 train loss: 0.9363 valid acc: 0.5781 valid loss: 0.9395
Epoch 13: train acc: 0.5799 train loss: 0.9251 valid acc: 0.5156 valid loss: 1.0168
Epoch 14: train acc: 0.5895 train loss: 0.9230 valid acc: 0.5781 valid loss: 0.9653
Epoch 15: train acc: 0.6029 train loss: 0.9241 valid acc: 0.5586 valid loss: 0.9546
Epoch 16: train acc: 0.5979 train loss: 0.9123 valid acc: 0.5234 valid loss: 0.9973
Epoch 17: train acc: 0.6000 train loss: 0.9119 valid acc: 0.5938 valid loss: 0.8730
Epoch 18: train acc: 0.6150 train loss: 0.9062 valid acc: 0.6094 valid loss: 0.9109
Epoch 19: train acc: 0.6160 train loss: 0.9024 valid acc: 0.5039 valid loss: 1.0166
Epoch 20: train acc: 0.6123 train loss: 0.8974 valid acc: 0.5586 valid loss: 0.9801
Epoch 21: train acc: 0.6154 train loss: 0.8929 valid acc: 0.5859 valid loss: 0.9664
Epoch 22: train acc: 0.6238 train loss: 0.8913 valid acc: 0.5039 valid loss: 1.0487
Epoch 23: train acc: 0.6244 train loss: 0.8864 valid acc: 0.6055 valid loss: 0.9353
Epoch 24: train acc: 0.6240 train loss: 0.8882 valid acc: 0.6328 valid loss: 0.8958
Epoch 25: train acc: 0.6324 train loss: 0.8836 valid acc: 0.5859 valid loss: 0.9462
Epoch 26: train acc: 0.6334 train loss: 0.8868 valid acc: 0.5547 valid loss: 0.9581
Epoch 27: train acc: 0.6115 train loss: 0.8875 valid acc: 0.5352 valid loss: 0.9474
Epoch 28: train acc: 0.6256 train loss: 0.8781 valid acc: 0.4883 valid loss: 0.9961
Epoch 29: train acc: 0.6188 train loss: 0.8783 valid acc: 0.5781 valid loss: 0.9388
Epoch 30: train acc: 0.6230 train loss: 0.8752 valid acc: 0.5742 valid loss: 0.9811
Epoch 31: train acc: 0.6271 train loss: 0.8711 valid acc: 0.5938 valid loss: 0.9396
Epoch 32: train acc: 0.6395 train loss: 0.8647 valid acc: 0.5273 valid loss: 1.0013
Epoch 33: train acc: 0.6381 train loss: 0.8593 valid acc: 0.6055 valid loss: 0.9259
Epoch 34: train acc: 0.6377 train loss: 0.8610 valid acc: 0.5547 valid loss: 0.9866
Epoch 35: train acc: 0.6459 train loss: 0.8582 valid acc: 0.5898 valid loss: 0.9302
Epoch 36: train acc: 0.6307 train loss: 0.8554 valid acc: 0.5508 valid loss: 0.9929
Epoch 37: train acc: 0.6311 train loss: 0.8563 valid acc: 0.6172 valid loss: 0.9207
Epoch 38: train acc: 0.6379 train loss: 0.8535 valid acc: 0.5859 valid loss: 0.9142
Epoch 39: train acc: 0.6316 train loss: 0.8540 valid acc: 0.5781 valid loss: 0.9788
Epoch 40: train acc: 0.6475 train loss: 0.8502 valid acc: 0.5586 valid loss: 0.9847
Epoch 41: train acc: 0.6471 train loss: 0.8512 valid acc: 0.5352 valid loss: 1.0286
Epoch 42: train acc: 0.6385 train loss: 0.8474 valid acc: 0.6016 valid loss: 0.9391
Epoch 43: train acc: 0.6477 train loss: 0.8442 valid acc: 0.6094 valid loss: 0.9147
Epoch 44: train acc: 0.6539 train loss: 0.8428 valid acc: 0.5742 valid loss: 0.9496
Epoch 45: train acc: 0.6484 train loss: 0.8463 valid acc: 0.5820 valid loss: 0.9481
Epoch 46: train acc: 0.6473 train loss: 0.8447 valid acc: 0.5547 valid loss: 0.9975
Epoch 47: train acc: 0.6432 train loss: 0.8452 valid acc: 0.5195 valid loss: 1.0405
Epoch 48: train acc: 0.6518 train loss: 0.8418 valid acc: 0.5859 valid loss: 0.9170
Epoch 49: train acc: 0.6482 train loss: 0.8378 valid acc: 0.5742 valid loss: 0.9961
Run 04: test acc: 0.5762 test loss: 0.9511
Epoch 00: train acc: 0.4650 train loss: 1.0333 valid acc: 0.5703 valid loss: 0.9987
Epoch 01: train acc: 0.4957 train loss: 1.0152 valid acc: 0.5742 valid loss: 1.0250
Epoch 02: train acc: 0.5006 train loss: 1.0053 valid acc: 0.5273 valid loss: 1.0182
Epoch 03: train acc: 0.5031 train loss: 0.9963 valid acc: 0.5234 valid loss: 0.9969
Epoch 04: train acc: 0.5252 train loss: 0.9957 valid acc: 0.5898 valid loss: 0.9432
Epoch 05: train acc: 0.5232 train loss: 0.9813 valid acc: 0.6094 valid loss: 0.9539
Epoch 06: train acc: 0.5123 train loss: 0.9764 valid acc: 0.6133 valid loss: 0.9731
Epoch 07: train acc: 0.5514 train loss: 0.9701 valid acc: 0.5977 valid loss: 0.9451
Epoch 08: train acc: 0.5346 train loss: 0.9623 valid acc: 0.5469 valid loss: 0.9852
Epoch 09: train acc: 0.5654 train loss: 0.9490 valid acc: 0.5234 valid loss: 1.0044
Epoch 10: train acc: 0.5684 train loss: 0.9442 valid acc: 0.5273 valid loss: 0.9780
Epoch 11: train acc: 0.5732 train loss: 0.9370 valid acc: 0.5469 valid loss: 1.0039
Epoch 12: train acc: 0.5734 train loss: 0.9327 valid acc: 0.5820 valid loss: 0.9611
Epoch 13: train acc: 0.5938 train loss: 0.9245 valid acc: 0.5234 valid loss: 1.0204
Epoch 14: train acc: 0.5768 train loss: 0.9199 valid acc: 0.5898 valid loss: 0.9671
Epoch 15: train acc: 0.5986 train loss: 0.9184 valid acc: 0.5898 valid loss: 0.9633
Epoch 16: train acc: 0.6123 train loss: 0.9042 valid acc: 0.6016 valid loss: 0.9130
Epoch 17: train acc: 0.6064 train loss: 0.9034 valid acc: 0.5352 valid loss: 1.0043
Epoch 18: train acc: 0.6031 train loss: 0.9093 valid acc: 0.5117 valid loss: 1.0576
Epoch 19: train acc: 0.6016 train loss: 0.9064 valid acc: 0.5898 valid loss: 0.9537
Epoch 20: train acc: 0.6207 train loss: 0.8899 valid acc: 0.5508 valid loss: 0.9695
Epoch 21: train acc: 0.6111 train loss: 0.8888 valid acc: 0.6172 valid loss: 0.8876
Epoch 22: train acc: 0.6213 train loss: 0.8860 valid acc: 0.5859 valid loss: 0.9457
Epoch 23: train acc: 0.6268 train loss: 0.8831 valid acc: 0.5195 valid loss: 0.9958
Epoch 24: train acc: 0.6273 train loss: 0.8782 valid acc: 0.5820 valid loss: 0.9425
Epoch 25: train acc: 0.6199 train loss: 0.8784 valid acc: 0.5859 valid loss: 0.9571
Epoch 26: train acc: 0.6094 train loss: 0.8783 valid acc: 0.6133 valid loss: 0.9338
Epoch 27: train acc: 0.6416 train loss: 0.8697 valid acc: 0.5859 valid loss: 0.9460
Epoch 28: train acc: 0.6350 train loss: 0.8682 valid acc: 0.5820 valid loss: 0.9409
Epoch 29: train acc: 0.6313 train loss: 0.8693 valid acc: 0.5820 valid loss: 0.9323
Epoch 30: train acc: 0.6387 train loss: 0.8694 valid acc: 0.6094 valid loss: 0.9056
Epoch 31: train acc: 0.6262 train loss: 0.8668 valid acc: 0.5820 valid loss: 0.9306
Epoch 32: train acc: 0.6340 train loss: 0.8666 valid acc: 0.5273 valid loss: 1.0360
Epoch 33: train acc: 0.6258 train loss: 0.8655 valid acc: 0.5273 valid loss: 1.0398
Epoch 34: train acc: 0.6377 train loss: 0.8567 valid acc: 0.5156 valid loss: 1.0176
Epoch 35: train acc: 0.6254 train loss: 0.8640 valid acc: 0.6367 valid loss: 0.8588
Epoch 36: train acc: 0.6420 train loss: 0.8521 valid acc: 0.6094 valid loss: 0.9145
Epoch 37: train acc: 0.6424 train loss: 0.8537 valid acc: 0.5859 valid loss: 0.9468
Epoch 38: train acc: 0.6264 train loss: 0.8549 valid acc: 0.5820 valid loss: 0.9685
Epoch 39: train acc: 0.6572 train loss: 0.8488 valid acc: 0.5273 valid loss: 0.9717
Epoch 40: train acc: 0.6512 train loss: 0.8456 valid acc: 0.5586 valid loss: 0.9258
Epoch 41: train acc: 0.6381 train loss: 0.8473 valid acc: 0.5781 valid loss: 0.9734
Epoch 42: train acc: 0.6283 train loss: 0.8468 valid acc: 0.6367 valid loss: 0.8499
Epoch 43: train acc: 0.6379 train loss: 0.8445 valid acc: 0.5820 valid loss: 0.9179
Epoch 44: train acc: 0.6510 train loss: 0.8417 valid acc: 0.5859 valid loss: 0.9108
Epoch 45: train acc: 0.6531 train loss: 0.8414 valid acc: 0.5547 valid loss: 0.9544
Epoch 46: train acc: 0.6502 train loss: 0.8412 valid acc: 0.5586 valid loss: 0.9704
Epoch 47: train acc: 0.6494 train loss: 0.8412 valid acc: 0.6406 valid loss: 0.8605
Epoch 48: train acc: 0.6434 train loss: 0.8387 valid acc: 0.6055 valid loss: 0.8989
Epoch 49: train acc: 0.6313 train loss: 0.8464 valid acc: 0.5273 valid loss: 1.0098
Run 05: test acc: 0.5434 test loss: 0.9425
Epoch 00: train acc: 0.4805 train loss: 1.0387 valid acc: 0.5391 valid loss: 1.0423
Epoch 01: train acc: 0.4969 train loss: 1.0235 valid acc: 0.5547 valid loss: 1.0384
Epoch 02: train acc: 0.5018 train loss: 1.0017 valid acc: 0.4883 valid loss: 1.0169
Epoch 03: train acc: 0.5049 train loss: 0.9954 valid acc: 0.5781 valid loss: 0.9931
Epoch 04: train acc: 0.5133 train loss: 0.9862 valid acc: 0.5430 valid loss: 1.0451
Epoch 05: train acc: 0.5186 train loss: 0.9833 valid acc: 0.5547 valid loss: 1.0008
Epoch 06: train acc: 0.5596 train loss: 0.9697 valid acc: 0.5078 valid loss: 1.0444
Epoch 07: train acc: 0.5330 train loss: 0.9736 valid acc: 0.6094 valid loss: 0.9565
Epoch 08: train acc: 0.5381 train loss: 0.9599 valid acc: 0.5508 valid loss: 0.9808
Epoch 09: train acc: 0.5586 train loss: 0.9532 valid acc: 0.5781 valid loss: 0.9562
Epoch 10: train acc: 0.5629 train loss: 0.9504 valid acc: 0.5781 valid loss: 0.9295
Epoch 11: train acc: 0.5836 train loss: 0.9336 valid acc: 0.5430 valid loss: 0.9849
Epoch 12: train acc: 0.6002 train loss: 0.9339 valid acc: 0.6328 valid loss: 0.8931
Epoch 13: train acc: 0.5857 train loss: 0.9239 valid acc: 0.5586 valid loss: 1.0063
Epoch 14: train acc: 0.6127 train loss: 0.9182 valid acc: 0.4727 valid loss: 1.0670
Epoch 15: train acc: 0.5945 train loss: 0.9192 valid acc: 0.6719 valid loss: 0.8967
Epoch 16: train acc: 0.6176 train loss: 0.9092 valid acc: 0.6680 valid loss: 0.8591
Epoch 17: train acc: 0.5984 train loss: 0.9061 valid acc: 0.5625 valid loss: 0.9830
Epoch 18: train acc: 0.6039 train loss: 0.8973 valid acc: 0.5703 valid loss: 0.9283
Epoch 19: train acc: 0.6211 train loss: 0.8917 valid acc: 0.5820 valid loss: 0.9600
Epoch 20: train acc: 0.6293 train loss: 0.8904 valid acc: 0.5898 valid loss: 0.9417
Epoch 21: train acc: 0.6242 train loss: 0.8872 valid acc: 0.6133 valid loss: 0.9590
Epoch 22: train acc: 0.6193 train loss: 0.8817 valid acc: 0.5039 valid loss: 1.0433
Epoch 23: train acc: 0.6336 train loss: 0.8736 valid acc: 0.5820 valid loss: 0.9598
Epoch 24: train acc: 0.6193 train loss: 0.8733 valid acc: 0.6094 valid loss: 0.9517
Epoch 25: train acc: 0.6383 train loss: 0.8689 valid acc: 0.6094 valid loss: 0.9198
Epoch 26: train acc: 0.6299 train loss: 0.8732 valid acc: 0.5000 valid loss: 1.0841
Epoch 27: train acc: 0.6068 train loss: 0.8849 valid acc: 0.5469 valid loss: 1.0221
Epoch 28: train acc: 0.6344 train loss: 0.8588 valid acc: 0.6055 valid loss: 0.9289
Epoch 29: train acc: 0.6531 train loss: 0.8544 valid acc: 0.5625 valid loss: 0.9480
Epoch 30: train acc: 0.6414 train loss: 0.8568 valid acc: 0.5859 valid loss: 0.9841
Epoch 31: train acc: 0.6473 train loss: 0.8488 valid acc: 0.6133 valid loss: 0.9177
Epoch 32: train acc: 0.6348 train loss: 0.8529 valid acc: 0.5195 valid loss: 1.0671
Epoch 33: train acc: 0.6354 train loss: 0.8546 valid acc: 0.5820 valid loss: 0.9570
Epoch 34: train acc: 0.6383 train loss: 0.8492 valid acc: 0.6367 valid loss: 0.8879
Epoch 35: train acc: 0.6428 train loss: 0.8480 valid acc: 0.6133 valid loss: 0.9553
Epoch 36: train acc: 0.6512 train loss: 0.8406 valid acc: 0.5820 valid loss: 0.9660
Epoch 37: train acc: 0.6475 train loss: 0.8425 valid acc: 0.5000 valid loss: 1.0482
Epoch 38: train acc: 0.6525 train loss: 0.8400 valid acc: 0.5820 valid loss: 1.0063
Epoch 39: train acc: 0.6375 train loss: 0.8389 valid acc: 0.5586 valid loss: 0.9633
Epoch 40: train acc: 0.6473 train loss: 0.8409 valid acc: 0.5820 valid loss: 0.9798
Epoch 41: train acc: 0.6529 train loss: 0.8380 valid acc: 0.5000 valid loss: 1.0825
Epoch 42: train acc: 0.6510 train loss: 0.8332 valid acc: 0.5234 valid loss: 1.0054
Epoch 43: train acc: 0.6498 train loss: 0.8365 valid acc: 0.5820 valid loss: 0.9747
Epoch 44: train acc: 0.6553 train loss: 0.8353 valid acc: 0.5820 valid loss: 0.9647
Epoch 45: train acc: 0.6500 train loss: 0.8293 valid acc: 0.5820 valid loss: 0.9358
Epoch 46: train acc: 0.6578 train loss: 0.8299 valid acc: 0.5508 valid loss: 1.0106
Epoch 47: train acc: 0.6561 train loss: 0.8309 valid acc: 0.5273 valid loss: 1.0134
Epoch 48: train acc: 0.6436 train loss: 0.8320 valid acc: 0.5273 valid loss: 0.9942
Epoch 49: train acc: 0.6541 train loss: 0.8261 valid acc: 0.5273 valid loss: 1.0328
Run 06: test acc: 0.5527 test loss: 0.9596
Epoch 00: train acc: 0.4877 train loss: 1.0365 valid acc: 0.5391 valid loss: 0.9885
Epoch 01: train acc: 0.4971 train loss: 1.0138 valid acc: 0.5391 valid loss: 0.9909
Epoch 02: train acc: 0.5088 train loss: 1.0060 valid acc: 0.6055 valid loss: 0.9993
Epoch 03: train acc: 0.5098 train loss: 0.9939 valid acc: 0.5781 valid loss: 0.9740
Epoch 04: train acc: 0.5139 train loss: 0.9906 valid acc: 0.6367 valid loss: 0.9470
Epoch 05: train acc: 0.5135 train loss: 0.9837 valid acc: 0.5703 valid loss: 1.0185
Epoch 06: train acc: 0.5389 train loss: 0.9752 valid acc: 0.5156 valid loss: 1.0383
Epoch 07: train acc: 0.5361 train loss: 0.9648 valid acc: 0.5352 valid loss: 1.0069
Epoch 08: train acc: 0.5529 train loss: 0.9605 valid acc: 0.4570 valid loss: 1.0451
Epoch 09: train acc: 0.5584 train loss: 0.9628 valid acc: 0.6055 valid loss: 0.9345
Epoch 10: train acc: 0.5559 train loss: 0.9479 valid acc: 0.5117 valid loss: 1.0275
Epoch 11: train acc: 0.5723 train loss: 0.9392 valid acc: 0.5586 valid loss: 0.9687
Epoch 12: train acc: 0.5889 train loss: 0.9347 valid acc: 0.5859 valid loss: 0.9211
Epoch 13: train acc: 0.5852 train loss: 0.9327 valid acc: 0.5430 valid loss: 1.0142
Epoch 14: train acc: 0.5693 train loss: 0.9335 valid acc: 0.5508 valid loss: 0.9367
Epoch 15: train acc: 0.5939 train loss: 0.9237 valid acc: 0.5586 valid loss: 0.9743
Epoch 16: train acc: 0.5936 train loss: 0.9130 valid acc: 0.5430 valid loss: 0.9689
Epoch 17: train acc: 0.5916 train loss: 0.9162 valid acc: 0.6094 valid loss: 0.9105
Epoch 18: train acc: 0.6105 train loss: 0.9098 valid acc: 0.5117 valid loss: 0.9878
Epoch 19: train acc: 0.6160 train loss: 0.9025 valid acc: 0.5273 valid loss: 1.0051
Epoch 20: train acc: 0.6021 train loss: 0.8989 valid acc: 0.5586 valid loss: 0.9637
Epoch 21: train acc: 0.6324 train loss: 0.8978 valid acc: 0.5703 valid loss: 0.9781
Epoch 22: train acc: 0.6090 train loss: 0.9008 valid acc: 0.6328 valid loss: 0.8878
Epoch 23: train acc: 0.6182 train loss: 0.8914 valid acc: 0.5352 valid loss: 1.0119
Epoch 24: train acc: 0.6234 train loss: 0.8886 valid acc: 0.6211 valid loss: 0.9010
Epoch 25: train acc: 0.6215 train loss: 0.8877 valid acc: 0.5859 valid loss: 0.9605
Epoch 26: train acc: 0.6238 train loss: 0.8823 valid acc: 0.5586 valid loss: 0.9832
Epoch 27: train acc: 0.6273 train loss: 0.8804 valid acc: 0.6211 valid loss: 0.9027
Epoch 28: train acc: 0.6195 train loss: 0.8804 valid acc: 0.6133 valid loss: 0.9310
Epoch 29: train acc: 0.6186 train loss: 0.8799 valid acc: 0.5508 valid loss: 0.9955
Epoch 30: train acc: 0.6225 train loss: 0.8813 valid acc: 0.5078 valid loss: 1.0634
Epoch 31: train acc: 0.6297 train loss: 0.8737 valid acc: 0.5078 valid loss: 1.0527
Epoch 32: train acc: 0.6359 train loss: 0.8712 valid acc: 0.5312 valid loss: 0.9905
Epoch 33: train acc: 0.6244 train loss: 0.8705 valid acc: 0.6367 valid loss: 0.9086
Epoch 34: train acc: 0.6385 train loss: 0.8692 valid acc: 0.5742 valid loss: 0.9627
Epoch 35: train acc: 0.6375 train loss: 0.8676 valid acc: 0.5586 valid loss: 1.0115
Epoch 36: train acc: 0.6391 train loss: 0.8644 valid acc: 0.5859 valid loss: 0.9688
Epoch 37: train acc: 0.6375 train loss: 0.8656 valid acc: 0.5508 valid loss: 0.9649
Epoch 38: train acc: 0.6313 train loss: 0.8637 valid acc: 0.5352 valid loss: 1.0330
Epoch 39: train acc: 0.6453 train loss: 0.8601 valid acc: 0.6133 valid loss: 0.9070
Epoch 40: train acc: 0.6377 train loss: 0.8610 valid acc: 0.5312 valid loss: 0.9878
Epoch 41: train acc: 0.6400 train loss: 0.8611 valid acc: 0.5312 valid loss: 1.0071
Epoch 42: train acc: 0.6369 train loss: 0.8606 valid acc: 0.5469 valid loss: 1.0032
Epoch 43: train acc: 0.6410 train loss: 0.8589 valid acc: 0.6641 valid loss: 0.8409
Epoch 44: train acc: 0.6438 train loss: 0.8555 valid acc: 0.5273 valid loss: 1.0493
Epoch 45: train acc: 0.6352 train loss: 0.8597 valid acc: 0.5898 valid loss: 0.9553
Epoch 46: train acc: 0.6498 train loss: 0.8570 valid acc: 0.5312 valid loss: 1.0290
Epoch 47: train acc: 0.6451 train loss: 0.8531 valid acc: 0.6094 valid loss: 0.9222
Epoch 48: train acc: 0.6439 train loss: 0.8544 valid acc: 0.5586 valid loss: 0.9658
Epoch 49: train acc: 0.6449 train loss: 0.8524 valid acc: 0.5859 valid loss: 0.9634
Run 07: test acc: 0.5555 test loss: 0.9509
Epoch 00: train acc: 0.4709 train loss: 1.0407 valid acc: 0.5391 valid loss: 1.0215
Epoch 01: train acc: 0.4957 train loss: 1.0239 valid acc: 0.5977 valid loss: 0.9498
Epoch 02: train acc: 0.5010 train loss: 1.0076 valid acc: 0.5977 valid loss: 0.9944
Epoch 03: train acc: 0.5023 train loss: 1.0017 valid acc: 0.6055 valid loss: 0.9386
Epoch 04: train acc: 0.5125 train loss: 0.9992 valid acc: 0.5820 valid loss: 0.9854
Epoch 05: train acc: 0.5047 train loss: 0.9906 valid acc: 0.5781 valid loss: 0.9663
Epoch 06: train acc: 0.5189 train loss: 0.9813 valid acc: 0.5430 valid loss: 0.9939
Epoch 07: train acc: 0.5348 train loss: 0.9754 valid acc: 0.5469 valid loss: 0.9927
Epoch 08: train acc: 0.5414 train loss: 0.9715 valid acc: 0.5625 valid loss: 1.0089
Epoch 09: train acc: 0.5416 train loss: 0.9651 valid acc: 0.6328 valid loss: 0.9279
Epoch 10: train acc: 0.5482 train loss: 0.9537 valid acc: 0.4922 valid loss: 1.0006
Epoch 11: train acc: 0.5656 train loss: 0.9430 valid acc: 0.5195 valid loss: 1.0199
Epoch 12: train acc: 0.5852 train loss: 0.9459 valid acc: 0.5625 valid loss: 0.9745
Epoch 13: train acc: 0.5867 train loss: 0.9324 valid acc: 0.6328 valid loss: 0.9026
Epoch 14: train acc: 0.5775 train loss: 0.9339 valid acc: 0.5664 valid loss: 0.9626
Epoch 15: train acc: 0.5973 train loss: 0.9292 valid acc: 0.5625 valid loss: 0.9758
Epoch 16: train acc: 0.6133 train loss: 0.9197 valid acc: 0.5742 valid loss: 0.9400
Epoch 17: train acc: 0.5965 train loss: 0.9094 valid acc: 0.5859 valid loss: 0.9716
Epoch 18: train acc: 0.6135 train loss: 0.9031 valid acc: 0.4961 valid loss: 1.0110
Epoch 19: train acc: 0.5953 train loss: 0.9040 valid acc: 0.5898 valid loss: 0.9664
Epoch 20: train acc: 0.6150 train loss: 0.9039 valid acc: 0.6133 valid loss: 0.9488
Epoch 21: train acc: 0.6062 train loss: 0.8949 valid acc: 0.5820 valid loss: 0.9762
Epoch 22: train acc: 0.6164 train loss: 0.8916 valid acc: 0.5664 valid loss: 0.9282
Epoch 23: train acc: 0.6186 train loss: 0.8869 valid acc: 0.6289 valid loss: 0.9086
Epoch 24: train acc: 0.6143 train loss: 0.8841 valid acc: 0.5352 valid loss: 1.0225
Epoch 25: train acc: 0.6250 train loss: 0.8890 valid acc: 0.4805 valid loss: 1.0243
Epoch 26: train acc: 0.6176 train loss: 0.8838 valid acc: 0.6172 valid loss: 0.8947
Epoch 27: train acc: 0.6242 train loss: 0.8835 valid acc: 0.5547 valid loss: 0.9861
Epoch 28: train acc: 0.6207 train loss: 0.8742 valid acc: 0.5273 valid loss: 0.9973
Epoch 29: train acc: 0.6277 train loss: 0.8706 valid acc: 0.5625 valid loss: 0.9743
Epoch 30: train acc: 0.6334 train loss: 0.8682 valid acc: 0.5625 valid loss: 0.9858
Epoch 31: train acc: 0.6365 train loss: 0.8648 valid acc: 0.5586 valid loss: 0.9803
Epoch 32: train acc: 0.6352 train loss: 0.8637 valid acc: 0.5312 valid loss: 0.9942
Epoch 33: train acc: 0.6320 train loss: 0.8636 valid acc: 0.6133 valid loss: 0.9307
Epoch 34: train acc: 0.6346 train loss: 0.8655 valid acc: 0.6172 valid loss: 0.9158
Epoch 35: train acc: 0.6379 train loss: 0.8626 valid acc: 0.5195 valid loss: 0.9582
Epoch 36: train acc: 0.6387 train loss: 0.8549 valid acc: 0.5312 valid loss: 1.0400
Epoch 37: train acc: 0.6383 train loss: 0.8579 valid acc: 0.6094 valid loss: 0.9091
Epoch 38: train acc: 0.6434 train loss: 0.8553 valid acc: 0.5859 valid loss: 0.9507
Epoch 39: train acc: 0.6402 train loss: 0.8553 valid acc: 0.5859 valid loss: 0.9654
Epoch 40: train acc: 0.6457 train loss: 0.8541 valid acc: 0.4766 valid loss: 1.0610
Epoch 41: train acc: 0.6463 train loss: 0.8504 valid acc: 0.6094 valid loss: 0.8851
Epoch 42: train acc: 0.6406 train loss: 0.8537 valid acc: 0.5625 valid loss: 1.0413
Epoch 43: train acc: 0.6490 train loss: 0.8537 valid acc: 0.5000 valid loss: 1.0327
Epoch 44: train acc: 0.6465 train loss: 0.8524 valid acc: 0.5312 valid loss: 0.9875
Epoch 45: train acc: 0.6377 train loss: 0.8525 valid acc: 0.5547 valid loss: 1.0011
Epoch 46: train acc: 0.6447 train loss: 0.8459 valid acc: 0.5547 valid loss: 0.9884
Epoch 47: train acc: 0.6475 train loss: 0.8465 valid acc: 0.5273 valid loss: 0.9909
Epoch 48: train acc: 0.6418 train loss: 0.8478 valid acc: 0.5312 valid loss: 1.0504
Epoch 49: train acc: 0.6512 train loss: 0.8444 valid acc: 0.5820 valid loss: 0.9320
Run 08: test acc: 0.5113 test loss: 0.9941
Epoch 00: train acc: 0.5000 train loss: 1.0399 valid acc: 0.4844 valid loss: 1.0497
Epoch 01: train acc: 0.4955 train loss: 1.0242 valid acc: 0.4336 valid loss: 1.0845
Epoch 02: train acc: 0.4924 train loss: 1.0149 valid acc: 0.5703 valid loss: 0.9834
Epoch 03: train acc: 0.5033 train loss: 1.0020 valid acc: 0.5469 valid loss: 1.0106
Epoch 04: train acc: 0.5074 train loss: 0.9923 valid acc: 0.5508 valid loss: 0.9952
Epoch 05: train acc: 0.5123 train loss: 0.9834 valid acc: 0.6602 valid loss: 0.9299
Epoch 06: train acc: 0.5215 train loss: 0.9800 valid acc: 0.5430 valid loss: 0.9762
Epoch 07: train acc: 0.5102 train loss: 0.9802 valid acc: 0.5117 valid loss: 1.0075
Epoch 08: train acc: 0.5471 train loss: 0.9764 valid acc: 0.5000 valid loss: 1.0393
Epoch 09: train acc: 0.5396 train loss: 0.9683 valid acc: 0.5430 valid loss: 0.9950
Epoch 10: train acc: 0.5371 train loss: 0.9531 valid acc: 0.5469 valid loss: 0.9675
Epoch 11: train acc: 0.5902 train loss: 0.9459 valid acc: 0.5938 valid loss: 0.9477
Epoch 12: train acc: 0.5598 train loss: 0.9465 valid acc: 0.5742 valid loss: 0.9449
Epoch 13: train acc: 0.5785 train loss: 0.9412 valid acc: 0.5352 valid loss: 0.9938
Epoch 14: train acc: 0.5930 train loss: 0.9284 valid acc: 0.5742 valid loss: 0.9748
Epoch 15: train acc: 0.5822 train loss: 0.9287 valid acc: 0.4922 valid loss: 1.0382
Epoch 16: train acc: 0.5861 train loss: 0.9240 valid acc: 0.5820 valid loss: 0.9407
Epoch 17: train acc: 0.5844 train loss: 0.9207 valid acc: 0.5586 valid loss: 0.9703
Epoch 18: train acc: 0.6049 train loss: 0.9109 valid acc: 0.5312 valid loss: 0.9830
Epoch 19: train acc: 0.6146 train loss: 0.9037 valid acc: 0.6367 valid loss: 0.8956
Epoch 20: train acc: 0.6170 train loss: 0.9042 valid acc: 0.5586 valid loss: 0.9806
Epoch 21: train acc: 0.6000 train loss: 0.9013 valid acc: 0.5508 valid loss: 0.9648
Epoch 22: train acc: 0.6070 train loss: 0.8967 valid acc: 0.5234 valid loss: 0.9861
Epoch 23: train acc: 0.6195 train loss: 0.8969 valid acc: 0.5195 valid loss: 1.0274
Epoch 24: train acc: 0.6141 train loss: 0.8935 valid acc: 0.6133 valid loss: 0.9325
Epoch 25: train acc: 0.6113 train loss: 0.8869 valid acc: 0.5859 valid loss: 0.9579
Epoch 26: train acc: 0.6229 train loss: 0.8840 valid acc: 0.5703 valid loss: 0.9171
Epoch 27: train acc: 0.6182 train loss: 0.8839 valid acc: 0.5742 valid loss: 0.9295
Epoch 28: train acc: 0.6176 train loss: 0.8852 valid acc: 0.5547 valid loss: 0.9944
Epoch 29: train acc: 0.6191 train loss: 0.8779 valid acc: 0.6406 valid loss: 0.8631
Epoch 30: train acc: 0.6313 train loss: 0.8780 valid acc: 0.5000 valid loss: 1.0428
Epoch 31: train acc: 0.6250 train loss: 0.8734 valid acc: 0.5820 valid loss: 0.9636
Epoch 32: train acc: 0.6242 train loss: 0.8766 valid acc: 0.6016 valid loss: 0.8965
Epoch 33: train acc: 0.6373 train loss: 0.8740 valid acc: 0.5820 valid loss: 0.9642
Epoch 34: train acc: 0.6236 train loss: 0.8749 valid acc: 0.6250 valid loss: 0.9040
Epoch 35: train acc: 0.6367 train loss: 0.8715 valid acc: 0.5898 valid loss: 0.9556
Epoch 36: train acc: 0.6418 train loss: 0.8675 valid acc: 0.6133 valid loss: 0.9111
Epoch 37: train acc: 0.6281 train loss: 0.8654 valid acc: 0.5781 valid loss: 0.9364
Epoch 38: train acc: 0.6342 train loss: 0.8634 valid acc: 0.5547 valid loss: 0.9647
Epoch 39: train acc: 0.6492 train loss: 0.8619 valid acc: 0.6055 valid loss: 0.9528
Epoch 40: train acc: 0.6443 train loss: 0.8610 valid acc: 0.6055 valid loss: 0.9340
Epoch 41: train acc: 0.6418 train loss: 0.8582 valid acc: 0.6133 valid loss: 0.9253
Epoch 42: train acc: 0.6240 train loss: 0.8616 valid acc: 0.6367 valid loss: 0.8949
Epoch 43: train acc: 0.6352 train loss: 0.8590 valid acc: 0.5781 valid loss: 0.9667
Epoch 44: train acc: 0.6359 train loss: 0.8569 valid acc: 0.5625 valid loss: 0.9556
Epoch 45: train acc: 0.6338 train loss: 0.8549 valid acc: 0.6367 valid loss: 0.8772
Epoch 46: train acc: 0.6424 train loss: 0.8538 valid acc: 0.4961 valid loss: 1.0684
Epoch 47: train acc: 0.6410 train loss: 0.8581 valid acc: 0.5352 valid loss: 1.0112
Epoch 48: train acc: 0.6334 train loss: 0.8551 valid acc: 0.5508 valid loss: 1.0031
Epoch 49: train acc: 0.6371 train loss: 0.8588 valid acc: 0.5508 valid loss: 0.9834
Run 09: test acc: 0.5184 test loss: 1.0208
Test acc: 0.5494 (0.0215), loss: 0.9605 (0.0281)
DONE
