Starting script
GCDC Yelp
Epoch 00: train acc: 0.4887 train loss: 1.0490 valid acc: 0.5117 valid loss: 1.0094
Epoch 01: train acc: 0.5111 train loss: 1.0178 valid acc: 0.5664 valid loss: 0.9680
Epoch 02: train acc: 0.5088 train loss: 1.0121 valid acc: 0.5391 valid loss: 0.9906
Epoch 03: train acc: 0.5152 train loss: 1.0009 valid acc: 0.5117 valid loss: 1.0075
Epoch 04: train acc: 0.5162 train loss: 1.0094 valid acc: 0.3203 valid loss: 1.0632
Epoch 05: train acc: 0.5160 train loss: 1.0053 valid acc: 0.5664 valid loss: 0.9726
Epoch 06: train acc: 0.5176 train loss: 1.0054 valid acc: 0.4805 valid loss: 1.0325
Epoch 07: train acc: 0.5225 train loss: 0.9890 valid acc: 0.4531 valid loss: 1.0603
Epoch 08: train acc: 0.5223 train loss: 0.9888 valid acc: 0.5430 valid loss: 0.9820
Epoch 09: train acc: 0.5217 train loss: 0.9805 valid acc: 0.5078 valid loss: 0.9893
Epoch 10: train acc: 0.5414 train loss: 0.9791 valid acc: 0.4961 valid loss: 1.0143
Epoch 11: train acc: 0.5336 train loss: 0.9741 valid acc: 0.4453 valid loss: 1.0419
Epoch 12: train acc: 0.5275 train loss: 0.9738 valid acc: 0.4062 valid loss: 1.0409
Epoch 13: train acc: 0.5391 train loss: 0.9765 valid acc: 0.5234 valid loss: 1.0041
Epoch 14: train acc: 0.5641 train loss: 0.9651 valid acc: 0.5469 valid loss: 0.9864
Epoch 15: train acc: 0.5420 train loss: 0.9642 valid acc: 0.4609 valid loss: 1.0392
Epoch 16: train acc: 0.5607 train loss: 0.9569 valid acc: 0.4961 valid loss: 1.0002
Epoch 17: train acc: 0.5441 train loss: 0.9570 valid acc: 0.4805 valid loss: 1.0357
Epoch 18: train acc: 0.5621 train loss: 0.9558 valid acc: 0.4609 valid loss: 0.9896
Epoch 19: train acc: 0.5580 train loss: 0.9558 valid acc: 0.5000 valid loss: 1.0338
Epoch 20: train acc: 0.5582 train loss: 0.9488 valid acc: 0.5039 valid loss: 1.0014
Epoch 21: train acc: 0.5518 train loss: 0.9481 valid acc: 0.5625 valid loss: 0.9490
Epoch 22: train acc: 0.5727 train loss: 0.9445 valid acc: 0.5234 valid loss: 0.9794
Epoch 23: train acc: 0.5662 train loss: 0.9466 valid acc: 0.5117 valid loss: 1.0188
Epoch 24: train acc: 0.5627 train loss: 0.9395 valid acc: 0.5391 valid loss: 1.0187
Epoch 25: train acc: 0.5660 train loss: 0.9424 valid acc: 0.3984 valid loss: 1.0454
Epoch 26: train acc: 0.5754 train loss: 0.9340 valid acc: 0.5430 valid loss: 1.0106
Epoch 27: train acc: 0.5740 train loss: 0.9336 valid acc: 0.4141 valid loss: 1.0738
Epoch 28: train acc: 0.5572 train loss: 0.9366 valid acc: 0.4531 valid loss: 1.0629
Epoch 29: train acc: 0.5811 train loss: 0.9370 valid acc: 0.4727 valid loss: 1.0377
Epoch 30: train acc: 0.5697 train loss: 0.9299 valid acc: 0.5156 valid loss: 1.0028
Epoch 31: train acc: 0.5699 train loss: 0.9304 valid acc: 0.4922 valid loss: 1.0172
Epoch 32: train acc: 0.5748 train loss: 0.9259 valid acc: 0.4922 valid loss: 1.0073
Epoch 33: train acc: 0.5725 train loss: 0.9266 valid acc: 0.4648 valid loss: 1.0035
Epoch 34: train acc: 0.5713 train loss: 0.9229 valid acc: 0.4297 valid loss: 1.0802
Epoch 35: train acc: 0.5793 train loss: 0.9238 valid acc: 0.4766 valid loss: 1.0358
Epoch 36: train acc: 0.5801 train loss: 0.9217 valid acc: 0.4219 valid loss: 1.0629
Epoch 37: train acc: 0.5830 train loss: 0.9161 valid acc: 0.5039 valid loss: 1.0231
Epoch 38: train acc: 0.5760 train loss: 0.9154 valid acc: 0.4961 valid loss: 0.9757
Epoch 39: train acc: 0.5805 train loss: 0.9153 valid acc: 0.4766 valid loss: 1.0228
Epoch 40: train acc: 0.5773 train loss: 0.9157 valid acc: 0.3945 valid loss: 1.0660
Epoch 41: train acc: 0.5803 train loss: 0.9160 valid acc: 0.4219 valid loss: 1.0462
Epoch 42: train acc: 0.5773 train loss: 0.9125 valid acc: 0.4531 valid loss: 1.0160
Epoch 43: train acc: 0.5855 train loss: 0.9108 valid acc: 0.4375 valid loss: 1.0485
Epoch 44: train acc: 0.5811 train loss: 0.9102 valid acc: 0.3828 valid loss: 1.1048
Epoch 45: train acc: 0.5789 train loss: 0.9116 valid acc: 0.4375 valid loss: 1.0643
Epoch 46: train acc: 0.5855 train loss: 0.9097 valid acc: 0.4414 valid loss: 1.0595
Epoch 47: train acc: 0.5840 train loss: 0.9070 valid acc: 0.4961 valid loss: 1.0116
Epoch 48: train acc: 0.5760 train loss: 0.9100 valid acc: 0.5000 valid loss: 1.0061
Epoch 49: train acc: 0.5871 train loss: 0.9054 valid acc: 0.4766 valid loss: 1.0598
Run 00: test acc: 0.5340 test loss: 0.9891
Epoch 00: train acc: 0.5109 train loss: 1.0396 valid acc: 0.5938 valid loss: 0.9568
Epoch 01: train acc: 0.5090 train loss: 1.0194 valid acc: 0.5391 valid loss: 0.9929
Epoch 02: train acc: 0.5117 train loss: 1.0102 valid acc: 0.5391 valid loss: 0.9914
Epoch 03: train acc: 0.5150 train loss: 1.0033 valid acc: 0.5391 valid loss: 1.0009
Epoch 04: train acc: 0.5094 train loss: 1.0044 valid acc: 0.5938 valid loss: 0.9560
Epoch 05: train acc: 0.5164 train loss: 0.9944 valid acc: 0.5117 valid loss: 0.9886
Epoch 06: train acc: 0.5266 train loss: 0.9917 valid acc: 0.5391 valid loss: 0.9892
Epoch 07: train acc: 0.5242 train loss: 0.9877 valid acc: 0.4492 valid loss: 1.0699
Epoch 08: train acc: 0.5207 train loss: 0.9846 valid acc: 0.5391 valid loss: 0.9677
Epoch 09: train acc: 0.5248 train loss: 0.9843 valid acc: 0.5039 valid loss: 0.9961
Epoch 10: train acc: 0.5422 train loss: 0.9759 valid acc: 0.5859 valid loss: 0.9400
Epoch 11: train acc: 0.5514 train loss: 0.9744 valid acc: 0.5586 valid loss: 0.9997
Epoch 12: train acc: 0.5477 train loss: 0.9729 valid acc: 0.5156 valid loss: 1.0022
Epoch 13: train acc: 0.5543 train loss: 0.9619 valid acc: 0.5234 valid loss: 0.9781
Epoch 14: train acc: 0.5404 train loss: 0.9625 valid acc: 0.4961 valid loss: 0.9951
Epoch 15: train acc: 0.5479 train loss: 0.9523 valid acc: 0.5234 valid loss: 0.9739
Epoch 16: train acc: 0.5646 train loss: 0.9587 valid acc: 0.5312 valid loss: 0.9758
Epoch 17: train acc: 0.5484 train loss: 0.9615 valid acc: 0.5156 valid loss: 1.0049
Epoch 18: train acc: 0.5604 train loss: 0.9544 valid acc: 0.5078 valid loss: 0.9761
Epoch 19: train acc: 0.5666 train loss: 0.9477 valid acc: 0.5312 valid loss: 0.9791
Epoch 20: train acc: 0.5592 train loss: 0.9429 valid acc: 0.5234 valid loss: 0.9351
Epoch 21: train acc: 0.5691 train loss: 0.9448 valid acc: 0.4688 valid loss: 1.0370
Epoch 22: train acc: 0.5682 train loss: 0.9435 valid acc: 0.4922 valid loss: 0.9775
Epoch 23: train acc: 0.5627 train loss: 0.9385 valid acc: 0.5078 valid loss: 1.0350
Epoch 24: train acc: 0.5699 train loss: 0.9335 valid acc: 0.5234 valid loss: 0.9771
Epoch 25: train acc: 0.5666 train loss: 0.9336 valid acc: 0.4805 valid loss: 1.0201
Epoch 26: train acc: 0.5645 train loss: 0.9337 valid acc: 0.4883 valid loss: 1.0564
Epoch 27: train acc: 0.5744 train loss: 0.9345 valid acc: 0.5312 valid loss: 0.9796
Epoch 28: train acc: 0.5697 train loss: 0.9302 valid acc: 0.5000 valid loss: 0.9967
Epoch 29: train acc: 0.5711 train loss: 0.9311 valid acc: 0.4453 valid loss: 1.0311
Epoch 30: train acc: 0.5723 train loss: 0.9284 valid acc: 0.5117 valid loss: 1.0132
Epoch 31: train acc: 0.5730 train loss: 0.9242 valid acc: 0.4688 valid loss: 1.0289
Epoch 32: train acc: 0.5770 train loss: 0.9233 valid acc: 0.5195 valid loss: 0.9924
Epoch 33: train acc: 0.5742 train loss: 0.9225 valid acc: 0.5625 valid loss: 0.9638
Epoch 34: train acc: 0.5848 train loss: 0.9191 valid acc: 0.5117 valid loss: 0.9982
Epoch 35: train acc: 0.5658 train loss: 0.9214 valid acc: 0.4375 valid loss: 1.0700
Epoch 36: train acc: 0.5789 train loss: 0.9164 valid acc: 0.4883 valid loss: 1.0156
Epoch 37: train acc: 0.5781 train loss: 0.9160 valid acc: 0.5273 valid loss: 0.9925
Epoch 38: train acc: 0.5787 train loss: 0.9119 valid acc: 0.4883 valid loss: 1.0498
Epoch 39: train acc: 0.5834 train loss: 0.9114 valid acc: 0.4492 valid loss: 1.0853
Epoch 40: train acc: 0.5795 train loss: 0.9120 valid acc: 0.5391 valid loss: 1.0106
Epoch 41: train acc: 0.5863 train loss: 0.9120 valid acc: 0.5352 valid loss: 0.9939
Epoch 42: train acc: 0.5762 train loss: 0.9104 valid acc: 0.5000 valid loss: 1.0168
Epoch 43: train acc: 0.5875 train loss: 0.9082 valid acc: 0.5352 valid loss: 0.9981
Epoch 44: train acc: 0.5775 train loss: 0.9066 valid acc: 0.4648 valid loss: 1.0132
Epoch 45: train acc: 0.5793 train loss: 0.9084 valid acc: 0.4844 valid loss: 1.0324
Epoch 46: train acc: 0.5814 train loss: 0.9043 valid acc: 0.5195 valid loss: 0.9681
Epoch 47: train acc: 0.5824 train loss: 0.9048 valid acc: 0.5586 valid loss: 0.9807
Epoch 48: train acc: 0.5842 train loss: 0.9058 valid acc: 0.5195 valid loss: 1.0248
Epoch 49: train acc: 0.5793 train loss: 0.9032 valid acc: 0.4805 valid loss: 1.0682
Run 01: test acc: 0.5355 test loss: 0.9970
Epoch 00: train acc: 0.4994 train loss: 1.0495 valid acc: 0.5664 valid loss: 1.0143
Epoch 01: train acc: 0.5084 train loss: 1.0269 valid acc: 0.5117 valid loss: 1.0022
Epoch 02: train acc: 0.5115 train loss: 1.0154 valid acc: 0.5117 valid loss: 1.0138
Epoch 03: train acc: 0.5094 train loss: 1.0128 valid acc: 0.6211 valid loss: 0.9032
Epoch 04: train acc: 0.5111 train loss: 1.0025 valid acc: 0.5391 valid loss: 0.9966
Epoch 05: train acc: 0.5100 train loss: 0.9969 valid acc: 0.5117 valid loss: 1.0171
Epoch 06: train acc: 0.5141 train loss: 0.9929 valid acc: 0.4844 valid loss: 1.0412
Epoch 07: train acc: 0.5238 train loss: 0.9912 valid acc: 0.5977 valid loss: 0.9420
Epoch 08: train acc: 0.5225 train loss: 0.9926 valid acc: 0.5352 valid loss: 1.0017
Epoch 09: train acc: 0.5275 train loss: 0.9844 valid acc: 0.4844 valid loss: 1.0126
Epoch 10: train acc: 0.5236 train loss: 0.9853 valid acc: 0.5508 valid loss: 0.9955
Epoch 11: train acc: 0.5449 train loss: 0.9780 valid acc: 0.5000 valid loss: 1.0199
Epoch 12: train acc: 0.5305 train loss: 0.9705 valid acc: 0.5508 valid loss: 0.9569
Epoch 13: train acc: 0.5428 train loss: 0.9702 valid acc: 0.5469 valid loss: 1.0042
Epoch 14: train acc: 0.5406 train loss: 0.9635 valid acc: 0.5273 valid loss: 0.9924
Epoch 15: train acc: 0.5537 train loss: 0.9657 valid acc: 0.5312 valid loss: 0.9847
Epoch 16: train acc: 0.5508 train loss: 0.9570 valid acc: 0.5625 valid loss: 0.9943
Epoch 17: train acc: 0.5521 train loss: 0.9570 valid acc: 0.4961 valid loss: 1.0338
Epoch 18: train acc: 0.5549 train loss: 0.9524 valid acc: 0.4922 valid loss: 0.9976
Epoch 19: train acc: 0.5615 train loss: 0.9489 valid acc: 0.5039 valid loss: 0.9861
Epoch 20: train acc: 0.5543 train loss: 0.9483 valid acc: 0.4219 valid loss: 1.0317
Epoch 21: train acc: 0.5666 train loss: 0.9468 valid acc: 0.4219 valid loss: 1.0487
Epoch 22: train acc: 0.5648 train loss: 0.9414 valid acc: 0.5508 valid loss: 0.9504
Epoch 23: train acc: 0.5715 train loss: 0.9351 valid acc: 0.5508 valid loss: 0.9683
Epoch 24: train acc: 0.5688 train loss: 0.9356 valid acc: 0.4805 valid loss: 1.0026
Epoch 25: train acc: 0.5687 train loss: 0.9348 valid acc: 0.5117 valid loss: 1.0075
Epoch 26: train acc: 0.5615 train loss: 0.9383 valid acc: 0.5664 valid loss: 0.9597
Epoch 27: train acc: 0.5699 train loss: 0.9362 valid acc: 0.4766 valid loss: 1.0177
Epoch 28: train acc: 0.5625 train loss: 0.9336 valid acc: 0.5898 valid loss: 0.9332
Epoch 29: train acc: 0.5750 train loss: 0.9263 valid acc: 0.4531 valid loss: 1.0264
Epoch 30: train acc: 0.5771 train loss: 0.9211 valid acc: 0.5586 valid loss: 0.9443
Epoch 31: train acc: 0.5740 train loss: 0.9233 valid acc: 0.4766 valid loss: 1.0209
Epoch 32: train acc: 0.5668 train loss: 0.9279 valid acc: 0.4648 valid loss: 1.0528
Epoch 33: train acc: 0.5936 train loss: 0.9174 valid acc: 0.4102 valid loss: 1.0770
Epoch 34: train acc: 0.5777 train loss: 0.9152 valid acc: 0.5039 valid loss: 0.9999
Epoch 35: train acc: 0.5695 train loss: 0.9166 valid acc: 0.4609 valid loss: 1.0339
Epoch 36: train acc: 0.5822 train loss: 0.9123 valid acc: 0.4336 valid loss: 1.0445
Epoch 37: train acc: 0.5766 train loss: 0.9127 valid acc: 0.5078 valid loss: 1.0094
Epoch 38: train acc: 0.5844 train loss: 0.9121 valid acc: 0.4688 valid loss: 1.0165
Epoch 39: train acc: 0.5779 train loss: 0.9143 valid acc: 0.4883 valid loss: 1.0013
Epoch 40: train acc: 0.5742 train loss: 0.9126 valid acc: 0.5156 valid loss: 0.9871
Epoch 41: train acc: 0.5875 train loss: 0.9115 valid acc: 0.5586 valid loss: 0.9488
Epoch 42: train acc: 0.5828 train loss: 0.9086 valid acc: 0.5742 valid loss: 0.9627
Epoch 43: train acc: 0.5795 train loss: 0.9049 valid acc: 0.5352 valid loss: 1.0243
Epoch 44: train acc: 0.5832 train loss: 0.9053 valid acc: 0.5273 valid loss: 0.9925
Epoch 45: train acc: 0.5840 train loss: 0.9051 valid acc: 0.4961 valid loss: 0.9862
Epoch 46: train acc: 0.5891 train loss: 0.9033 valid acc: 0.5195 valid loss: 0.9945
Epoch 47: train acc: 0.5836 train loss: 0.9009 valid acc: 0.4883 valid loss: 1.0166
Epoch 48: train acc: 0.5830 train loss: 0.9033 valid acc: 0.4727 valid loss: 1.0235
Epoch 49: train acc: 0.5875 train loss: 0.8969 valid acc: 0.5078 valid loss: 0.9883
Run 02: test acc: 0.5285 test loss: 0.9848
Epoch 00: train acc: 0.5004 train loss: 1.0240 valid acc: 0.5703 valid loss: 0.9627
Epoch 01: train acc: 0.5096 train loss: 1.0242 valid acc: 0.6523 valid loss: 0.9168
Epoch 02: train acc: 0.5092 train loss: 1.0239 valid acc: 0.5703 valid loss: 0.9744
Epoch 03: train acc: 0.5117 train loss: 1.0022 valid acc: 0.6211 valid loss: 0.9543
Epoch 04: train acc: 0.5115 train loss: 0.9965 valid acc: 0.6484 valid loss: 0.9229
Epoch 05: train acc: 0.5141 train loss: 0.9939 valid acc: 0.5664 valid loss: 0.9884
Epoch 06: train acc: 0.5201 train loss: 0.9924 valid acc: 0.5117 valid loss: 1.0153
Epoch 07: train acc: 0.5268 train loss: 0.9849 valid acc: 0.5430 valid loss: 1.0246
Epoch 08: train acc: 0.5457 train loss: 0.9760 valid acc: 0.5430 valid loss: 1.0135
Epoch 09: train acc: 0.5354 train loss: 0.9784 valid acc: 0.5781 valid loss: 0.9627
Epoch 10: train acc: 0.5391 train loss: 0.9722 valid acc: 0.5977 valid loss: 0.9294
Epoch 11: train acc: 0.5549 train loss: 0.9658 valid acc: 0.5117 valid loss: 0.9977
Epoch 12: train acc: 0.5492 train loss: 0.9712 valid acc: 0.5000 valid loss: 1.0109
Epoch 13: train acc: 0.5480 train loss: 0.9740 valid acc: 0.3984 valid loss: 1.0774
Epoch 14: train acc: 0.5566 train loss: 0.9614 valid acc: 0.5195 valid loss: 1.0018
Epoch 15: train acc: 0.5563 train loss: 0.9568 valid acc: 0.5430 valid loss: 0.9652
Epoch 16: train acc: 0.5539 train loss: 0.9531 valid acc: 0.5156 valid loss: 1.0176
Epoch 17: train acc: 0.5605 train loss: 0.9583 valid acc: 0.5078 valid loss: 1.0344
Epoch 18: train acc: 0.5637 train loss: 0.9511 valid acc: 0.4609 valid loss: 1.0247
Epoch 19: train acc: 0.5686 train loss: 0.9456 valid acc: 0.4570 valid loss: 1.0353
Epoch 20: train acc: 0.5697 train loss: 0.9419 valid acc: 0.4805 valid loss: 1.0396
Epoch 21: train acc: 0.5609 train loss: 0.9396 valid acc: 0.5312 valid loss: 1.0088
Epoch 22: train acc: 0.5707 train loss: 0.9377 valid acc: 0.4883 valid loss: 1.0395
Epoch 23: train acc: 0.5789 train loss: 0.9372 valid acc: 0.4805 valid loss: 1.0057
Epoch 24: train acc: 0.5686 train loss: 0.9353 valid acc: 0.5117 valid loss: 0.9448
Epoch 25: train acc: 0.5713 train loss: 0.9340 valid acc: 0.4453 valid loss: 1.0220
Epoch 26: train acc: 0.5785 train loss: 0.9314 valid acc: 0.5781 valid loss: 0.9375
Epoch 27: train acc: 0.5791 train loss: 0.9242 valid acc: 0.4609 valid loss: 1.0055
Epoch 28: train acc: 0.5748 train loss: 0.9253 valid acc: 0.5312 valid loss: 1.0005
Epoch 29: train acc: 0.5844 train loss: 0.9237 valid acc: 0.4766 valid loss: 1.0381
Epoch 30: train acc: 0.5838 train loss: 0.9235 valid acc: 0.5430 valid loss: 0.9773
Epoch 31: train acc: 0.5801 train loss: 0.9199 valid acc: 0.4844 valid loss: 1.0402
Epoch 32: train acc: 0.5928 train loss: 0.9156 valid acc: 0.4883 valid loss: 1.0349
Epoch 33: train acc: 0.5820 train loss: 0.9148 valid acc: 0.5234 valid loss: 0.9999
Epoch 34: train acc: 0.5836 train loss: 0.9148 valid acc: 0.4102 valid loss: 1.0843
Epoch 35: train acc: 0.5846 train loss: 0.9109 valid acc: 0.4609 valid loss: 1.0286
Epoch 36: train acc: 0.5859 train loss: 0.9090 valid acc: 0.4688 valid loss: 1.0661
Epoch 37: train acc: 0.5826 train loss: 0.9096 valid acc: 0.5742 valid loss: 0.9509
Epoch 38: train acc: 0.5783 train loss: 0.9114 valid acc: 0.5938 valid loss: 0.9511
Epoch 39: train acc: 0.5785 train loss: 0.9097 valid acc: 0.5078 valid loss: 1.0230
Epoch 40: train acc: 0.5863 train loss: 0.9059 valid acc: 0.5664 valid loss: 0.9674
Epoch 41: train acc: 0.5846 train loss: 0.9027 valid acc: 0.5156 valid loss: 1.0224
Epoch 42: train acc: 0.5820 train loss: 0.9063 valid acc: 0.5586 valid loss: 0.9460
Epoch 43: train acc: 0.5916 train loss: 0.9025 valid acc: 0.4648 valid loss: 1.0526
Epoch 44: train acc: 0.5900 train loss: 0.9026 valid acc: 0.5117 valid loss: 1.0036
Epoch 45: train acc: 0.5895 train loss: 0.9001 valid acc: 0.5664 valid loss: 1.0007
Epoch 46: train acc: 0.5859 train loss: 0.8971 valid acc: 0.5039 valid loss: 1.0190
Epoch 47: train acc: 0.5902 train loss: 0.8977 valid acc: 0.5625 valid loss: 0.9571
Epoch 48: train acc: 0.5926 train loss: 0.8970 valid acc: 0.4961 valid loss: 1.0157
Epoch 49: train acc: 0.5891 train loss: 0.9001 valid acc: 0.4922 valid loss: 1.0114
Run 03: test acc: 0.5340 test loss: 0.9885
Epoch 00: train acc: 0.4998 train loss: 1.0397 valid acc: 0.5117 valid loss: 1.0277
Epoch 01: train acc: 0.5090 train loss: 1.0138 valid acc: 0.5977 valid loss: 0.9411
Epoch 02: train acc: 0.5102 train loss: 1.0194 valid acc: 0.5977 valid loss: 0.9475
Epoch 03: train acc: 0.5150 train loss: 1.0067 valid acc: 0.5703 valid loss: 0.9955
Epoch 04: train acc: 0.5234 train loss: 1.0050 valid acc: 0.5977 valid loss: 0.9092
Epoch 05: train acc: 0.5207 train loss: 0.9950 valid acc: 0.5117 valid loss: 1.0144
Epoch 06: train acc: 0.5156 train loss: 0.9921 valid acc: 0.5625 valid loss: 0.9975
Epoch 07: train acc: 0.5195 train loss: 0.9856 valid acc: 0.5117 valid loss: 1.0066
Epoch 08: train acc: 0.5275 train loss: 0.9773 valid acc: 0.5742 valid loss: 0.9535
Epoch 09: train acc: 0.5332 train loss: 0.9778 valid acc: 0.5000 valid loss: 0.9970
Epoch 10: train acc: 0.5377 train loss: 0.9766 valid acc: 0.5547 valid loss: 0.9758
Epoch 11: train acc: 0.5289 train loss: 0.9730 valid acc: 0.5742 valid loss: 0.9502
Epoch 12: train acc: 0.5588 train loss: 0.9656 valid acc: 0.4844 valid loss: 1.0274
Epoch 13: train acc: 0.5590 train loss: 0.9670 valid acc: 0.4844 valid loss: 1.0452
Epoch 14: train acc: 0.5344 train loss: 0.9633 valid acc: 0.5273 valid loss: 1.0122
Epoch 15: train acc: 0.5498 train loss: 0.9535 valid acc: 0.4805 valid loss: 0.9874
Epoch 16: train acc: 0.5631 train loss: 0.9556 valid acc: 0.5352 valid loss: 0.9918
Epoch 17: train acc: 0.5582 train loss: 0.9565 valid acc: 0.5352 valid loss: 0.9658
Epoch 18: train acc: 0.5717 train loss: 0.9515 valid acc: 0.5664 valid loss: 0.9921
Epoch 19: train acc: 0.5330 train loss: 0.9662 valid acc: 0.4141 valid loss: 1.0830
Epoch 20: train acc: 0.5521 train loss: 0.9506 valid acc: 0.5078 valid loss: 1.0123
Epoch 21: train acc: 0.5457 train loss: 0.9431 valid acc: 0.4688 valid loss: 1.0143
Epoch 22: train acc: 0.5842 train loss: 0.9367 valid acc: 0.5117 valid loss: 0.9708
Epoch 23: train acc: 0.5635 train loss: 0.9354 valid acc: 0.4375 valid loss: 1.0754
Epoch 24: train acc: 0.5715 train loss: 0.9360 valid acc: 0.5352 valid loss: 0.9604
Epoch 25: train acc: 0.5738 train loss: 0.9345 valid acc: 0.5664 valid loss: 0.9979
Epoch 26: train acc: 0.5738 train loss: 0.9295 valid acc: 0.4531 valid loss: 1.0704
Epoch 27: train acc: 0.5711 train loss: 0.9267 valid acc: 0.5312 valid loss: 0.9887
Epoch 28: train acc: 0.5654 train loss: 0.9285 valid acc: 0.4531 valid loss: 1.0515
Epoch 29: train acc: 0.5816 train loss: 0.9257 valid acc: 0.5352 valid loss: 0.9900
Epoch 30: train acc: 0.5750 train loss: 0.9207 valid acc: 0.5273 valid loss: 0.9888
Epoch 31: train acc: 0.5725 train loss: 0.9209 valid acc: 0.5195 valid loss: 1.0207
Epoch 32: train acc: 0.5900 train loss: 0.9217 valid acc: 0.5703 valid loss: 0.9338
Epoch 33: train acc: 0.5693 train loss: 0.9190 valid acc: 0.4062 valid loss: 1.0804
Epoch 34: train acc: 0.6002 train loss: 0.9165 valid acc: 0.4883 valid loss: 1.0165
Epoch 35: train acc: 0.5750 train loss: 0.9184 valid acc: 0.5078 valid loss: 0.9908
Epoch 36: train acc: 0.5785 train loss: 0.9131 valid acc: 0.5312 valid loss: 0.9883
Epoch 37: train acc: 0.5830 train loss: 0.9149 valid acc: 0.4883 valid loss: 1.0512
Epoch 38: train acc: 0.5814 train loss: 0.9106 valid acc: 0.4883 valid loss: 1.0406
Epoch 39: train acc: 0.5850 train loss: 0.9081 valid acc: 0.5703 valid loss: 0.9692
Epoch 40: train acc: 0.5814 train loss: 0.9090 valid acc: 0.5469 valid loss: 0.9747
Epoch 41: train acc: 0.5770 train loss: 0.9089 valid acc: 0.5078 valid loss: 0.9903
Epoch 42: train acc: 0.5885 train loss: 0.9067 valid acc: 0.4844 valid loss: 1.0252
Epoch 43: train acc: 0.5779 train loss: 0.9073 valid acc: 0.4805 valid loss: 1.0047
Epoch 44: train acc: 0.5846 train loss: 0.9094 valid acc: 0.5156 valid loss: 1.0080
Epoch 45: train acc: 0.5777 train loss: 0.9016 valid acc: 0.4883 valid loss: 1.0529
Epoch 46: train acc: 0.5873 train loss: 0.8976 valid acc: 0.4414 valid loss: 1.0486
Epoch 47: train acc: 0.5754 train loss: 0.9012 valid acc: 0.5078 valid loss: 1.0098
Epoch 48: train acc: 0.5916 train loss: 0.9011 valid acc: 0.5391 valid loss: 1.0079
Epoch 49: train acc: 0.5875 train loss: 0.8989 valid acc: 0.5430 valid loss: 0.9695
Run 04: test acc: 0.5367 test loss: 0.9863
Epoch 00: train acc: 0.5123 train loss: 1.0426 valid acc: 0.5430 valid loss: 0.9985
Epoch 01: train acc: 0.5096 train loss: 1.0165 valid acc: 0.5430 valid loss: 0.9827
Epoch 02: train acc: 0.5148 train loss: 1.0094 valid acc: 0.5703 valid loss: 0.9373
Epoch 03: train acc: 0.5107 train loss: 1.0056 valid acc: 0.5156 valid loss: 1.0402
Epoch 04: train acc: 0.5129 train loss: 0.9997 valid acc: 0.5430 valid loss: 1.0010
Epoch 05: train acc: 0.5242 train loss: 0.9967 valid acc: 0.5391 valid loss: 1.0079
Epoch 06: train acc: 0.5205 train loss: 0.9903 valid acc: 0.5664 valid loss: 0.9759
Epoch 07: train acc: 0.5174 train loss: 0.9876 valid acc: 0.5391 valid loss: 0.9924
Epoch 08: train acc: 0.5461 train loss: 0.9834 valid acc: 0.5664 valid loss: 0.9634
Epoch 09: train acc: 0.5277 train loss: 0.9767 valid acc: 0.5352 valid loss: 0.9789
Epoch 10: train acc: 0.5457 train loss: 0.9780 valid acc: 0.4219 valid loss: 1.0667
Epoch 11: train acc: 0.5441 train loss: 0.9753 valid acc: 0.4727 valid loss: 1.0428
Epoch 12: train acc: 0.5465 train loss: 0.9695 valid acc: 0.5664 valid loss: 0.9704
Epoch 13: train acc: 0.5463 train loss: 0.9668 valid acc: 0.5078 valid loss: 1.0197
Epoch 14: train acc: 0.5482 train loss: 0.9644 valid acc: 0.5078 valid loss: 0.9848
Epoch 15: train acc: 0.5568 train loss: 0.9638 valid acc: 0.5039 valid loss: 1.0044
Epoch 16: train acc: 0.5500 train loss: 0.9570 valid acc: 0.4688 valid loss: 1.0152
Epoch 17: train acc: 0.5594 train loss: 0.9565 valid acc: 0.4922 valid loss: 1.0174
Epoch 18: train acc: 0.5693 train loss: 0.9484 valid acc: 0.4844 valid loss: 0.9995
Epoch 19: train acc: 0.5600 train loss: 0.9518 valid acc: 0.5391 valid loss: 1.0007
Epoch 20: train acc: 0.5564 train loss: 0.9513 valid acc: 0.5195 valid loss: 1.0249
Epoch 21: train acc: 0.5732 train loss: 0.9471 valid acc: 0.5352 valid loss: 0.9327
Epoch 22: train acc: 0.5648 train loss: 0.9454 valid acc: 0.4531 valid loss: 1.0235
Epoch 23: train acc: 0.5609 train loss: 0.9397 valid acc: 0.5000 valid loss: 1.0187
Epoch 24: train acc: 0.5604 train loss: 0.9382 valid acc: 0.5664 valid loss: 0.9630
Epoch 25: train acc: 0.5645 train loss: 0.9384 valid acc: 0.4844 valid loss: 0.9924
Epoch 26: train acc: 0.5764 train loss: 0.9353 valid acc: 0.5352 valid loss: 0.9888
Epoch 27: train acc: 0.5779 train loss: 0.9287 valid acc: 0.5391 valid loss: 0.9779
Epoch 28: train acc: 0.5752 train loss: 0.9302 valid acc: 0.5547 valid loss: 0.9993
Epoch 29: train acc: 0.5734 train loss: 0.9288 valid acc: 0.5820 valid loss: 0.9176
Epoch 30: train acc: 0.5609 train loss: 0.9314 valid acc: 0.4648 valid loss: 1.0542
Epoch 31: train acc: 0.5693 train loss: 0.9269 valid acc: 0.5391 valid loss: 1.0119
Epoch 32: train acc: 0.5725 train loss: 0.9262 valid acc: 0.5664 valid loss: 0.9730
Epoch 33: train acc: 0.5832 train loss: 0.9225 valid acc: 0.5977 valid loss: 0.9390
Epoch 34: train acc: 0.5746 train loss: 0.9238 valid acc: 0.5000 valid loss: 0.9930
Epoch 35: train acc: 0.5783 train loss: 0.9191 valid acc: 0.5117 valid loss: 1.0005
Epoch 36: train acc: 0.5766 train loss: 0.9129 valid acc: 0.5352 valid loss: 1.0100
Epoch 37: train acc: 0.5924 train loss: 0.9126 valid acc: 0.5000 valid loss: 1.0476
Epoch 38: train acc: 0.5723 train loss: 0.9131 valid acc: 0.4570 valid loss: 1.0286
Epoch 39: train acc: 0.5820 train loss: 0.9137 valid acc: 0.4883 valid loss: 1.0550
Epoch 40: train acc: 0.5734 train loss: 0.9151 valid acc: 0.4883 valid loss: 1.0041
Epoch 41: train acc: 0.5863 train loss: 0.9062 valid acc: 0.5000 valid loss: 1.0197
Epoch 42: train acc: 0.5824 train loss: 0.9057 valid acc: 0.5469 valid loss: 0.9862
Epoch 43: train acc: 0.5883 train loss: 0.9041 valid acc: 0.4453 valid loss: 1.0174
Epoch 44: train acc: 0.5818 train loss: 0.9057 valid acc: 0.4961 valid loss: 1.0141
Epoch 45: train acc: 0.5863 train loss: 0.9050 valid acc: 0.5430 valid loss: 0.9862
Epoch 46: train acc: 0.5844 train loss: 0.9044 valid acc: 0.4844 valid loss: 1.0218
Epoch 47: train acc: 0.5910 train loss: 0.9013 valid acc: 0.5117 valid loss: 1.0009
Epoch 48: train acc: 0.5895 train loss: 0.8989 valid acc: 0.5391 valid loss: 1.0157
Epoch 49: train acc: 0.5887 train loss: 0.8967 valid acc: 0.4570 valid loss: 1.0519
Run 05: test acc: 0.5434 test loss: 0.9708
Epoch 00: train acc: 0.5047 train loss: 1.0350 valid acc: 0.5977 valid loss: 1.0066
Epoch 01: train acc: 0.5131 train loss: 1.0116 valid acc: 0.5156 valid loss: 1.0218
Epoch 02: train acc: 0.5184 train loss: 1.0061 valid acc: 0.5508 valid loss: 1.0067
Epoch 03: train acc: 0.5158 train loss: 1.0031 valid acc: 0.5703 valid loss: 0.9719
Epoch 04: train acc: 0.5041 train loss: 1.0007 valid acc: 0.5938 valid loss: 0.9467
Epoch 05: train acc: 0.5148 train loss: 1.0020 valid acc: 0.6328 valid loss: 0.9445
Epoch 06: train acc: 0.5152 train loss: 0.9955 valid acc: 0.5664 valid loss: 0.9718
Epoch 07: train acc: 0.5326 train loss: 0.9847 valid acc: 0.6016 valid loss: 0.9343
Epoch 08: train acc: 0.5402 train loss: 0.9793 valid acc: 0.5664 valid loss: 0.9862
Epoch 09: train acc: 0.5293 train loss: 0.9758 valid acc: 0.4805 valid loss: 1.0328
Epoch 10: train acc: 0.5379 train loss: 0.9777 valid acc: 0.5430 valid loss: 0.9653
Epoch 11: train acc: 0.5453 train loss: 0.9732 valid acc: 0.5898 valid loss: 0.9550
Epoch 12: train acc: 0.5516 train loss: 0.9655 valid acc: 0.5117 valid loss: 0.9914
Epoch 13: train acc: 0.5475 train loss: 0.9594 valid acc: 0.4414 valid loss: 1.0563
Epoch 14: train acc: 0.5506 train loss: 0.9524 valid acc: 0.5078 valid loss: 1.0070
Epoch 15: train acc: 0.5572 train loss: 0.9540 valid acc: 0.3867 valid loss: 1.0916
Epoch 16: train acc: 0.5666 train loss: 0.9610 valid acc: 0.4297 valid loss: 1.0422
Epoch 17: train acc: 0.5607 train loss: 0.9442 valid acc: 0.5586 valid loss: 0.9852
Epoch 18: train acc: 0.5729 train loss: 0.9409 valid acc: 0.5195 valid loss: 1.0208
Epoch 19: train acc: 0.5732 train loss: 0.9377 valid acc: 0.4180 valid loss: 1.0876
Epoch 20: train acc: 0.5645 train loss: 0.9396 valid acc: 0.4258 valid loss: 1.0842
Epoch 21: train acc: 0.5768 train loss: 0.9479 valid acc: 0.5430 valid loss: 0.9672
Epoch 22: train acc: 0.5709 train loss: 0.9362 valid acc: 0.4883 valid loss: 1.0088
Epoch 23: train acc: 0.5752 train loss: 0.9292 valid acc: 0.5039 valid loss: 1.0002
Epoch 24: train acc: 0.5764 train loss: 0.9278 valid acc: 0.5078 valid loss: 1.0104
Epoch 25: train acc: 0.5779 train loss: 0.9231 valid acc: 0.4805 valid loss: 1.0270
Epoch 26: train acc: 0.5799 train loss: 0.9199 valid acc: 0.4961 valid loss: 1.0035
Epoch 27: train acc: 0.5848 train loss: 0.9193 valid acc: 0.4570 valid loss: 1.0228
Epoch 28: train acc: 0.5703 train loss: 0.9196 valid acc: 0.5234 valid loss: 1.0062
Epoch 29: train acc: 0.5855 train loss: 0.9195 valid acc: 0.4883 valid loss: 1.0080
Epoch 30: train acc: 0.5775 train loss: 0.9151 valid acc: 0.4961 valid loss: 1.0259
Epoch 31: train acc: 0.5787 train loss: 0.9131 valid acc: 0.4023 valid loss: 1.0799
Epoch 32: train acc: 0.5811 train loss: 0.9084 valid acc: 0.5078 valid loss: 1.0223
Epoch 33: train acc: 0.5879 train loss: 0.9104 valid acc: 0.4922 valid loss: 1.0648
Epoch 34: train acc: 0.5904 train loss: 0.9089 valid acc: 0.4688 valid loss: 1.1162
Epoch 35: train acc: 0.5922 train loss: 0.9021 valid acc: 0.5430 valid loss: 0.9984
Epoch 36: train acc: 0.5859 train loss: 0.9010 valid acc: 0.4883 valid loss: 1.0496
Epoch 37: train acc: 0.5861 train loss: 0.9016 valid acc: 0.4844 valid loss: 1.0388
Epoch 38: train acc: 0.5822 train loss: 0.9003 valid acc: 0.4570 valid loss: 1.0836
Epoch 39: train acc: 0.6006 train loss: 0.8995 valid acc: 0.5234 valid loss: 0.9986
Epoch 40: train acc: 0.5922 train loss: 0.9006 valid acc: 0.5352 valid loss: 1.0262
Epoch 41: train acc: 0.5955 train loss: 0.8932 valid acc: 0.5391 valid loss: 1.0340
Epoch 42: train acc: 0.5971 train loss: 0.8935 valid acc: 0.5312 valid loss: 1.0111
Epoch 43: train acc: 0.5975 train loss: 0.8949 valid acc: 0.5273 valid loss: 1.0082
Epoch 44: train acc: 0.5873 train loss: 0.8940 valid acc: 0.4844 valid loss: 1.0678
Epoch 45: train acc: 0.5984 train loss: 0.8865 valid acc: 0.4922 valid loss: 1.0274
Epoch 46: train acc: 0.5910 train loss: 0.8904 valid acc: 0.5781 valid loss: 0.9875
Epoch 47: train acc: 0.6119 train loss: 0.8888 valid acc: 0.5430 valid loss: 1.0021
Epoch 48: train acc: 0.5861 train loss: 0.8898 valid acc: 0.4727 valid loss: 1.0836
Epoch 49: train acc: 0.6006 train loss: 0.8853 valid acc: 0.4531 valid loss: 1.0614
Run 06: test acc: 0.5176 test loss: 1.0076
Epoch 00: train acc: 0.4861 train loss: 1.0480 valid acc: 0.5664 valid loss: 0.9795
Epoch 01: train acc: 0.5113 train loss: 1.0179 valid acc: 0.5391 valid loss: 1.0116
Epoch 02: train acc: 0.5123 train loss: 1.0107 valid acc: 0.5391 valid loss: 1.0020
Epoch 03: train acc: 0.5125 train loss: 1.0034 valid acc: 0.5625 valid loss: 0.9773
Epoch 04: train acc: 0.5127 train loss: 1.0040 valid acc: 0.5391 valid loss: 1.0014
Epoch 05: train acc: 0.5221 train loss: 1.0027 valid acc: 0.5586 valid loss: 0.9905
Epoch 06: train acc: 0.5180 train loss: 0.9906 valid acc: 0.4805 valid loss: 1.0224
Epoch 07: train acc: 0.5248 train loss: 0.9873 valid acc: 0.5352 valid loss: 1.0238
Epoch 08: train acc: 0.5217 train loss: 0.9806 valid acc: 0.5352 valid loss: 0.9936
Epoch 09: train acc: 0.5211 train loss: 0.9782 valid acc: 0.5039 valid loss: 0.9928
Epoch 10: train acc: 0.5211 train loss: 0.9789 valid acc: 0.4688 valid loss: 1.0138
Epoch 11: train acc: 0.5502 train loss: 0.9740 valid acc: 0.5195 valid loss: 0.9981
Epoch 12: train acc: 0.5350 train loss: 0.9722 valid acc: 0.5273 valid loss: 0.9726
Epoch 13: train acc: 0.5520 train loss: 0.9661 valid acc: 0.5625 valid loss: 0.9569
Epoch 14: train acc: 0.5406 train loss: 0.9634 valid acc: 0.4570 valid loss: 1.0206
Epoch 15: train acc: 0.5410 train loss: 0.9654 valid acc: 0.5195 valid loss: 0.9827
Epoch 16: train acc: 0.5682 train loss: 0.9557 valid acc: 0.5234 valid loss: 1.0262
Epoch 17: train acc: 0.5566 train loss: 0.9638 valid acc: 0.4844 valid loss: 1.0346
Epoch 18: train acc: 0.5455 train loss: 0.9527 valid acc: 0.5352 valid loss: 0.9702
Epoch 19: train acc: 0.5689 train loss: 0.9486 valid acc: 0.4688 valid loss: 1.0312
Epoch 20: train acc: 0.5684 train loss: 0.9455 valid acc: 0.5234 valid loss: 0.9599
Epoch 21: train acc: 0.5674 train loss: 0.9494 valid acc: 0.4531 valid loss: 1.0044
Epoch 22: train acc: 0.5596 train loss: 0.9445 valid acc: 0.5742 valid loss: 0.9816
Epoch 23: train acc: 0.5658 train loss: 0.9475 valid acc: 0.5508 valid loss: 0.9541
Epoch 24: train acc: 0.5635 train loss: 0.9432 valid acc: 0.4688 valid loss: 1.0367
Epoch 25: train acc: 0.5547 train loss: 0.9396 valid acc: 0.5312 valid loss: 0.9914
Epoch 26: train acc: 0.5746 train loss: 0.9375 valid acc: 0.5391 valid loss: 1.0021
Epoch 27: train acc: 0.5705 train loss: 0.9334 valid acc: 0.4883 valid loss: 0.9877
Epoch 28: train acc: 0.5730 train loss: 0.9339 valid acc: 0.4609 valid loss: 1.0375
Epoch 29: train acc: 0.5672 train loss: 0.9340 valid acc: 0.4844 valid loss: 1.0097
Epoch 30: train acc: 0.5764 train loss: 0.9333 valid acc: 0.5195 valid loss: 0.9835
Epoch 31: train acc: 0.5785 train loss: 0.9248 valid acc: 0.4414 valid loss: 1.0502
Epoch 32: train acc: 0.5793 train loss: 0.9234 valid acc: 0.4688 valid loss: 1.0331
Epoch 33: train acc: 0.5723 train loss: 0.9246 valid acc: 0.5078 valid loss: 0.9737
Epoch 34: train acc: 0.5756 train loss: 0.9201 valid acc: 0.5508 valid loss: 0.9823
Epoch 35: train acc: 0.5887 train loss: 0.9190 valid acc: 0.4961 valid loss: 1.0340
Epoch 36: train acc: 0.5787 train loss: 0.9188 valid acc: 0.4609 valid loss: 1.0319
Epoch 37: train acc: 0.5867 train loss: 0.9150 valid acc: 0.4766 valid loss: 1.0158
Epoch 38: train acc: 0.5816 train loss: 0.9169 valid acc: 0.5508 valid loss: 0.9333
Epoch 39: train acc: 0.5813 train loss: 0.9131 valid acc: 0.5117 valid loss: 0.9706
Epoch 40: train acc: 0.5801 train loss: 0.9129 valid acc: 0.4375 valid loss: 1.0477
Epoch 41: train acc: 0.5900 train loss: 0.9094 valid acc: 0.4648 valid loss: 1.0400
Epoch 42: train acc: 0.5838 train loss: 0.9096 valid acc: 0.5195 valid loss: 1.0068
Epoch 43: train acc: 0.5875 train loss: 0.9109 valid acc: 0.4883 valid loss: 0.9781
Epoch 44: train acc: 0.5893 train loss: 0.9074 valid acc: 0.5156 valid loss: 0.9813
Epoch 45: train acc: 0.5848 train loss: 0.9055 valid acc: 0.5273 valid loss: 0.9978
Epoch 46: train acc: 0.5873 train loss: 0.9078 valid acc: 0.4883 valid loss: 0.9609
Epoch 47: train acc: 0.5846 train loss: 0.9053 valid acc: 0.4844 valid loss: 1.0087
Epoch 48: train acc: 0.5887 train loss: 0.9054 valid acc: 0.5547 valid loss: 0.9553
Epoch 49: train acc: 0.5941 train loss: 0.9001 valid acc: 0.5000 valid loss: 0.9778
Run 07: test acc: 0.5348 test loss: 0.9988
Epoch 00: train acc: 0.4877 train loss: 1.0456 valid acc: 0.5703 valid loss: 0.9698
Epoch 01: train acc: 0.5107 train loss: 1.0213 valid acc: 0.5430 valid loss: 0.9758
Epoch 02: train acc: 0.5066 train loss: 1.0116 valid acc: 0.5430 valid loss: 0.9887
Epoch 03: train acc: 0.5102 train loss: 1.0063 valid acc: 0.5938 valid loss: 0.9654
Epoch 04: train acc: 0.5082 train loss: 1.0035 valid acc: 0.5117 valid loss: 1.0287
Epoch 05: train acc: 0.5150 train loss: 1.0082 valid acc: 0.5664 valid loss: 0.9594
Epoch 06: train acc: 0.5396 train loss: 0.9955 valid acc: 0.5625 valid loss: 0.9691
Epoch 07: train acc: 0.5256 train loss: 0.9895 valid acc: 0.5820 valid loss: 0.9436
Epoch 08: train acc: 0.5373 train loss: 0.9873 valid acc: 0.5664 valid loss: 0.9716
Epoch 09: train acc: 0.5314 train loss: 0.9879 valid acc: 0.4414 valid loss: 1.0534
Epoch 10: train acc: 0.5352 train loss: 0.9831 valid acc: 0.4805 valid loss: 1.0403
Epoch 11: train acc: 0.5539 train loss: 0.9781 valid acc: 0.5352 valid loss: 1.0068
Epoch 12: train acc: 0.5404 train loss: 0.9702 valid acc: 0.4492 valid loss: 1.0461
Epoch 13: train acc: 0.5531 train loss: 0.9699 valid acc: 0.5273 valid loss: 1.0171
Epoch 14: train acc: 0.5391 train loss: 0.9677 valid acc: 0.5469 valid loss: 0.9707
Epoch 15: train acc: 0.5504 train loss: 0.9632 valid acc: 0.4922 valid loss: 1.0269
Epoch 16: train acc: 0.5543 train loss: 0.9586 valid acc: 0.5312 valid loss: 1.0031
Epoch 17: train acc: 0.5588 train loss: 0.9600 valid acc: 0.4766 valid loss: 1.0547
Epoch 18: train acc: 0.5658 train loss: 0.9615 valid acc: 0.5039 valid loss: 1.0374
Epoch 19: train acc: 0.5525 train loss: 0.9558 valid acc: 0.4922 valid loss: 0.9987
Epoch 20: train acc: 0.5621 train loss: 0.9524 valid acc: 0.5781 valid loss: 0.9341
Epoch 21: train acc: 0.5584 train loss: 0.9447 valid acc: 0.3906 valid loss: 1.0574
Epoch 22: train acc: 0.5840 train loss: 0.9433 valid acc: 0.5195 valid loss: 0.9893
Epoch 23: train acc: 0.5604 train loss: 0.9451 valid acc: 0.5391 valid loss: 0.9774
Epoch 24: train acc: 0.5752 train loss: 0.9444 valid acc: 0.4844 valid loss: 1.0218
Epoch 25: train acc: 0.5662 train loss: 0.9423 valid acc: 0.4688 valid loss: 1.0554
Epoch 26: train acc: 0.5709 train loss: 0.9366 valid acc: 0.5039 valid loss: 1.0096
Epoch 27: train acc: 0.5680 train loss: 0.9350 valid acc: 0.5469 valid loss: 0.9735
Epoch 28: train acc: 0.5789 train loss: 0.9280 valid acc: 0.4219 valid loss: 1.0579
Epoch 29: train acc: 0.5693 train loss: 0.9302 valid acc: 0.5312 valid loss: 1.0095
Epoch 30: train acc: 0.5854 train loss: 0.9269 valid acc: 0.5195 valid loss: 1.0053
Epoch 31: train acc: 0.5744 train loss: 0.9284 valid acc: 0.4961 valid loss: 1.0043
Epoch 32: train acc: 0.5758 train loss: 0.9282 valid acc: 0.4688 valid loss: 1.0219
Epoch 33: train acc: 0.5752 train loss: 0.9243 valid acc: 0.4805 valid loss: 0.9936
Epoch 34: train acc: 0.5783 train loss: 0.9213 valid acc: 0.5312 valid loss: 0.9921
Epoch 35: train acc: 0.5840 train loss: 0.9164 valid acc: 0.4961 valid loss: 0.9934
Epoch 36: train acc: 0.5744 train loss: 0.9219 valid acc: 0.5352 valid loss: 0.9795
Epoch 37: train acc: 0.5799 train loss: 0.9189 valid acc: 0.5469 valid loss: 0.9702
Epoch 38: train acc: 0.5717 train loss: 0.9169 valid acc: 0.4531 valid loss: 1.0125
Epoch 39: train acc: 0.5822 train loss: 0.9154 valid acc: 0.4922 valid loss: 1.0021
Epoch 40: train acc: 0.5838 train loss: 0.9134 valid acc: 0.5352 valid loss: 0.9976
Epoch 41: train acc: 0.5805 train loss: 0.9150 valid acc: 0.4844 valid loss: 1.0795
Epoch 42: train acc: 0.5795 train loss: 0.9117 valid acc: 0.4922 valid loss: 1.0004
Epoch 43: train acc: 0.5770 train loss: 0.9135 valid acc: 0.4922 valid loss: 0.9930
Epoch 44: train acc: 0.5861 train loss: 0.9124 valid acc: 0.5391 valid loss: 0.9844
Epoch 45: train acc: 0.5809 train loss: 0.9088 valid acc: 0.5391 valid loss: 0.9850
Epoch 46: train acc: 0.5791 train loss: 0.9088 valid acc: 0.4336 valid loss: 1.0656
Epoch 47: train acc: 0.5824 train loss: 0.9055 valid acc: 0.4727 valid loss: 1.0557
Epoch 48: train acc: 0.5830 train loss: 0.9055 valid acc: 0.5039 valid loss: 1.0416
Epoch 49: train acc: 0.5795 train loss: 0.9082 valid acc: 0.5352 valid loss: 1.0135
Run 08: test acc: 0.5258 test loss: 0.9913
Epoch 00: train acc: 0.5059 train loss: 1.0269 valid acc: 0.5156 valid loss: 1.0248
Epoch 01: train acc: 0.5119 train loss: 1.0119 valid acc: 0.5430 valid loss: 1.0056
Epoch 02: train acc: 0.5078 train loss: 1.0100 valid acc: 0.5430 valid loss: 1.0176
Epoch 03: train acc: 0.5271 train loss: 0.9961 valid acc: 0.5977 valid loss: 0.9579
Epoch 04: train acc: 0.5100 train loss: 0.9996 valid acc: 0.5352 valid loss: 0.9736
Epoch 05: train acc: 0.5178 train loss: 0.9889 valid acc: 0.5430 valid loss: 1.0023
Epoch 06: train acc: 0.5199 train loss: 0.9885 valid acc: 0.5977 valid loss: 0.9584
Epoch 07: train acc: 0.5301 train loss: 0.9861 valid acc: 0.5430 valid loss: 1.0193
Epoch 08: train acc: 0.5246 train loss: 0.9790 valid acc: 0.5273 valid loss: 1.0184
Epoch 09: train acc: 0.5404 train loss: 0.9763 valid acc: 0.4961 valid loss: 1.0053
Epoch 10: train acc: 0.5430 train loss: 0.9704 valid acc: 0.5195 valid loss: 1.0306
Epoch 11: train acc: 0.5398 train loss: 0.9721 valid acc: 0.5430 valid loss: 0.9662
Epoch 12: train acc: 0.5576 train loss: 0.9623 valid acc: 0.4609 valid loss: 1.0132
Epoch 13: train acc: 0.5568 train loss: 0.9555 valid acc: 0.4219 valid loss: 1.0622
Epoch 14: train acc: 0.5408 train loss: 0.9582 valid acc: 0.4609 valid loss: 1.0010
Epoch 15: train acc: 0.5701 train loss: 0.9504 valid acc: 0.4688 valid loss: 1.0541
Epoch 16: train acc: 0.5594 train loss: 0.9510 valid acc: 0.4492 valid loss: 1.0525
Epoch 17: train acc: 0.5557 train loss: 0.9453 valid acc: 0.5000 valid loss: 1.0138
Epoch 18: train acc: 0.5791 train loss: 0.9405 valid acc: 0.5820 valid loss: 0.9263
Epoch 19: train acc: 0.5623 train loss: 0.9385 valid acc: 0.4727 valid loss: 0.9945
Epoch 20: train acc: 0.5713 train loss: 0.9361 valid acc: 0.5117 valid loss: 1.0336
Epoch 21: train acc: 0.5648 train loss: 0.9394 valid acc: 0.6328 valid loss: 0.8968
Epoch 22: train acc: 0.5771 train loss: 0.9331 valid acc: 0.5352 valid loss: 1.0001
Epoch 23: train acc: 0.5705 train loss: 0.9416 valid acc: 0.4805 valid loss: 1.0622
Epoch 24: train acc: 0.5625 train loss: 0.9274 valid acc: 0.4180 valid loss: 1.0715
Epoch 25: train acc: 0.5773 train loss: 0.9236 valid acc: 0.4297 valid loss: 1.0068
Epoch 26: train acc: 0.5754 train loss: 0.9311 valid acc: 0.5000 valid loss: 1.0582
Epoch 27: train acc: 0.5721 train loss: 0.9243 valid acc: 0.5625 valid loss: 0.9469
Epoch 28: train acc: 0.5750 train loss: 0.9180 valid acc: 0.5469 valid loss: 0.9953
Epoch 29: train acc: 0.5771 train loss: 0.9185 valid acc: 0.4766 valid loss: 1.0284
Epoch 30: train acc: 0.5822 train loss: 0.9197 valid acc: 0.4922 valid loss: 0.9974
Epoch 31: train acc: 0.5932 train loss: 0.9121 valid acc: 0.6016 valid loss: 0.9299
Epoch 32: train acc: 0.5852 train loss: 0.9049 valid acc: 0.4492 valid loss: 1.0333
Epoch 33: train acc: 0.5852 train loss: 0.9071 valid acc: 0.4922 valid loss: 1.0060
Epoch 34: train acc: 0.5895 train loss: 0.9027 valid acc: 0.5508 valid loss: 0.9758
Epoch 35: train acc: 0.5900 train loss: 0.9046 valid acc: 0.4883 valid loss: 1.0222
Epoch 36: train acc: 0.5887 train loss: 0.9034 valid acc: 0.5234 valid loss: 0.9957
Epoch 37: train acc: 0.5844 train loss: 0.8993 valid acc: 0.5469 valid loss: 0.9962
Epoch 38: train acc: 0.5910 train loss: 0.8950 valid acc: 0.4219 valid loss: 1.0674
Epoch 39: train acc: 0.5893 train loss: 0.9051 valid acc: 0.4922 valid loss: 1.0122
Epoch 40: train acc: 0.5990 train loss: 0.8970 valid acc: 0.5820 valid loss: 0.9610
Epoch 41: train acc: 0.6072 train loss: 0.8921 valid acc: 0.5117 valid loss: 1.0064
Epoch 42: train acc: 0.5861 train loss: 0.8936 valid acc: 0.4492 valid loss: 1.0464
Epoch 43: train acc: 0.6078 train loss: 0.8915 valid acc: 0.4883 valid loss: 0.9718
Epoch 44: train acc: 0.5971 train loss: 0.8911 valid acc: 0.5039 valid loss: 0.9782
Epoch 45: train acc: 0.5889 train loss: 0.8867 valid acc: 0.5273 valid loss: 1.0079
Epoch 46: train acc: 0.5943 train loss: 0.8916 valid acc: 0.4883 valid loss: 1.0299
Epoch 47: train acc: 0.5982 train loss: 0.8831 valid acc: 0.5039 valid loss: 1.0185
Epoch 48: train acc: 0.6045 train loss: 0.8817 valid acc: 0.5547 valid loss: 0.9408
Epoch 49: train acc: 0.5932 train loss: 0.8837 valid acc: 0.4414 valid loss: 1.0333
Run 09: test acc: 0.5598 test loss: 0.9579
Test acc: 0.5350 (0.0106), loss: 0.9872 (0.0134)
DONE
