Starting script
GCDC Clinton
Epoch 00: train acc: 0.4803 train loss: 1.0355 valid acc: 0.5859 valid loss: 1.0051
Epoch 01: train acc: 0.5184 train loss: 1.0132 valid acc: 0.4688 valid loss: 1.0476
Epoch 02: train acc: 0.5275 train loss: 0.9894 valid acc: 0.4531 valid loss: 1.1312
Epoch 03: train acc: 0.5350 train loss: 0.9749 valid acc: 0.3789 valid loss: 1.0888
Epoch 04: train acc: 0.5369 train loss: 0.9635 valid acc: 0.5430 valid loss: 1.0243
Epoch 05: train acc: 0.5506 train loss: 0.9513 valid acc: 0.5430 valid loss: 0.9926
Epoch 06: train acc: 0.5576 train loss: 0.9517 valid acc: 0.5273 valid loss: 0.9629
Epoch 07: train acc: 0.5660 train loss: 0.9377 valid acc: 0.4570 valid loss: 1.0306
Epoch 08: train acc: 0.5639 train loss: 0.9420 valid acc: 0.4766 valid loss: 1.0540
Epoch 09: train acc: 0.5785 train loss: 0.9323 valid acc: 0.4453 valid loss: 1.0467
Epoch 10: train acc: 0.5602 train loss: 0.9235 valid acc: 0.5312 valid loss: 0.9865
Epoch 11: train acc: 0.5660 train loss: 0.9189 valid acc: 0.4727 valid loss: 1.0161
Epoch 12: train acc: 0.5898 train loss: 0.9079 valid acc: 0.4531 valid loss: 1.0456
Epoch 13: train acc: 0.5871 train loss: 0.9050 valid acc: 0.5273 valid loss: 0.9747
Epoch 14: train acc: 0.6014 train loss: 0.9003 valid acc: 0.4609 valid loss: 1.0096
Epoch 15: train acc: 0.5826 train loss: 0.9009 valid acc: 0.4922 valid loss: 1.0181
Epoch 16: train acc: 0.5922 train loss: 0.8983 valid acc: 0.5117 valid loss: 1.0070
Epoch 17: train acc: 0.5896 train loss: 0.8854 valid acc: 0.5625 valid loss: 0.9661
Epoch 18: train acc: 0.5982 train loss: 0.8860 valid acc: 0.5039 valid loss: 1.0085
Epoch 19: train acc: 0.6004 train loss: 0.8821 valid acc: 0.4609 valid loss: 1.0119
Epoch 20: train acc: 0.6062 train loss: 0.8744 valid acc: 0.5195 valid loss: 0.9817
Epoch 21: train acc: 0.6064 train loss: 0.8719 valid acc: 0.5156 valid loss: 0.9776
Epoch 22: train acc: 0.6029 train loss: 0.8683 valid acc: 0.5430 valid loss: 1.0160
Epoch 23: train acc: 0.6145 train loss: 0.8655 valid acc: 0.4648 valid loss: 1.0584
Epoch 24: train acc: 0.6158 train loss: 0.8603 valid acc: 0.5312 valid loss: 1.0245
Epoch 25: train acc: 0.5992 train loss: 0.8664 valid acc: 0.5078 valid loss: 0.9652
Epoch 26: train acc: 0.6039 train loss: 0.8683 valid acc: 0.4844 valid loss: 0.9926
Epoch 27: train acc: 0.6164 train loss: 0.8611 valid acc: 0.5703 valid loss: 0.9902
Epoch 28: train acc: 0.6070 train loss: 0.8543 valid acc: 0.5430 valid loss: 0.9751
Epoch 29: train acc: 0.6166 train loss: 0.8495 valid acc: 0.5664 valid loss: 0.9583
Epoch 30: train acc: 0.6191 train loss: 0.8527 valid acc: 0.5742 valid loss: 0.9463
Epoch 31: train acc: 0.6219 train loss: 0.8524 valid acc: 0.5117 valid loss: 0.9823
Epoch 32: train acc: 0.6166 train loss: 0.8484 valid acc: 0.5195 valid loss: 1.0073
Epoch 33: train acc: 0.6205 train loss: 0.8440 valid acc: 0.6016 valid loss: 0.9296
Epoch 34: train acc: 0.6188 train loss: 0.8449 valid acc: 0.4492 valid loss: 1.0715
Epoch 35: train acc: 0.6115 train loss: 0.8406 valid acc: 0.5117 valid loss: 0.9768
Epoch 36: train acc: 0.6234 train loss: 0.8389 valid acc: 0.5352 valid loss: 0.9666
Epoch 37: train acc: 0.6188 train loss: 0.8432 valid acc: 0.5625 valid loss: 0.9703
Epoch 38: train acc: 0.6240 train loss: 0.8335 valid acc: 0.5156 valid loss: 0.9695
Epoch 39: train acc: 0.6262 train loss: 0.8342 valid acc: 0.5117 valid loss: 0.9931
Epoch 40: train acc: 0.6186 train loss: 0.8326 valid acc: 0.4805 valid loss: 1.0659
Epoch 41: train acc: 0.6273 train loss: 0.8308 valid acc: 0.4883 valid loss: 1.0216
Epoch 42: train acc: 0.6334 train loss: 0.8307 valid acc: 0.4570 valid loss: 1.0386
Epoch 43: train acc: 0.6371 train loss: 0.8274 valid acc: 0.5430 valid loss: 0.9586
Epoch 44: train acc: 0.6258 train loss: 0.8274 valid acc: 0.5117 valid loss: 0.9827
Epoch 45: train acc: 0.6230 train loss: 0.8320 valid acc: 0.5078 valid loss: 0.9785
Epoch 46: train acc: 0.6326 train loss: 0.8223 valid acc: 0.5312 valid loss: 0.9535
Epoch 47: train acc: 0.6252 train loss: 0.8259 valid acc: 0.5156 valid loss: 1.0154
Epoch 48: train acc: 0.6318 train loss: 0.8240 valid acc: 0.5117 valid loss: 1.0007
Epoch 49: train acc: 0.6326 train loss: 0.8207 valid acc: 0.4805 valid loss: 1.0346
Run 00: test acc: 0.5961 test loss: 0.9132
Epoch 00: train acc: 0.5090 train loss: 1.0273 valid acc: 0.5156 valid loss: 1.0051
Epoch 01: train acc: 0.5273 train loss: 0.9965 valid acc: 0.4414 valid loss: 1.0917
Epoch 02: train acc: 0.5354 train loss: 0.9803 valid acc: 0.4727 valid loss: 1.0305
Epoch 03: train acc: 0.5479 train loss: 0.9700 valid acc: 0.4805 valid loss: 1.0118
Epoch 04: train acc: 0.5525 train loss: 0.9547 valid acc: 0.4297 valid loss: 1.0754
Epoch 05: train acc: 0.5592 train loss: 0.9478 valid acc: 0.4531 valid loss: 1.0506
Epoch 06: train acc: 0.5773 train loss: 0.9312 valid acc: 0.5625 valid loss: 0.9530
Epoch 07: train acc: 0.5705 train loss: 0.9239 valid acc: 0.4961 valid loss: 1.0239
Epoch 08: train acc: 0.5928 train loss: 0.9193 valid acc: 0.4805 valid loss: 1.0089
Epoch 09: train acc: 0.5787 train loss: 0.9133 valid acc: 0.4609 valid loss: 1.0553
Epoch 10: train acc: 0.5859 train loss: 0.9015 valid acc: 0.5352 valid loss: 0.9822
Epoch 11: train acc: 0.5895 train loss: 0.8940 valid acc: 0.5312 valid loss: 0.9948
Epoch 12: train acc: 0.5941 train loss: 0.8834 valid acc: 0.4688 valid loss: 1.0440
Epoch 13: train acc: 0.5943 train loss: 0.8867 valid acc: 0.5430 valid loss: 0.9749
Epoch 14: train acc: 0.6064 train loss: 0.8811 valid acc: 0.5664 valid loss: 0.9501
Epoch 15: train acc: 0.6084 train loss: 0.8696 valid acc: 0.5312 valid loss: 0.9681
Epoch 16: train acc: 0.6211 train loss: 0.8607 valid acc: 0.4688 valid loss: 1.0569
Epoch 17: train acc: 0.6096 train loss: 0.8627 valid acc: 0.5469 valid loss: 0.9681
Epoch 18: train acc: 0.6000 train loss: 0.8743 valid acc: 0.5156 valid loss: 0.9934
Epoch 19: train acc: 0.6119 train loss: 0.8592 valid acc: 0.5039 valid loss: 1.0329
Epoch 20: train acc: 0.6223 train loss: 0.8502 valid acc: 0.5898 valid loss: 0.9199
Epoch 21: train acc: 0.6248 train loss: 0.8446 valid acc: 0.5156 valid loss: 1.0156
Epoch 22: train acc: 0.6230 train loss: 0.8463 valid acc: 0.4570 valid loss: 1.0424
Epoch 23: train acc: 0.6193 train loss: 0.8353 valid acc: 0.5820 valid loss: 0.9838
Epoch 24: train acc: 0.6230 train loss: 0.8481 valid acc: 0.5000 valid loss: 1.0121
Epoch 25: train acc: 0.6338 train loss: 0.8356 valid acc: 0.5508 valid loss: 0.9772
Epoch 26: train acc: 0.6361 train loss: 0.8302 valid acc: 0.5664 valid loss: 0.9660
Epoch 27: train acc: 0.6316 train loss: 0.8203 valid acc: 0.5078 valid loss: 0.9974
Epoch 28: train acc: 0.6393 train loss: 0.8159 valid acc: 0.5898 valid loss: 0.9701
Epoch 29: train acc: 0.6373 train loss: 0.8110 valid acc: 0.5625 valid loss: 0.9898
Epoch 30: train acc: 0.6307 train loss: 0.8061 valid acc: 0.5234 valid loss: 1.0022
Epoch 31: train acc: 0.6326 train loss: 0.8128 valid acc: 0.5859 valid loss: 0.9764
Epoch 32: train acc: 0.6289 train loss: 0.8057 valid acc: 0.5039 valid loss: 1.0429
Epoch 33: train acc: 0.6514 train loss: 0.7977 valid acc: 0.6055 valid loss: 0.9176
Epoch 34: train acc: 0.6486 train loss: 0.7993 valid acc: 0.4570 valid loss: 1.0254
Epoch 35: train acc: 0.6387 train loss: 0.8049 valid acc: 0.5117 valid loss: 1.0165
Epoch 36: train acc: 0.6385 train loss: 0.8006 valid acc: 0.5781 valid loss: 0.9269
Epoch 37: train acc: 0.6410 train loss: 0.7963 valid acc: 0.5156 valid loss: 1.0090
Epoch 38: train acc: 0.6516 train loss: 0.8021 valid acc: 0.5742 valid loss: 0.9622
Epoch 39: train acc: 0.6521 train loss: 0.7891 valid acc: 0.5234 valid loss: 1.0154
Epoch 40: train acc: 0.6451 train loss: 0.7917 valid acc: 0.4805 valid loss: 1.0722
Epoch 41: train acc: 0.6502 train loss: 0.7823 valid acc: 0.5312 valid loss: 0.9668
Epoch 42: train acc: 0.6455 train loss: 0.7825 valid acc: 0.5781 valid loss: 0.9634
Epoch 43: train acc: 0.6447 train loss: 0.7927 valid acc: 0.4961 valid loss: 1.0064
Epoch 44: train acc: 0.6584 train loss: 0.7809 valid acc: 0.5508 valid loss: 0.9936
Epoch 45: train acc: 0.6516 train loss: 0.7787 valid acc: 0.5742 valid loss: 0.9426
Epoch 46: train acc: 0.6357 train loss: 0.7786 valid acc: 0.5039 valid loss: 1.0556
Epoch 47: train acc: 0.6477 train loss: 0.7766 valid acc: 0.5234 valid loss: 1.0269
Epoch 48: train acc: 0.6529 train loss: 0.7742 valid acc: 0.5000 valid loss: 1.0206
Epoch 49: train acc: 0.6527 train loss: 0.7701 valid acc: 0.5898 valid loss: 0.9601
Run 01: test acc: 0.5621 test loss: 0.9460
Epoch 00: train acc: 0.4982 train loss: 1.0367 valid acc: 0.4258 valid loss: 1.1112
Epoch 01: train acc: 0.5291 train loss: 1.0015 valid acc: 0.4688 valid loss: 1.0489
Epoch 02: train acc: 0.5291 train loss: 0.9912 valid acc: 0.4414 valid loss: 1.0624
Epoch 03: train acc: 0.5383 train loss: 0.9706 valid acc: 0.5508 valid loss: 0.9925
Epoch 04: train acc: 0.5486 train loss: 0.9618 valid acc: 0.5234 valid loss: 1.0184
Epoch 05: train acc: 0.5672 train loss: 0.9519 valid acc: 0.4648 valid loss: 1.0502
Epoch 06: train acc: 0.5578 train loss: 0.9382 valid acc: 0.4648 valid loss: 1.0639
Epoch 07: train acc: 0.5697 train loss: 0.9429 valid acc: 0.5000 valid loss: 0.9856
Epoch 08: train acc: 0.5730 train loss: 0.9199 valid acc: 0.4531 valid loss: 1.0570
Epoch 09: train acc: 0.5748 train loss: 0.9206 valid acc: 0.5039 valid loss: 1.0252
Epoch 10: train acc: 0.5738 train loss: 0.9393 valid acc: 0.5469 valid loss: 0.9994
Epoch 11: train acc: 0.5725 train loss: 0.9249 valid acc: 0.4844 valid loss: 1.0296
Epoch 12: train acc: 0.5801 train loss: 0.9082 valid acc: 0.5430 valid loss: 0.9531
Epoch 13: train acc: 0.5877 train loss: 0.8982 valid acc: 0.5859 valid loss: 0.9514
Epoch 14: train acc: 0.5910 train loss: 0.8921 valid acc: 0.4570 valid loss: 1.0439
Epoch 15: train acc: 0.5896 train loss: 0.8836 valid acc: 0.5703 valid loss: 0.9322
Epoch 16: train acc: 0.5947 train loss: 0.8944 valid acc: 0.5000 valid loss: 1.0054
Epoch 17: train acc: 0.5928 train loss: 0.8793 valid acc: 0.5195 valid loss: 0.9755
Epoch 18: train acc: 0.6068 train loss: 0.8679 valid acc: 0.4805 valid loss: 1.0214
Epoch 19: train acc: 0.6018 train loss: 0.8655 valid acc: 0.5586 valid loss: 0.9470
Epoch 20: train acc: 0.6021 train loss: 0.8646 valid acc: 0.5156 valid loss: 1.0162
Epoch 21: train acc: 0.6076 train loss: 0.8567 valid acc: 0.5352 valid loss: 0.9825
Epoch 22: train acc: 0.6104 train loss: 0.8506 valid acc: 0.4805 valid loss: 1.0282
Epoch 23: train acc: 0.6240 train loss: 0.8540 valid acc: 0.5352 valid loss: 0.9783
Epoch 24: train acc: 0.6061 train loss: 0.8538 valid acc: 0.4258 valid loss: 1.0197
Epoch 25: train acc: 0.6221 train loss: 0.8491 valid acc: 0.4805 valid loss: 1.0075
Epoch 26: train acc: 0.6086 train loss: 0.8470 valid acc: 0.5156 valid loss: 0.9787
Epoch 27: train acc: 0.6189 train loss: 0.8409 valid acc: 0.5195 valid loss: 0.9769
Epoch 28: train acc: 0.6209 train loss: 0.8372 valid acc: 0.5273 valid loss: 0.9661
Epoch 29: train acc: 0.6305 train loss: 0.8274 valid acc: 0.5352 valid loss: 0.9816
Epoch 30: train acc: 0.6283 train loss: 0.8296 valid acc: 0.5117 valid loss: 1.0077
Epoch 31: train acc: 0.6150 train loss: 0.8263 valid acc: 0.5977 valid loss: 0.9083
Epoch 32: train acc: 0.6205 train loss: 0.8340 valid acc: 0.4297 valid loss: 1.0503
Epoch 33: train acc: 0.6307 train loss: 0.8268 valid acc: 0.5039 valid loss: 0.9868
Epoch 34: train acc: 0.6346 train loss: 0.8223 valid acc: 0.5859 valid loss: 0.9200
Epoch 35: train acc: 0.6264 train loss: 0.8197 valid acc: 0.5391 valid loss: 1.0184
Epoch 36: train acc: 0.6291 train loss: 0.8178 valid acc: 0.4531 valid loss: 1.0252
Epoch 37: train acc: 0.6316 train loss: 0.8154 valid acc: 0.5117 valid loss: 0.9886
Epoch 38: train acc: 0.6311 train loss: 0.8146 valid acc: 0.4805 valid loss: 1.0128
Epoch 39: train acc: 0.6354 train loss: 0.8138 valid acc: 0.5586 valid loss: 0.9560
Epoch 40: train acc: 0.6313 train loss: 0.8103 valid acc: 0.5625 valid loss: 0.9688
Epoch 41: train acc: 0.6439 train loss: 0.8045 valid acc: 0.5039 valid loss: 0.9998
Epoch 42: train acc: 0.6471 train loss: 0.7973 valid acc: 0.5586 valid loss: 0.9545
Epoch 43: train acc: 0.6348 train loss: 0.7984 valid acc: 0.5898 valid loss: 0.9465
Epoch 44: train acc: 0.6447 train loss: 0.7953 valid acc: 0.5547 valid loss: 0.9642
Epoch 45: train acc: 0.6215 train loss: 0.8042 valid acc: 0.5781 valid loss: 0.9596
Epoch 46: train acc: 0.6428 train loss: 0.8060 valid acc: 0.5273 valid loss: 0.9774
Epoch 47: train acc: 0.6438 train loss: 0.7914 valid acc: 0.5781 valid loss: 0.9310
Epoch 48: train acc: 0.6396 train loss: 0.7913 valid acc: 0.5117 valid loss: 0.9707
Epoch 49: train acc: 0.6389 train loss: 0.7910 valid acc: 0.5859 valid loss: 0.9325
Run 02: test acc: 0.5855 test loss: 0.9200
Epoch 00: train acc: 0.5070 train loss: 1.0350 valid acc: 0.5938 valid loss: 1.0057
Epoch 01: train acc: 0.5195 train loss: 0.9998 valid acc: 0.4844 valid loss: 1.0465
Epoch 02: train acc: 0.5338 train loss: 0.9940 valid acc: 0.5469 valid loss: 0.9764
Epoch 03: train acc: 0.5342 train loss: 0.9839 valid acc: 0.5469 valid loss: 0.9906
Epoch 04: train acc: 0.5537 train loss: 0.9563 valid acc: 0.4922 valid loss: 1.0625
Epoch 05: train acc: 0.5656 train loss: 0.9578 valid acc: 0.5195 valid loss: 0.9732
Epoch 06: train acc: 0.5578 train loss: 0.9415 valid acc: 0.4961 valid loss: 0.9774
Epoch 07: train acc: 0.5754 train loss: 0.9262 valid acc: 0.5547 valid loss: 1.0015
Epoch 08: train acc: 0.5674 train loss: 0.9255 valid acc: 0.4883 valid loss: 1.0466
Epoch 09: train acc: 0.5770 train loss: 0.9160 valid acc: 0.5078 valid loss: 0.9819
Epoch 10: train acc: 0.5811 train loss: 0.9167 valid acc: 0.4648 valid loss: 1.0294
Epoch 11: train acc: 0.5783 train loss: 0.9121 valid acc: 0.4648 valid loss: 1.0150
Epoch 12: train acc: 0.5953 train loss: 0.8991 valid acc: 0.5469 valid loss: 0.9827
Epoch 13: train acc: 0.5924 train loss: 0.8890 valid acc: 0.5547 valid loss: 0.9654
Epoch 14: train acc: 0.5951 train loss: 0.8852 valid acc: 0.5391 valid loss: 1.0012
Epoch 15: train acc: 0.5904 train loss: 0.8902 valid acc: 0.5078 valid loss: 1.0005
Epoch 16: train acc: 0.6064 train loss: 0.8803 valid acc: 0.5117 valid loss: 0.9870
Epoch 17: train acc: 0.5986 train loss: 0.8833 valid acc: 0.4883 valid loss: 1.0291
Epoch 18: train acc: 0.6033 train loss: 0.8743 valid acc: 0.5000 valid loss: 1.0092
Epoch 19: train acc: 0.6170 train loss: 0.8685 valid acc: 0.5195 valid loss: 1.0173
Epoch 20: train acc: 0.5930 train loss: 0.8735 valid acc: 0.6094 valid loss: 0.9573
Epoch 21: train acc: 0.6119 train loss: 0.8592 valid acc: 0.5703 valid loss: 0.9446
Epoch 22: train acc: 0.6164 train loss: 0.8570 valid acc: 0.5117 valid loss: 0.9990
Epoch 23: train acc: 0.6191 train loss: 0.8551 valid acc: 0.4883 valid loss: 0.9682
Epoch 24: train acc: 0.6270 train loss: 0.8561 valid acc: 0.5312 valid loss: 1.0028
Epoch 25: train acc: 0.6137 train loss: 0.8602 valid acc: 0.4805 valid loss: 1.0144
Epoch 26: train acc: 0.6100 train loss: 0.8511 valid acc: 0.4375 valid loss: 1.0348
Epoch 27: train acc: 0.6156 train loss: 0.8506 valid acc: 0.5039 valid loss: 0.9860
Epoch 28: train acc: 0.6207 train loss: 0.8413 valid acc: 0.5352 valid loss: 0.9692
Epoch 29: train acc: 0.6180 train loss: 0.8405 valid acc: 0.4844 valid loss: 0.9957
Epoch 30: train acc: 0.6289 train loss: 0.8386 valid acc: 0.4922 valid loss: 1.0046
Epoch 31: train acc: 0.6191 train loss: 0.8381 valid acc: 0.5508 valid loss: 0.9650
Epoch 32: train acc: 0.6352 train loss: 0.8293 valid acc: 0.4922 valid loss: 1.0195
Epoch 33: train acc: 0.6324 train loss: 0.8263 valid acc: 0.4570 valid loss: 1.0525
Epoch 34: train acc: 0.6219 train loss: 0.8343 valid acc: 0.4961 valid loss: 0.9709
Epoch 35: train acc: 0.6258 train loss: 0.8217 valid acc: 0.5781 valid loss: 0.9489
Epoch 36: train acc: 0.6328 train loss: 0.8240 valid acc: 0.5547 valid loss: 0.9778
Epoch 37: train acc: 0.6344 train loss: 0.8188 valid acc: 0.5195 valid loss: 0.9714
Epoch 38: train acc: 0.6295 train loss: 0.8208 valid acc: 0.5234 valid loss: 1.0000
Epoch 39: train acc: 0.6389 train loss: 0.8166 valid acc: 0.4961 valid loss: 0.9826
Epoch 40: train acc: 0.6303 train loss: 0.8197 valid acc: 0.4844 valid loss: 1.0405
Epoch 41: train acc: 0.6408 train loss: 0.8179 valid acc: 0.5547 valid loss: 0.9786
Epoch 42: train acc: 0.6258 train loss: 0.8161 valid acc: 0.5234 valid loss: 0.9894
Epoch 43: train acc: 0.6316 train loss: 0.8143 valid acc: 0.4531 valid loss: 1.0689
Epoch 44: train acc: 0.6355 train loss: 0.8180 valid acc: 0.4805 valid loss: 1.0449
Epoch 45: train acc: 0.6316 train loss: 0.8130 valid acc: 0.5781 valid loss: 0.9550
Epoch 46: train acc: 0.6400 train loss: 0.8135 valid acc: 0.5508 valid loss: 0.9936
Epoch 47: train acc: 0.6424 train loss: 0.8056 valid acc: 0.5117 valid loss: 0.9898
Epoch 48: train acc: 0.6428 train loss: 0.8084 valid acc: 0.5273 valid loss: 0.9700
Epoch 49: train acc: 0.6357 train loss: 0.8046 valid acc: 0.4375 valid loss: 1.0342
Run 03: test acc: 0.5746 test loss: 0.9354
Epoch 00: train acc: 0.4955 train loss: 1.0531 valid acc: 0.3945 valid loss: 1.1455
Epoch 01: train acc: 0.5270 train loss: 1.0087 valid acc: 0.4102 valid loss: 1.0881
Epoch 02: train acc: 0.5238 train loss: 0.9903 valid acc: 0.4570 valid loss: 1.0752
Epoch 03: train acc: 0.5295 train loss: 0.9728 valid acc: 0.5430 valid loss: 1.0016
Epoch 04: train acc: 0.5408 train loss: 0.9706 valid acc: 0.4883 valid loss: 1.0363
Epoch 05: train acc: 0.5451 train loss: 0.9675 valid acc: 0.4961 valid loss: 1.0229
Epoch 06: train acc: 0.5461 train loss: 0.9658 valid acc: 0.5195 valid loss: 1.0002
Epoch 07: train acc: 0.5590 train loss: 0.9440 valid acc: 0.5312 valid loss: 1.0082
Epoch 08: train acc: 0.5727 train loss: 0.9405 valid acc: 0.4844 valid loss: 1.0172
Epoch 09: train acc: 0.5748 train loss: 0.9343 valid acc: 0.4453 valid loss: 1.0351
Epoch 10: train acc: 0.5766 train loss: 0.9166 valid acc: 0.5469 valid loss: 0.9827
Epoch 11: train acc: 0.5750 train loss: 0.9141 valid acc: 0.5156 valid loss: 1.0424
Epoch 12: train acc: 0.5949 train loss: 0.9084 valid acc: 0.4961 valid loss: 1.0036
Epoch 13: train acc: 0.5898 train loss: 0.8999 valid acc: 0.5000 valid loss: 0.9875
Epoch 14: train acc: 0.5838 train loss: 0.8951 valid acc: 0.5195 valid loss: 1.0006
Epoch 15: train acc: 0.5885 train loss: 0.8888 valid acc: 0.5078 valid loss: 1.0091
Epoch 16: train acc: 0.5955 train loss: 0.8879 valid acc: 0.5547 valid loss: 0.9775
Epoch 17: train acc: 0.6000 train loss: 0.8793 valid acc: 0.5312 valid loss: 1.0038
Epoch 18: train acc: 0.6115 train loss: 0.8752 valid acc: 0.5430 valid loss: 0.9595
Epoch 19: train acc: 0.6186 train loss: 0.8669 valid acc: 0.4805 valid loss: 0.9951
Epoch 20: train acc: 0.6279 train loss: 0.8737 valid acc: 0.4688 valid loss: 1.0218
Epoch 21: train acc: 0.6184 train loss: 0.8613 valid acc: 0.3984 valid loss: 1.0499
Epoch 22: train acc: 0.6066 train loss: 0.8695 valid acc: 0.4531 valid loss: 1.0285
Epoch 23: train acc: 0.5906 train loss: 0.8756 valid acc: 0.4805 valid loss: 1.0282
Epoch 24: train acc: 0.6168 train loss: 0.8498 valid acc: 0.5078 valid loss: 0.9735
Epoch 25: train acc: 0.6168 train loss: 0.8507 valid acc: 0.4727 valid loss: 1.0213
Epoch 26: train acc: 0.6176 train loss: 0.8544 valid acc: 0.5195 valid loss: 0.9556
Epoch 27: train acc: 0.6100 train loss: 0.8503 valid acc: 0.5820 valid loss: 0.9206
Epoch 28: train acc: 0.6174 train loss: 0.8425 valid acc: 0.5469 valid loss: 0.9824
Epoch 29: train acc: 0.6332 train loss: 0.8306 valid acc: 0.5273 valid loss: 1.0042
Epoch 30: train acc: 0.6383 train loss: 0.8277 valid acc: 0.5000 valid loss: 0.9641
Epoch 31: train acc: 0.6271 train loss: 0.8364 valid acc: 0.5430 valid loss: 0.9301
Epoch 32: train acc: 0.6219 train loss: 0.8316 valid acc: 0.4570 valid loss: 1.0008
Epoch 33: train acc: 0.6414 train loss: 0.8211 valid acc: 0.5156 valid loss: 0.9702
Epoch 34: train acc: 0.6277 train loss: 0.8216 valid acc: 0.5156 valid loss: 0.9688
Epoch 35: train acc: 0.6191 train loss: 0.8239 valid acc: 0.5742 valid loss: 0.9661
Epoch 36: train acc: 0.6289 train loss: 0.8163 valid acc: 0.6055 valid loss: 0.9680
Epoch 37: train acc: 0.6375 train loss: 0.8136 valid acc: 0.5156 valid loss: 0.9801
Epoch 38: train acc: 0.6371 train loss: 0.8132 valid acc: 0.5000 valid loss: 1.0431
Epoch 39: train acc: 0.6348 train loss: 0.8032 valid acc: 0.5742 valid loss: 0.9370
Epoch 40: train acc: 0.6379 train loss: 0.8050 valid acc: 0.5195 valid loss: 1.0222
Epoch 41: train acc: 0.6521 train loss: 0.8002 valid acc: 0.4336 valid loss: 1.0667
Epoch 42: train acc: 0.6324 train loss: 0.8055 valid acc: 0.4180 valid loss: 1.0494
Epoch 43: train acc: 0.6461 train loss: 0.7944 valid acc: 0.5977 valid loss: 0.9504
Epoch 44: train acc: 0.6363 train loss: 0.7922 valid acc: 0.5273 valid loss: 0.9662
Epoch 45: train acc: 0.6479 train loss: 0.7860 valid acc: 0.5664 valid loss: 0.9628
Epoch 46: train acc: 0.6422 train loss: 0.7975 valid acc: 0.5625 valid loss: 0.9500
Epoch 47: train acc: 0.6494 train loss: 0.7843 valid acc: 0.5469 valid loss: 0.9810
Epoch 48: train acc: 0.6377 train loss: 0.7838 valid acc: 0.4961 valid loss: 1.0163
Epoch 49: train acc: 0.6355 train loss: 0.7872 valid acc: 0.5078 valid loss: 1.0501
Run 04: test acc: 0.5410 test loss: 0.9686
Epoch 00: train acc: 0.5098 train loss: 1.0286 valid acc: 0.4570 valid loss: 1.0511
Epoch 01: train acc: 0.5143 train loss: 0.9943 valid acc: 0.4844 valid loss: 1.0351
Epoch 02: train acc: 0.5324 train loss: 0.9826 valid acc: 0.5469 valid loss: 1.0050
Epoch 03: train acc: 0.5389 train loss: 0.9706 valid acc: 0.5156 valid loss: 1.0104
Epoch 04: train acc: 0.5613 train loss: 0.9517 valid acc: 0.5234 valid loss: 0.9960
Epoch 05: train acc: 0.5607 train loss: 0.9407 valid acc: 0.4688 valid loss: 1.0415
Epoch 06: train acc: 0.5727 train loss: 0.9347 valid acc: 0.4766 valid loss: 1.0523
Epoch 07: train acc: 0.5711 train loss: 0.9247 valid acc: 0.4961 valid loss: 1.0342
Epoch 08: train acc: 0.5834 train loss: 0.9106 valid acc: 0.4102 valid loss: 1.0999
Epoch 09: train acc: 0.5822 train loss: 0.9068 valid acc: 0.4648 valid loss: 1.0873
Epoch 10: train acc: 0.5646 train loss: 0.9139 valid acc: 0.4688 valid loss: 1.0567
Epoch 11: train acc: 0.5926 train loss: 0.8947 valid acc: 0.5234 valid loss: 0.9934
Epoch 12: train acc: 0.5932 train loss: 0.8959 valid acc: 0.4961 valid loss: 1.0079
Epoch 13: train acc: 0.6041 train loss: 0.8832 valid acc: 0.4570 valid loss: 1.1474
Epoch 14: train acc: 0.6033 train loss: 0.9011 valid acc: 0.4961 valid loss: 0.9746
Epoch 15: train acc: 0.6105 train loss: 0.8771 valid acc: 0.4609 valid loss: 1.0715
Epoch 16: train acc: 0.6094 train loss: 0.8735 valid acc: 0.4414 valid loss: 1.0559
Epoch 17: train acc: 0.5982 train loss: 0.8690 valid acc: 0.5508 valid loss: 0.9694
Epoch 18: train acc: 0.6057 train loss: 0.8600 valid acc: 0.4883 valid loss: 0.9970
Epoch 19: train acc: 0.6104 train loss: 0.8601 valid acc: 0.5195 valid loss: 0.9827
Epoch 20: train acc: 0.6141 train loss: 0.8613 valid acc: 0.4609 valid loss: 1.0319
Epoch 21: train acc: 0.6197 train loss: 0.8541 valid acc: 0.4258 valid loss: 1.1135
Epoch 22: train acc: 0.5951 train loss: 0.8646 valid acc: 0.4883 valid loss: 1.0062
Epoch 23: train acc: 0.6188 train loss: 0.8544 valid acc: 0.5547 valid loss: 0.9314
Epoch 24: train acc: 0.6234 train loss: 0.8549 valid acc: 0.5000 valid loss: 1.0466
Epoch 25: train acc: 0.6205 train loss: 0.8461 valid acc: 0.4180 valid loss: 1.0872
Epoch 26: train acc: 0.6213 train loss: 0.8367 valid acc: 0.4648 valid loss: 1.0359
Epoch 27: train acc: 0.6225 train loss: 0.8390 valid acc: 0.4805 valid loss: 1.0839
Epoch 28: train acc: 0.6375 train loss: 0.8290 valid acc: 0.5352 valid loss: 0.9771
Epoch 29: train acc: 0.6320 train loss: 0.8317 valid acc: 0.4688 valid loss: 1.0347
Epoch 30: train acc: 0.6283 train loss: 0.8258 valid acc: 0.5234 valid loss: 0.9945
Epoch 31: train acc: 0.6285 train loss: 0.8262 valid acc: 0.5469 valid loss: 1.0003
Epoch 32: train acc: 0.6389 train loss: 0.8153 valid acc: 0.4766 valid loss: 1.0190
Epoch 33: train acc: 0.6336 train loss: 0.8176 valid acc: 0.4766 valid loss: 1.0313
Epoch 34: train acc: 0.6314 train loss: 0.8183 valid acc: 0.5352 valid loss: 0.9857
Epoch 35: train acc: 0.6246 train loss: 0.8185 valid acc: 0.4688 valid loss: 1.0731
Epoch 36: train acc: 0.6301 train loss: 0.8158 valid acc: 0.4727 valid loss: 0.9899
Epoch 37: train acc: 0.6363 train loss: 0.8118 valid acc: 0.5859 valid loss: 0.9299
Epoch 38: train acc: 0.6471 train loss: 0.8057 valid acc: 0.5547 valid loss: 0.9412
Epoch 39: train acc: 0.6395 train loss: 0.8001 valid acc: 0.5508 valid loss: 0.9851
Epoch 40: train acc: 0.6195 train loss: 0.8147 valid acc: 0.4844 valid loss: 1.0031
Epoch 41: train acc: 0.6334 train loss: 0.8020 valid acc: 0.4297 valid loss: 1.0386
Epoch 42: train acc: 0.6377 train loss: 0.8000 valid acc: 0.5977 valid loss: 0.8856
Epoch 43: train acc: 0.6426 train loss: 0.7964 valid acc: 0.4531 valid loss: 1.0223
Epoch 44: train acc: 0.6510 train loss: 0.7893 valid acc: 0.4648 valid loss: 1.0142
Epoch 45: train acc: 0.6473 train loss: 0.7933 valid acc: 0.5508 valid loss: 0.9497
Epoch 46: train acc: 0.6486 train loss: 0.7892 valid acc: 0.5742 valid loss: 0.9180
Epoch 47: train acc: 0.6510 train loss: 0.7866 valid acc: 0.4844 valid loss: 1.0465
Epoch 48: train acc: 0.6359 train loss: 0.7971 valid acc: 0.5352 valid loss: 0.9781
Epoch 49: train acc: 0.6480 train loss: 0.7852 valid acc: 0.5664 valid loss: 0.9697
Run 05: test acc: 0.5977 test loss: 0.9106
Epoch 00: train acc: 0.4777 train loss: 1.0484 valid acc: 0.3984 valid loss: 1.0977
Epoch 01: train acc: 0.5227 train loss: 1.0028 valid acc: 0.4609 valid loss: 1.0630
Epoch 02: train acc: 0.5316 train loss: 0.9861 valid acc: 0.4844 valid loss: 1.0302
Epoch 03: train acc: 0.5285 train loss: 0.9762 valid acc: 0.4688 valid loss: 1.0405
Epoch 04: train acc: 0.5510 train loss: 0.9608 valid acc: 0.5195 valid loss: 1.0049
Epoch 05: train acc: 0.5566 train loss: 0.9510 valid acc: 0.5195 valid loss: 0.9936
Epoch 06: train acc: 0.5666 train loss: 0.9465 valid acc: 0.5195 valid loss: 1.0009
Epoch 07: train acc: 0.5625 train loss: 0.9461 valid acc: 0.4570 valid loss: 1.0590
Epoch 08: train acc: 0.5668 train loss: 0.9327 valid acc: 0.5273 valid loss: 0.9828
Epoch 09: train acc: 0.5820 train loss: 0.9210 valid acc: 0.5273 valid loss: 1.0167
Epoch 10: train acc: 0.5672 train loss: 0.9282 valid acc: 0.5039 valid loss: 1.0128
Epoch 11: train acc: 0.5799 train loss: 0.9090 valid acc: 0.4961 valid loss: 0.9722
Epoch 12: train acc: 0.5891 train loss: 0.8988 valid acc: 0.5039 valid loss: 1.0122
Epoch 13: train acc: 0.6066 train loss: 0.8898 valid acc: 0.4414 valid loss: 1.0968
Epoch 14: train acc: 0.5916 train loss: 0.8934 valid acc: 0.4883 valid loss: 0.9798
Epoch 15: train acc: 0.5945 train loss: 0.8829 valid acc: 0.5508 valid loss: 0.9656
Epoch 16: train acc: 0.6043 train loss: 0.8759 valid acc: 0.4922 valid loss: 1.0150
Epoch 17: train acc: 0.6064 train loss: 0.8698 valid acc: 0.4570 valid loss: 1.0073
Epoch 18: train acc: 0.6117 train loss: 0.8688 valid acc: 0.5430 valid loss: 0.9716
Epoch 19: train acc: 0.6133 train loss: 0.8540 valid acc: 0.4844 valid loss: 1.0400
Epoch 20: train acc: 0.6049 train loss: 0.8745 valid acc: 0.5977 valid loss: 0.9602
Epoch 21: train acc: 0.6129 train loss: 0.8657 valid acc: 0.5781 valid loss: 0.9312
Epoch 22: train acc: 0.6115 train loss: 0.8593 valid acc: 0.5469 valid loss: 0.9487
Epoch 23: train acc: 0.6037 train loss: 0.8530 valid acc: 0.5625 valid loss: 0.9449
Epoch 24: train acc: 0.6203 train loss: 0.8477 valid acc: 0.5820 valid loss: 0.9367
Epoch 25: train acc: 0.6049 train loss: 0.8760 valid acc: 0.6289 valid loss: 0.9418
Epoch 26: train acc: 0.6049 train loss: 0.8600 valid acc: 0.5039 valid loss: 1.0017
Epoch 27: train acc: 0.6303 train loss: 0.8271 valid acc: 0.5156 valid loss: 0.9765
Epoch 28: train acc: 0.6191 train loss: 0.8314 valid acc: 0.4336 valid loss: 1.0260
Epoch 29: train acc: 0.6266 train loss: 0.8251 valid acc: 0.4844 valid loss: 1.0120
Epoch 30: train acc: 0.6088 train loss: 0.8391 valid acc: 0.4883 valid loss: 1.0336
Epoch 31: train acc: 0.6170 train loss: 0.8416 valid acc: 0.5273 valid loss: 0.9998
Epoch 32: train acc: 0.6244 train loss: 0.8370 valid acc: 0.5234 valid loss: 0.9948
Epoch 33: train acc: 0.6363 train loss: 0.8117 valid acc: 0.5469 valid loss: 0.9710
Epoch 34: train acc: 0.6252 train loss: 0.8123 valid acc: 0.5391 valid loss: 1.0120
Epoch 35: train acc: 0.6328 train loss: 0.8188 valid acc: 0.6367 valid loss: 0.9313
Epoch 36: train acc: 0.6385 train loss: 0.8001 valid acc: 0.5625 valid loss: 0.9151
Epoch 37: train acc: 0.6314 train loss: 0.8134 valid acc: 0.4570 valid loss: 1.0245
Epoch 38: train acc: 0.6473 train loss: 0.8030 valid acc: 0.5547 valid loss: 1.0047
Epoch 39: train acc: 0.6426 train loss: 0.8014 valid acc: 0.5547 valid loss: 1.0188
Epoch 40: train acc: 0.6381 train loss: 0.8056 valid acc: 0.5156 valid loss: 1.0113
Epoch 41: train acc: 0.6432 train loss: 0.7980 valid acc: 0.5898 valid loss: 0.9345
Epoch 42: train acc: 0.6441 train loss: 0.7928 valid acc: 0.5938 valid loss: 0.9469
Epoch 43: train acc: 0.6393 train loss: 0.7917 valid acc: 0.4531 valid loss: 1.0497
Epoch 44: train acc: 0.6545 train loss: 0.7944 valid acc: 0.5352 valid loss: 0.9627
Epoch 45: train acc: 0.6441 train loss: 0.7940 valid acc: 0.5625 valid loss: 0.9750
Epoch 46: train acc: 0.6439 train loss: 0.7936 valid acc: 0.4844 valid loss: 1.0147
Epoch 47: train acc: 0.6445 train loss: 0.7787 valid acc: 0.5117 valid loss: 0.9582
Epoch 48: train acc: 0.6465 train loss: 0.7737 valid acc: 0.5586 valid loss: 1.0060
Epoch 49: train acc: 0.6443 train loss: 0.7793 valid acc: 0.5586 valid loss: 0.9680
Run 06: test acc: 0.5484 test loss: 0.9453
Epoch 00: train acc: 0.4959 train loss: 1.0550 valid acc: 0.4570 valid loss: 1.0597
Epoch 01: train acc: 0.5145 train loss: 1.0091 valid acc: 0.5039 valid loss: 1.0156
Epoch 02: train acc: 0.5277 train loss: 0.9961 valid acc: 0.5352 valid loss: 1.0181
Epoch 03: train acc: 0.5227 train loss: 0.9937 valid acc: 0.4922 valid loss: 1.0257
Epoch 04: train acc: 0.5369 train loss: 0.9821 valid acc: 0.4297 valid loss: 1.0761
Epoch 05: train acc: 0.5449 train loss: 0.9705 valid acc: 0.5469 valid loss: 1.0158
Epoch 06: train acc: 0.5627 train loss: 0.9514 valid acc: 0.5156 valid loss: 1.0140
Epoch 07: train acc: 0.5494 train loss: 0.9493 valid acc: 0.4922 valid loss: 1.0179
Epoch 08: train acc: 0.5662 train loss: 0.9442 valid acc: 0.5234 valid loss: 1.0038
Epoch 09: train acc: 0.5727 train loss: 0.9282 valid acc: 0.5156 valid loss: 1.0155
Epoch 10: train acc: 0.5689 train loss: 0.9234 valid acc: 0.5430 valid loss: 0.9966
Epoch 11: train acc: 0.5768 train loss: 0.9185 valid acc: 0.5078 valid loss: 1.0026
Epoch 12: train acc: 0.5865 train loss: 0.9154 valid acc: 0.5117 valid loss: 1.0553
Epoch 13: train acc: 0.5865 train loss: 0.9098 valid acc: 0.4805 valid loss: 1.0217
Epoch 14: train acc: 0.5842 train loss: 0.9044 valid acc: 0.5664 valid loss: 0.9811
Epoch 15: train acc: 0.5785 train loss: 0.8959 valid acc: 0.5586 valid loss: 0.9622
Epoch 16: train acc: 0.5980 train loss: 0.8954 valid acc: 0.5273 valid loss: 0.9977
Epoch 17: train acc: 0.5908 train loss: 0.8962 valid acc: 0.5117 valid loss: 1.0309
Epoch 18: train acc: 0.5945 train loss: 0.8902 valid acc: 0.5547 valid loss: 0.9511
Epoch 19: train acc: 0.6027 train loss: 0.8788 valid acc: 0.5469 valid loss: 0.9649
Epoch 20: train acc: 0.6107 train loss: 0.8736 valid acc: 0.4766 valid loss: 1.0172
Epoch 21: train acc: 0.5947 train loss: 0.8690 valid acc: 0.4727 valid loss: 1.0337
Epoch 22: train acc: 0.6166 train loss: 0.8639 valid acc: 0.5273 valid loss: 1.0206
Epoch 23: train acc: 0.6146 train loss: 0.8632 valid acc: 0.5234 valid loss: 0.9946
Epoch 24: train acc: 0.6113 train loss: 0.8607 valid acc: 0.5312 valid loss: 0.9869
Epoch 25: train acc: 0.6125 train loss: 0.8579 valid acc: 0.5898 valid loss: 0.9428
Epoch 26: train acc: 0.6064 train loss: 0.8540 valid acc: 0.4844 valid loss: 1.0078
Epoch 27: train acc: 0.6113 train loss: 0.8574 valid acc: 0.5703 valid loss: 0.9281
Epoch 28: train acc: 0.6227 train loss: 0.8524 valid acc: 0.5664 valid loss: 0.9859
Epoch 29: train acc: 0.6191 train loss: 0.8445 valid acc: 0.5391 valid loss: 0.9711
Epoch 30: train acc: 0.6168 train loss: 0.8439 valid acc: 0.5469 valid loss: 1.0060
Epoch 31: train acc: 0.6270 train loss: 0.8368 valid acc: 0.6250 valid loss: 0.9187
Epoch 32: train acc: 0.6344 train loss: 0.8279 valid acc: 0.5000 valid loss: 0.9939
Epoch 33: train acc: 0.6277 train loss: 0.8312 valid acc: 0.5586 valid loss: 1.0308
Epoch 34: train acc: 0.6281 train loss: 0.8303 valid acc: 0.4844 valid loss: 1.0102
Epoch 35: train acc: 0.6211 train loss: 0.8253 valid acc: 0.4883 valid loss: 1.0318
Epoch 36: train acc: 0.6180 train loss: 0.8257 valid acc: 0.4961 valid loss: 0.9891
Epoch 37: train acc: 0.6234 train loss: 0.8310 valid acc: 0.4648 valid loss: 1.0484
Epoch 38: train acc: 0.6377 train loss: 0.8159 valid acc: 0.5820 valid loss: 0.9109
Epoch 39: train acc: 0.6236 train loss: 0.8160 valid acc: 0.5391 valid loss: 0.9988
Epoch 40: train acc: 0.6170 train loss: 0.8259 valid acc: 0.6133 valid loss: 0.9709
Epoch 41: train acc: 0.6305 train loss: 0.8143 valid acc: 0.5430 valid loss: 0.9563
Epoch 42: train acc: 0.6301 train loss: 0.8073 valid acc: 0.5469 valid loss: 0.9837
Epoch 43: train acc: 0.6346 train loss: 0.8082 valid acc: 0.5039 valid loss: 1.0093
Epoch 44: train acc: 0.6359 train loss: 0.8080 valid acc: 0.5664 valid loss: 0.9567
Epoch 45: train acc: 0.6307 train loss: 0.8035 valid acc: 0.5195 valid loss: 0.9998
Epoch 46: train acc: 0.6371 train loss: 0.8026 valid acc: 0.5781 valid loss: 0.9586
Epoch 47: train acc: 0.6439 train loss: 0.7974 valid acc: 0.4844 valid loss: 1.0305
Epoch 48: train acc: 0.6355 train loss: 0.8003 valid acc: 0.5547 valid loss: 1.0080
Epoch 49: train acc: 0.6443 train loss: 0.7935 valid acc: 0.5508 valid loss: 1.0218
Run 07: test acc: 0.6047 test loss: 0.9041
Epoch 00: train acc: 0.4895 train loss: 1.0373 valid acc: 0.4531 valid loss: 1.0539
Epoch 01: train acc: 0.5193 train loss: 0.9999 valid acc: 0.4727 valid loss: 1.0499
Epoch 02: train acc: 0.5285 train loss: 0.9876 valid acc: 0.4961 valid loss: 1.0045
Epoch 03: train acc: 0.5463 train loss: 0.9693 valid acc: 0.5195 valid loss: 1.0313
Epoch 04: train acc: 0.5451 train loss: 0.9695 valid acc: 0.4492 valid loss: 1.0479
Epoch 05: train acc: 0.5498 train loss: 0.9830 valid acc: 0.5469 valid loss: 0.9894
Epoch 06: train acc: 0.5643 train loss: 0.9569 valid acc: 0.5312 valid loss: 0.9945
Epoch 07: train acc: 0.5686 train loss: 0.9418 valid acc: 0.5430 valid loss: 0.9925
Epoch 08: train acc: 0.5688 train loss: 0.9283 valid acc: 0.5547 valid loss: 1.0263
Epoch 09: train acc: 0.5895 train loss: 0.9258 valid acc: 0.5078 valid loss: 0.9938
Epoch 10: train acc: 0.5873 train loss: 0.9105 valid acc: 0.5117 valid loss: 0.9814
Epoch 11: train acc: 0.5846 train loss: 0.9091 valid acc: 0.4414 valid loss: 1.0943
Epoch 12: train acc: 0.5865 train loss: 0.8987 valid acc: 0.4805 valid loss: 1.0373
Epoch 13: train acc: 0.5945 train loss: 0.9009 valid acc: 0.4297 valid loss: 1.0614
Epoch 14: train acc: 0.6049 train loss: 0.9010 valid acc: 0.4805 valid loss: 1.1013
Epoch 15: train acc: 0.6021 train loss: 0.8863 valid acc: 0.4883 valid loss: 1.0136
Epoch 16: train acc: 0.6041 train loss: 0.8782 valid acc: 0.5234 valid loss: 0.9585
Epoch 17: train acc: 0.6105 train loss: 0.8794 valid acc: 0.6016 valid loss: 0.9382
Epoch 18: train acc: 0.6098 train loss: 0.8791 valid acc: 0.5820 valid loss: 0.9337
Epoch 19: train acc: 0.6061 train loss: 0.8679 valid acc: 0.5469 valid loss: 0.9693
Epoch 20: train acc: 0.6105 train loss: 0.8618 valid acc: 0.4727 valid loss: 1.0200
Epoch 21: train acc: 0.6178 train loss: 0.8514 valid acc: 0.5859 valid loss: 0.9539
Epoch 22: train acc: 0.6086 train loss: 0.8552 valid acc: 0.5781 valid loss: 0.9636
Epoch 23: train acc: 0.6180 train loss: 0.8576 valid acc: 0.5586 valid loss: 0.9875
Epoch 24: train acc: 0.6180 train loss: 0.8505 valid acc: 0.5195 valid loss: 1.0259
Epoch 25: train acc: 0.6275 train loss: 0.8448 valid acc: 0.5078 valid loss: 1.0165
Epoch 26: train acc: 0.6148 train loss: 0.8443 valid acc: 0.4609 valid loss: 1.0400
Epoch 27: train acc: 0.6225 train loss: 0.8398 valid acc: 0.5625 valid loss: 0.9860
Epoch 28: train acc: 0.6348 train loss: 0.8342 valid acc: 0.4766 valid loss: 0.9946
Epoch 29: train acc: 0.6330 train loss: 0.8290 valid acc: 0.5508 valid loss: 0.9454
Epoch 30: train acc: 0.6270 train loss: 0.8222 valid acc: 0.5664 valid loss: 1.0295
Epoch 31: train acc: 0.6336 train loss: 0.8274 valid acc: 0.5859 valid loss: 0.9334
Epoch 32: train acc: 0.6277 train loss: 0.8241 valid acc: 0.5156 valid loss: 1.0275
Epoch 33: train acc: 0.6404 train loss: 0.8150 valid acc: 0.4414 valid loss: 1.0531
Epoch 34: train acc: 0.6186 train loss: 0.8221 valid acc: 0.5781 valid loss: 0.9916
Epoch 35: train acc: 0.6357 train loss: 0.8160 valid acc: 0.4844 valid loss: 1.0115
Epoch 36: train acc: 0.6404 train loss: 0.8203 valid acc: 0.5000 valid loss: 1.0160
Epoch 37: train acc: 0.6412 train loss: 0.8072 valid acc: 0.5586 valid loss: 1.0159
Epoch 38: train acc: 0.6395 train loss: 0.8041 valid acc: 0.5117 valid loss: 1.0028
Epoch 39: train acc: 0.6369 train loss: 0.8142 valid acc: 0.5039 valid loss: 1.0035
Epoch 40: train acc: 0.6346 train loss: 0.8193 valid acc: 0.5781 valid loss: 0.9444
Epoch 41: train acc: 0.6359 train loss: 0.8068 valid acc: 0.5195 valid loss: 1.0223
Epoch 42: train acc: 0.6383 train loss: 0.8049 valid acc: 0.5742 valid loss: 0.9206
Epoch 43: train acc: 0.6453 train loss: 0.7973 valid acc: 0.5234 valid loss: 0.9943
Epoch 44: train acc: 0.6451 train loss: 0.7973 valid acc: 0.5469 valid loss: 0.9519
Epoch 45: train acc: 0.6438 train loss: 0.7969 valid acc: 0.5000 valid loss: 1.0049
Epoch 46: train acc: 0.6449 train loss: 0.8048 valid acc: 0.5195 valid loss: 0.9668
Epoch 47: train acc: 0.6355 train loss: 0.8020 valid acc: 0.5820 valid loss: 0.9821
Epoch 48: train acc: 0.6422 train loss: 0.7921 valid acc: 0.5156 valid loss: 0.9669
Epoch 49: train acc: 0.6441 train loss: 0.7890 valid acc: 0.5195 valid loss: 0.9905
Run 08: test acc: 0.5969 test loss: 0.9218
Epoch 00: train acc: 0.4910 train loss: 1.0431 valid acc: 0.4258 valid loss: 1.0819
Epoch 01: train acc: 0.5189 train loss: 0.9977 valid acc: 0.4219 valid loss: 1.1263
Epoch 02: train acc: 0.5221 train loss: 0.9865 valid acc: 0.4648 valid loss: 1.0797
Epoch 03: train acc: 0.5494 train loss: 0.9701 valid acc: 0.4297 valid loss: 1.0645
Epoch 04: train acc: 0.5457 train loss: 0.9587 valid acc: 0.4219 valid loss: 1.0503
Epoch 05: train acc: 0.5596 train loss: 0.9601 valid acc: 0.4570 valid loss: 1.0621
Epoch 06: train acc: 0.5598 train loss: 0.9389 valid acc: 0.5469 valid loss: 0.9919
Epoch 07: train acc: 0.5633 train loss: 0.9376 valid acc: 0.6133 valid loss: 0.9536
Epoch 08: train acc: 0.5826 train loss: 0.9307 valid acc: 0.4805 valid loss: 1.0199
Epoch 09: train acc: 0.5859 train loss: 0.9317 valid acc: 0.4531 valid loss: 1.0477
Epoch 10: train acc: 0.5873 train loss: 0.9104 valid acc: 0.4844 valid loss: 1.0346
Epoch 11: train acc: 0.5947 train loss: 0.9026 valid acc: 0.4492 valid loss: 1.0879
Epoch 12: train acc: 0.5797 train loss: 0.9021 valid acc: 0.5430 valid loss: 0.9633
Epoch 13: train acc: 0.5934 train loss: 0.8899 valid acc: 0.5117 valid loss: 0.9901
Epoch 14: train acc: 0.6109 train loss: 0.8843 valid acc: 0.5039 valid loss: 1.0207
Epoch 15: train acc: 0.5924 train loss: 0.8848 valid acc: 0.5039 valid loss: 0.9755
Epoch 16: train acc: 0.5955 train loss: 0.8834 valid acc: 0.4648 valid loss: 1.0344
Epoch 17: train acc: 0.6098 train loss: 0.8692 valid acc: 0.4180 valid loss: 1.0627
Epoch 18: train acc: 0.6004 train loss: 0.8686 valid acc: 0.5039 valid loss: 0.9875
Epoch 19: train acc: 0.6162 train loss: 0.8556 valid acc: 0.4883 valid loss: 0.9741
Epoch 20: train acc: 0.6135 train loss: 0.8590 valid acc: 0.4766 valid loss: 1.0428
Epoch 21: train acc: 0.6129 train loss: 0.8623 valid acc: 0.5508 valid loss: 0.9511
Epoch 22: train acc: 0.6186 train loss: 0.8502 valid acc: 0.5234 valid loss: 0.9936
Epoch 23: train acc: 0.6195 train loss: 0.8544 valid acc: 0.4570 valid loss: 1.0094
Epoch 24: train acc: 0.6178 train loss: 0.8489 valid acc: 0.5195 valid loss: 0.9740
Epoch 25: train acc: 0.6086 train loss: 0.8482 valid acc: 0.5625 valid loss: 0.9427
Epoch 26: train acc: 0.6199 train loss: 0.8346 valid acc: 0.5586 valid loss: 0.9279
Epoch 27: train acc: 0.6324 train loss: 0.8289 valid acc: 0.5508 valid loss: 0.9392
Epoch 28: train acc: 0.6211 train loss: 0.8346 valid acc: 0.4766 valid loss: 1.0037
Epoch 29: train acc: 0.6322 train loss: 0.8369 valid acc: 0.4766 valid loss: 1.0146
Epoch 30: train acc: 0.6322 train loss: 0.8326 valid acc: 0.5195 valid loss: 0.9942
Epoch 31: train acc: 0.6271 train loss: 0.8239 valid acc: 0.5508 valid loss: 0.9450
Epoch 32: train acc: 0.6357 train loss: 0.8217 valid acc: 0.4688 valid loss: 1.0250
Epoch 33: train acc: 0.6305 train loss: 0.8206 valid acc: 0.4883 valid loss: 1.0056
Epoch 34: train acc: 0.6361 train loss: 0.8191 valid acc: 0.5312 valid loss: 0.9528
Epoch 35: train acc: 0.6346 train loss: 0.8155 valid acc: 0.5273 valid loss: 0.9831
Epoch 36: train acc: 0.6371 train loss: 0.8106 valid acc: 0.5820 valid loss: 0.9984
Epoch 37: train acc: 0.6344 train loss: 0.8155 valid acc: 0.4805 valid loss: 1.0116
Epoch 38: train acc: 0.6354 train loss: 0.8114 valid acc: 0.5742 valid loss: 0.9246
Epoch 39: train acc: 0.6377 train loss: 0.8065 valid acc: 0.4453 valid loss: 1.0187
Epoch 40: train acc: 0.6361 train loss: 0.8069 valid acc: 0.5117 valid loss: 1.0063
Epoch 41: train acc: 0.6311 train loss: 0.8084 valid acc: 0.4688 valid loss: 1.0426
Epoch 42: train acc: 0.6373 train loss: 0.8050 valid acc: 0.5156 valid loss: 0.9579
Epoch 43: train acc: 0.6385 train loss: 0.8100 valid acc: 0.5000 valid loss: 1.0108
Epoch 44: train acc: 0.6379 train loss: 0.8065 valid acc: 0.5703 valid loss: 0.9669
Epoch 45: train acc: 0.6418 train loss: 0.8008 valid acc: 0.5273 valid loss: 0.9923
Epoch 46: train acc: 0.6416 train loss: 0.7981 valid acc: 0.4883 valid loss: 1.0126
Epoch 47: train acc: 0.6492 train loss: 0.7926 valid acc: 0.4844 valid loss: 1.0235
Epoch 48: train acc: 0.6410 train loss: 0.7964 valid acc: 0.4844 valid loss: 1.0545
Epoch 49: train acc: 0.6393 train loss: 0.7956 valid acc: 0.4492 valid loss: 0.9965
Run 09: test acc: 0.5930 test loss: 0.9611
Test acc: 0.5800 (0.0213), loss: 0.9326 (0.0210)
DONE
