Starting script
GCDC Enron
Epoch 00: train acc: 0.4936 train loss: 1.0202 valid acc: 0.5234 valid loss: 1.0123
Epoch 01: train acc: 0.5320 train loss: 0.9979 valid acc: 0.5742 valid loss: 0.9645
Epoch 02: train acc: 0.5465 train loss: 0.9688 valid acc: 0.4844 valid loss: 1.0234
Epoch 03: train acc: 0.5527 train loss: 0.9595 valid acc: 0.5430 valid loss: 0.9800
Epoch 04: train acc: 0.5725 train loss: 0.9369 valid acc: 0.5625 valid loss: 0.9613
Epoch 05: train acc: 0.5920 train loss: 0.9241 valid acc: 0.5195 valid loss: 0.9821
Epoch 06: train acc: 0.5830 train loss: 0.9224 valid acc: 0.5586 valid loss: 0.9493
Epoch 07: train acc: 0.5762 train loss: 0.9260 valid acc: 0.5781 valid loss: 0.9831
Epoch 08: train acc: 0.5746 train loss: 0.9191 valid acc: 0.4453 valid loss: 1.1014
Epoch 09: train acc: 0.6033 train loss: 0.8978 valid acc: 0.5938 valid loss: 0.9095
Epoch 10: train acc: 0.6082 train loss: 0.8881 valid acc: 0.5352 valid loss: 1.0033
Epoch 11: train acc: 0.5959 train loss: 0.8979 valid acc: 0.5938 valid loss: 0.9075
Epoch 12: train acc: 0.6115 train loss: 0.8933 valid acc: 0.5391 valid loss: 0.9403
Epoch 13: train acc: 0.6205 train loss: 0.8799 valid acc: 0.5781 valid loss: 0.9340
Epoch 14: train acc: 0.6012 train loss: 0.8771 valid acc: 0.6328 valid loss: 0.9050
Epoch 15: train acc: 0.6180 train loss: 0.8682 valid acc: 0.4102 valid loss: 1.0637
Epoch 16: train acc: 0.5949 train loss: 0.8928 valid acc: 0.5547 valid loss: 0.9316
Epoch 17: train acc: 0.5986 train loss: 0.8876 valid acc: 0.4961 valid loss: 1.0246
Epoch 18: train acc: 0.6035 train loss: 0.8894 valid acc: 0.5547 valid loss: 0.8946
Epoch 19: train acc: 0.6295 train loss: 0.8535 valid acc: 0.5898 valid loss: 0.9153
Epoch 20: train acc: 0.6188 train loss: 0.8561 valid acc: 0.5742 valid loss: 0.9358
Epoch 21: train acc: 0.6348 train loss: 0.8439 valid acc: 0.5078 valid loss: 0.9475
Epoch 22: train acc: 0.6330 train loss: 0.8347 valid acc: 0.5430 valid loss: 0.9354
Epoch 23: train acc: 0.6297 train loss: 0.8423 valid acc: 0.5664 valid loss: 0.9411
Epoch 24: train acc: 0.6256 train loss: 0.8465 valid acc: 0.5742 valid loss: 0.9607
Epoch 25: train acc: 0.6314 train loss: 0.8330 valid acc: 0.4961 valid loss: 1.0418
Epoch 26: train acc: 0.6424 train loss: 0.8320 valid acc: 0.5078 valid loss: 0.9605
Epoch 27: train acc: 0.6459 train loss: 0.8190 valid acc: 0.5000 valid loss: 0.9772
Epoch 28: train acc: 0.6299 train loss: 0.8209 valid acc: 0.5234 valid loss: 0.9645
Epoch 29: train acc: 0.6344 train loss: 0.8240 valid acc: 0.5508 valid loss: 0.9279
Epoch 30: train acc: 0.6402 train loss: 0.8181 valid acc: 0.4648 valid loss: 0.9838
Epoch 31: train acc: 0.6461 train loss: 0.8144 valid acc: 0.4648 valid loss: 1.0449
Epoch 32: train acc: 0.6469 train loss: 0.8151 valid acc: 0.6211 valid loss: 0.8564
Epoch 33: train acc: 0.6439 train loss: 0.8145 valid acc: 0.5547 valid loss: 0.9530
Epoch 34: train acc: 0.6510 train loss: 0.8016 valid acc: 0.5352 valid loss: 0.9451
Epoch 35: train acc: 0.6459 train loss: 0.8074 valid acc: 0.6094 valid loss: 0.8440
Epoch 36: train acc: 0.6482 train loss: 0.7998 valid acc: 0.5859 valid loss: 0.9097
Epoch 37: train acc: 0.6480 train loss: 0.8022 valid acc: 0.5586 valid loss: 0.9575
Epoch 38: train acc: 0.6482 train loss: 0.8019 valid acc: 0.5859 valid loss: 0.9292
Epoch 39: train acc: 0.6395 train loss: 0.7996 valid acc: 0.6250 valid loss: 0.8228
Epoch 40: train acc: 0.6547 train loss: 0.8026 valid acc: 0.5508 valid loss: 0.9386
Epoch 41: train acc: 0.6580 train loss: 0.7876 valid acc: 0.4805 valid loss: 0.9682
Epoch 42: train acc: 0.6602 train loss: 0.7911 valid acc: 0.5625 valid loss: 0.9566
Epoch 43: train acc: 0.6484 train loss: 0.7964 valid acc: 0.6016 valid loss: 0.8878
Epoch 44: train acc: 0.6547 train loss: 0.7878 valid acc: 0.5664 valid loss: 0.9674
Epoch 45: train acc: 0.6604 train loss: 0.7831 valid acc: 0.6055 valid loss: 0.9119
Epoch 46: train acc: 0.6670 train loss: 0.7799 valid acc: 0.5469 valid loss: 0.9194
Epoch 47: train acc: 0.6543 train loss: 0.7804 valid acc: 0.5391 valid loss: 0.9777
Epoch 48: train acc: 0.6646 train loss: 0.7766 valid acc: 0.5352 valid loss: 0.9310
Epoch 49: train acc: 0.6623 train loss: 0.7766 valid acc: 0.5391 valid loss: 0.9676
Run 00: test acc: 0.5023 test loss: 1.0055
Epoch 00: train acc: 0.4982 train loss: 1.0334 valid acc: 0.6289 valid loss: 0.9683
Epoch 01: train acc: 0.5348 train loss: 0.9846 valid acc: 0.5781 valid loss: 0.9310
Epoch 02: train acc: 0.5396 train loss: 0.9746 valid acc: 0.5547 valid loss: 0.9700
Epoch 03: train acc: 0.5424 train loss: 0.9682 valid acc: 0.5938 valid loss: 0.9700
Epoch 04: train acc: 0.5730 train loss: 0.9576 valid acc: 0.6094 valid loss: 0.9076
Epoch 05: train acc: 0.5707 train loss: 0.9372 valid acc: 0.5469 valid loss: 0.9727
Epoch 06: train acc: 0.5707 train loss: 0.9340 valid acc: 0.6172 valid loss: 0.9043
Epoch 07: train acc: 0.5826 train loss: 0.9213 valid acc: 0.5938 valid loss: 0.9203
Epoch 08: train acc: 0.5900 train loss: 0.9064 valid acc: 0.5352 valid loss: 1.0237
Epoch 09: train acc: 0.5912 train loss: 0.9047 valid acc: 0.5898 valid loss: 0.9220
Epoch 10: train acc: 0.5979 train loss: 0.9012 valid acc: 0.5898 valid loss: 0.9004
Epoch 11: train acc: 0.5986 train loss: 0.8934 valid acc: 0.5469 valid loss: 0.9652
Epoch 12: train acc: 0.6104 train loss: 0.8869 valid acc: 0.5664 valid loss: 0.9384
Epoch 13: train acc: 0.6098 train loss: 0.8858 valid acc: 0.5664 valid loss: 0.9640
Epoch 14: train acc: 0.6168 train loss: 0.8758 valid acc: 0.6250 valid loss: 0.8770
Epoch 15: train acc: 0.6146 train loss: 0.8772 valid acc: 0.6055 valid loss: 0.8608
Epoch 16: train acc: 0.6160 train loss: 0.8774 valid acc: 0.6055 valid loss: 0.9008
Epoch 17: train acc: 0.6176 train loss: 0.8713 valid acc: 0.5430 valid loss: 0.9907
Epoch 18: train acc: 0.6104 train loss: 0.8677 valid acc: 0.6328 valid loss: 0.8596
Epoch 19: train acc: 0.6254 train loss: 0.8646 valid acc: 0.5508 valid loss: 0.9655
Epoch 20: train acc: 0.6152 train loss: 0.8637 valid acc: 0.6094 valid loss: 0.8987
Epoch 21: train acc: 0.6295 train loss: 0.8630 valid acc: 0.6367 valid loss: 0.8483
Epoch 22: train acc: 0.6244 train loss: 0.8602 valid acc: 0.5078 valid loss: 0.9859
Epoch 23: train acc: 0.6270 train loss: 0.8507 valid acc: 0.5781 valid loss: 0.8819
Epoch 24: train acc: 0.6240 train loss: 0.8484 valid acc: 0.5352 valid loss: 1.0019
Epoch 25: train acc: 0.6252 train loss: 0.8464 valid acc: 0.5469 valid loss: 0.9528
Epoch 26: train acc: 0.6311 train loss: 0.8438 valid acc: 0.5469 valid loss: 0.9491
Epoch 27: train acc: 0.6406 train loss: 0.8378 valid acc: 0.5547 valid loss: 0.9747
Epoch 28: train acc: 0.6330 train loss: 0.8344 valid acc: 0.6367 valid loss: 0.8406
Epoch 29: train acc: 0.6344 train loss: 0.8343 valid acc: 0.5430 valid loss: 0.9490
Epoch 30: train acc: 0.6334 train loss: 0.8316 valid acc: 0.6875 valid loss: 0.8204
Epoch 31: train acc: 0.6186 train loss: 0.8459 valid acc: 0.6094 valid loss: 0.8954
Epoch 32: train acc: 0.6355 train loss: 0.8231 valid acc: 0.5391 valid loss: 0.9309
Epoch 33: train acc: 0.6357 train loss: 0.8254 valid acc: 0.5820 valid loss: 0.9450
Epoch 34: train acc: 0.6482 train loss: 0.8237 valid acc: 0.5586 valid loss: 0.9090
Epoch 35: train acc: 0.6422 train loss: 0.8168 valid acc: 0.6328 valid loss: 0.8529
Epoch 36: train acc: 0.6414 train loss: 0.8189 valid acc: 0.6016 valid loss: 0.8946
Epoch 37: train acc: 0.6406 train loss: 0.8137 valid acc: 0.5898 valid loss: 0.9152
Epoch 38: train acc: 0.6406 train loss: 0.8137 valid acc: 0.5273 valid loss: 0.9923
Epoch 39: train acc: 0.6518 train loss: 0.8111 valid acc: 0.5312 valid loss: 0.9293
Epoch 40: train acc: 0.6357 train loss: 0.8149 valid acc: 0.6875 valid loss: 0.8282
Epoch 41: train acc: 0.6504 train loss: 0.8057 valid acc: 0.6055 valid loss: 0.9089
Epoch 42: train acc: 0.6439 train loss: 0.8060 valid acc: 0.4375 valid loss: 1.0305
Epoch 43: train acc: 0.6527 train loss: 0.8008 valid acc: 0.5156 valid loss: 1.0109
Epoch 44: train acc: 0.6504 train loss: 0.7987 valid acc: 0.5586 valid loss: 0.9779
Epoch 45: train acc: 0.6484 train loss: 0.8001 valid acc: 0.6250 valid loss: 0.8638
Epoch 46: train acc: 0.6480 train loss: 0.8023 valid acc: 0.5469 valid loss: 0.9665
Epoch 47: train acc: 0.6492 train loss: 0.8038 valid acc: 0.5664 valid loss: 0.9648
Epoch 48: train acc: 0.6488 train loss: 0.7928 valid acc: 0.5703 valid loss: 0.9397
Epoch 49: train acc: 0.6484 train loss: 0.7933 valid acc: 0.5352 valid loss: 1.0357
Run 01: test acc: 0.5004 test loss: 1.0408
Epoch 00: train acc: 0.4926 train loss: 1.0240 valid acc: 0.5820 valid loss: 0.9932
Epoch 01: train acc: 0.5432 train loss: 0.9890 valid acc: 0.5039 valid loss: 1.0392
Epoch 02: train acc: 0.5551 train loss: 0.9790 valid acc: 0.6133 valid loss: 0.9062
Epoch 03: train acc: 0.5590 train loss: 0.9548 valid acc: 0.6133 valid loss: 0.9497
Epoch 04: train acc: 0.5688 train loss: 0.9548 valid acc: 0.5859 valid loss: 0.9655
Epoch 05: train acc: 0.5684 train loss: 0.9449 valid acc: 0.5273 valid loss: 0.9570
Epoch 06: train acc: 0.5727 train loss: 0.9306 valid acc: 0.5000 valid loss: 0.9790
Epoch 07: train acc: 0.5867 train loss: 0.9292 valid acc: 0.5820 valid loss: 0.9005
Epoch 08: train acc: 0.5867 train loss: 0.9171 valid acc: 0.4922 valid loss: 1.0809
Epoch 09: train acc: 0.6002 train loss: 0.9135 valid acc: 0.5742 valid loss: 0.9401
Epoch 10: train acc: 0.5990 train loss: 0.9068 valid acc: 0.6094 valid loss: 0.9006
Epoch 11: train acc: 0.6086 train loss: 0.8902 valid acc: 0.5430 valid loss: 0.9399
Epoch 12: train acc: 0.6066 train loss: 0.8903 valid acc: 0.5977 valid loss: 0.8794
Epoch 13: train acc: 0.6045 train loss: 0.8872 valid acc: 0.4922 valid loss: 0.9841
Epoch 14: train acc: 0.6143 train loss: 0.8773 valid acc: 0.6328 valid loss: 0.8956
Epoch 15: train acc: 0.6068 train loss: 0.8777 valid acc: 0.5391 valid loss: 0.9633
Epoch 16: train acc: 0.6258 train loss: 0.8729 valid acc: 0.5664 valid loss: 0.9110
Epoch 17: train acc: 0.6248 train loss: 0.8661 valid acc: 0.5938 valid loss: 0.8922
Epoch 18: train acc: 0.6250 train loss: 0.8751 valid acc: 0.4609 valid loss: 1.0227
Epoch 19: train acc: 0.6330 train loss: 0.8554 valid acc: 0.5742 valid loss: 0.9236
Epoch 20: train acc: 0.6229 train loss: 0.8633 valid acc: 0.6289 valid loss: 0.9065
Epoch 21: train acc: 0.6270 train loss: 0.8586 valid acc: 0.5664 valid loss: 0.9046
Epoch 22: train acc: 0.6363 train loss: 0.8481 valid acc: 0.5391 valid loss: 0.9009
Epoch 23: train acc: 0.6361 train loss: 0.8436 valid acc: 0.5352 valid loss: 0.8910
Epoch 24: train acc: 0.6309 train loss: 0.8427 valid acc: 0.5703 valid loss: 0.9148
Epoch 25: train acc: 0.6322 train loss: 0.8456 valid acc: 0.5781 valid loss: 0.9031
Epoch 26: train acc: 0.6283 train loss: 0.8347 valid acc: 0.5664 valid loss: 0.9369
Epoch 27: train acc: 0.6373 train loss: 0.8314 valid acc: 0.5742 valid loss: 0.9406
Epoch 28: train acc: 0.6418 train loss: 0.8366 valid acc: 0.5469 valid loss: 0.9388
Epoch 29: train acc: 0.6500 train loss: 0.8290 valid acc: 0.5156 valid loss: 1.0286
Epoch 30: train acc: 0.6385 train loss: 0.8210 valid acc: 0.5938 valid loss: 0.9127
Epoch 31: train acc: 0.6344 train loss: 0.8341 valid acc: 0.6367 valid loss: 0.8784
Epoch 32: train acc: 0.6457 train loss: 0.8245 valid acc: 0.5625 valid loss: 0.9497
Epoch 33: train acc: 0.6402 train loss: 0.8223 valid acc: 0.6641 valid loss: 0.8251
Epoch 34: train acc: 0.6451 train loss: 0.8182 valid acc: 0.4922 valid loss: 1.0740
Epoch 35: train acc: 0.6512 train loss: 0.8098 valid acc: 0.5703 valid loss: 0.9058
Epoch 36: train acc: 0.6439 train loss: 0.8163 valid acc: 0.4922 valid loss: 0.9747
Epoch 37: train acc: 0.6496 train loss: 0.8152 valid acc: 0.6172 valid loss: 0.9229
Epoch 38: train acc: 0.6533 train loss: 0.8086 valid acc: 0.6016 valid loss: 0.9234
Epoch 39: train acc: 0.6516 train loss: 0.8060 valid acc: 0.5898 valid loss: 0.9636
Epoch 40: train acc: 0.6514 train loss: 0.8022 valid acc: 0.5039 valid loss: 1.0017
Epoch 41: train acc: 0.6631 train loss: 0.8009 valid acc: 0.5352 valid loss: 1.0147
Epoch 42: train acc: 0.6549 train loss: 0.7975 valid acc: 0.6094 valid loss: 0.8843
Epoch 43: train acc: 0.6471 train loss: 0.7973 valid acc: 0.6016 valid loss: 0.8525
Epoch 44: train acc: 0.6412 train loss: 0.7968 valid acc: 0.5547 valid loss: 0.9836
Epoch 45: train acc: 0.6539 train loss: 0.8061 valid acc: 0.5820 valid loss: 0.9321
Epoch 46: train acc: 0.6504 train loss: 0.7927 valid acc: 0.5820 valid loss: 0.9182
Epoch 47: train acc: 0.6564 train loss: 0.7913 valid acc: 0.5508 valid loss: 0.9601
Epoch 48: train acc: 0.6484 train loss: 0.7927 valid acc: 0.5898 valid loss: 0.8807
Epoch 49: train acc: 0.6559 train loss: 0.7910 valid acc: 0.5898 valid loss: 0.9085
Run 02: test acc: 0.5020 test loss: 1.0483
Epoch 00: train acc: 0.5070 train loss: 1.0200 valid acc: 0.6133 valid loss: 0.9348
Epoch 01: train acc: 0.5320 train loss: 0.9839 valid acc: 0.6016 valid loss: 0.9162
Epoch 02: train acc: 0.5506 train loss: 0.9653 valid acc: 0.5781 valid loss: 0.9534
Epoch 03: train acc: 0.5471 train loss: 0.9601 valid acc: 0.6133 valid loss: 0.9154
Epoch 04: train acc: 0.5602 train loss: 0.9506 valid acc: 0.5703 valid loss: 0.9646
Epoch 05: train acc: 0.5857 train loss: 0.9342 valid acc: 0.5898 valid loss: 0.9541
Epoch 06: train acc: 0.5854 train loss: 0.9245 valid acc: 0.5547 valid loss: 0.9592
Epoch 07: train acc: 0.5996 train loss: 0.9122 valid acc: 0.5000 valid loss: 1.0058
Epoch 08: train acc: 0.6061 train loss: 0.9055 valid acc: 0.5312 valid loss: 0.9635
Epoch 09: train acc: 0.5967 train loss: 0.9086 valid acc: 0.5859 valid loss: 0.8907
Epoch 10: train acc: 0.5904 train loss: 0.8998 valid acc: 0.6172 valid loss: 0.9156
Epoch 11: train acc: 0.6047 train loss: 0.8953 valid acc: 0.6289 valid loss: 0.8444
Epoch 12: train acc: 0.6100 train loss: 0.8851 valid acc: 0.4922 valid loss: 1.0143
Epoch 13: train acc: 0.6076 train loss: 0.8833 valid acc: 0.4844 valid loss: 1.0140
Epoch 14: train acc: 0.6123 train loss: 0.8760 valid acc: 0.5195 valid loss: 1.0019
Epoch 15: train acc: 0.6023 train loss: 0.8823 valid acc: 0.5430 valid loss: 0.9584
Epoch 16: train acc: 0.5965 train loss: 0.8954 valid acc: 0.5977 valid loss: 0.9140
Epoch 17: train acc: 0.6117 train loss: 0.8720 valid acc: 0.5781 valid loss: 0.9415
Epoch 18: train acc: 0.6148 train loss: 0.8595 valid acc: 0.5547 valid loss: 0.9675
Epoch 19: train acc: 0.6254 train loss: 0.8582 valid acc: 0.5625 valid loss: 0.9095
Epoch 20: train acc: 0.6137 train loss: 0.8590 valid acc: 0.5234 valid loss: 0.9795
Epoch 21: train acc: 0.6385 train loss: 0.8537 valid acc: 0.5508 valid loss: 0.9357
Epoch 22: train acc: 0.6152 train loss: 0.8584 valid acc: 0.5430 valid loss: 0.9272
Epoch 23: train acc: 0.6207 train loss: 0.8581 valid acc: 0.6016 valid loss: 0.9011
Epoch 24: train acc: 0.6211 train loss: 0.8464 valid acc: 0.5430 valid loss: 0.9290
Epoch 25: train acc: 0.6260 train loss: 0.8408 valid acc: 0.6055 valid loss: 0.9092
Epoch 26: train acc: 0.6189 train loss: 0.8440 valid acc: 0.6289 valid loss: 0.8567
Epoch 27: train acc: 0.6355 train loss: 0.8361 valid acc: 0.5430 valid loss: 0.9073
Epoch 28: train acc: 0.6361 train loss: 0.8331 valid acc: 0.5469 valid loss: 0.9802
Epoch 29: train acc: 0.6369 train loss: 0.8336 valid acc: 0.5781 valid loss: 0.8842
Epoch 30: train acc: 0.6404 train loss: 0.8266 valid acc: 0.6016 valid loss: 0.8823
Epoch 31: train acc: 0.6307 train loss: 0.8283 valid acc: 0.5703 valid loss: 0.8850
Epoch 32: train acc: 0.6350 train loss: 0.8242 valid acc: 0.5508 valid loss: 1.0038
Epoch 33: train acc: 0.6400 train loss: 0.8195 valid acc: 0.5586 valid loss: 0.9973
Epoch 34: train acc: 0.6402 train loss: 0.8259 valid acc: 0.5820 valid loss: 0.9387
Epoch 35: train acc: 0.6443 train loss: 0.8176 valid acc: 0.5508 valid loss: 0.9368
Epoch 36: train acc: 0.6529 train loss: 0.8168 valid acc: 0.5742 valid loss: 0.9261
Epoch 37: train acc: 0.6471 train loss: 0.8137 valid acc: 0.6055 valid loss: 0.8983
Epoch 38: train acc: 0.6467 train loss: 0.8119 valid acc: 0.5039 valid loss: 1.0265
Epoch 39: train acc: 0.6422 train loss: 0.8132 valid acc: 0.5820 valid loss: 0.8995
Epoch 40: train acc: 0.6402 train loss: 0.8112 valid acc: 0.5508 valid loss: 0.9919
Epoch 41: train acc: 0.6482 train loss: 0.8160 valid acc: 0.6289 valid loss: 0.8231
Epoch 42: train acc: 0.6506 train loss: 0.8078 valid acc: 0.5195 valid loss: 0.9738
Epoch 43: train acc: 0.6447 train loss: 0.8079 valid acc: 0.5586 valid loss: 0.9214
Epoch 44: train acc: 0.6510 train loss: 0.8060 valid acc: 0.5742 valid loss: 0.9211
Epoch 45: train acc: 0.6471 train loss: 0.8072 valid acc: 0.5820 valid loss: 0.9043
Epoch 46: train acc: 0.6486 train loss: 0.8057 valid acc: 0.5469 valid loss: 0.9025
Epoch 47: train acc: 0.6527 train loss: 0.7997 valid acc: 0.5508 valid loss: 0.9516
Epoch 48: train acc: 0.6504 train loss: 0.7973 valid acc: 0.5000 valid loss: 1.0185
Epoch 49: train acc: 0.6553 train loss: 0.7982 valid acc: 0.6094 valid loss: 0.8695
Run 03: test acc: 0.5668 test loss: 0.9642
Epoch 00: train acc: 0.4941 train loss: 1.0238 valid acc: 0.5820 valid loss: 0.9658
Epoch 01: train acc: 0.5100 train loss: 0.9917 valid acc: 0.5898 valid loss: 0.9647
Epoch 02: train acc: 0.5398 train loss: 0.9717 valid acc: 0.6562 valid loss: 0.8800
Epoch 03: train acc: 0.5561 train loss: 0.9560 valid acc: 0.6055 valid loss: 0.9729
Epoch 04: train acc: 0.5645 train loss: 0.9479 valid acc: 0.5859 valid loss: 0.9512
Epoch 05: train acc: 0.5805 train loss: 0.9350 valid acc: 0.5781 valid loss: 0.9263
Epoch 06: train acc: 0.5770 train loss: 0.9274 valid acc: 0.5469 valid loss: 0.9611
Epoch 07: train acc: 0.5729 train loss: 0.9248 valid acc: 0.6211 valid loss: 0.9115
Epoch 08: train acc: 0.5920 train loss: 0.9149 valid acc: 0.5586 valid loss: 0.9947
Epoch 09: train acc: 0.5852 train loss: 0.9229 valid acc: 0.5547 valid loss: 0.9531
Epoch 10: train acc: 0.5986 train loss: 0.8964 valid acc: 0.5273 valid loss: 0.9425
Epoch 11: train acc: 0.6074 train loss: 0.8970 valid acc: 0.5508 valid loss: 0.9317
Epoch 12: train acc: 0.6109 train loss: 0.8882 valid acc: 0.6406 valid loss: 0.9296
Epoch 13: train acc: 0.6121 train loss: 0.8819 valid acc: 0.6406 valid loss: 0.8294
Epoch 14: train acc: 0.6080 train loss: 0.8782 valid acc: 0.6602 valid loss: 0.8414
Epoch 15: train acc: 0.6207 train loss: 0.8751 valid acc: 0.5391 valid loss: 0.9264
Epoch 16: train acc: 0.6059 train loss: 0.8765 valid acc: 0.5781 valid loss: 0.9319
Epoch 17: train acc: 0.6250 train loss: 0.8642 valid acc: 0.6172 valid loss: 0.8717
Epoch 18: train acc: 0.6143 train loss: 0.8670 valid acc: 0.6367 valid loss: 0.8206
Epoch 19: train acc: 0.6287 train loss: 0.8579 valid acc: 0.5859 valid loss: 0.9425
Epoch 20: train acc: 0.6266 train loss: 0.8604 valid acc: 0.5156 valid loss: 0.9758
Epoch 21: train acc: 0.6197 train loss: 0.8619 valid acc: 0.5781 valid loss: 0.9299
Epoch 22: train acc: 0.6346 train loss: 0.8491 valid acc: 0.5586 valid loss: 0.9794
Epoch 23: train acc: 0.6385 train loss: 0.8431 valid acc: 0.5195 valid loss: 0.9789
Epoch 24: train acc: 0.6354 train loss: 0.8404 valid acc: 0.5547 valid loss: 0.9586
Epoch 25: train acc: 0.6279 train loss: 0.8394 valid acc: 0.6055 valid loss: 0.8617
Epoch 26: train acc: 0.6436 train loss: 0.8356 valid acc: 0.5742 valid loss: 0.8869
Epoch 27: train acc: 0.6395 train loss: 0.8339 valid acc: 0.5781 valid loss: 0.9068
Epoch 28: train acc: 0.6418 train loss: 0.8326 valid acc: 0.5508 valid loss: 0.9652
Epoch 29: train acc: 0.6350 train loss: 0.8336 valid acc: 0.5508 valid loss: 0.9862
Epoch 30: train acc: 0.6363 train loss: 0.8332 valid acc: 0.5156 valid loss: 0.9651
Epoch 31: train acc: 0.6432 train loss: 0.8279 valid acc: 0.5742 valid loss: 0.8871
Epoch 32: train acc: 0.6457 train loss: 0.8197 valid acc: 0.6016 valid loss: 0.8572
Epoch 33: train acc: 0.6461 train loss: 0.8172 valid acc: 0.5508 valid loss: 0.9694
Epoch 34: train acc: 0.6461 train loss: 0.8153 valid acc: 0.6602 valid loss: 0.8481
Epoch 35: train acc: 0.6410 train loss: 0.8185 valid acc: 0.5820 valid loss: 0.9075
Epoch 36: train acc: 0.6381 train loss: 0.8198 valid acc: 0.6016 valid loss: 0.8957
Epoch 37: train acc: 0.6557 train loss: 0.8127 valid acc: 0.5547 valid loss: 0.9413
Epoch 38: train acc: 0.6500 train loss: 0.8099 valid acc: 0.5742 valid loss: 0.9168
Epoch 39: train acc: 0.6531 train loss: 0.8050 valid acc: 0.6055 valid loss: 0.9050
Epoch 40: train acc: 0.6531 train loss: 0.8034 valid acc: 0.5508 valid loss: 0.9698
Epoch 41: train acc: 0.6504 train loss: 0.8026 valid acc: 0.6133 valid loss: 0.8927
Epoch 42: train acc: 0.6523 train loss: 0.8029 valid acc: 0.6211 valid loss: 0.8938
Epoch 43: train acc: 0.6496 train loss: 0.8083 valid acc: 0.5469 valid loss: 0.9915
Epoch 44: train acc: 0.6412 train loss: 0.8069 valid acc: 0.5312 valid loss: 1.0330
Epoch 45: train acc: 0.6543 train loss: 0.8042 valid acc: 0.5586 valid loss: 0.9464
Epoch 46: train acc: 0.6547 train loss: 0.8000 valid acc: 0.4961 valid loss: 1.0272
Epoch 47: train acc: 0.6678 train loss: 0.8003 valid acc: 0.5195 valid loss: 0.9594
Epoch 48: train acc: 0.6484 train loss: 0.7970 valid acc: 0.5820 valid loss: 0.9148
Epoch 49: train acc: 0.6596 train loss: 0.7917 valid acc: 0.5469 valid loss: 0.9336
Run 04: test acc: 0.5102 test loss: 1.0076
Epoch 00: train acc: 0.5203 train loss: 1.0277 valid acc: 0.5820 valid loss: 0.9406
Epoch 01: train acc: 0.5244 train loss: 0.9930 valid acc: 0.5273 valid loss: 0.9812
Epoch 02: train acc: 0.5502 train loss: 0.9742 valid acc: 0.5156 valid loss: 1.0145
Epoch 03: train acc: 0.5549 train loss: 0.9585 valid acc: 0.5352 valid loss: 0.9773
Epoch 04: train acc: 0.5674 train loss: 0.9475 valid acc: 0.5234 valid loss: 0.9828
Epoch 05: train acc: 0.5693 train loss: 0.9386 valid acc: 0.5469 valid loss: 1.0042
Epoch 06: train acc: 0.5736 train loss: 0.9249 valid acc: 0.5117 valid loss: 1.0339
Epoch 07: train acc: 0.5906 train loss: 0.9170 valid acc: 0.4922 valid loss: 1.0108
Epoch 08: train acc: 0.5965 train loss: 0.9089 valid acc: 0.5703 valid loss: 0.9745
Epoch 09: train acc: 0.5963 train loss: 0.9085 valid acc: 0.5234 valid loss: 0.9978
Epoch 10: train acc: 0.6029 train loss: 0.9036 valid acc: 0.5156 valid loss: 0.9404
Epoch 11: train acc: 0.6064 train loss: 0.8925 valid acc: 0.4805 valid loss: 1.0550
Epoch 12: train acc: 0.6062 train loss: 0.8852 valid acc: 0.5508 valid loss: 0.9385
Epoch 13: train acc: 0.6064 train loss: 0.8865 valid acc: 0.5508 valid loss: 0.9570
Epoch 14: train acc: 0.6107 train loss: 0.8796 valid acc: 0.5391 valid loss: 0.9597
Epoch 15: train acc: 0.6051 train loss: 0.8730 valid acc: 0.5039 valid loss: 0.9728
Epoch 16: train acc: 0.6191 train loss: 0.8730 valid acc: 0.5781 valid loss: 0.8920
Epoch 17: train acc: 0.6205 train loss: 0.8695 valid acc: 0.4961 valid loss: 1.0052
Epoch 18: train acc: 0.6109 train loss: 0.8680 valid acc: 0.5312 valid loss: 1.0465
Epoch 19: train acc: 0.6135 train loss: 0.8729 valid acc: 0.5352 valid loss: 0.9338
Epoch 20: train acc: 0.6176 train loss: 0.8683 valid acc: 0.6055 valid loss: 0.8962
Epoch 21: train acc: 0.6215 train loss: 0.8530 valid acc: 0.5742 valid loss: 0.9098
Epoch 22: train acc: 0.6215 train loss: 0.8503 valid acc: 0.4922 valid loss: 1.0168
Epoch 23: train acc: 0.6266 train loss: 0.8486 valid acc: 0.5859 valid loss: 0.8921
Epoch 24: train acc: 0.6250 train loss: 0.8520 valid acc: 0.5430 valid loss: 0.9023
Epoch 25: train acc: 0.6268 train loss: 0.8494 valid acc: 0.5234 valid loss: 0.9926
Epoch 26: train acc: 0.6271 train loss: 0.8462 valid acc: 0.5430 valid loss: 0.9842
Epoch 27: train acc: 0.6330 train loss: 0.8397 valid acc: 0.5391 valid loss: 0.9428
Epoch 28: train acc: 0.6305 train loss: 0.8425 valid acc: 0.5742 valid loss: 0.9064
Epoch 29: train acc: 0.6352 train loss: 0.8354 valid acc: 0.5039 valid loss: 0.9773
Epoch 30: train acc: 0.6400 train loss: 0.8335 valid acc: 0.5742 valid loss: 0.9168
Epoch 31: train acc: 0.6340 train loss: 0.8331 valid acc: 0.5391 valid loss: 0.9425
Epoch 32: train acc: 0.6330 train loss: 0.8315 valid acc: 0.5664 valid loss: 0.9271
Epoch 33: train acc: 0.6432 train loss: 0.8317 valid acc: 0.5195 valid loss: 0.9560
Epoch 34: train acc: 0.6428 train loss: 0.8268 valid acc: 0.5391 valid loss: 0.9162
Epoch 35: train acc: 0.6371 train loss: 0.8253 valid acc: 0.5195 valid loss: 1.0389
Epoch 36: train acc: 0.6447 train loss: 0.8232 valid acc: 0.5508 valid loss: 0.9288
Epoch 37: train acc: 0.6379 train loss: 0.8236 valid acc: 0.5273 valid loss: 0.9610
Epoch 38: train acc: 0.6449 train loss: 0.8162 valid acc: 0.5703 valid loss: 0.9377
Epoch 39: train acc: 0.6371 train loss: 0.8204 valid acc: 0.5352 valid loss: 0.9835
Epoch 40: train acc: 0.6543 train loss: 0.8173 valid acc: 0.6094 valid loss: 0.8856
Epoch 41: train acc: 0.6486 train loss: 0.8188 valid acc: 0.4727 valid loss: 1.0767
Epoch 42: train acc: 0.6480 train loss: 0.8140 valid acc: 0.5781 valid loss: 0.8628
Epoch 43: train acc: 0.6428 train loss: 0.8170 valid acc: 0.5898 valid loss: 0.9133
Epoch 44: train acc: 0.6434 train loss: 0.8124 valid acc: 0.5469 valid loss: 0.9353
Epoch 45: train acc: 0.6422 train loss: 0.8165 valid acc: 0.5156 valid loss: 0.9831
Epoch 46: train acc: 0.6498 train loss: 0.8106 valid acc: 0.5117 valid loss: 1.0037
Epoch 47: train acc: 0.6547 train loss: 0.8074 valid acc: 0.5195 valid loss: 1.0051
Epoch 48: train acc: 0.6482 train loss: 0.8084 valid acc: 0.6484 valid loss: 0.8573
Epoch 49: train acc: 0.6445 train loss: 0.8055 valid acc: 0.5508 valid loss: 0.9252
Run 05: test acc: 0.5566 test loss: 0.9680
Epoch 00: train acc: 0.5076 train loss: 1.0298 valid acc: 0.5469 valid loss: 0.9849
Epoch 01: train acc: 0.5223 train loss: 0.9886 valid acc: 0.5742 valid loss: 0.9467
Epoch 02: train acc: 0.5543 train loss: 0.9645 valid acc: 0.5195 valid loss: 1.0071
Epoch 03: train acc: 0.5482 train loss: 0.9657 valid acc: 0.5508 valid loss: 0.9393
Epoch 04: train acc: 0.5598 train loss: 0.9422 valid acc: 0.5742 valid loss: 0.9568
Epoch 05: train acc: 0.5805 train loss: 0.9378 valid acc: 0.5859 valid loss: 0.9336
Epoch 06: train acc: 0.5719 train loss: 0.9281 valid acc: 0.5742 valid loss: 0.9420
Epoch 07: train acc: 0.5881 train loss: 0.9148 valid acc: 0.6094 valid loss: 0.9224
Epoch 08: train acc: 0.5992 train loss: 0.9019 valid acc: 0.5430 valid loss: 0.9510
Epoch 09: train acc: 0.5984 train loss: 0.9102 valid acc: 0.5625 valid loss: 0.9966
Epoch 10: train acc: 0.5955 train loss: 0.9076 valid acc: 0.5898 valid loss: 0.9682
Epoch 11: train acc: 0.6109 train loss: 0.8939 valid acc: 0.5508 valid loss: 0.9394
Epoch 12: train acc: 0.6146 train loss: 0.8777 valid acc: 0.5352 valid loss: 0.9549
Epoch 13: train acc: 0.6146 train loss: 0.8743 valid acc: 0.6367 valid loss: 0.9135
Epoch 14: train acc: 0.6211 train loss: 0.8729 valid acc: 0.6289 valid loss: 0.8941
Epoch 15: train acc: 0.6248 train loss: 0.8657 valid acc: 0.5781 valid loss: 0.9271
Epoch 16: train acc: 0.6295 train loss: 0.8673 valid acc: 0.5742 valid loss: 0.8900
Epoch 17: train acc: 0.6225 train loss: 0.8579 valid acc: 0.5703 valid loss: 0.9829
Epoch 18: train acc: 0.6166 train loss: 0.8674 valid acc: 0.5703 valid loss: 0.8634
Epoch 19: train acc: 0.6268 train loss: 0.8521 valid acc: 0.5430 valid loss: 0.9920
Epoch 20: train acc: 0.6281 train loss: 0.8505 valid acc: 0.5195 valid loss: 1.0376
Epoch 21: train acc: 0.6400 train loss: 0.8380 valid acc: 0.5273 valid loss: 0.9837
Epoch 22: train acc: 0.6447 train loss: 0.8344 valid acc: 0.5820 valid loss: 0.9365
Epoch 23: train acc: 0.6324 train loss: 0.8347 valid acc: 0.5469 valid loss: 0.9357
Epoch 24: train acc: 0.6326 train loss: 0.8314 valid acc: 0.5000 valid loss: 0.9562
Epoch 25: train acc: 0.6510 train loss: 0.8227 valid acc: 0.5508 valid loss: 0.9693
Epoch 26: train acc: 0.6482 train loss: 0.8246 valid acc: 0.5820 valid loss: 0.9097
Epoch 27: train acc: 0.6457 train loss: 0.8188 valid acc: 0.5195 valid loss: 0.9761
Epoch 28: train acc: 0.6475 train loss: 0.8152 valid acc: 0.5586 valid loss: 0.9468
Epoch 29: train acc: 0.6430 train loss: 0.8190 valid acc: 0.5781 valid loss: 0.9375
Epoch 30: train acc: 0.6537 train loss: 0.8192 valid acc: 0.5117 valid loss: 0.9678
Epoch 31: train acc: 0.6576 train loss: 0.8102 valid acc: 0.6016 valid loss: 0.9032
Epoch 32: train acc: 0.6512 train loss: 0.8097 valid acc: 0.5508 valid loss: 0.9644
Epoch 33: train acc: 0.6539 train loss: 0.8064 valid acc: 0.6094 valid loss: 0.8838
Epoch 34: train acc: 0.6516 train loss: 0.7962 valid acc: 0.6367 valid loss: 0.8458
Epoch 35: train acc: 0.6439 train loss: 0.8017 valid acc: 0.4961 valid loss: 1.0027
Epoch 36: train acc: 0.6555 train loss: 0.7990 valid acc: 0.6172 valid loss: 0.9302
Epoch 37: train acc: 0.6543 train loss: 0.7966 valid acc: 0.5508 valid loss: 0.9465
Epoch 38: train acc: 0.6654 train loss: 0.7941 valid acc: 0.6484 valid loss: 0.8647
Epoch 39: train acc: 0.6609 train loss: 0.7938 valid acc: 0.5820 valid loss: 0.9018
Epoch 40: train acc: 0.6541 train loss: 0.7902 valid acc: 0.5898 valid loss: 0.8647
Epoch 41: train acc: 0.6576 train loss: 0.7873 valid acc: 0.5234 valid loss: 0.9734
Epoch 42: train acc: 0.6594 train loss: 0.7881 valid acc: 0.5586 valid loss: 0.9287
Epoch 43: train acc: 0.6555 train loss: 0.7800 valid acc: 0.4883 valid loss: 1.0181
Epoch 44: train acc: 0.6582 train loss: 0.7855 valid acc: 0.5938 valid loss: 0.9080
Epoch 45: train acc: 0.6596 train loss: 0.7784 valid acc: 0.5977 valid loss: 0.8755
Epoch 46: train acc: 0.6506 train loss: 0.7931 valid acc: 0.5781 valid loss: 0.9074
Epoch 47: train acc: 0.6617 train loss: 0.7789 valid acc: 0.5078 valid loss: 1.0363
Epoch 48: train acc: 0.6760 train loss: 0.7776 valid acc: 0.5312 valid loss: 0.9518
Epoch 49: train acc: 0.6645 train loss: 0.7758 valid acc: 0.5625 valid loss: 0.9155
Run 06: test acc: 0.5551 test loss: 1.0038
Epoch 00: train acc: 0.5137 train loss: 1.0377 valid acc: 0.5977 valid loss: 0.9512
Epoch 01: train acc: 0.5203 train loss: 0.9995 valid acc: 0.5781 valid loss: 1.0016
Epoch 02: train acc: 0.5379 train loss: 0.9752 valid acc: 0.5898 valid loss: 0.9766
Epoch 03: train acc: 0.5576 train loss: 0.9598 valid acc: 0.5469 valid loss: 0.9640
Epoch 04: train acc: 0.5688 train loss: 0.9457 valid acc: 0.5234 valid loss: 1.0507
Epoch 05: train acc: 0.5689 train loss: 0.9407 valid acc: 0.6094 valid loss: 0.9002
Epoch 06: train acc: 0.5793 train loss: 0.9260 valid acc: 0.5742 valid loss: 0.9715
Epoch 07: train acc: 0.5943 train loss: 0.9195 valid acc: 0.5703 valid loss: 0.9353
Epoch 08: train acc: 0.5838 train loss: 0.9194 valid acc: 0.6172 valid loss: 0.8785
Epoch 09: train acc: 0.5977 train loss: 0.9089 valid acc: 0.4766 valid loss: 1.0187
Epoch 10: train acc: 0.6037 train loss: 0.8993 valid acc: 0.5312 valid loss: 0.9672
Epoch 11: train acc: 0.5850 train loss: 0.9088 valid acc: 0.5820 valid loss: 0.9705
Epoch 12: train acc: 0.6094 train loss: 0.9037 valid acc: 0.5586 valid loss: 0.9167
Epoch 13: train acc: 0.6137 train loss: 0.8797 valid acc: 0.5508 valid loss: 0.9298
Epoch 14: train acc: 0.6051 train loss: 0.8810 valid acc: 0.5742 valid loss: 0.9112
Epoch 15: train acc: 0.6162 train loss: 0.8746 valid acc: 0.5547 valid loss: 0.9106
Epoch 16: train acc: 0.6164 train loss: 0.8716 valid acc: 0.5430 valid loss: 0.9349
Epoch 17: train acc: 0.6344 train loss: 0.8621 valid acc: 0.5625 valid loss: 0.9089
Epoch 18: train acc: 0.6213 train loss: 0.8631 valid acc: 0.5469 valid loss: 0.9325
Epoch 19: train acc: 0.6271 train loss: 0.8616 valid acc: 0.5898 valid loss: 0.9117
Epoch 20: train acc: 0.6162 train loss: 0.8643 valid acc: 0.5273 valid loss: 0.9719
Epoch 21: train acc: 0.6266 train loss: 0.8539 valid acc: 0.5625 valid loss: 0.9071
Epoch 22: train acc: 0.6223 train loss: 0.8566 valid acc: 0.5195 valid loss: 0.9247
Epoch 23: train acc: 0.6285 train loss: 0.8441 valid acc: 0.5156 valid loss: 0.9893
Epoch 24: train acc: 0.6330 train loss: 0.8378 valid acc: 0.5781 valid loss: 0.8963
Epoch 25: train acc: 0.6395 train loss: 0.8400 valid acc: 0.5664 valid loss: 0.9173
Epoch 26: train acc: 0.6373 train loss: 0.8383 valid acc: 0.6445 valid loss: 0.8454
Epoch 27: train acc: 0.6332 train loss: 0.8374 valid acc: 0.5352 valid loss: 0.9278
Epoch 28: train acc: 0.6363 train loss: 0.8345 valid acc: 0.5820 valid loss: 0.9192
Epoch 29: train acc: 0.6184 train loss: 0.8335 valid acc: 0.5664 valid loss: 0.9129
Epoch 30: train acc: 0.6455 train loss: 0.8297 valid acc: 0.5938 valid loss: 0.9079
Epoch 31: train acc: 0.6453 train loss: 0.8302 valid acc: 0.5859 valid loss: 0.8892
Epoch 32: train acc: 0.6395 train loss: 0.8256 valid acc: 0.5156 valid loss: 0.9495
Epoch 33: train acc: 0.6355 train loss: 0.8195 valid acc: 0.5742 valid loss: 0.9282
Epoch 34: train acc: 0.6482 train loss: 0.8142 valid acc: 0.5938 valid loss: 0.9176
Epoch 35: train acc: 0.6361 train loss: 0.8134 valid acc: 0.5234 valid loss: 1.0581
Epoch 36: train acc: 0.6402 train loss: 0.8114 valid acc: 0.5508 valid loss: 0.9299
Epoch 37: train acc: 0.6527 train loss: 0.8058 valid acc: 0.5195 valid loss: 0.9567
Epoch 38: train acc: 0.6432 train loss: 0.8139 valid acc: 0.6172 valid loss: 0.8759
Epoch 39: train acc: 0.6457 train loss: 0.8056 valid acc: 0.5625 valid loss: 0.9401
Epoch 40: train acc: 0.6537 train loss: 0.8039 valid acc: 0.5820 valid loss: 0.9258
Epoch 41: train acc: 0.6451 train loss: 0.8011 valid acc: 0.5703 valid loss: 0.9146
Epoch 42: train acc: 0.6510 train loss: 0.8024 valid acc: 0.5273 valid loss: 0.9872
Epoch 43: train acc: 0.6504 train loss: 0.7962 valid acc: 0.6250 valid loss: 0.8577
Epoch 44: train acc: 0.6523 train loss: 0.7953 valid acc: 0.6016 valid loss: 0.8933
Epoch 45: train acc: 0.6553 train loss: 0.7907 valid acc: 0.6055 valid loss: 0.9026
Epoch 46: train acc: 0.6445 train loss: 0.7940 valid acc: 0.5195 valid loss: 1.0020
Epoch 47: train acc: 0.6521 train loss: 0.7896 valid acc: 0.6367 valid loss: 0.8068
Epoch 48: train acc: 0.6572 train loss: 0.7901 valid acc: 0.4922 valid loss: 1.0283
Epoch 49: train acc: 0.6559 train loss: 0.7969 valid acc: 0.5273 valid loss: 0.9691
Run 07: test acc: 0.5285 test loss: 0.9937
Epoch 00: train acc: 0.4883 train loss: 1.0193 valid acc: 0.5820 valid loss: 0.9613
Epoch 01: train acc: 0.5281 train loss: 0.9841 valid acc: 0.5312 valid loss: 0.9880
Epoch 02: train acc: 0.5393 train loss: 0.9652 valid acc: 0.6641 valid loss: 0.8702
Epoch 03: train acc: 0.5504 train loss: 0.9620 valid acc: 0.6016 valid loss: 0.8821
Epoch 04: train acc: 0.5762 train loss: 0.9409 valid acc: 0.6055 valid loss: 0.9496
Epoch 05: train acc: 0.5805 train loss: 0.9310 valid acc: 0.5781 valid loss: 0.9535
Epoch 06: train acc: 0.5920 train loss: 0.9198 valid acc: 0.5508 valid loss: 0.9668
Epoch 07: train acc: 0.5803 train loss: 0.9257 valid acc: 0.6133 valid loss: 0.8780
Epoch 08: train acc: 0.5830 train loss: 0.9284 valid acc: 0.5664 valid loss: 0.9860
Epoch 09: train acc: 0.6000 train loss: 0.8999 valid acc: 0.5312 valid loss: 1.0273
Epoch 10: train acc: 0.5924 train loss: 0.8971 valid acc: 0.4961 valid loss: 1.0059
Epoch 11: train acc: 0.6018 train loss: 0.8943 valid acc: 0.5508 valid loss: 0.9188
Epoch 12: train acc: 0.6135 train loss: 0.8820 valid acc: 0.5898 valid loss: 0.9035
Epoch 13: train acc: 0.6160 train loss: 0.8837 valid acc: 0.5820 valid loss: 0.9043
Epoch 14: train acc: 0.6094 train loss: 0.8827 valid acc: 0.5625 valid loss: 0.9208
Epoch 15: train acc: 0.6123 train loss: 0.8790 valid acc: 0.5898 valid loss: 0.9193
Epoch 16: train acc: 0.6152 train loss: 0.8826 valid acc: 0.5586 valid loss: 0.9689
Epoch 17: train acc: 0.6209 train loss: 0.8633 valid acc: 0.4961 valid loss: 1.1161
Epoch 18: train acc: 0.6174 train loss: 0.8639 valid acc: 0.5547 valid loss: 0.9417
Epoch 19: train acc: 0.6182 train loss: 0.8614 valid acc: 0.5430 valid loss: 0.9298
Epoch 20: train acc: 0.6270 train loss: 0.8540 valid acc: 0.5234 valid loss: 1.0360
Epoch 21: train acc: 0.6275 train loss: 0.8462 valid acc: 0.4922 valid loss: 0.9953
Epoch 22: train acc: 0.6260 train loss: 0.8487 valid acc: 0.5469 valid loss: 0.9088
Epoch 23: train acc: 0.6344 train loss: 0.8400 valid acc: 0.6055 valid loss: 0.8855
Epoch 24: train acc: 0.6230 train loss: 0.8424 valid acc: 0.5781 valid loss: 0.9059
Epoch 25: train acc: 0.6273 train loss: 0.8393 valid acc: 0.6250 valid loss: 0.8412
Epoch 26: train acc: 0.6289 train loss: 0.8433 valid acc: 0.5234 valid loss: 1.0058
Epoch 27: train acc: 0.6170 train loss: 0.8492 valid acc: 0.5195 valid loss: 0.9986
Epoch 28: train acc: 0.6342 train loss: 0.8342 valid acc: 0.5781 valid loss: 0.9458
Epoch 29: train acc: 0.6365 train loss: 0.8320 valid acc: 0.5820 valid loss: 0.9387
Epoch 30: train acc: 0.6344 train loss: 0.8326 valid acc: 0.5703 valid loss: 0.8817
Epoch 31: train acc: 0.6424 train loss: 0.8312 valid acc: 0.5195 valid loss: 0.9685
Epoch 32: train acc: 0.6398 train loss: 0.8271 valid acc: 0.5664 valid loss: 0.9192
Epoch 33: train acc: 0.6348 train loss: 0.8253 valid acc: 0.5664 valid loss: 0.8942
Epoch 34: train acc: 0.6365 train loss: 0.8320 valid acc: 0.5508 valid loss: 0.9175
Epoch 35: train acc: 0.6480 train loss: 0.8203 valid acc: 0.6055 valid loss: 0.9041
Epoch 36: train acc: 0.6414 train loss: 0.8226 valid acc: 0.5859 valid loss: 0.8984
Epoch 37: train acc: 0.6598 train loss: 0.8132 valid acc: 0.5781 valid loss: 0.9544
Epoch 38: train acc: 0.6494 train loss: 0.8154 valid acc: 0.5508 valid loss: 0.9380
Epoch 39: train acc: 0.6471 train loss: 0.8147 valid acc: 0.5781 valid loss: 0.9275
Epoch 40: train acc: 0.6459 train loss: 0.8143 valid acc: 0.5742 valid loss: 0.8907
Epoch 41: train acc: 0.6438 train loss: 0.8090 valid acc: 0.6094 valid loss: 0.8880
Epoch 42: train acc: 0.6479 train loss: 0.8144 valid acc: 0.4766 valid loss: 1.0159
Epoch 43: train acc: 0.6543 train loss: 0.8115 valid acc: 0.5938 valid loss: 0.9361
Epoch 44: train acc: 0.6406 train loss: 0.8064 valid acc: 0.5859 valid loss: 0.8992
Epoch 45: train acc: 0.6533 train loss: 0.8085 valid acc: 0.5859 valid loss: 0.9548
Epoch 46: train acc: 0.6498 train loss: 0.8048 valid acc: 0.5820 valid loss: 0.9323
Epoch 47: train acc: 0.6570 train loss: 0.8085 valid acc: 0.4961 valid loss: 0.9948
Epoch 48: train acc: 0.6451 train loss: 0.8071 valid acc: 0.5312 valid loss: 1.0035
Epoch 49: train acc: 0.6480 train loss: 0.8058 valid acc: 0.5469 valid loss: 0.9686
Run 08: test acc: 0.4762 test loss: 1.0720
Epoch 00: train acc: 0.4873 train loss: 1.0293 valid acc: 0.5156 valid loss: 1.0219
Epoch 01: train acc: 0.5314 train loss: 0.9870 valid acc: 0.5938 valid loss: 0.9602
Epoch 02: train acc: 0.5523 train loss: 0.9629 valid acc: 0.5742 valid loss: 0.9567
Epoch 03: train acc: 0.5617 train loss: 0.9536 valid acc: 0.5234 valid loss: 1.0099
Epoch 04: train acc: 0.5508 train loss: 0.9530 valid acc: 0.6016 valid loss: 0.9021
Epoch 05: train acc: 0.5771 train loss: 0.9303 valid acc: 0.5312 valid loss: 0.9959
Epoch 06: train acc: 0.5840 train loss: 0.9244 valid acc: 0.5703 valid loss: 0.9553
Epoch 07: train acc: 0.5863 train loss: 0.9149 valid acc: 0.5586 valid loss: 0.8993
Epoch 08: train acc: 0.5756 train loss: 0.9153 valid acc: 0.5547 valid loss: 0.9407
Epoch 09: train acc: 0.5852 train loss: 0.9113 valid acc: 0.5547 valid loss: 0.9390
Epoch 10: train acc: 0.5998 train loss: 0.8923 valid acc: 0.5195 valid loss: 0.9490
Epoch 11: train acc: 0.6100 train loss: 0.8906 valid acc: 0.6562 valid loss: 0.8856
Epoch 12: train acc: 0.5900 train loss: 0.9003 valid acc: 0.5117 valid loss: 0.9862
Epoch 13: train acc: 0.6117 train loss: 0.8825 valid acc: 0.6172 valid loss: 0.9403
Epoch 14: train acc: 0.6123 train loss: 0.8798 valid acc: 0.5469 valid loss: 0.9591
Epoch 15: train acc: 0.6164 train loss: 0.8698 valid acc: 0.5195 valid loss: 0.9762
Epoch 16: train acc: 0.6211 train loss: 0.8690 valid acc: 0.4922 valid loss: 1.0140
Epoch 17: train acc: 0.6148 train loss: 0.8684 valid acc: 0.5977 valid loss: 0.9124
Epoch 18: train acc: 0.6230 train loss: 0.8716 valid acc: 0.5156 valid loss: 1.0109
Epoch 19: train acc: 0.6266 train loss: 0.8579 valid acc: 0.6406 valid loss: 0.8594
Epoch 20: train acc: 0.6256 train loss: 0.8615 valid acc: 0.5859 valid loss: 0.8915
Epoch 21: train acc: 0.6336 train loss: 0.8482 valid acc: 0.6680 valid loss: 0.8656
Epoch 22: train acc: 0.6180 train loss: 0.8491 valid acc: 0.6328 valid loss: 0.8382
Epoch 23: train acc: 0.6289 train loss: 0.8490 valid acc: 0.6602 valid loss: 0.8416
Epoch 24: train acc: 0.6238 train loss: 0.8513 valid acc: 0.5977 valid loss: 0.9320
Epoch 25: train acc: 0.6229 train loss: 0.8525 valid acc: 0.6836 valid loss: 0.8324
Epoch 26: train acc: 0.6330 train loss: 0.8345 valid acc: 0.6055 valid loss: 0.8948
Epoch 27: train acc: 0.6432 train loss: 0.8347 valid acc: 0.5586 valid loss: 0.9443
Epoch 28: train acc: 0.6428 train loss: 0.8267 valid acc: 0.6133 valid loss: 0.9066
Epoch 29: train acc: 0.6391 train loss: 0.8304 valid acc: 0.5820 valid loss: 0.9418
Epoch 30: train acc: 0.6432 train loss: 0.8315 valid acc: 0.6211 valid loss: 0.9077
Epoch 31: train acc: 0.6344 train loss: 0.8260 valid acc: 0.5781 valid loss: 0.9259
Epoch 32: train acc: 0.6434 train loss: 0.8248 valid acc: 0.5938 valid loss: 0.9053
Epoch 33: train acc: 0.6471 train loss: 0.8175 valid acc: 0.5273 valid loss: 0.9395
Epoch 34: train acc: 0.6480 train loss: 0.8162 valid acc: 0.5000 valid loss: 1.0222
Epoch 35: train acc: 0.6475 train loss: 0.8192 valid acc: 0.5547 valid loss: 0.9523
Epoch 36: train acc: 0.6369 train loss: 0.8148 valid acc: 0.5273 valid loss: 0.9953
Epoch 37: train acc: 0.6553 train loss: 0.8084 valid acc: 0.6133 valid loss: 0.9179
Epoch 38: train acc: 0.6422 train loss: 0.8186 valid acc: 0.6445 valid loss: 0.8534
Epoch 39: train acc: 0.6580 train loss: 0.8021 valid acc: 0.5547 valid loss: 0.9526
Epoch 40: train acc: 0.6635 train loss: 0.8036 valid acc: 0.5586 valid loss: 0.9307
Epoch 41: train acc: 0.6502 train loss: 0.8052 valid acc: 0.5508 valid loss: 0.8542
Epoch 42: train acc: 0.6564 train loss: 0.7983 valid acc: 0.5898 valid loss: 0.9352
Epoch 43: train acc: 0.6660 train loss: 0.8001 valid acc: 0.5781 valid loss: 0.9135
Epoch 44: train acc: 0.6568 train loss: 0.7972 valid acc: 0.6094 valid loss: 0.8680
Epoch 45: train acc: 0.6592 train loss: 0.7969 valid acc: 0.5938 valid loss: 0.9243
Epoch 46: train acc: 0.6668 train loss: 0.7930 valid acc: 0.5898 valid loss: 0.9617
Epoch 47: train acc: 0.6557 train loss: 0.7927 valid acc: 0.6406 valid loss: 0.8705
Epoch 48: train acc: 0.6721 train loss: 0.7940 valid acc: 0.6133 valid loss: 0.9039
Epoch 49: train acc: 0.6484 train loss: 0.7962 valid acc: 0.5664 valid loss: 0.9618
Run 09: test acc: 0.5344 test loss: 0.9861
Test acc: 0.5232 (0.0282), loss: 1.0090 (0.0332)
DONE
