Starting script
Fake news politifact
Epoch 00: train acc: 0.7832 train loss: 0.5418 valid acc: 0.7538 valid loss: 0.6046
Epoch 01: train acc: 0.7909 train loss: 0.5277 valid acc: 0.7787 valid loss: 0.5248
Epoch 02: train acc: 0.7948 train loss: 0.5035 valid acc: 0.7704 valid loss: 0.5238
Epoch 03: train acc: 0.7909 train loss: 0.5001 valid acc: 0.7621 valid loss: 0.5357
Epoch 04: train acc: 0.7967 train loss: 0.4886 valid acc: 0.7621 valid loss: 0.5247
Epoch 05: train acc: 0.7948 train loss: 0.4845 valid acc: 0.7704 valid loss: 0.5132
Epoch 06: train acc: 0.7909 train loss: 0.4880 valid acc: 0.7704 valid loss: 0.5031
Epoch 07: train acc: 0.7987 train loss: 0.4746 valid acc: 0.7538 valid loss: 0.5203
Epoch 08: train acc: 0.7928 train loss: 0.4806 valid acc: 0.7704 valid loss: 0.4988
Epoch 09: train acc: 0.7831 train loss: 0.4911 valid acc: 0.7704 valid loss: 0.4986
Epoch 10: train acc: 0.7928 train loss: 0.4748 valid acc: 0.7704 valid loss: 0.4912
Epoch 11: train acc: 0.7928 train loss: 0.4726 valid acc: 0.7704 valid loss: 0.4819
Epoch 12: train acc: 0.7889 train loss: 0.4738 valid acc: 0.7704 valid loss: 0.4859
Epoch 13: train acc: 0.7928 train loss: 0.4668 valid acc: 0.7621 valid loss: 0.4984
Epoch 14: train acc: 0.7889 train loss: 0.4687 valid acc: 0.7455 valid loss: 0.5095
Epoch 15: train acc: 0.7928 train loss: 0.4641 valid acc: 0.7621 valid loss: 0.4880
Epoch 16: train acc: 0.7889 train loss: 0.4670 valid acc: 0.7704 valid loss: 0.4791
Epoch 17: train acc: 0.8006 train loss: 0.4497 valid acc: 0.7621 valid loss: 0.4861
Epoch 18: train acc: 0.7870 train loss: 0.4659 valid acc: 0.7538 valid loss: 0.4926
Epoch 19: train acc: 0.7909 train loss: 0.4578 valid acc: 0.7455 valid loss: 0.5000
Epoch 20: train acc: 0.7948 train loss: 0.4573 valid acc: 0.7455 valid loss: 0.4928
Epoch 21: train acc: 0.7948 train loss: 0.4489 valid acc: 0.7455 valid loss: 0.5132
Epoch 22: train acc: 0.7948 train loss: 0.4484 valid acc: 0.7787 valid loss: 0.4525
Epoch 23: train acc: 0.7909 train loss: 0.4502 valid acc: 0.7621 valid loss: 0.4756
Epoch 24: train acc: 0.7928 train loss: 0.4480 valid acc: 0.7455 valid loss: 0.4927
Epoch 25: train acc: 0.7928 train loss: 0.4456 valid acc: 0.7704 valid loss: 0.4582
Epoch 26: train acc: 0.7948 train loss: 0.4413 valid acc: 0.7704 valid loss: 0.4560
Epoch 27: train acc: 0.7909 train loss: 0.4438 valid acc: 0.7870 valid loss: 0.4370
Epoch 28: train acc: 0.7889 train loss: 0.4481 valid acc: 0.7621 valid loss: 0.4726
Epoch 29: train acc: 0.7928 train loss: 0.4388 valid acc: 0.7538 valid loss: 0.4609
Epoch 30: train acc: 0.8006 train loss: 0.4324 valid acc: 0.7538 valid loss: 0.4695
Epoch 31: train acc: 0.7928 train loss: 0.4353 valid acc: 0.7704 valid loss: 0.4520
Epoch 32: train acc: 0.7870 train loss: 0.4411 valid acc: 0.7538 valid loss: 0.4675
Epoch 33: train acc: 0.7863 train loss: 0.4423 valid acc: 0.7621 valid loss: 0.4635
Epoch 34: train acc: 0.7918 train loss: 0.4352 valid acc: 0.7455 valid loss: 0.4729
Epoch 35: train acc: 0.7961 train loss: 0.4264 valid acc: 0.7787 valid loss: 0.4329
Epoch 36: train acc: 0.7861 train loss: 0.4355 valid acc: 0.7704 valid loss: 0.4426
Epoch 37: train acc: 0.7861 train loss: 0.4382 valid acc: 0.7538 valid loss: 0.4671
Epoch 38: train acc: 0.7881 train loss: 0.4331 valid acc: 0.7621 valid loss: 0.4626
Epoch 39: train acc: 0.7858 train loss: 0.4362 valid acc: 0.7371 valid loss: 0.4669
Epoch 40: train acc: 0.7923 train loss: 0.4267 valid acc: 0.7455 valid loss: 0.4655
Epoch 41: train acc: 0.7957 train loss: 0.4214 valid acc: 0.7704 valid loss: 0.4486
Epoch 42: train acc: 0.7920 train loss: 0.4263 valid acc: 0.7621 valid loss: 0.4605
Epoch 43: train acc: 0.7940 train loss: 0.4248 valid acc: 0.7288 valid loss: 0.4906
Epoch 44: train acc: 0.7920 train loss: 0.4215 valid acc: 0.7787 valid loss: 0.4266
Epoch 45: train acc: 0.7881 train loss: 0.4250 valid acc: 0.7371 valid loss: 0.4693
Epoch 46: train acc: 0.7959 train loss: 0.4172 valid acc: 0.7538 valid loss: 0.4507
Epoch 47: train acc: 0.7839 train loss: 0.4260 valid acc: 0.7538 valid loss: 0.4514
Epoch 48: train acc: 0.7919 train loss: 0.4188 valid acc: 0.7704 valid loss: 0.4337
Epoch 49: train acc: 0.7882 train loss: 0.4228 valid acc: 0.7455 valid loss: 0.4562
Run 00: test acc: 0.7801 test loss: 0.4591 precision: 0.0000 recall: 0.0000 f1: 0.0000
Epoch 00: train acc: 0.7833 train loss: 0.5787 valid acc: 0.7455 valid loss: 0.5911
Epoch 01: train acc: 0.7850 train loss: 0.5275 valid acc: 0.7538 valid loss: 0.5609
Epoch 02: train acc: 0.7928 train loss: 0.5076 valid acc: 0.7787 valid loss: 0.5148
Epoch 03: train acc: 0.7948 train loss: 0.4969 valid acc: 0.7538 valid loss: 0.5450
Epoch 04: train acc: 0.7948 train loss: 0.4924 valid acc: 0.7538 valid loss: 0.5342
Epoch 05: train acc: 0.7889 train loss: 0.4956 valid acc: 0.7621 valid loss: 0.5187
Epoch 06: train acc: 0.7909 train loss: 0.4880 valid acc: 0.7787 valid loss: 0.4938
Epoch 07: train acc: 0.7967 train loss: 0.4794 valid acc: 0.7621 valid loss: 0.5152
Epoch 08: train acc: 0.7967 train loss: 0.4790 valid acc: 0.7538 valid loss: 0.5189
Epoch 09: train acc: 0.7909 train loss: 0.4797 valid acc: 0.7371 valid loss: 0.5344
Epoch 10: train acc: 0.7792 train loss: 0.4923 valid acc: 0.7621 valid loss: 0.4971
Epoch 11: train acc: 0.7909 train loss: 0.4741 valid acc: 0.7787 valid loss: 0.4890
Epoch 12: train acc: 0.7870 train loss: 0.4750 valid acc: 0.7538 valid loss: 0.5074
Epoch 13: train acc: 0.7967 train loss: 0.4647 valid acc: 0.7704 valid loss: 0.4780
Epoch 14: train acc: 0.7928 train loss: 0.4644 valid acc: 0.7704 valid loss: 0.4814
Epoch 15: train acc: 0.7850 train loss: 0.4736 valid acc: 0.7704 valid loss: 0.4847
Epoch 16: train acc: 0.7889 train loss: 0.4671 valid acc: 0.7704 valid loss: 0.4748
Epoch 17: train acc: 0.7909 train loss: 0.4606 valid acc: 0.7455 valid loss: 0.5042
Epoch 18: train acc: 0.7928 train loss: 0.4600 valid acc: 0.7538 valid loss: 0.4898
Epoch 19: train acc: 0.7889 train loss: 0.4585 valid acc: 0.7704 valid loss: 0.4763
Epoch 20: train acc: 0.7987 train loss: 0.4476 valid acc: 0.7455 valid loss: 0.4974
Epoch 21: train acc: 0.7909 train loss: 0.4520 valid acc: 0.7621 valid loss: 0.4827
Epoch 22: train acc: 0.7909 train loss: 0.4507 valid acc: 0.7870 valid loss: 0.4380
Epoch 23: train acc: 0.7909 train loss: 0.4495 valid acc: 0.7205 valid loss: 0.5049
Epoch 24: train acc: 0.7889 train loss: 0.4490 valid acc: 0.7371 valid loss: 0.4984
Epoch 25: train acc: 0.7889 train loss: 0.4477 valid acc: 0.7787 valid loss: 0.4543
Epoch 26: train acc: 0.7928 train loss: 0.4423 valid acc: 0.7704 valid loss: 0.4559
Epoch 27: train acc: 0.7909 train loss: 0.4414 valid acc: 0.7455 valid loss: 0.4773
Epoch 28: train acc: 0.7862 train loss: 0.4449 valid acc: 0.7371 valid loss: 0.4686
Epoch 29: train acc: 0.7938 train loss: 0.4320 valid acc: 0.7538 valid loss: 0.4747
Epoch 30: train acc: 0.7920 train loss: 0.4350 valid acc: 0.7954 valid loss: 0.4126
Epoch 31: train acc: 0.7842 train loss: 0.4421 valid acc: 0.7538 valid loss: 0.4567
Epoch 32: train acc: 0.7940 train loss: 0.4297 valid acc: 0.7455 valid loss: 0.4668
Epoch 33: train acc: 0.7920 train loss: 0.4290 valid acc: 0.7787 valid loss: 0.4289
Epoch 34: train acc: 0.7860 train loss: 0.4360 valid acc: 0.7538 valid loss: 0.4694
Epoch 35: train acc: 0.7921 train loss: 0.4272 valid acc: 0.7621 valid loss: 0.4373
Epoch 36: train acc: 0.7919 train loss: 0.4233 valid acc: 0.7621 valid loss: 0.4568
Epoch 37: train acc: 0.7942 train loss: 0.4246 valid acc: 0.7538 valid loss: 0.4531
Epoch 38: train acc: 0.7940 train loss: 0.4226 valid acc: 0.7787 valid loss: 0.4282
Epoch 39: train acc: 0.7960 train loss: 0.4163 valid acc: 0.7621 valid loss: 0.4361
Epoch 40: train acc: 0.7918 train loss: 0.4205 valid acc: 0.7455 valid loss: 0.4597
Epoch 41: train acc: 0.7937 train loss: 0.4146 valid acc: 0.7538 valid loss: 0.4465
Epoch 42: train acc: 0.7978 train loss: 0.4126 valid acc: 0.7538 valid loss: 0.4491
Epoch 43: train acc: 0.7880 train loss: 0.4219 valid acc: 0.7787 valid loss: 0.4112
Epoch 44: train acc: 0.7861 train loss: 0.4235 valid acc: 0.7621 valid loss: 0.4300
Epoch 45: train acc: 0.7900 train loss: 0.4189 valid acc: 0.7621 valid loss: 0.4423
Epoch 46: train acc: 0.7880 train loss: 0.4169 valid acc: 0.7455 valid loss: 0.4478
Epoch 47: train acc: 0.7958 train loss: 0.4082 valid acc: 0.7538 valid loss: 0.4402
Epoch 48: train acc: 0.7899 train loss: 0.4142 valid acc: 0.7954 valid loss: 0.4015
Epoch 49: train acc: 0.7941 train loss: 0.4089 valid acc: 0.7621 valid loss: 0.4294
Run 01: test acc: 0.7715 test loss: 0.4517 precision: 1.0000 recall: 0.0714 f1: 0.1333
Epoch 00: train acc: 0.7264 train loss: 0.5911 valid acc: 0.7621 valid loss: 0.5648
Epoch 01: train acc: 0.7870 train loss: 0.5241 valid acc: 0.7621 valid loss: 0.5577
Epoch 02: train acc: 0.7831 train loss: 0.5176 valid acc: 0.7704 valid loss: 0.5272
Epoch 03: train acc: 0.7987 train loss: 0.4986 valid acc: 0.7455 valid loss: 0.5474
Epoch 04: train acc: 0.7850 train loss: 0.5127 valid acc: 0.7288 valid loss: 0.5862
Epoch 05: train acc: 0.7948 train loss: 0.4901 valid acc: 0.7621 valid loss: 0.5115
Epoch 06: train acc: 0.7948 train loss: 0.4858 valid acc: 0.7621 valid loss: 0.5186
Epoch 07: train acc: 0.7870 train loss: 0.4922 valid acc: 0.7455 valid loss: 0.5339
Epoch 08: train acc: 0.7948 train loss: 0.4786 valid acc: 0.7538 valid loss: 0.5199
Epoch 09: train acc: 0.7831 train loss: 0.4959 valid acc: 0.7787 valid loss: 0.4911
Epoch 10: train acc: 0.7850 train loss: 0.4859 valid acc: 0.7371 valid loss: 0.5325
Epoch 11: train acc: 0.7928 train loss: 0.4739 valid acc: 0.7538 valid loss: 0.5122
Epoch 12: train acc: 0.7889 train loss: 0.4750 valid acc: 0.7538 valid loss: 0.5152
Epoch 13: train acc: 0.7928 train loss: 0.4708 valid acc: 0.7621 valid loss: 0.4990
Epoch 14: train acc: 0.7987 train loss: 0.4587 valid acc: 0.7371 valid loss: 0.5301
Epoch 15: train acc: 0.7928 train loss: 0.4650 valid acc: 0.7455 valid loss: 0.5198
Epoch 16: train acc: 0.7909 train loss: 0.4664 valid acc: 0.7455 valid loss: 0.5052
Epoch 17: train acc: 0.7948 train loss: 0.4572 valid acc: 0.7455 valid loss: 0.5068
Epoch 18: train acc: 0.7928 train loss: 0.4582 valid acc: 0.7704 valid loss: 0.4770
Epoch 19: train acc: 0.7889 train loss: 0.4620 valid acc: 0.7621 valid loss: 0.4925
Epoch 20: train acc: 0.7928 train loss: 0.4579 valid acc: 0.7787 valid loss: 0.4570
Epoch 21: train acc: 0.7928 train loss: 0.4538 valid acc: 0.7538 valid loss: 0.4921
Epoch 22: train acc: 0.7909 train loss: 0.4528 valid acc: 0.7455 valid loss: 0.4913
Epoch 23: train acc: 0.7928 train loss: 0.4499 valid acc: 0.7538 valid loss: 0.4862
Epoch 24: train acc: 0.7870 train loss: 0.4540 valid acc: 0.7787 valid loss: 0.4444
Epoch 25: train acc: 0.7967 train loss: 0.4428 valid acc: 0.7538 valid loss: 0.4727
Epoch 26: train acc: 0.7889 train loss: 0.4507 valid acc: 0.7371 valid loss: 0.4978
Epoch 27: train acc: 0.7987 train loss: 0.4392 valid acc: 0.7122 valid loss: 0.5262
Epoch 28: train acc: 0.7870 train loss: 0.4468 valid acc: 0.7704 valid loss: 0.4510
Epoch 29: train acc: 0.7909 train loss: 0.4423 valid acc: 0.7455 valid loss: 0.4834
Epoch 30: train acc: 0.7865 train loss: 0.4464 valid acc: 0.7704 valid loss: 0.4486
Epoch 31: train acc: 0.7987 train loss: 0.4308 valid acc: 0.7621 valid loss: 0.4583
Epoch 32: train acc: 0.7948 train loss: 0.4339 valid acc: 0.7787 valid loss: 0.4366
Epoch 33: train acc: 0.7921 train loss: 0.4353 valid acc: 0.7704 valid loss: 0.4541
Epoch 34: train acc: 0.7987 train loss: 0.4286 valid acc: 0.7455 valid loss: 0.4732
Epoch 35: train acc: 0.7902 train loss: 0.4355 valid acc: 0.7538 valid loss: 0.4735
Epoch 36: train acc: 0.7960 train loss: 0.4282 valid acc: 0.7621 valid loss: 0.4611
Epoch 37: train acc: 0.7921 train loss: 0.4303 valid acc: 0.7704 valid loss: 0.4478
Epoch 38: train acc: 0.7881 train loss: 0.4364 valid acc: 0.7538 valid loss: 0.4526
Epoch 39: train acc: 0.7958 train loss: 0.4260 valid acc: 0.7621 valid loss: 0.4461
Epoch 40: train acc: 0.7959 train loss: 0.4227 valid acc: 0.7455 valid loss: 0.4666
Epoch 41: train acc: 0.7902 train loss: 0.4304 valid acc: 0.7870 valid loss: 0.4131
Epoch 42: train acc: 0.7843 train loss: 0.4347 valid acc: 0.7704 valid loss: 0.4419
Epoch 43: train acc: 0.7941 train loss: 0.4263 valid acc: 0.7455 valid loss: 0.4540
Epoch 44: train acc: 0.7920 train loss: 0.4222 valid acc: 0.7704 valid loss: 0.4321
Epoch 45: train acc: 0.7903 train loss: 0.4259 valid acc: 0.7704 valid loss: 0.4390
Epoch 46: train acc: 0.7958 train loss: 0.4160 valid acc: 0.7538 valid loss: 0.4483
Epoch 47: train acc: 0.7920 train loss: 0.4223 valid acc: 0.7371 valid loss: 0.4709
Epoch 48: train acc: 0.7880 train loss: 0.4270 valid acc: 0.7704 valid loss: 0.4280
Epoch 49: train acc: 0.7940 train loss: 0.4186 valid acc: 0.7621 valid loss: 0.4386
Run 02: test acc: 0.7715 test loss: 0.4462 precision: 1.0000 recall: 0.0714 f1: 0.1333
Epoch 00: train acc: 0.7890 train loss: 0.5612 valid acc: 0.7455 valid loss: 0.6092
Epoch 01: train acc: 0.7948 train loss: 0.5195 valid acc: 0.7621 valid loss: 0.5514
Epoch 02: train acc: 0.7870 train loss: 0.5164 valid acc: 0.7455 valid loss: 0.5529
Epoch 03: train acc: 0.7948 train loss: 0.4958 valid acc: 0.7538 valid loss: 0.5459
Epoch 04: train acc: 0.7967 train loss: 0.4878 valid acc: 0.7704 valid loss: 0.5185
Epoch 05: train acc: 0.7948 train loss: 0.4887 valid acc: 0.7870 valid loss: 0.4926
Epoch 06: train acc: 0.7928 train loss: 0.4854 valid acc: 0.7870 valid loss: 0.4870
Epoch 07: train acc: 0.7870 train loss: 0.4918 valid acc: 0.7621 valid loss: 0.5021
Epoch 08: train acc: 0.7909 train loss: 0.4816 valid acc: 0.7455 valid loss: 0.5232
Epoch 09: train acc: 0.7870 train loss: 0.4904 valid acc: 0.7870 valid loss: 0.4760
Epoch 10: train acc: 0.7889 train loss: 0.4804 valid acc: 0.7288 valid loss: 0.5321
Epoch 11: train acc: 0.7928 train loss: 0.4682 valid acc: 0.7538 valid loss: 0.5177
Epoch 12: train acc: 0.7928 train loss: 0.4684 valid acc: 0.7621 valid loss: 0.4928
Epoch 13: train acc: 0.7928 train loss: 0.4631 valid acc: 0.7621 valid loss: 0.4884
Epoch 14: train acc: 0.7928 train loss: 0.4603 valid acc: 0.7870 valid loss: 0.4509
Epoch 15: train acc: 0.7967 train loss: 0.4554 valid acc: 0.7621 valid loss: 0.4834
Epoch 16: train acc: 0.7967 train loss: 0.4506 valid acc: 0.7371 valid loss: 0.5136
Epoch 17: train acc: 0.7909 train loss: 0.4556 valid acc: 0.7621 valid loss: 0.4712
Epoch 18: train acc: 0.7928 train loss: 0.4526 valid acc: 0.7787 valid loss: 0.4567
Epoch 19: train acc: 0.7948 train loss: 0.4469 valid acc: 0.7455 valid loss: 0.5087
Epoch 20: train acc: 0.7909 train loss: 0.4492 valid acc: 0.7704 valid loss: 0.4619
Epoch 21: train acc: 0.7901 train loss: 0.4465 valid acc: 0.7954 valid loss: 0.4299
Epoch 22: train acc: 0.7958 train loss: 0.4379 valid acc: 0.7621 valid loss: 0.4654
Epoch 23: train acc: 0.7870 train loss: 0.4486 valid acc: 0.7787 valid loss: 0.4465
Epoch 24: train acc: 0.7920 train loss: 0.4410 valid acc: 0.7621 valid loss: 0.4466
Epoch 25: train acc: 0.7822 train loss: 0.4466 valid acc: 0.7455 valid loss: 0.4956
Epoch 26: train acc: 0.7907 train loss: 0.4327 valid acc: 0.7704 valid loss: 0.4415
Epoch 27: train acc: 0.7863 train loss: 0.4366 valid acc: 0.7787 valid loss: 0.4307
Epoch 28: train acc: 0.7921 train loss: 0.4293 valid acc: 0.7455 valid loss: 0.4683
Epoch 29: train acc: 0.7879 train loss: 0.4309 valid acc: 0.7538 valid loss: 0.4532
Epoch 30: train acc: 0.7823 train loss: 0.4362 valid acc: 0.7455 valid loss: 0.4569
Epoch 31: train acc: 0.7893 train loss: 0.4267 valid acc: 0.7538 valid loss: 0.4620
Epoch 32: train acc: 0.7843 train loss: 0.4307 valid acc: 0.7455 valid loss: 0.4706
Epoch 33: train acc: 0.7971 train loss: 0.4130 valid acc: 0.7787 valid loss: 0.4239
Epoch 34: train acc: 0.7940 train loss: 0.4146 valid acc: 0.7954 valid loss: 0.4142
Epoch 35: train acc: 0.7865 train loss: 0.4249 valid acc: 0.7455 valid loss: 0.4471
Epoch 36: train acc: 0.7788 train loss: 0.4243 valid acc: 0.7704 valid loss: 0.4306
Epoch 37: train acc: 0.7854 train loss: 0.4202 valid acc: 0.7205 valid loss: 0.4825
Epoch 38: train acc: 0.7929 train loss: 0.4094 valid acc: 0.7704 valid loss: 0.4143
Epoch 39: train acc: 0.7856 train loss: 0.4141 valid acc: 0.7870 valid loss: 0.4090
Epoch 40: train acc: 0.7870 train loss: 0.4106 valid acc: 0.7340 valid loss: 0.4333
Epoch 41: train acc: 0.7824 train loss: 0.4188 valid acc: 0.7621 valid loss: 0.4240
Epoch 42: train acc: 0.7898 train loss: 0.4068 valid acc: 0.7532 valid loss: 0.4180
Epoch 43: train acc: 0.7917 train loss: 0.4065 valid acc: 0.7621 valid loss: 0.4272
Epoch 44: train acc: 0.8000 train loss: 0.3943 valid acc: 0.7470 valid loss: 0.4122
Epoch 45: train acc: 0.7903 train loss: 0.4047 valid acc: 0.7765 valid loss: 0.3877
Epoch 46: train acc: 0.7909 train loss: 0.4011 valid acc: 0.7275 valid loss: 0.4280
Epoch 47: train acc: 0.7858 train loss: 0.4042 valid acc: 0.7299 valid loss: 0.4403
Epoch 48: train acc: 0.7821 train loss: 0.4058 valid acc: 0.7685 valid loss: 0.4097
Epoch 49: train acc: 0.7825 train loss: 0.4037 valid acc: 0.7610 valid loss: 0.3917
Run 03: test acc: 0.7801 test loss: 0.4624 precision: 0.0000 recall: 0.0000 f1: 0.0000
Epoch 00: train acc: 0.7478 train loss: 0.5681 valid acc: 0.7787 valid loss: 0.5630
Epoch 01: train acc: 0.7928 train loss: 0.5288 valid acc: 0.7455 valid loss: 0.5878
Epoch 02: train acc: 0.7850 train loss: 0.5163 valid acc: 0.7704 valid loss: 0.5296
Epoch 03: train acc: 0.7967 train loss: 0.4965 valid acc: 0.7122 valid loss: 0.5979
Epoch 04: train acc: 0.7889 train loss: 0.4992 valid acc: 0.7538 valid loss: 0.5409
Epoch 05: train acc: 0.7948 train loss: 0.4894 valid acc: 0.7288 valid loss: 0.5630
Epoch 06: train acc: 0.7987 train loss: 0.4785 valid acc: 0.7787 valid loss: 0.4957
Epoch 07: train acc: 0.8006 train loss: 0.4756 valid acc: 0.7621 valid loss: 0.5149
Epoch 08: train acc: 0.7909 train loss: 0.4863 valid acc: 0.7371 valid loss: 0.5552
Epoch 09: train acc: 0.7928 train loss: 0.4798 valid acc: 0.7205 valid loss: 0.5599
Epoch 10: train acc: 0.7909 train loss: 0.4787 valid acc: 0.7371 valid loss: 0.5399
Epoch 11: train acc: 0.7889 train loss: 0.4819 valid acc: 0.7621 valid loss: 0.4980
Epoch 12: train acc: 0.7948 train loss: 0.4710 valid acc: 0.7787 valid loss: 0.4788
Epoch 13: train acc: 0.7850 train loss: 0.4814 valid acc: 0.7455 valid loss: 0.5201
Epoch 14: train acc: 0.7909 train loss: 0.4698 valid acc: 0.7704 valid loss: 0.4904
Epoch 15: train acc: 0.7850 train loss: 0.4788 valid acc: 0.7704 valid loss: 0.4833
Epoch 16: train acc: 0.7987 train loss: 0.4587 valid acc: 0.7787 valid loss: 0.4673
Epoch 17: train acc: 0.7967 train loss: 0.4576 valid acc: 0.7538 valid loss: 0.5022
Epoch 18: train acc: 0.7948 train loss: 0.4602 valid acc: 0.7704 valid loss: 0.4783
Epoch 19: train acc: 0.7967 train loss: 0.4552 valid acc: 0.7288 valid loss: 0.5250
Epoch 20: train acc: 0.7870 train loss: 0.4688 valid acc: 0.7621 valid loss: 0.4874
Epoch 21: train acc: 0.7948 train loss: 0.4545 valid acc: 0.7538 valid loss: 0.4846
Epoch 22: train acc: 0.7948 train loss: 0.4527 valid acc: 0.7704 valid loss: 0.4692
Epoch 23: train acc: 0.7967 train loss: 0.4496 valid acc: 0.7455 valid loss: 0.4908
Epoch 24: train acc: 0.7889 train loss: 0.4552 valid acc: 0.7538 valid loss: 0.4840
Epoch 25: train acc: 0.7948 train loss: 0.4475 valid acc: 0.7621 valid loss: 0.4663
Epoch 26: train acc: 0.7870 train loss: 0.4529 valid acc: 0.7538 valid loss: 0.4869
Epoch 27: train acc: 0.7967 train loss: 0.4427 valid acc: 0.7787 valid loss: 0.4414
Epoch 28: train acc: 0.7850 train loss: 0.4549 valid acc: 0.7538 valid loss: 0.4816
Epoch 29: train acc: 0.7889 train loss: 0.4460 valid acc: 0.7371 valid loss: 0.4824
Epoch 30: train acc: 0.7889 train loss: 0.4475 valid acc: 0.7787 valid loss: 0.4385
Epoch 31: train acc: 0.7900 train loss: 0.4451 valid acc: 0.7621 valid loss: 0.4578
Epoch 32: train acc: 0.7948 train loss: 0.4379 valid acc: 0.7455 valid loss: 0.4863
Epoch 33: train acc: 0.7909 train loss: 0.4415 valid acc: 0.7538 valid loss: 0.4767
Epoch 34: train acc: 0.7960 train loss: 0.4366 valid acc: 0.7704 valid loss: 0.4437
Epoch 35: train acc: 0.7938 train loss: 0.4344 valid acc: 0.7704 valid loss: 0.4533
Epoch 36: train acc: 0.7918 train loss: 0.4367 valid acc: 0.7455 valid loss: 0.4752
Epoch 37: train acc: 0.7942 train loss: 0.4318 valid acc: 0.7621 valid loss: 0.4527
Epoch 38: train acc: 0.7941 train loss: 0.4323 valid acc: 0.7704 valid loss: 0.4373
Epoch 39: train acc: 0.7881 train loss: 0.4364 valid acc: 0.7455 valid loss: 0.4743
Epoch 40: train acc: 0.7881 train loss: 0.4354 valid acc: 0.7455 valid loss: 0.4739
Epoch 41: train acc: 0.7961 train loss: 0.4276 valid acc: 0.7371 valid loss: 0.4806
Epoch 42: train acc: 0.7919 train loss: 0.4314 valid acc: 0.7538 valid loss: 0.4664
Epoch 43: train acc: 0.7940 train loss: 0.4288 valid acc: 0.7704 valid loss: 0.4459
Epoch 44: train acc: 0.7841 train loss: 0.4394 valid acc: 0.7621 valid loss: 0.4513
Epoch 45: train acc: 0.7880 train loss: 0.4348 valid acc: 0.7538 valid loss: 0.4511
Epoch 46: train acc: 0.7942 train loss: 0.4262 valid acc: 0.7538 valid loss: 0.4730
Epoch 47: train acc: 0.7919 train loss: 0.4291 valid acc: 0.7538 valid loss: 0.4602
Epoch 48: train acc: 0.7921 train loss: 0.4278 valid acc: 0.7704 valid loss: 0.4391
Epoch 49: train acc: 0.7900 train loss: 0.4281 valid acc: 0.7704 valid loss: 0.4361
Run 04: test acc: 0.7800 test loss: 0.5516 precision: 0.0000 recall: 0.0000 f1: 0.0000
Epoch 00: train acc: 0.7424 train loss: 0.5642 valid acc: 0.7621 valid loss: 0.5782
Epoch 01: train acc: 0.7939 train loss: 0.5299 valid acc: 0.7455 valid loss: 0.5996
Epoch 02: train acc: 0.7909 train loss: 0.5120 valid acc: 0.7455 valid loss: 0.5548
Epoch 03: train acc: 0.7948 train loss: 0.5016 valid acc: 0.7621 valid loss: 0.5319
Epoch 04: train acc: 0.7948 train loss: 0.4944 valid acc: 0.7621 valid loss: 0.5329
Epoch 05: train acc: 0.7909 train loss: 0.4956 valid acc: 0.7538 valid loss: 0.5321
Epoch 06: train acc: 0.7948 train loss: 0.4887 valid acc: 0.7538 valid loss: 0.5314
Epoch 07: train acc: 0.7870 train loss: 0.4954 valid acc: 0.7288 valid loss: 0.5717
Epoch 08: train acc: 0.7967 train loss: 0.4799 valid acc: 0.7704 valid loss: 0.5013
Epoch 09: train acc: 0.7967 train loss: 0.4758 valid acc: 0.7787 valid loss: 0.4880
Epoch 10: train acc: 0.8006 train loss: 0.4688 valid acc: 0.7621 valid loss: 0.5090
Epoch 11: train acc: 0.7850 train loss: 0.4876 valid acc: 0.7787 valid loss: 0.4820
Epoch 12: train acc: 0.7967 train loss: 0.4765 valid acc: 0.7704 valid loss: 0.4885
Epoch 13: train acc: 0.7831 train loss: 0.4908 valid acc: 0.7538 valid loss: 0.5215
Epoch 14: train acc: 0.7928 train loss: 0.4680 valid acc: 0.7455 valid loss: 0.5097
Epoch 15: train acc: 0.7909 train loss: 0.4726 valid acc: 0.7538 valid loss: 0.5113
Epoch 16: train acc: 0.7948 train loss: 0.4634 valid acc: 0.7870 valid loss: 0.4561
Epoch 17: train acc: 0.7909 train loss: 0.4659 valid acc: 0.7455 valid loss: 0.5149
Epoch 18: train acc: 0.7928 train loss: 0.4620 valid acc: 0.7704 valid loss: 0.4709
Epoch 19: train acc: 0.7987 train loss: 0.4516 valid acc: 0.7455 valid loss: 0.5164
Epoch 20: train acc: 0.7909 train loss: 0.4613 valid acc: 0.7371 valid loss: 0.5162
Epoch 21: train acc: 0.7909 train loss: 0.4608 valid acc: 0.7371 valid loss: 0.5152
Epoch 22: train acc: 0.7948 train loss: 0.4536 valid acc: 0.7538 valid loss: 0.4871
Epoch 23: train acc: 0.7928 train loss: 0.4528 valid acc: 0.7870 valid loss: 0.4431
Epoch 24: train acc: 0.7870 train loss: 0.4591 valid acc: 0.7621 valid loss: 0.4829
Epoch 25: train acc: 0.7850 train loss: 0.4574 valid acc: 0.7455 valid loss: 0.4858
Epoch 26: train acc: 0.7967 train loss: 0.4427 valid acc: 0.7787 valid loss: 0.4489
Epoch 27: train acc: 0.7909 train loss: 0.4471 valid acc: 0.7538 valid loss: 0.4799
Epoch 28: train acc: 0.7928 train loss: 0.4442 valid acc: 0.7870 valid loss: 0.4436
Epoch 29: train acc: 0.7987 train loss: 0.4349 valid acc: 0.7288 valid loss: 0.5123
Epoch 30: train acc: 0.7928 train loss: 0.4420 valid acc: 0.7621 valid loss: 0.4769
Epoch 31: train acc: 0.7889 train loss: 0.4431 valid acc: 0.7787 valid loss: 0.4520
Epoch 32: train acc: 0.7939 train loss: 0.4370 valid acc: 0.7787 valid loss: 0.4364
Epoch 33: train acc: 0.7811 train loss: 0.4561 valid acc: 0.7371 valid loss: 0.4909
Epoch 34: train acc: 0.7918 train loss: 0.4362 valid acc: 0.7455 valid loss: 0.4783
Epoch 35: train acc: 0.7940 train loss: 0.4307 valid acc: 0.7371 valid loss: 0.4885
Epoch 36: train acc: 0.7918 train loss: 0.4360 valid acc: 0.7371 valid loss: 0.4774
Epoch 37: train acc: 0.7862 train loss: 0.4396 valid acc: 0.7787 valid loss: 0.4384
Epoch 38: train acc: 0.7919 train loss: 0.4329 valid acc: 0.7704 valid loss: 0.4341
Epoch 39: train acc: 0.7940 train loss: 0.4267 valid acc: 0.7538 valid loss: 0.4656
Epoch 40: train acc: 0.7939 train loss: 0.4280 valid acc: 0.7538 valid loss: 0.4609
Epoch 41: train acc: 0.7939 train loss: 0.4256 valid acc: 0.7455 valid loss: 0.4809
Epoch 42: train acc: 0.7902 train loss: 0.4286 valid acc: 0.7704 valid loss: 0.4437
Epoch 43: train acc: 0.7880 train loss: 0.4334 valid acc: 0.7288 valid loss: 0.4786
Epoch 44: train acc: 0.7957 train loss: 0.4215 valid acc: 0.7371 valid loss: 0.4662
Epoch 45: train acc: 0.7938 train loss: 0.4224 valid acc: 0.7621 valid loss: 0.4495
Epoch 46: train acc: 0.7883 train loss: 0.4260 valid acc: 0.7704 valid loss: 0.4372
Epoch 47: train acc: 0.7881 train loss: 0.4264 valid acc: 0.7621 valid loss: 0.4362
Epoch 48: train acc: 0.7961 train loss: 0.4182 valid acc: 0.7787 valid loss: 0.4301
Epoch 49: train acc: 0.7959 train loss: 0.4184 valid acc: 0.7371 valid loss: 0.4712
Run 05: test acc: 0.7801 test loss: 0.4829 precision: 0.0000 recall: 0.0000 f1: 0.0000
Epoch 00: train acc: 0.7674 train loss: 0.5841 valid acc: 0.7371 valid loss: 0.6115
Epoch 01: train acc: 0.7928 train loss: 0.5183 valid acc: 0.7870 valid loss: 0.5218
Epoch 02: train acc: 0.7967 train loss: 0.5001 valid acc: 0.7455 valid loss: 0.5534
Epoch 03: train acc: 0.7948 train loss: 0.4955 valid acc: 0.7621 valid loss: 0.5290
Epoch 04: train acc: 0.7889 train loss: 0.4995 valid acc: 0.7288 valid loss: 0.5618
Epoch 05: train acc: 0.7948 train loss: 0.4870 valid acc: 0.7538 valid loss: 0.5241
Epoch 06: train acc: 0.7967 train loss: 0.4844 valid acc: 0.7538 valid loss: 0.5263
Epoch 07: train acc: 0.7928 train loss: 0.4861 valid acc: 0.7455 valid loss: 0.5284
Epoch 08: train acc: 0.7909 train loss: 0.4797 valid acc: 0.7455 valid loss: 0.5308
Epoch 09: train acc: 0.7909 train loss: 0.4824 valid acc: 0.7455 valid loss: 0.5285
Epoch 10: train acc: 0.7928 train loss: 0.4762 valid acc: 0.7621 valid loss: 0.5067
Epoch 11: train acc: 0.7909 train loss: 0.4776 valid acc: 0.7621 valid loss: 0.5014
Epoch 12: train acc: 0.7870 train loss: 0.4797 valid acc: 0.7205 valid loss: 0.5473
Epoch 13: train acc: 0.7909 train loss: 0.4707 valid acc: 0.7621 valid loss: 0.4921
Epoch 14: train acc: 0.7948 train loss: 0.4631 valid acc: 0.7787 valid loss: 0.4700
Epoch 15: train acc: 0.7909 train loss: 0.4665 valid acc: 0.7621 valid loss: 0.4935
Epoch 16: train acc: 0.7928 train loss: 0.4639 valid acc: 0.7787 valid loss: 0.4665
Epoch 17: train acc: 0.7831 train loss: 0.4672 valid acc: 0.7704 valid loss: 0.4752
Epoch 18: train acc: 0.7909 train loss: 0.4626 valid acc: 0.7538 valid loss: 0.4982
Epoch 19: train acc: 0.7831 train loss: 0.4684 valid acc: 0.7538 valid loss: 0.4909
Epoch 20: train acc: 0.7870 train loss: 0.4631 valid acc: 0.7371 valid loss: 0.5155
Epoch 21: train acc: 0.7928 train loss: 0.4509 valid acc: 0.7455 valid loss: 0.4912
Epoch 22: train acc: 0.7928 train loss: 0.4509 valid acc: 0.7538 valid loss: 0.4723
Epoch 23: train acc: 0.8006 train loss: 0.4423 valid acc: 0.7621 valid loss: 0.4702
Epoch 24: train acc: 0.7889 train loss: 0.4574 valid acc: 0.7954 valid loss: 0.4403
Epoch 25: train acc: 0.7889 train loss: 0.4519 valid acc: 0.7704 valid loss: 0.4595
Epoch 26: train acc: 0.7889 train loss: 0.4461 valid acc: 0.7455 valid loss: 0.4801
Epoch 27: train acc: 0.7967 train loss: 0.4411 valid acc: 0.7205 valid loss: 0.5174
Epoch 28: train acc: 0.7928 train loss: 0.4402 valid acc: 0.7538 valid loss: 0.4693
Epoch 29: train acc: 0.7889 train loss: 0.4445 valid acc: 0.7787 valid loss: 0.4394
Epoch 30: train acc: 0.7967 train loss: 0.4320 valid acc: 0.7621 valid loss: 0.4543
Epoch 31: train acc: 0.7889 train loss: 0.4417 valid acc: 0.7621 valid loss: 0.4645
Epoch 32: train acc: 0.7920 train loss: 0.4351 valid acc: 0.7621 valid loss: 0.4551
Epoch 33: train acc: 0.7938 train loss: 0.4327 valid acc: 0.7205 valid loss: 0.5021
Epoch 34: train acc: 0.7948 train loss: 0.4320 valid acc: 0.7538 valid loss: 0.4641
Epoch 35: train acc: 0.7958 train loss: 0.4280 valid acc: 0.7870 valid loss: 0.4210
Epoch 36: train acc: 0.7959 train loss: 0.4242 valid acc: 0.7538 valid loss: 0.4686
Epoch 37: train acc: 0.7940 train loss: 0.4252 valid acc: 0.7122 valid loss: 0.5089
Epoch 38: train acc: 0.7880 train loss: 0.4331 valid acc: 0.7538 valid loss: 0.4541
Epoch 39: train acc: 0.7919 train loss: 0.4271 valid acc: 0.7538 valid loss: 0.4448
Epoch 40: train acc: 0.7883 train loss: 0.4326 valid acc: 0.7538 valid loss: 0.4514
Epoch 41: train acc: 0.7863 train loss: 0.4309 valid acc: 0.7787 valid loss: 0.4257
Epoch 42: train acc: 0.7942 train loss: 0.4210 valid acc: 0.7621 valid loss: 0.4453
Epoch 43: train acc: 0.7920 train loss: 0.4211 valid acc: 0.7538 valid loss: 0.4591
Epoch 44: train acc: 0.7920 train loss: 0.4195 valid acc: 0.7787 valid loss: 0.4301
Epoch 45: train acc: 0.7901 train loss: 0.4224 valid acc: 0.7538 valid loss: 0.4466
Epoch 46: train acc: 0.7863 train loss: 0.4268 valid acc: 0.7538 valid loss: 0.4376
Epoch 47: train acc: 0.7940 train loss: 0.4163 valid acc: 0.7455 valid loss: 0.4597
Epoch 48: train acc: 0.7843 train loss: 0.4259 valid acc: 0.7371 valid loss: 0.4618
Epoch 49: train acc: 0.7930 train loss: 0.4143 valid acc: 0.7870 valid loss: 0.4189
Run 06: test acc: 0.7801 test loss: 0.4677 precision: 0.0000 recall: 0.0000 f1: 0.0000
Epoch 00: train acc: 0.7452 train loss: 0.5613 valid acc: 0.7787 valid loss: 0.5461
Epoch 01: train acc: 0.7889 train loss: 0.5426 valid acc: 0.7455 valid loss: 0.5978
Epoch 02: train acc: 0.7909 train loss: 0.5155 valid acc: 0.7455 valid loss: 0.5554
Epoch 03: train acc: 0.7967 train loss: 0.4967 valid acc: 0.7621 valid loss: 0.5376
Epoch 04: train acc: 0.7928 train loss: 0.4977 valid acc: 0.7787 valid loss: 0.5104
Epoch 05: train acc: 0.7850 train loss: 0.5055 valid acc: 0.7205 valid loss: 0.5787
Epoch 06: train acc: 0.7831 train loss: 0.5026 valid acc: 0.7538 valid loss: 0.5286
Epoch 07: train acc: 0.7850 train loss: 0.5001 valid acc: 0.7621 valid loss: 0.5220
Epoch 08: train acc: 0.7928 train loss: 0.4837 valid acc: 0.7371 valid loss: 0.5498
Epoch 09: train acc: 0.7909 train loss: 0.4851 valid acc: 0.7538 valid loss: 0.5271
Epoch 10: train acc: 0.7928 train loss: 0.4800 valid acc: 0.7538 valid loss: 0.5234
Epoch 11: train acc: 0.7967 train loss: 0.4741 valid acc: 0.7538 valid loss: 0.5131
Epoch 12: train acc: 0.7909 train loss: 0.4779 valid acc: 0.7455 valid loss: 0.5256
Epoch 13: train acc: 0.7987 train loss: 0.4669 valid acc: 0.7371 valid loss: 0.5314
Epoch 14: train acc: 0.7928 train loss: 0.4722 valid acc: 0.7538 valid loss: 0.5115
Epoch 15: train acc: 0.7987 train loss: 0.4655 valid acc: 0.7704 valid loss: 0.4953
Epoch 16: train acc: 0.7909 train loss: 0.4731 valid acc: 0.7621 valid loss: 0.4968
Epoch 17: train acc: 0.7889 train loss: 0.4731 valid acc: 0.7371 valid loss: 0.5248
Epoch 18: train acc: 0.7850 train loss: 0.4766 valid acc: 0.7787 valid loss: 0.4748
Epoch 19: train acc: 0.7889 train loss: 0.4663 valid acc: 0.7538 valid loss: 0.5078
Epoch 20: train acc: 0.7928 train loss: 0.4636 valid acc: 0.7455 valid loss: 0.5107
Epoch 21: train acc: 0.7811 train loss: 0.4729 valid acc: 0.7621 valid loss: 0.4905
Epoch 22: train acc: 0.7909 train loss: 0.4634 valid acc: 0.7455 valid loss: 0.5029
Epoch 23: train acc: 0.7889 train loss: 0.4630 valid acc: 0.7787 valid loss: 0.4741
Epoch 24: train acc: 0.7928 train loss: 0.4566 valid acc: 0.7621 valid loss: 0.4719
Epoch 25: train acc: 0.7909 train loss: 0.4570 valid acc: 0.7538 valid loss: 0.4869
Epoch 26: train acc: 0.7967 train loss: 0.4496 valid acc: 0.7538 valid loss: 0.4863
Epoch 27: train acc: 0.7889 train loss: 0.4572 valid acc: 0.7704 valid loss: 0.4703
Epoch 28: train acc: 0.7850 train loss: 0.4613 valid acc: 0.7787 valid loss: 0.4634
Epoch 29: train acc: 0.7928 train loss: 0.4504 valid acc: 0.7371 valid loss: 0.5116
Epoch 30: train acc: 0.7909 train loss: 0.4522 valid acc: 0.7538 valid loss: 0.4735
Epoch 31: train acc: 0.7928 train loss: 0.4492 valid acc: 0.7787 valid loss: 0.4583
Epoch 32: train acc: 0.7870 train loss: 0.4532 valid acc: 0.7455 valid loss: 0.4917
Epoch 33: train acc: 0.7967 train loss: 0.4404 valid acc: 0.7704 valid loss: 0.4646
Epoch 34: train acc: 0.7870 train loss: 0.4533 valid acc: 0.7538 valid loss: 0.4938
Epoch 35: train acc: 0.7948 train loss: 0.4443 valid acc: 0.7621 valid loss: 0.4800
Epoch 36: train acc: 0.7928 train loss: 0.4458 valid acc: 0.7538 valid loss: 0.4758
Epoch 37: train acc: 0.7928 train loss: 0.4429 valid acc: 0.7621 valid loss: 0.4694
Epoch 38: train acc: 0.7948 train loss: 0.4422 valid acc: 0.7870 valid loss: 0.4409
Epoch 39: train acc: 0.7928 train loss: 0.4407 valid acc: 0.7538 valid loss: 0.4761
Epoch 40: train acc: 0.7899 train loss: 0.4433 valid acc: 0.7538 valid loss: 0.4747
Epoch 41: train acc: 0.7998 train loss: 0.4296 valid acc: 0.7787 valid loss: 0.4488
Epoch 42: train acc: 0.8006 train loss: 0.4315 valid acc: 0.7538 valid loss: 0.4755
Epoch 43: train acc: 0.7909 train loss: 0.4394 valid acc: 0.7455 valid loss: 0.4886
Epoch 44: train acc: 0.7941 train loss: 0.4371 valid acc: 0.7205 valid loss: 0.5038
Epoch 45: train acc: 0.7882 train loss: 0.4408 valid acc: 0.7538 valid loss: 0.4759
Epoch 46: train acc: 0.7922 train loss: 0.4357 valid acc: 0.7621 valid loss: 0.4611
Epoch 47: train acc: 0.7861 train loss: 0.4416 valid acc: 0.7870 valid loss: 0.4328
Epoch 48: train acc: 0.7879 train loss: 0.4373 valid acc: 0.7455 valid loss: 0.4773
Epoch 49: train acc: 0.7958 train loss: 0.4291 valid acc: 0.7621 valid loss: 0.4598
Run 07: test acc: 0.7802 test loss: 0.4604 precision: 0.0000 recall: 0.0000 f1: 0.0000
Epoch 00: train acc: 0.7593 train loss: 0.5610 valid acc: 0.7288 valid loss: 0.6120
Epoch 01: train acc: 0.7928 train loss: 0.5259 valid acc: 0.7538 valid loss: 0.5827
Epoch 02: train acc: 0.7948 train loss: 0.5080 valid acc: 0.7787 valid loss: 0.5183
Epoch 03: train acc: 0.8006 train loss: 0.4929 valid acc: 0.7288 valid loss: 0.5753
Epoch 04: train acc: 0.7948 train loss: 0.4958 valid acc: 0.7538 valid loss: 0.5428
Epoch 05: train acc: 0.7928 train loss: 0.4923 valid acc: 0.7704 valid loss: 0.5126
Epoch 06: train acc: 0.7909 train loss: 0.4931 valid acc: 0.7205 valid loss: 0.5658
Epoch 07: train acc: 0.8006 train loss: 0.4763 valid acc: 0.7621 valid loss: 0.5181
Epoch 08: train acc: 0.7928 train loss: 0.4922 valid acc: 0.7455 valid loss: 0.5381
Epoch 09: train acc: 0.7967 train loss: 0.4770 valid acc: 0.7538 valid loss: 0.5212
Epoch 10: train acc: 0.7909 train loss: 0.4832 valid acc: 0.7205 valid loss: 0.5673
Epoch 11: train acc: 0.7870 train loss: 0.4835 valid acc: 0.7538 valid loss: 0.5135
Epoch 12: train acc: 0.7928 train loss: 0.4752 valid acc: 0.7787 valid loss: 0.4897
Epoch 13: train acc: 0.8006 train loss: 0.4635 valid acc: 0.7538 valid loss: 0.5026
Epoch 14: train acc: 0.7928 train loss: 0.4726 valid acc: 0.7455 valid loss: 0.5216
Epoch 15: train acc: 0.7928 train loss: 0.4711 valid acc: 0.7704 valid loss: 0.4884
Epoch 16: train acc: 0.7909 train loss: 0.4696 valid acc: 0.7455 valid loss: 0.5198
Epoch 17: train acc: 0.7850 train loss: 0.4738 valid acc: 0.7704 valid loss: 0.4755
Epoch 18: train acc: 0.7909 train loss: 0.4649 valid acc: 0.7205 valid loss: 0.5351
Epoch 19: train acc: 0.7870 train loss: 0.4732 valid acc: 0.7787 valid loss: 0.4721
Epoch 20: train acc: 0.7928 train loss: 0.4610 valid acc: 0.7787 valid loss: 0.4618
Epoch 21: train acc: 0.7967 train loss: 0.4544 valid acc: 0.7621 valid loss: 0.4945
Epoch 22: train acc: 0.7889 train loss: 0.4597 valid acc: 0.7621 valid loss: 0.4807
Epoch 23: train acc: 0.7967 train loss: 0.4514 valid acc: 0.7870 valid loss: 0.4543
Epoch 24: train acc: 0.7889 train loss: 0.4596 valid acc: 0.7538 valid loss: 0.4856
Epoch 25: train acc: 0.7987 train loss: 0.4484 valid acc: 0.7538 valid loss: 0.4742
Epoch 26: train acc: 0.7948 train loss: 0.4486 valid acc: 0.7621 valid loss: 0.4702
Epoch 27: train acc: 0.7909 train loss: 0.4514 valid acc: 0.7538 valid loss: 0.4896
Epoch 28: train acc: 0.7909 train loss: 0.4509 valid acc: 0.7455 valid loss: 0.4914
Epoch 29: train acc: 0.7948 train loss: 0.4413 valid acc: 0.7538 valid loss: 0.4694
Epoch 30: train acc: 0.7967 train loss: 0.4406 valid acc: 0.7455 valid loss: 0.4846
Epoch 31: train acc: 0.8006 train loss: 0.4371 valid acc: 0.7538 valid loss: 0.4728
Epoch 32: train acc: 0.7870 train loss: 0.4472 valid acc: 0.7455 valid loss: 0.4861
Epoch 33: train acc: 0.7870 train loss: 0.4475 valid acc: 0.7455 valid loss: 0.4819
Epoch 34: train acc: 0.7881 train loss: 0.4444 valid acc: 0.7704 valid loss: 0.4519
Epoch 35: train acc: 0.7928 train loss: 0.4400 valid acc: 0.7455 valid loss: 0.4757
Epoch 36: train acc: 0.7889 train loss: 0.4423 valid acc: 0.7787 valid loss: 0.4474
Epoch 37: train acc: 0.7909 train loss: 0.4392 valid acc: 0.7288 valid loss: 0.4936
Epoch 38: train acc: 0.7880 train loss: 0.4363 valid acc: 0.7538 valid loss: 0.4648
Epoch 39: train acc: 0.7904 train loss: 0.4352 valid acc: 0.7704 valid loss: 0.4451
Epoch 40: train acc: 0.7902 train loss: 0.4351 valid acc: 0.7621 valid loss: 0.4537
Epoch 41: train acc: 0.7922 train loss: 0.4322 valid acc: 0.7704 valid loss: 0.4480
Epoch 42: train acc: 0.7919 train loss: 0.4303 valid acc: 0.7538 valid loss: 0.4600
Epoch 43: train acc: 0.7901 train loss: 0.4320 valid acc: 0.7538 valid loss: 0.4476
Epoch 44: train acc: 0.7938 train loss: 0.4297 valid acc: 0.7621 valid loss: 0.4572
Epoch 45: train acc: 0.7903 train loss: 0.4316 valid acc: 0.7704 valid loss: 0.4313
Epoch 46: train acc: 0.7919 train loss: 0.4282 valid acc: 0.7704 valid loss: 0.4269
Epoch 47: train acc: 0.7823 train loss: 0.4385 valid acc: 0.7621 valid loss: 0.4468
Epoch 48: train acc: 0.7923 train loss: 0.4270 valid acc: 0.7621 valid loss: 0.4472
Epoch 49: train acc: 0.7939 train loss: 0.4228 valid acc: 0.7455 valid loss: 0.4558
Run 08: test acc: 0.7801 test loss: 0.4732 precision: 0.0000 recall: 0.0000 f1: 0.0000
Epoch 00: train acc: 0.7123 train loss: 0.6045 valid acc: 0.7621 valid loss: 0.5655
Epoch 01: train acc: 0.7909 train loss: 0.5217 valid acc: 0.7870 valid loss: 0.5227
Epoch 02: train acc: 0.7928 train loss: 0.5075 valid acc: 0.7704 valid loss: 0.5282
Epoch 03: train acc: 0.7909 train loss: 0.5044 valid acc: 0.7371 valid loss: 0.5644
Epoch 04: train acc: 0.7948 train loss: 0.4937 valid acc: 0.7621 valid loss: 0.5292
Epoch 05: train acc: 0.7948 train loss: 0.4892 valid acc: 0.7455 valid loss: 0.5466
Epoch 06: train acc: 0.7889 train loss: 0.4945 valid acc: 0.7455 valid loss: 0.5413
Epoch 07: train acc: 0.7928 train loss: 0.4845 valid acc: 0.7704 valid loss: 0.5045
Epoch 08: train acc: 0.7870 train loss: 0.4873 valid acc: 0.7538 valid loss: 0.5260
Epoch 09: train acc: 0.7928 train loss: 0.4811 valid acc: 0.7621 valid loss: 0.5052
Epoch 10: train acc: 0.7909 train loss: 0.4824 valid acc: 0.7538 valid loss: 0.5226
Epoch 11: train acc: 0.7948 train loss: 0.4728 valid acc: 0.7621 valid loss: 0.4982
Epoch 12: train acc: 0.7870 train loss: 0.4815 valid acc: 0.7455 valid loss: 0.5250
Epoch 13: train acc: 0.7889 train loss: 0.4776 valid acc: 0.7704 valid loss: 0.4801
Epoch 14: train acc: 0.7987 train loss: 0.4619 valid acc: 0.7455 valid loss: 0.5147
Epoch 15: train acc: 0.7909 train loss: 0.4680 valid acc: 0.7870 valid loss: 0.4732
Epoch 16: train acc: 0.7948 train loss: 0.4648 valid acc: 0.7538 valid loss: 0.4976
Epoch 17: train acc: 0.7870 train loss: 0.4702 valid acc: 0.7787 valid loss: 0.4720
Epoch 18: train acc: 0.7928 train loss: 0.4591 valid acc: 0.7621 valid loss: 0.4872
Epoch 19: train acc: 0.7909 train loss: 0.4593 valid acc: 0.7538 valid loss: 0.4913
Epoch 20: train acc: 0.7967 train loss: 0.4530 valid acc: 0.7621 valid loss: 0.4835
Epoch 21: train acc: 0.7967 train loss: 0.4529 valid acc: 0.7538 valid loss: 0.4879
Epoch 22: train acc: 0.7928 train loss: 0.4542 valid acc: 0.7704 valid loss: 0.4709
Epoch 23: train acc: 0.7948 train loss: 0.4487 valid acc: 0.7870 valid loss: 0.4477
Epoch 24: train acc: 0.7948 train loss: 0.4493 valid acc: 0.7371 valid loss: 0.5124
Epoch 25: train acc: 0.7909 train loss: 0.4534 valid acc: 0.7538 valid loss: 0.4839
Epoch 26: train acc: 0.7889 train loss: 0.4525 valid acc: 0.7371 valid loss: 0.4931
Epoch 27: train acc: 0.7928 train loss: 0.4479 valid acc: 0.7538 valid loss: 0.4828
Epoch 28: train acc: 0.7948 train loss: 0.4417 valid acc: 0.7371 valid loss: 0.5015
Epoch 29: train acc: 0.7870 train loss: 0.4504 valid acc: 0.7538 valid loss: 0.4701
Epoch 30: train acc: 0.7979 train loss: 0.4357 valid acc: 0.7455 valid loss: 0.4839
Epoch 31: train acc: 0.7909 train loss: 0.4423 valid acc: 0.7455 valid loss: 0.4853
Epoch 32: train acc: 0.7948 train loss: 0.4396 valid acc: 0.7787 valid loss: 0.4500
Epoch 33: train acc: 0.7843 train loss: 0.4487 valid acc: 0.7704 valid loss: 0.4448
Epoch 34: train acc: 0.7961 train loss: 0.4315 valid acc: 0.7621 valid loss: 0.4667
Epoch 35: train acc: 0.7921 train loss: 0.4371 valid acc: 0.7455 valid loss: 0.4766
Epoch 36: train acc: 0.7959 train loss: 0.4312 valid acc: 0.7371 valid loss: 0.4892
Epoch 37: train acc: 0.7881 train loss: 0.4387 valid acc: 0.7704 valid loss: 0.4459
Epoch 38: train acc: 0.7941 train loss: 0.4308 valid acc: 0.7455 valid loss: 0.4690
Epoch 39: train acc: 0.7902 train loss: 0.4341 valid acc: 0.7371 valid loss: 0.4713
Epoch 40: train acc: 0.7882 train loss: 0.4348 valid acc: 0.7704 valid loss: 0.4488
Epoch 41: train acc: 0.7882 train loss: 0.4371 valid acc: 0.7538 valid loss: 0.4567
Epoch 42: train acc: 0.7901 train loss: 0.4358 valid acc: 0.7621 valid loss: 0.4587
Epoch 43: train acc: 0.7940 train loss: 0.4239 valid acc: 0.7371 valid loss: 0.4851
Epoch 44: train acc: 0.7822 train loss: 0.4384 valid acc: 0.7870 valid loss: 0.4299
Epoch 45: train acc: 0.7863 train loss: 0.4328 valid acc: 0.7538 valid loss: 0.4537
Epoch 46: train acc: 0.7922 train loss: 0.4270 valid acc: 0.7371 valid loss: 0.4659
Epoch 47: train acc: 0.7939 train loss: 0.4205 valid acc: 0.7704 valid loss: 0.4534
Epoch 48: train acc: 0.7958 train loss: 0.4210 valid acc: 0.7621 valid loss: 0.4503
Epoch 49: train acc: 0.7899 train loss: 0.4272 valid acc: 0.7621 valid loss: 0.4533
Run 09: test acc: 0.7801 test loss: 0.5343 precision: 0.0000 recall: 0.0000 f1: 0.0000
Test acc: 0.7784 (0.0034), loss: 0.4790 (0.0337)
precision: 0.2 (0.4000), recall: 0.0143 (0.0286), f1: 0.026666666666666665 (0.05333333333333333)
DONE
