Starting script
Hyperpartisan kfold
Fold 0. Initial acc: 0.3438 loss: 0.7995
Epoch:  0
Avg loss:  0.6130068123340606
Fold 0. Epoch 00: train acc: 0.6923 train loss: 0.6130 valid acc: 0.3438 valid loss: 0.9701
Epoch:  1
Avg loss:  0.6073647379875183
Fold 0. Epoch 01: train acc: 0.6427 train loss: 0.6074 valid acc: 0.4756 valid loss: 0.6604
Epoch:  2
Avg loss:  0.5588782161474228
Fold 0. Epoch 02: train acc: 0.6546 train loss: 0.5589 valid acc: 0.3779 valid loss: 0.8390
Epoch:  3
Avg loss:  0.5598432362079621
Fold 0. Epoch 03: train acc: 0.6335 train loss: 0.5598 valid acc: 0.3828 valid loss: 0.8564
Epoch:  4
Avg loss:  0.5610951989889145
Fold 0. Epoch 04: train acc: 0.6051 train loss: 0.5611 valid acc: 0.4805 valid loss: 0.6802
Epoch:  5
Avg loss:  0.5249191880226135
Fold 0. Epoch 05: train acc: 0.6068 train loss: 0.5249 valid acc: 0.3438 valid loss: 1.1594
Epoch:  6
Avg loss:  0.5534355610609054
Fold 0. Epoch 06: train acc: 0.6425 train loss: 0.5534 valid acc: 0.4707 valid loss: 0.6918
Epoch:  7
Avg loss:  0.5498823761940003
Fold 0. Epoch 07: train acc: 0.6110 train loss: 0.5499 valid acc: 0.4219 valid loss: 0.7739
Epoch:  8
Avg loss:  0.5175427317619323
Fold 0. Epoch 08: train acc: 0.5760 train loss: 0.5175 valid acc: 0.3975 valid loss: 0.8231
Epoch:  9
Avg loss:  0.5064797401428223
Fold 0. Epoch 09: train acc: 0.5993 train loss: 0.5065 valid acc: 0.4365 valid loss: 0.7448
Epoch:  10
Avg loss:  0.5005572527647019
Fold 0. Epoch 10: train acc: 0.6037 train loss: 0.5006 valid acc: 0.4365 valid loss: 0.7395
Epoch:  11
Avg loss:  0.4804456114768982
Fold 0. Epoch 11: train acc: 0.5904 train loss: 0.4804 valid acc: 0.3682 valid loss: 0.9354
Epoch:  12
Avg loss:  0.503483235836029
Fold 0. Epoch 12: train acc: 0.6172 train loss: 0.5035 valid acc: 0.5000 valid loss: 0.6370
Epoch:  13
Avg loss:  0.5288519114255905
Fold 0. Epoch 13: train acc: 0.5635 train loss: 0.5289 valid acc: 0.3877 valid loss: 0.8798
Epoch:  14
Avg loss:  0.45826311111450196
Fold 0. Epoch 14: train acc: 0.5832 train loss: 0.4583 valid acc: 0.4316 valid loss: 0.7596
Epoch:  15
Avg loss:  0.45001550316810607
Fold 0. Epoch 15: train acc: 0.6145 train loss: 0.4500 valid acc: 0.4023 valid loss: 0.8409
Epoch:  16
Avg loss:  0.47934394180774687
Fold 0. Epoch 16: train acc: 0.6023 train loss: 0.4793 valid acc: 0.4951 valid loss: 0.6507
Epoch:  17
Avg loss:  0.4913123995065689
Fold 0. Epoch 17: train acc: 0.5600 train loss: 0.4913 valid acc: 0.3682 valid loss: 1.0454
Epoch:  18
Avg loss:  0.5209229528903961
Fold 0. Epoch 18: train acc: 0.6246 train loss: 0.5209 valid acc: 0.4609 valid loss: 0.7409
Epoch:  19
Avg loss:  0.46333816051483157
Fold 0. Epoch 19: train acc: 0.6108 train loss: 0.4633 valid acc: 0.4023 valid loss: 0.8486
Epoch:  20
Avg loss:  0.4541222661733627
Fold 0. Epoch 20: train acc: 0.6058 train loss: 0.4541 valid acc: 0.4414 valid loss: 0.7745
Epoch:  21
Avg loss:  0.4224957853555679
Fold 0. Epoch 21: train acc: 0.6071 train loss: 0.4225 valid acc: 0.4072 valid loss: 0.8079
Epoch:  22
Avg loss:  0.4474904090166092
Fold 0. Epoch 22: train acc: 0.6060 train loss: 0.4475 valid acc: 0.4268 valid loss: 0.7862
Epoch:  23
Avg loss:  0.4602219551801682
Fold 0. Epoch 23: train acc: 0.5978 train loss: 0.4602 valid acc: 0.4512 valid loss: 0.7682
Epoch:  24
Avg loss:  0.4533226817846298
Fold 0. Epoch 24: train acc: 0.5631 train loss: 0.4533 valid acc: 0.4512 valid loss: 0.7589
Epoch:  25
Avg loss:  0.4239665001630783
Fold 0. Epoch 25: train acc: 0.5708 train loss: 0.4240 valid acc: 0.4316 valid loss: 0.7846
Epoch:  26
Avg loss:  0.4622891664505005
Fold 0. Epoch 26: train acc: 0.5988 train loss: 0.4623 valid acc: 0.4561 valid loss: 0.7658
Epoch:  27
Avg loss:  0.4338378310203552
Fold 0. Epoch 27: train acc: 0.5884 train loss: 0.4338 valid acc: 0.4561 valid loss: 0.7555
Epoch:  28
Avg loss:  0.4180824398994446
Fold 0. Epoch 28: train acc: 0.6002 train loss: 0.4181 valid acc: 0.4121 valid loss: 0.8308
Epoch:  29
Avg loss:  0.45407070219516754
Fold 0. Epoch 29: train acc: 0.5713 train loss: 0.4541 valid acc: 0.4609 valid loss: 0.7290
Epoch:  30
Avg loss:  0.42458156049251555
Fold 0. Epoch 30: train acc: 0.6001 train loss: 0.4246 valid acc: 0.4268 valid loss: 0.8066
Epoch:  31
Avg loss:  0.43097151815891266
Fold 0. Epoch 31: train acc: 0.6075 train loss: 0.4310 valid acc: 0.4121 valid loss: 0.8276
Epoch:  32
Avg loss:  0.4062506169080734
Fold 0. Epoch 32: train acc: 0.5720 train loss: 0.4063 valid acc: 0.4658 valid loss: 0.7284
Epoch:  33
Avg loss:  0.4029560714960098
Fold 0. Epoch 33: train acc: 0.5941 train loss: 0.4030 valid acc: 0.4365 valid loss: 0.8106
Epoch:  34
Avg loss:  0.4033678472042084
Fold 0. Epoch 34: train acc: 0.6095 train loss: 0.4034 valid acc: 0.4463 valid loss: 0.7949
Epoch:  35
Avg loss:  0.40510700047016146
Fold 0. Epoch 35: train acc: 0.5828 train loss: 0.4051 valid acc: 0.4561 valid loss: 0.7636
Epoch:  36
Avg loss:  0.40347335636615755
Fold 0. Epoch 36: train acc: 0.5916 train loss: 0.4035 valid acc: 0.4512 valid loss: 0.7890
Epoch:  37
Avg loss:  0.41080409586429595
Fold 0. Epoch 37: train acc: 0.6210 train loss: 0.4108 valid acc: 0.4316 valid loss: 0.8176
Epoch:  38
Avg loss:  0.4150085836648941
Fold 0. Epoch 38: train acc: 0.5914 train loss: 0.4150 valid acc: 0.4561 valid loss: 0.7728
Epoch:  39
Avg loss:  0.4122181385755539
Fold 0. Epoch 39: train acc: 0.5782 train loss: 0.4122 valid acc: 0.4609 valid loss: 0.7510
Epoch:  40
Avg loss:  0.40251393914222716
Fold 0. Epoch 40: train acc: 0.5866 train loss: 0.4025 valid acc: 0.4561 valid loss: 0.7783
Epoch:  41
Avg loss:  0.4129861444234848
Fold 0. Epoch 41: train acc: 0.5791 train loss: 0.4130 valid acc: 0.4414 valid loss: 0.8042
Epoch:  42
Avg loss:  0.41085166931152345
Fold 0. Epoch 42: train acc: 0.6012 train loss: 0.4109 valid acc: 0.4609 valid loss: 0.7499
Epoch:  43
Avg loss:  0.41669931411743166
Fold 0. Epoch 43: train acc: 0.5850 train loss: 0.4167 valid acc: 0.4170 valid loss: 0.8461
Epoch:  44
Avg loss:  0.40305331647396087
Fold 0. Epoch 44: train acc: 0.6122 train loss: 0.4031 valid acc: 0.4561 valid loss: 0.7688
Epoch:  45
Avg loss:  0.3835627675056458
Fold 0. Epoch 45: train acc: 0.6244 train loss: 0.3836 valid acc: 0.4414 valid loss: 0.8114
Epoch:  46
Avg loss:  0.38271786868572233
Fold 0. Epoch 46: train acc: 0.6313 train loss: 0.3827 valid acc: 0.4365 valid loss: 0.8161
Epoch:  47
Avg loss:  0.3997578054666519
Fold 0. Epoch 47: train acc: 0.5893 train loss: 0.3998 valid acc: 0.4463 valid loss: 0.7968
Epoch:  48
Avg loss:  0.39798113107681277
Fold 0. Epoch 48: train acc: 0.5732 train loss: 0.3980 valid acc: 0.4609 valid loss: 0.7442
Epoch:  49
Avg loss:  0.4284130036830902
Fold 0. Epoch 49: train acc: 0.5688 train loss: 0.4284 valid acc: 0.4609 valid loss: 0.7657
Fold 1. Initial acc: 0.6094 loss: 0.7010
Epoch:  0
Avg loss:  0.6632455587387085
Fold 1. Epoch 00: train acc: 0.5854 train loss: 0.6632 valid acc: 0.6094 valid loss: 0.6311
Epoch:  1
Avg loss:  0.6047690689563752
Fold 1. Epoch 01: train acc: 0.6171 train loss: 0.6048 valid acc: 0.5854 valid loss: 0.5988
Epoch:  2
Avg loss:  0.5881383150815964
Fold 1. Epoch 02: train acc: 0.6118 train loss: 0.5881 valid acc: 0.5854 valid loss: 0.5821
Epoch:  3
Avg loss:  0.5672257721424103
Fold 1. Epoch 03: train acc: 0.5869 train loss: 0.5672 valid acc: 0.5820 valid loss: 0.5741
Epoch:  4
Avg loss:  0.5501434206962585
Fold 1. Epoch 04: train acc: 0.6176 train loss: 0.5501 valid acc: 0.5718 valid loss: 0.5721
Epoch:  5
Avg loss:  0.5443323522806167
Fold 1. Epoch 05: train acc: 0.5991 train loss: 0.5443 valid acc: 0.5308 valid loss: 0.5637
Epoch:  6
Avg loss:  0.5602919071912765
Fold 1. Epoch 06: train acc: 0.5684 train loss: 0.5603 valid acc: 0.5820 valid loss: 0.5584
Epoch:  7
Avg loss:  0.5095506101846695
Fold 1. Epoch 07: train acc: 0.5666 train loss: 0.5096 valid acc: 0.5820 valid loss: 0.5579
Epoch:  8
Avg loss:  0.5625428557395935
Fold 1. Epoch 08: train acc: 0.5735 train loss: 0.5625 valid acc: 0.5684 valid loss: 0.5402
Epoch:  9
Avg loss:  0.5178227663040161
Fold 1. Epoch 09: train acc: 0.5715 train loss: 0.5178 valid acc: 0.5649 valid loss: 0.5351
Epoch:  10
Avg loss:  0.4984990209341049
Fold 1. Epoch 10: train acc: 0.5498 train loss: 0.4985 valid acc: 0.5923 valid loss: 0.6006
Epoch:  11
Avg loss:  0.5140212535858154
Fold 1. Epoch 11: train acc: 0.5756 train loss: 0.5140 valid acc: 0.5308 valid loss: 0.5417
Epoch:  12
Avg loss:  0.5526805251836777
Fold 1. Epoch 12: train acc: 0.5577 train loss: 0.5527 valid acc: 0.5410 valid loss: 0.5269
Epoch:  13
Avg loss:  0.5032544821500778
Fold 1. Epoch 13: train acc: 0.5575 train loss: 0.5033 valid acc: 0.5752 valid loss: 0.5520
Epoch:  14
Avg loss:  0.5292002767324447
Fold 1. Epoch 14: train acc: 0.5977 train loss: 0.5292 valid acc: 0.5444 valid loss: 0.5256
Epoch:  15
Avg loss:  0.5179558604955673
Fold 1. Epoch 15: train acc: 0.5239 train loss: 0.5180 valid acc: 0.5786 valid loss: 0.5615
Epoch:  16
Avg loss:  0.5080598503351211
Fold 1. Epoch 16: train acc: 0.6020 train loss: 0.5081 valid acc: 0.5649 valid loss: 0.5271
Epoch:  17
Avg loss:  0.4946374773979187
Fold 1. Epoch 17: train acc: 0.5712 train loss: 0.4946 valid acc: 0.5718 valid loss: 0.5294
Epoch:  18
Avg loss:  0.47871781289577486
Fold 1. Epoch 18: train acc: 0.5844 train loss: 0.4787 valid acc: 0.5684 valid loss: 0.5208
Epoch:  19
Avg loss:  0.5005245447158814
Fold 1. Epoch 19: train acc: 0.5594 train loss: 0.5005 valid acc: 0.5718 valid loss: 0.5288
Epoch:  20
Avg loss:  0.49428313970565796
Fold 1. Epoch 20: train acc: 0.5805 train loss: 0.4943 valid acc: 0.5581 valid loss: 0.5178
Epoch:  21
Avg loss:  0.46804452538490293
Fold 1. Epoch 21: train acc: 0.5414 train loss: 0.4680 valid acc: 0.5581 valid loss: 0.5206
Epoch:  22
Avg loss:  0.4766182482242584
Fold 1. Epoch 22: train acc: 0.5779 train loss: 0.4766 valid acc: 0.5718 valid loss: 0.5255
Epoch:  23
Avg loss:  0.4664367944002151
Fold 1. Epoch 23: train acc: 0.5477 train loss: 0.4664 valid acc: 0.5444 valid loss: 0.5172
Epoch:  24
Avg loss:  0.44633211493492125
Fold 1. Epoch 24: train acc: 0.5696 train loss: 0.4463 valid acc: 0.5718 valid loss: 0.5270
Epoch:  25
Avg loss:  0.4483169198036194
Fold 1. Epoch 25: train acc: 0.5908 train loss: 0.4483 valid acc: 0.5684 valid loss: 0.5212
Epoch:  26
Avg loss:  0.45639275312423705
Fold 1. Epoch 26: train acc: 0.5764 train loss: 0.4564 valid acc: 0.5649 valid loss: 0.5177
Epoch:  27
Avg loss:  0.43764735460281373
Fold 1. Epoch 27: train acc: 0.5810 train loss: 0.4376 valid acc: 0.5718 valid loss: 0.5182
Epoch:  28
Avg loss:  0.4955967366695404
Fold 1. Epoch 28: train acc: 0.5649 train loss: 0.4956 valid acc: 0.5581 valid loss: 0.5115
Epoch:  29
Avg loss:  0.461511093378067
Fold 1. Epoch 29: train acc: 0.5575 train loss: 0.4615 valid acc: 0.5513 valid loss: 0.5090
Epoch:  30
Avg loss:  0.47702500224113464
Fold 1. Epoch 30: train acc: 0.5845 train loss: 0.4770 valid acc: 0.5718 valid loss: 0.5192
Epoch:  31
Avg loss:  0.44676748514175413
Fold 1. Epoch 31: train acc: 0.5793 train loss: 0.4468 valid acc: 0.5649 valid loss: 0.5128
Epoch:  32
Avg loss:  0.45076695680618284
Fold 1. Epoch 32: train acc: 0.5571 train loss: 0.4508 valid acc: 0.5513 valid loss: 0.5093
Epoch:  33
Avg loss:  0.4492858171463013
Fold 1. Epoch 33: train acc: 0.5590 train loss: 0.4493 valid acc: 0.5684 valid loss: 0.5130
Epoch:  34
Avg loss:  0.44821693301200866
Fold 1. Epoch 34: train acc: 0.5707 train loss: 0.4482 valid acc: 0.5684 valid loss: 0.5118
Epoch:  35
Avg loss:  0.5087615221738815
Fold 1. Epoch 35: train acc: 0.5558 train loss: 0.5088 valid acc: 0.5513 valid loss: 0.5090
Epoch:  36
Avg loss:  0.43365595042705535
Fold 1. Epoch 36: train acc: 0.5690 train loss: 0.4337 valid acc: 0.5581 valid loss: 0.5085
Epoch:  37
Avg loss:  0.4578440338373184
Fold 1. Epoch 37: train acc: 0.5573 train loss: 0.4578 valid acc: 0.5684 valid loss: 0.5117
Epoch:  38
Avg loss:  0.4496141761541367
Fold 1. Epoch 38: train acc: 0.5771 train loss: 0.4496 valid acc: 0.5513 valid loss: 0.5089
Epoch:  39
Avg loss:  0.46896213889122007
Fold 1. Epoch 39: train acc: 0.5620 train loss: 0.4690 valid acc: 0.5649 valid loss: 0.5110
Epoch:  40
Avg loss:  0.4297131925821304
Fold 1. Epoch 40: train acc: 0.5834 train loss: 0.4297 valid acc: 0.5615 valid loss: 0.5105
Epoch:  41
Avg loss:  0.4413491517305374
Fold 1. Epoch 41: train acc: 0.5606 train loss: 0.4413 valid acc: 0.5615 valid loss: 0.5112
Epoch:  42
Avg loss:  0.4475208580493927
Fold 1. Epoch 42: train acc: 0.5623 train loss: 0.4475 valid acc: 0.5513 valid loss: 0.5074
Epoch:  43
Avg loss:  0.4439354658126831
Fold 1. Epoch 43: train acc: 0.5534 train loss: 0.4439 valid acc: 0.5513 valid loss: 0.5075
Epoch:  44
Avg loss:  0.43306365609169006
Fold 1. Epoch 44: train acc: 0.5584 train loss: 0.4331 valid acc: 0.5513 valid loss: 0.5075
Epoch:  45
Avg loss:  0.44447337090969086
Fold 1. Epoch 45: train acc: 0.5658 train loss: 0.4445 valid acc: 0.5615 valid loss: 0.5093
Epoch:  46
Avg loss:  0.4241925567388535
Fold 1. Epoch 46: train acc: 0.5685 train loss: 0.4242 valid acc: 0.5581 valid loss: 0.5077
Epoch:  47
Avg loss:  0.4265591144561768
Fold 1. Epoch 47: train acc: 0.5574 train loss: 0.4266 valid acc: 0.5513 valid loss: 0.5055
Epoch:  48
Avg loss:  0.41810100972652436
Fold 1. Epoch 48: train acc: 0.5732 train loss: 0.4181 valid acc: 0.5581 valid loss: 0.5067
Epoch:  49
Avg loss:  0.41755512207746504
Fold 1. Epoch 49: train acc: 0.5820 train loss: 0.4176 valid acc: 0.5649 valid loss: 0.5086
Fold 2. Initial acc: 0.4062 loss: 0.7503
Epoch:  0
Avg loss:  0.638916277885437
Fold 2. Epoch 00: train acc: 0.6655 train loss: 0.6389 valid acc: 0.4092 valid loss: 0.7740
Epoch:  1
Avg loss:  0.6041963875293732
Fold 2. Epoch 01: train acc: 0.6260 train loss: 0.6042 valid acc: 0.4766 valid loss: 0.6996
Epoch:  2
Avg loss:  0.5782839000225067
Fold 2. Epoch 02: train acc: 0.6143 train loss: 0.5783 valid acc: 0.4707 valid loss: 0.7260
Epoch:  3
Avg loss:  0.5708391785621643
Fold 2. Epoch 03: train acc: 0.6197 train loss: 0.5708 valid acc: 0.5527 valid loss: 0.6536
Epoch:  4
Avg loss:  0.5688683032989502
Fold 2. Epoch 04: train acc: 0.5895 train loss: 0.5689 valid acc: 0.4561 valid loss: 0.7858
Epoch:  5
Avg loss:  0.5461743205785752
Fold 2. Epoch 05: train acc: 0.6160 train loss: 0.5462 valid acc: 0.4707 valid loss: 0.7285
Epoch:  6
Avg loss:  0.5154895126819611
Fold 2. Epoch 06: train acc: 0.6161 train loss: 0.5155 valid acc: 0.5410 valid loss: 0.6458
Epoch:  7
Avg loss:  0.5453326165676117
Fold 2. Epoch 07: train acc: 0.5897 train loss: 0.5453 valid acc: 0.4854 valid loss: 0.6700
Epoch:  8
Avg loss:  0.5397745847702027
Fold 2. Epoch 08: train acc: 0.5939 train loss: 0.5398 valid acc: 0.4736 valid loss: 0.7175
Epoch:  9
Avg loss:  0.5181086212396622
Fold 2. Epoch 09: train acc: 0.6023 train loss: 0.5181 valid acc: 0.4619 valid loss: 0.7421
Epoch:  10
Avg loss:  0.5351424008607865
Fold 2. Epoch 10: train acc: 0.6163 train loss: 0.5351 valid acc: 0.5469 valid loss: 0.6397
Epoch:  11
Avg loss:  0.5512801319360733
Fold 2. Epoch 11: train acc: 0.5590 train loss: 0.5513 valid acc: 0.4297 valid loss: 0.8435
Epoch:  12
Avg loss:  0.5010242193937302
Fold 2. Epoch 12: train acc: 0.5831 train loss: 0.5010 valid acc: 0.4971 valid loss: 0.6449
Epoch:  13
Avg loss:  0.49501814544200895
Fold 2. Epoch 13: train acc: 0.6141 train loss: 0.4950 valid acc: 0.4736 valid loss: 0.7013
Epoch:  14
Avg loss:  0.4986632376909256
Fold 2. Epoch 14: train acc: 0.6073 train loss: 0.4987 valid acc: 0.5000 valid loss: 0.6429
Epoch:  15
Avg loss:  0.47514423429965974
Fold 2. Epoch 15: train acc: 0.5948 train loss: 0.4751 valid acc: 0.4678 valid loss: 0.6977
Epoch:  16
Avg loss:  0.4600774049758911
Fold 2. Epoch 16: train acc: 0.6034 train loss: 0.4601 valid acc: 0.4854 valid loss: 0.6677
Epoch:  17
Avg loss:  0.4747101843357086
Fold 2. Epoch 17: train acc: 0.5858 train loss: 0.4747 valid acc: 0.5029 valid loss: 0.6381
Epoch:  18
Avg loss:  0.47026156187057494
Fold 2. Epoch 18: train acc: 0.5922 train loss: 0.4703 valid acc: 0.4561 valid loss: 0.7529
Epoch:  19
Avg loss:  0.5161011934280395
Fold 2. Epoch 19: train acc: 0.6152 train loss: 0.5161 valid acc: 0.4971 valid loss: 0.6500
Epoch:  20
Avg loss:  0.46401952505111693
Fold 2. Epoch 20: train acc: 0.5697 train loss: 0.4640 valid acc: 0.4854 valid loss: 0.6726
Epoch:  21
Avg loss:  0.4347520709037781
Fold 2. Epoch 21: train acc: 0.6028 train loss: 0.4348 valid acc: 0.4883 valid loss: 0.6689
Epoch:  22
Avg loss:  0.44328583478927613
Fold 2. Epoch 22: train acc: 0.5994 train loss: 0.4433 valid acc: 0.4941 valid loss: 0.6614
Epoch:  23
Avg loss:  0.43406806886196136
Fold 2. Epoch 23: train acc: 0.5782 train loss: 0.4341 valid acc: 0.4883 valid loss: 0.6723
Epoch:  24
Avg loss:  0.4231254145503044
Fold 2. Epoch 24: train acc: 0.6076 train loss: 0.4231 valid acc: 0.4854 valid loss: 0.6851
Epoch:  25
Avg loss:  0.4466827630996704
Fold 2. Epoch 25: train acc: 0.5815 train loss: 0.4467 valid acc: 0.5000 valid loss: 0.6582
Epoch:  26
Avg loss:  0.4588123321533203
Fold 2. Epoch 26: train acc: 0.5749 train loss: 0.4588 valid acc: 0.4912 valid loss: 0.6699
Epoch:  27
Avg loss:  0.42221281230449675
Fold 2. Epoch 27: train acc: 0.6029 train loss: 0.4222 valid acc: 0.4854 valid loss: 0.6823
Epoch:  28
Avg loss:  0.42713950872421264
Fold 2. Epoch 28: train acc: 0.6200 train loss: 0.4271 valid acc: 0.4766 valid loss: 0.6890
Epoch:  29
Avg loss:  0.45668200850486756
Fold 2. Epoch 29: train acc: 0.6128 train loss: 0.4567 valid acc: 0.4854 valid loss: 0.6783
Epoch:  30
Avg loss:  0.4647850632667542
Fold 2. Epoch 30: train acc: 0.5827 train loss: 0.4648 valid acc: 0.4941 valid loss: 0.6581
Epoch:  31
Avg loss:  0.4143776446580887
Fold 2. Epoch 31: train acc: 0.6000 train loss: 0.4144 valid acc: 0.4795 valid loss: 0.6786
Epoch:  32
Avg loss:  0.451435923576355
Fold 2. Epoch 32: train acc: 0.5831 train loss: 0.4514 valid acc: 0.4941 valid loss: 0.6592
Epoch:  33
Avg loss:  0.44341078996658323
Fold 2. Epoch 33: train acc: 0.5782 train loss: 0.4434 valid acc: 0.4941 valid loss: 0.6496
Epoch:  34
Avg loss:  0.40850369930267333
Fold 2. Epoch 34: train acc: 0.6055 train loss: 0.4085 valid acc: 0.4619 valid loss: 0.6969
Epoch:  35
Avg loss:  0.4246539115905762
Fold 2. Epoch 35: train acc: 0.5956 train loss: 0.4247 valid acc: 0.4971 valid loss: 0.6449
Epoch:  36
Avg loss:  0.41531309485435486
Fold 2. Epoch 36: train acc: 0.5860 train loss: 0.4153 valid acc: 0.4971 valid loss: 0.6501
Epoch:  37
Avg loss:  0.43336593806743623
Fold 2. Epoch 37: train acc: 0.6029 train loss: 0.4334 valid acc: 0.4766 valid loss: 0.6800
Epoch:  38
Avg loss:  0.4278334707021713
Fold 2. Epoch 38: train acc: 0.5931 train loss: 0.4278 valid acc: 0.4941 valid loss: 0.6581
Epoch:  39
Avg loss:  0.4408363074064255
Fold 2. Epoch 39: train acc: 0.5878 train loss: 0.4408 valid acc: 0.4971 valid loss: 0.6438
Epoch:  40
Avg loss:  0.4182149082422256
Fold 2. Epoch 40: train acc: 0.5853 train loss: 0.4182 valid acc: 0.4736 valid loss: 0.6826
Epoch:  41
Avg loss:  0.4072523295879364
Fold 2. Epoch 41: train acc: 0.6039 train loss: 0.4073 valid acc: 0.4941 valid loss: 0.6553
Epoch:  42
Avg loss:  0.4399921536445618
Fold 2. Epoch 42: train acc: 0.5859 train loss: 0.4400 valid acc: 0.4971 valid loss: 0.6505
Epoch:  43
Avg loss:  0.44937773048877716
Fold 2. Epoch 43: train acc: 0.5778 train loss: 0.4494 valid acc: 0.5000 valid loss: 0.6384
Epoch:  44
Avg loss:  0.4133177101612091
Fold 2. Epoch 44: train acc: 0.5720 train loss: 0.4133 valid acc: 0.4971 valid loss: 0.6498
Epoch:  45
Avg loss:  0.4017268091440201
Fold 2. Epoch 45: train acc: 0.5797 train loss: 0.4017 valid acc: 0.4883 valid loss: 0.6642
Epoch:  46
Avg loss:  0.4293579965829849
Fold 2. Epoch 46: train acc: 0.5713 train loss: 0.4294 valid acc: 0.4971 valid loss: 0.6528
Epoch:  47
Avg loss:  0.4136231362819672
Fold 2. Epoch 47: train acc: 0.5751 train loss: 0.4136 valid acc: 0.4971 valid loss: 0.6417
Epoch:  48
Avg loss:  0.3995694756507874
Fold 2. Epoch 48: train acc: 0.5907 train loss: 0.3996 valid acc: 0.4941 valid loss: 0.6590
Epoch:  49
Avg loss:  0.42861986756324766
Fold 2. Epoch 49: train acc: 0.5893 train loss: 0.4286 valid acc: 0.4854 valid loss: 0.6681
Fold 3. Initial acc: 0.3906 loss: 0.8792
Epoch:  0
Avg loss:  0.6818150758743287
Fold 3. Epoch 00: train acc: 0.6045 train loss: 0.6818 valid acc: 0.6094 valid loss: 0.6421
Epoch:  1
Avg loss:  0.609916752576828
Fold 3. Epoch 01: train acc: 0.6324 train loss: 0.6099 valid acc: 0.6094 valid loss: 0.6464
Epoch:  2
Avg loss:  0.6059771120548249
Fold 3. Epoch 02: train acc: 0.6066 train loss: 0.6060 valid acc: 0.4795 valid loss: 0.6474
Epoch:  3
Avg loss:  0.5762805193662643
Fold 3. Epoch 03: train acc: 0.5669 train loss: 0.5763 valid acc: 0.5820 valid loss: 0.5955
Epoch:  4
Avg loss:  0.5537907421588898
Fold 3. Epoch 04: train acc: 0.5727 train loss: 0.5538 valid acc: 0.5991 valid loss: 0.6050
Epoch:  5
Avg loss:  0.5625030070543289
Fold 3. Epoch 05: train acc: 0.5901 train loss: 0.5625 valid acc: 0.5479 valid loss: 0.5863
Epoch:  6
Avg loss:  0.538438257575035
Fold 3. Epoch 06: train acc: 0.5794 train loss: 0.5384 valid acc: 0.5923 valid loss: 0.5898
Epoch:  7
Avg loss:  0.5413471281528472
Fold 3. Epoch 07: train acc: 0.5729 train loss: 0.5413 valid acc: 0.5957 valid loss: 0.5935
Epoch:  8
Avg loss:  0.5375562191009522
Fold 3. Epoch 08: train acc: 0.5778 train loss: 0.5376 valid acc: 0.5137 valid loss: 0.5867
Epoch:  9
Avg loss:  0.5216236501932144
Fold 3. Epoch 09: train acc: 0.5743 train loss: 0.5216 valid acc: 0.6025 valid loss: 0.6234
Epoch:  10
Avg loss:  0.5156840026378632
Fold 3. Epoch 10: train acc: 0.5876 train loss: 0.5157 valid acc: 0.5444 valid loss: 0.5747
Epoch:  11
Avg loss:  0.5399164140224457
Fold 3. Epoch 11: train acc: 0.5730 train loss: 0.5399 valid acc: 0.5239 valid loss: 0.5762
Epoch:  12
Avg loss:  0.5418386995792389
Fold 3. Epoch 12: train acc: 0.5122 train loss: 0.5418 valid acc: 0.6025 valid loss: 0.6054
Epoch:  13
Avg loss:  0.5165435671806335
Fold 3. Epoch 13: train acc: 0.6157 train loss: 0.5165 valid acc: 0.5547 valid loss: 0.5635
Epoch:  14
Avg loss:  0.5162696540355682
Fold 3. Epoch 14: train acc: 0.5726 train loss: 0.5163 valid acc: 0.5649 valid loss: 0.5649
Epoch:  15
Avg loss:  0.48654565513134
Fold 3. Epoch 15: train acc: 0.5556 train loss: 0.4865 valid acc: 0.5684 valid loss: 0.5659
Epoch:  16
Avg loss:  0.48779197335243224
Fold 3. Epoch 16: train acc: 0.6081 train loss: 0.4878 valid acc: 0.5718 valid loss: 0.5672
Epoch:  17
Avg loss:  0.4846927225589752
Fold 3. Epoch 17: train acc: 0.5673 train loss: 0.4847 valid acc: 0.5752 valid loss: 0.5695
Epoch:  18
Avg loss:  0.4651872456073761
Fold 3. Epoch 18: train acc: 0.5952 train loss: 0.4652 valid acc: 0.5684 valid loss: 0.5654
Epoch:  19
Avg loss:  0.4518033966422081
Fold 3. Epoch 19: train acc: 0.5736 train loss: 0.4518 valid acc: 0.5649 valid loss: 0.5602
Epoch:  20
Avg loss:  0.4750937432050705
Fold 3. Epoch 20: train acc: 0.5752 train loss: 0.4751 valid acc: 0.5752 valid loss: 0.5611
Epoch:  21
Avg loss:  0.4846294432878494
Fold 3. Epoch 21: train acc: 0.5931 train loss: 0.4846 valid acc: 0.5649 valid loss: 0.5583
Epoch:  22
Avg loss:  0.4514849990606308
Fold 3. Epoch 22: train acc: 0.5882 train loss: 0.4515 valid acc: 0.5649 valid loss: 0.5583
Epoch:  23
Avg loss:  0.4755208283662796
Fold 3. Epoch 23: train acc: 0.5669 train loss: 0.4755 valid acc: 0.5547 valid loss: 0.5557
Epoch:  24
Avg loss:  0.46074771881103516
Fold 3. Epoch 24: train acc: 0.5389 train loss: 0.4607 valid acc: 0.5547 valid loss: 0.5544
Epoch:  25
Avg loss:  0.49595088958740235
Fold 3. Epoch 25: train acc: 0.5609 train loss: 0.4960 valid acc: 0.5718 valid loss: 0.5601
Epoch:  26
Avg loss:  0.4567022442817688
Fold 3. Epoch 26: train acc: 0.5471 train loss: 0.4567 valid acc: 0.5410 valid loss: 0.5574
Epoch:  27
Avg loss:  0.44843633472919464
Fold 3. Epoch 27: train acc: 0.5702 train loss: 0.4484 valid acc: 0.5820 valid loss: 0.5733
Epoch:  28
Avg loss:  0.4638710767030716
Fold 3. Epoch 28: train acc: 0.5888 train loss: 0.4639 valid acc: 0.5615 valid loss: 0.5547
Epoch:  29
Avg loss:  0.43705213665962217
Fold 3. Epoch 29: train acc: 0.5661 train loss: 0.4371 valid acc: 0.5479 valid loss: 0.5514
Epoch:  30
Avg loss:  0.4411193013191223
Fold 3. Epoch 30: train acc: 0.5691 train loss: 0.4411 valid acc: 0.5752 valid loss: 0.5607
Epoch:  31
Avg loss:  0.44733879566192625
Fold 3. Epoch 31: train acc: 0.5608 train loss: 0.4473 valid acc: 0.5479 valid loss: 0.5504
Epoch:  32
Avg loss:  0.44418929517269135
Fold 3. Epoch 32: train acc: 0.5594 train loss: 0.4442 valid acc: 0.5649 valid loss: 0.5543
Epoch:  33
Avg loss:  0.44118249118328096
Fold 3. Epoch 33: train acc: 0.5611 train loss: 0.4412 valid acc: 0.5649 valid loss: 0.5532
Epoch:  34
Avg loss:  0.44778836965560914
Fold 3. Epoch 34: train acc: 0.5660 train loss: 0.4478 valid acc: 0.5615 valid loss: 0.5519
Epoch:  35
Avg loss:  0.4677328646183014
Fold 3. Epoch 35: train acc: 0.5589 train loss: 0.4677 valid acc: 0.5479 valid loss: 0.5498
Epoch:  36
Avg loss:  0.4475896120071411
Fold 3. Epoch 36: train acc: 0.5456 train loss: 0.4476 valid acc: 0.5479 valid loss: 0.5494
Epoch:  37
Avg loss:  0.4517484098672867
Fold 3. Epoch 37: train acc: 0.5571 train loss: 0.4517 valid acc: 0.5649 valid loss: 0.5519
Epoch:  38
Avg loss:  0.4386786311864853
Fold 3. Epoch 38: train acc: 0.5646 train loss: 0.4387 valid acc: 0.5684 valid loss: 0.5552
Epoch:  39
Avg loss:  0.4575184196233749
Fold 3. Epoch 39: train acc: 0.5559 train loss: 0.4575 valid acc: 0.5479 valid loss: 0.5483
Epoch:  40
Avg loss:  0.4293813019990921
Fold 3. Epoch 40: train acc: 0.5721 train loss: 0.4294 valid acc: 0.5649 valid loss: 0.5506
Epoch:  41
Avg loss:  0.45165269672870634
Fold 3. Epoch 41: train acc: 0.5740 train loss: 0.4517 valid acc: 0.5718 valid loss: 0.5546
Epoch:  42
Avg loss:  0.4180044338107109
Fold 3. Epoch 42: train acc: 0.5811 train loss: 0.4180 valid acc: 0.5649 valid loss: 0.5531
Epoch:  43
Avg loss:  0.44549658000469206
Fold 3. Epoch 43: train acc: 0.5539 train loss: 0.4455 valid acc: 0.5615 valid loss: 0.5501
Epoch:  44
Avg loss:  0.4445876061916351
Fold 3. Epoch 44: train acc: 0.5724 train loss: 0.4446 valid acc: 0.5479 valid loss: 0.5490
Epoch:  45
Avg loss:  0.43396605253219606
Fold 3. Epoch 45: train acc: 0.5447 train loss: 0.4340 valid acc: 0.5513 valid loss: 0.5488
Epoch:  46
Avg loss:  0.43723084032535553
Fold 3. Epoch 46: train acc: 0.5550 train loss: 0.4372 valid acc: 0.5649 valid loss: 0.5514
Epoch:  47
Avg loss:  0.42348432540893555
Fold 3. Epoch 47: train acc: 0.5631 train loss: 0.4235 valid acc: 0.5718 valid loss: 0.5544
Epoch:  48
Avg loss:  0.44202412366867067
Fold 3. Epoch 48: train acc: 0.5544 train loss: 0.4420 valid acc: 0.5581 valid loss: 0.5491
Epoch:  49
Avg loss:  0.4287387073040009
Fold 3. Epoch 49: train acc: 0.5535 train loss: 0.4287 valid acc: 0.5547 valid loss: 0.5477
Fold 4. Initial acc: 0.5591 loss: 0.6923
Epoch:  0
Avg loss:  0.6683259427547454
Fold 4. Epoch 00: train acc: 0.5935 train loss: 0.6683 valid acc: 0.6235 valid loss: 0.5969
Epoch:  1
Avg loss:  0.6050722628831864
Fold 4. Epoch 01: train acc: 0.5843 train loss: 0.6051 valid acc: 0.6719 valid loss: 0.5730
Epoch:  2
Avg loss:  0.5768514394760131
Fold 4. Epoch 02: train acc: 0.6004 train loss: 0.5769 valid acc: 0.6182 valid loss: 0.5371
Epoch:  3
Avg loss:  0.5931776106357575
Fold 4. Epoch 03: train acc: 0.5977 train loss: 0.5932 valid acc: 0.6182 valid loss: 0.5308
Epoch:  4
Avg loss:  0.5614775598049164
Fold 4. Epoch 04: train acc: 0.6104 train loss: 0.5615 valid acc: 0.6235 valid loss: 0.5214
Epoch:  5
Avg loss:  0.5447451770305634
Fold 4. Epoch 05: train acc: 0.6251 train loss: 0.5447 valid acc: 0.6289 valid loss: 0.5247
Epoch:  6
Avg loss:  0.5612047165632248
Fold 4. Epoch 06: train acc: 0.5983 train loss: 0.5612 valid acc: 0.5913 valid loss: 0.5328
Epoch:  7
Avg loss:  0.532579454779625
Fold 4. Epoch 07: train acc: 0.5814 train loss: 0.5326 valid acc: 0.6343 valid loss: 0.5371
Epoch:  8
Avg loss:  0.5438080102205276
Fold 4. Epoch 08: train acc: 0.6098 train loss: 0.5438 valid acc: 0.5806 valid loss: 0.5413
Epoch:  9
Avg loss:  0.5552946209907532
Fold 4. Epoch 09: train acc: 0.5677 train loss: 0.5553 valid acc: 0.6235 valid loss: 0.5097
Epoch:  10
Avg loss:  0.526941430568695
Fold 4. Epoch 10: train acc: 0.5675 train loss: 0.5269 valid acc: 0.6235 valid loss: 0.5045
Epoch:  11
Avg loss:  0.5247469246387482
Fold 4. Epoch 11: train acc: 0.5852 train loss: 0.5247 valid acc: 0.5913 valid loss: 0.5159
Epoch:  12
Avg loss:  0.5157749384641648
Fold 4. Epoch 12: train acc: 0.5528 train loss: 0.5158 valid acc: 0.6289 valid loss: 0.5048
Epoch:  13
Avg loss:  0.5165398329496383
Fold 4. Epoch 13: train acc: 0.5906 train loss: 0.5165 valid acc: 0.6128 valid loss: 0.5016
Epoch:  14
Avg loss:  0.4825222611427307
Fold 4. Epoch 14: train acc: 0.5757 train loss: 0.4825 valid acc: 0.6235 valid loss: 0.4981
Epoch:  15
Avg loss:  0.5084435999393463
Fold 4. Epoch 15: train acc: 0.5727 train loss: 0.5084 valid acc: 0.6235 valid loss: 0.4997
Epoch:  16
Avg loss:  0.5173595637083054
Fold 4. Epoch 16: train acc: 0.5817 train loss: 0.5174 valid acc: 0.5967 valid loss: 0.5088
Epoch:  17
Avg loss:  0.49253994822502134
Fold 4. Epoch 17: train acc: 0.5386 train loss: 0.4925 valid acc: 0.6235 valid loss: 0.4976
Epoch:  18
Avg loss:  0.499606055021286
Fold 4. Epoch 18: train acc: 0.5728 train loss: 0.4996 valid acc: 0.6074 valid loss: 0.5010
Epoch:  19
Avg loss:  0.5041030943393707
Fold 4. Epoch 19: train acc: 0.5420 train loss: 0.5041 valid acc: 0.6128 valid loss: 0.4981
Epoch:  20
Avg loss:  0.4735770016908646
Fold 4. Epoch 20: train acc: 0.5969 train loss: 0.4736 valid acc: 0.6289 valid loss: 0.4969
Epoch:  21
Avg loss:  0.5177475064992905
Fold 4. Epoch 21: train acc: 0.5751 train loss: 0.5177 valid acc: 0.5967 valid loss: 0.5011
Epoch:  22
Avg loss:  0.5044702500104904
Fold 4. Epoch 22: train acc: 0.5266 train loss: 0.5045 valid acc: 0.6128 valid loss: 0.4959
Epoch:  23
Avg loss:  0.459063233435154
Fold 4. Epoch 23: train acc: 0.5976 train loss: 0.4591 valid acc: 0.6289 valid loss: 0.4972
Epoch:  24
Avg loss:  0.48689475655555725
Fold 4. Epoch 24: train acc: 0.5577 train loss: 0.4869 valid acc: 0.5859 valid loss: 0.5068
Epoch:  25
Avg loss:  0.4850225567817688
Fold 4. Epoch 25: train acc: 0.5285 train loss: 0.4850 valid acc: 0.6128 valid loss: 0.4914
Epoch:  26
Avg loss:  0.4766248017549515
Fold 4. Epoch 26: train acc: 0.5812 train loss: 0.4766 valid acc: 0.6182 valid loss: 0.4905
Epoch:  27
Avg loss:  0.4542240798473358
Fold 4. Epoch 27: train acc: 0.5680 train loss: 0.4542 valid acc: 0.5967 valid loss: 0.4949
Epoch:  28
Avg loss:  0.4850350975990295
Fold 4. Epoch 28: train acc: 0.5577 train loss: 0.4850 valid acc: 0.6235 valid loss: 0.4908
Epoch:  29
Avg loss:  0.457810777425766
Fold 4. Epoch 29: train acc: 0.5750 train loss: 0.4578 valid acc: 0.5967 valid loss: 0.4948
Epoch:  30
Avg loss:  0.4716940611600876
Fold 4. Epoch 30: train acc: 0.5369 train loss: 0.4717 valid acc: 0.6074 valid loss: 0.4907
Epoch:  31
Avg loss:  0.4777123242616653
Fold 4. Epoch 31: train acc: 0.5799 train loss: 0.4777 valid acc: 0.6289 valid loss: 0.4903
Epoch:  32
Avg loss:  0.4673861116170883
Fold 4. Epoch 32: train acc: 0.5929 train loss: 0.4674 valid acc: 0.6128 valid loss: 0.4864
Epoch:  33
Avg loss:  0.45931213796138765
Fold 4. Epoch 33: train acc: 0.5608 train loss: 0.4593 valid acc: 0.6128 valid loss: 0.4857
Epoch:  34
Avg loss:  0.44839213490486146
Fold 4. Epoch 34: train acc: 0.5489 train loss: 0.4484 valid acc: 0.6074 valid loss: 0.4859
Epoch:  35
Avg loss:  0.4410891801118851
Fold 4. Epoch 35: train acc: 0.5547 train loss: 0.4411 valid acc: 0.6128 valid loss: 0.4836
Epoch:  36
Avg loss:  0.4499439299106598
Fold 4. Epoch 36: train acc: 0.5610 train loss: 0.4499 valid acc: 0.6074 valid loss: 0.4837
Epoch:  37
Avg loss:  0.4563165962696075
Fold 4. Epoch 37: train acc: 0.5699 train loss: 0.4563 valid acc: 0.6021 valid loss: 0.4859
Epoch:  38
Avg loss:  0.44229105710983274
Fold 4. Epoch 38: train acc: 0.5478 train loss: 0.4423 valid acc: 0.6021 valid loss: 0.4833
Epoch:  39
Avg loss:  0.47071693539619447
Fold 4. Epoch 39: train acc: 0.5544 train loss: 0.4707 valid acc: 0.6074 valid loss: 0.4800
Epoch:  40
Avg loss:  0.4668418079614639
Fold 4. Epoch 40: train acc: 0.5528 train loss: 0.4668 valid acc: 0.6182 valid loss: 0.4799
Epoch:  41
Avg loss:  0.44167645573616027
Fold 4. Epoch 41: train acc: 0.5604 train loss: 0.4417 valid acc: 0.5967 valid loss: 0.4849
Epoch:  42
Avg loss:  0.44404270946979524
Fold 4. Epoch 42: train acc: 0.5975 train loss: 0.4440 valid acc: 0.6128 valid loss: 0.4798
Epoch:  43
Avg loss:  0.487524738907814
Fold 4. Epoch 43: train acc: 0.5510 train loss: 0.4875 valid acc: 0.6182 valid loss: 0.4797
Epoch:  44
Avg loss:  0.44522651135921476
Fold 4. Epoch 44: train acc: 0.5836 train loss: 0.4452 valid acc: 0.6074 valid loss: 0.4811
Epoch:  45
Avg loss:  0.45857012569904326
Fold 4. Epoch 45: train acc: 0.5752 train loss: 0.4586 valid acc: 0.6074 valid loss: 0.4812
Epoch:  46
Avg loss:  0.4349874436855316
Fold 4. Epoch 46: train acc: 0.6070 train loss: 0.4350 valid acc: 0.6235 valid loss: 0.4834
Epoch:  47
Avg loss:  0.462796813249588
Fold 4. Epoch 47: train acc: 0.5802 train loss: 0.4628 valid acc: 0.6235 valid loss: 0.4814
Epoch:  48
Avg loss:  0.45258588790893556
Fold 4. Epoch 48: train acc: 0.5483 train loss: 0.4526 valid acc: 0.6021 valid loss: 0.4826
Epoch:  49
Avg loss:  0.44847307205200193
Fold 4. Epoch 49: train acc: 0.5867 train loss: 0.4485 valid acc: 0.6021 valid loss: 0.4845
Fold 5. Initial acc: 0.7812 loss: 0.5473
Epoch:  0
Avg loss:  0.6658324003219604
Fold 5. Epoch 00: train acc: 0.5760 train loss: 0.6658 valid acc: 0.5791 valid loss: 0.6334
Epoch:  1
Avg loss:  0.6051284968852997
Fold 5. Epoch 01: train acc: 0.5859 train loss: 0.6051 valid acc: 0.7725 valid loss: 0.4805
Epoch:  2
Avg loss:  0.643655288219452
Fold 5. Epoch 02: train acc: 0.5533 train loss: 0.6437 valid acc: 0.7021 valid loss: 0.5350
Epoch:  3
Avg loss:  0.567957854270935
Fold 5. Epoch 03: train acc: 0.5898 train loss: 0.5680 valid acc: 0.7197 valid loss: 0.5099
Epoch:  4
Avg loss:  0.5534112513065338
Fold 5. Epoch 04: train acc: 0.5766 train loss: 0.5534 valid acc: 0.5176 valid loss: 0.6238
Epoch:  5
Avg loss:  0.5408988237380982
Fold 5. Epoch 05: train acc: 0.5746 train loss: 0.5409 valid acc: 0.7285 valid loss: 0.4601
Epoch:  6
Avg loss:  0.5459244191646576
Fold 5. Epoch 06: train acc: 0.5708 train loss: 0.5459 valid acc: 0.5791 valid loss: 0.5824
Epoch:  7
Avg loss:  0.5484307557344437
Fold 5. Epoch 07: train acc: 0.5357 train loss: 0.5484 valid acc: 0.7285 valid loss: 0.4556
Epoch:  8
Avg loss:  0.5228629797697067
Fold 5. Epoch 08: train acc: 0.5548 train loss: 0.5229 valid acc: 0.7021 valid loss: 0.4823
Epoch:  9
Avg loss:  0.5138045668601989
Fold 5. Epoch 09: train acc: 0.5635 train loss: 0.5138 valid acc: 0.6318 valid loss: 0.5216
Epoch:  10
Avg loss:  0.5095060527324676
Fold 5. Epoch 10: train acc: 0.5681 train loss: 0.5095 valid acc: 0.7197 valid loss: 0.4549
Epoch:  11
Avg loss:  0.48606317937374116
Fold 5. Epoch 11: train acc: 0.5629 train loss: 0.4861 valid acc: 0.7021 valid loss: 0.4734
Epoch:  12
Avg loss:  0.48059859573841096
Fold 5. Epoch 12: train acc: 0.5991 train loss: 0.4806 valid acc: 0.7285 valid loss: 0.4185
Epoch:  13
Avg loss:  0.5061276465654373
Fold 5. Epoch 13: train acc: 0.5629 train loss: 0.5061 valid acc: 0.6230 valid loss: 0.5196
Epoch:  14
Avg loss:  0.49545985758304595
Fold 5. Epoch 14: train acc: 0.5478 train loss: 0.4955 valid acc: 0.7109 valid loss: 0.4456
Epoch:  15
Avg loss:  0.4731820523738861
Fold 5. Epoch 15: train acc: 0.5591 train loss: 0.4732 valid acc: 0.7021 valid loss: 0.4588
Epoch:  16
Avg loss:  0.4676892191171646
Fold 5. Epoch 16: train acc: 0.5828 train loss: 0.4677 valid acc: 0.6494 valid loss: 0.4873
Epoch:  17
Avg loss:  0.4828519433736801
Fold 5. Epoch 17: train acc: 0.5479 train loss: 0.4829 valid acc: 0.7109 valid loss: 0.4270
Epoch:  18
Avg loss:  0.4642718642950058
Fold 5. Epoch 18: train acc: 0.6057 train loss: 0.4643 valid acc: 0.6846 valid loss: 0.4514
Epoch:  19
Avg loss:  0.4642115026712418
Fold 5. Epoch 19: train acc: 0.5705 train loss: 0.4642 valid acc: 0.7021 valid loss: 0.4418
Epoch:  20
Avg loss:  0.4572968095541
Fold 5. Epoch 20: train acc: 0.5600 train loss: 0.4573 valid acc: 0.6406 valid loss: 0.4834
Epoch:  21
Avg loss:  0.46127658188343046
Fold 5. Epoch 21: train acc: 0.5625 train loss: 0.4613 valid acc: 0.7109 valid loss: 0.4323
Epoch:  22
Avg loss:  0.4570870786905289
Fold 5. Epoch 22: train acc: 0.5637 train loss: 0.4571 valid acc: 0.6934 valid loss: 0.4487
Epoch:  23
Avg loss:  0.4521805554628372
Fold 5. Epoch 23: train acc: 0.5429 train loss: 0.4522 valid acc: 0.6846 valid loss: 0.4451
Epoch:  24
Avg loss:  0.46532679796218873
Fold 5. Epoch 24: train acc: 0.5500 train loss: 0.4653 valid acc: 0.6670 valid loss: 0.4597
Epoch:  25
Avg loss:  0.45242429077625274
Fold 5. Epoch 25: train acc: 0.5402 train loss: 0.4524 valid acc: 0.6494 valid loss: 0.4604
Epoch:  26
Avg loss:  0.460393363237381
Fold 5. Epoch 26: train acc: 0.5445 train loss: 0.4604 valid acc: 0.6846 valid loss: 0.4324
Epoch:  27
Avg loss:  0.45096442103385925
Fold 5. Epoch 27: train acc: 0.5778 train loss: 0.4510 valid acc: 0.6846 valid loss: 0.4342
Epoch:  28
Avg loss:  0.43857320547103884
Fold 5. Epoch 28: train acc: 0.5646 train loss: 0.4386 valid acc: 0.6846 valid loss: 0.4491
Epoch:  29
Avg loss:  0.47907825112342833
Fold 5. Epoch 29: train acc: 0.5509 train loss: 0.4791 valid acc: 0.7109 valid loss: 0.4223
Epoch:  30
Avg loss:  0.46912682354450225
Fold 5. Epoch 30: train acc: 0.5583 train loss: 0.4691 valid acc: 0.7109 valid loss: 0.4249
Epoch:  31
Avg loss:  0.4341989606618881
Fold 5. Epoch 31: train acc: 0.5388 train loss: 0.4342 valid acc: 0.6230 valid loss: 0.4991
Epoch:  32
Avg loss:  0.44178580641746523
Fold 5. Epoch 32: train acc: 0.5426 train loss: 0.4418 valid acc: 0.6846 valid loss: 0.4379
Epoch:  33
Avg loss:  0.42988571226596833
Fold 5. Epoch 33: train acc: 0.5478 train loss: 0.4299 valid acc: 0.6494 valid loss: 0.4574
Epoch:  34
Avg loss:  0.4379567801952362
Fold 5. Epoch 34: train acc: 0.5581 train loss: 0.4380 valid acc: 0.6670 valid loss: 0.4536
Epoch:  35
Avg loss:  0.4447311609983444
Fold 5. Epoch 35: train acc: 0.5529 train loss: 0.4447 valid acc: 0.7109 valid loss: 0.4217
Epoch:  36
Avg loss:  0.4497700184583664
Fold 5. Epoch 36: train acc: 0.5440 train loss: 0.4498 valid acc: 0.6758 valid loss: 0.4509
Epoch:  37
Avg loss:  0.4344152003526688
Fold 5. Epoch 37: train acc: 0.5529 train loss: 0.4344 valid acc: 0.6670 valid loss: 0.4555
Epoch:  38
Avg loss:  0.44553283154964446
Fold 5. Epoch 38: train acc: 0.5432 train loss: 0.4455 valid acc: 0.6934 valid loss: 0.4267
Epoch:  39
Avg loss:  0.44564017057418825
Fold 5. Epoch 39: train acc: 0.5514 train loss: 0.4456 valid acc: 0.6846 valid loss: 0.4369
Epoch:  40
Avg loss:  0.43197084665298463
Fold 5. Epoch 40: train acc: 0.5447 train loss: 0.4320 valid acc: 0.6758 valid loss: 0.4427
Epoch:  41
Avg loss:  0.4271347463130951
Fold 5. Epoch 41: train acc: 0.5534 train loss: 0.4271 valid acc: 0.6494 valid loss: 0.4563
Epoch:  42
Avg loss:  0.4231348693370819
Fold 5. Epoch 42: train acc: 0.5706 train loss: 0.4231 valid acc: 0.6934 valid loss: 0.4230
Epoch:  43
Avg loss:  0.4513073474168777
Fold 5. Epoch 43: train acc: 0.5568 train loss: 0.4513 valid acc: 0.6934 valid loss: 0.4265
Epoch:  44
Avg loss:  0.42245782613754274
Fold 5. Epoch 44: train acc: 0.5630 train loss: 0.4225 valid acc: 0.6670 valid loss: 0.4424
Epoch:  45
Avg loss:  0.42449375689029695
Fold 5. Epoch 45: train acc: 0.5399 train loss: 0.4245 valid acc: 0.6670 valid loss: 0.4448
Epoch:  46
Avg loss:  0.432019978761673
Fold 5. Epoch 46: train acc: 0.5463 train loss: 0.4320 valid acc: 0.6670 valid loss: 0.4394
Epoch:  47
Avg loss:  0.4358038008213043
Fold 5. Epoch 47: train acc: 0.5444 train loss: 0.4358 valid acc: 0.6670 valid loss: 0.4432
Epoch:  48
Avg loss:  0.4221745193004608
Fold 5. Epoch 48: train acc: 0.5431 train loss: 0.4222 valid acc: 0.6670 valid loss: 0.4386
Epoch:  49
Avg loss:  0.4284419596195221
Fold 5. Epoch 49: train acc: 0.5750 train loss: 0.4284 valid acc: 0.6934 valid loss: 0.4285
Fold 6. Initial acc: 0.2969 loss: 0.8313
Epoch:  0
Avg loss:  0.6803642690181733
Fold 6. Epoch 00: train acc: 0.5869 train loss: 0.6804 valid acc: 0.6016 valid loss: 0.6272
Epoch:  1
Avg loss:  0.5984662264585495
Fold 6. Epoch 01: train acc: 0.5910 train loss: 0.5985 valid acc: 0.6904 valid loss: 0.5465
Epoch:  2
Avg loss:  0.5985955834388733
Fold 6. Epoch 02: train acc: 0.5712 train loss: 0.5986 valid acc: 0.6333 valid loss: 0.5462
Epoch:  3
Avg loss:  0.578049486875534
Fold 6. Epoch 03: train acc: 0.5895 train loss: 0.5780 valid acc: 0.6523 valid loss: 0.5190
Epoch:  4
Avg loss:  0.5879022657871247
Fold 6. Epoch 04: train acc: 0.5493 train loss: 0.5879 valid acc: 0.6396 valid loss: 0.5148
Epoch:  5
Avg loss:  0.5612331718206406
Fold 6. Epoch 05: train acc: 0.5907 train loss: 0.5612 valid acc: 0.6587 valid loss: 0.5081
Epoch:  6
Avg loss:  0.5731721460819245
Fold 6. Epoch 06: train acc: 0.5727 train loss: 0.5732 valid acc: 0.5825 valid loss: 0.5506
Epoch:  7
Avg loss:  0.5097812011837959
Fold 6. Epoch 07: train acc: 0.5653 train loss: 0.5098 valid acc: 0.6714 valid loss: 0.5068
Epoch:  8
Avg loss:  0.5350309699773789
Fold 6. Epoch 08: train acc: 0.5765 train loss: 0.5350 valid acc: 0.6079 valid loss: 0.5236
Epoch:  9
Avg loss:  0.5304529339075088
Fold 6. Epoch 09: train acc: 0.5818 train loss: 0.5305 valid acc: 0.5571 valid loss: 0.5681
Epoch:  10
Avg loss:  0.5622125059366226
Fold 6. Epoch 10: train acc: 0.5329 train loss: 0.5622 valid acc: 0.6650 valid loss: 0.4882
Epoch:  11
Avg loss:  0.5367095470428467
Fold 6. Epoch 11: train acc: 0.5718 train loss: 0.5367 valid acc: 0.5762 valid loss: 0.5249
Epoch:  12
Avg loss:  0.5343197882175446
Fold 6. Epoch 12: train acc: 0.5703 train loss: 0.5343 valid acc: 0.6270 valid loss: 0.4923
Epoch:  13
Avg loss:  0.4864218682050705
Fold 6. Epoch 13: train acc: 0.5744 train loss: 0.4864 valid acc: 0.6270 valid loss: 0.4914
Epoch:  14
Avg loss:  0.4815506309270859
Fold 6. Epoch 14: train acc: 0.5700 train loss: 0.4816 valid acc: 0.6333 valid loss: 0.4855
Epoch:  15
Avg loss:  0.47783763110637667
Fold 6. Epoch 15: train acc: 0.5734 train loss: 0.4778 valid acc: 0.6079 valid loss: 0.4930
Epoch:  16
Avg loss:  0.48790047466754916
Fold 6. Epoch 16: train acc: 0.5870 train loss: 0.4879 valid acc: 0.6333 valid loss: 0.4739
Epoch:  17
Avg loss:  0.4923987925052643
Fold 6. Epoch 17: train acc: 0.5939 train loss: 0.4924 valid acc: 0.6143 valid loss: 0.4847
Epoch:  18
Avg loss:  0.4846806526184082
Fold 6. Epoch 18: train acc: 0.5742 train loss: 0.4847 valid acc: 0.6206 valid loss: 0.4795
Epoch:  19
Avg loss:  0.4764085441827774
Fold 6. Epoch 19: train acc: 0.5374 train loss: 0.4764 valid acc: 0.6143 valid loss: 0.4783
Epoch:  20
Avg loss:  0.4889077216386795
Fold 6. Epoch 20: train acc: 0.5657 train loss: 0.4889 valid acc: 0.6270 valid loss: 0.4710
Epoch:  21
Avg loss:  0.4594480335712433
Fold 6. Epoch 21: train acc: 0.5820 train loss: 0.4594 valid acc: 0.6016 valid loss: 0.4766
Epoch:  22
Avg loss:  0.46580312550067904
Fold 6. Epoch 22: train acc: 0.5533 train loss: 0.4658 valid acc: 0.6270 valid loss: 0.4698
Epoch:  23
Avg loss:  0.44751370549201963
Fold 6. Epoch 23: train acc: 0.5686 train loss: 0.4475 valid acc: 0.6079 valid loss: 0.4730
Epoch:  24
Avg loss:  0.4521584063768387
Fold 6. Epoch 24: train acc: 0.5760 train loss: 0.4522 valid acc: 0.6333 valid loss: 0.4638
Epoch:  25
Avg loss:  0.45842534899711607
Fold 6. Epoch 25: train acc: 0.5619 train loss: 0.4584 valid acc: 0.6079 valid loss: 0.4671
Epoch:  26
Avg loss:  0.5033037900924683
Fold 6. Epoch 26: train acc: 0.5492 train loss: 0.5033 valid acc: 0.6016 valid loss: 0.4682
Epoch:  27
Avg loss:  0.4771226167678833
Fold 6. Epoch 27: train acc: 0.5460 train loss: 0.4771 valid acc: 0.5952 valid loss: 0.4684
Epoch:  28
Avg loss:  0.4861651986837387
Fold 6. Epoch 28: train acc: 0.5494 train loss: 0.4862 valid acc: 0.6143 valid loss: 0.4599
Epoch:  29
Avg loss:  0.44970030188560484
Fold 6. Epoch 29: train acc: 0.5482 train loss: 0.4497 valid acc: 0.5952 valid loss: 0.4717
Epoch:  30
Avg loss:  0.46332731544971467
Fold 6. Epoch 30: train acc: 0.5575 train loss: 0.4633 valid acc: 0.6143 valid loss: 0.4600
Epoch:  31
Avg loss:  0.48007825911045077
Fold 6. Epoch 31: train acc: 0.5461 train loss: 0.4801 valid acc: 0.5889 valid loss: 0.4702
Epoch:  32
Avg loss:  0.43891671001911164
Fold 6. Epoch 32: train acc: 0.5682 train loss: 0.4389 valid acc: 0.6396 valid loss: 0.4535
Epoch:  33
Avg loss:  0.44766335785388944
Fold 6. Epoch 33: train acc: 0.5673 train loss: 0.4477 valid acc: 0.6079 valid loss: 0.4578
Epoch:  34
Avg loss:  0.4400945454835892
Fold 6. Epoch 34: train acc: 0.5755 train loss: 0.4401 valid acc: 0.5952 valid loss: 0.4592
Epoch:  35
Avg loss:  0.45417824387550354
Fold 6. Epoch 35: train acc: 0.5813 train loss: 0.4542 valid acc: 0.6206 valid loss: 0.4531
Epoch:  36
Avg loss:  0.45446386337280276
Fold 6. Epoch 36: train acc: 0.5682 train loss: 0.4545 valid acc: 0.6333 valid loss: 0.4465
Epoch:  37
Avg loss:  0.4398298501968384
Fold 6. Epoch 37: train acc: 0.5646 train loss: 0.4398 valid acc: 0.5825 valid loss: 0.4678
Epoch:  38
Avg loss:  0.43526673316955566
Fold 6. Epoch 38: train acc: 0.5637 train loss: 0.4353 valid acc: 0.6333 valid loss: 0.4495
Epoch:  39
Avg loss:  0.4680657237768173
Fold 6. Epoch 39: train acc: 0.5511 train loss: 0.4681 valid acc: 0.6079 valid loss: 0.4545
Epoch:  40
Avg loss:  0.4899475336074829
Fold 6. Epoch 40: train acc: 0.5416 train loss: 0.4899 valid acc: 0.5762 valid loss: 0.4771
Epoch:  41
Avg loss:  0.4718613773584366
Fold 6. Epoch 41: train acc: 0.5351 train loss: 0.4719 valid acc: 0.5952 valid loss: 0.4582
Epoch:  42
Avg loss:  0.45270946323871614
Fold 6. Epoch 42: train acc: 0.5446 train loss: 0.4527 valid acc: 0.5889 valid loss: 0.4604
Epoch:  43
Avg loss:  0.43826467990875245
Fold 6. Epoch 43: train acc: 0.5536 train loss: 0.4383 valid acc: 0.6143 valid loss: 0.4526
Epoch:  44
Avg loss:  0.4261699587106705
Fold 6. Epoch 44: train acc: 0.5579 train loss: 0.4262 valid acc: 0.5952 valid loss: 0.4573
Epoch:  45
Avg loss:  0.46600198149681094
Fold 6. Epoch 45: train acc: 0.5439 train loss: 0.4660 valid acc: 0.5889 valid loss: 0.4614
Epoch:  46
Avg loss:  0.43986800909042356
Fold 6. Epoch 46: train acc: 0.5857 train loss: 0.4399 valid acc: 0.5762 valid loss: 0.4706
Epoch:  47
Avg loss:  0.4367827773094177
Fold 6. Epoch 47: train acc: 0.5478 train loss: 0.4368 valid acc: 0.6206 valid loss: 0.4495
Epoch:  48
Avg loss:  0.46549852192401886
Fold 6. Epoch 48: train acc: 0.5612 train loss: 0.4655 valid acc: 0.6079 valid loss: 0.4526
Epoch:  49
Avg loss:  0.4650899440050125
Fold 6. Epoch 49: train acc: 0.5395 train loss: 0.4651 valid acc: 0.5889 valid loss: 0.4582
Fold 7. Initial acc: 0.6982 loss: 0.6612
Epoch:  0
Avg loss:  0.6838905692100525
Fold 7. Epoch 00: train acc: 0.5748 train loss: 0.6839 valid acc: 0.7188 valid loss: 0.5864
Epoch:  1
Avg loss:  0.6318879306316376
Fold 7. Epoch 01: train acc: 0.5794 train loss: 0.6319 valid acc: 0.6914 valid loss: 0.5674
Epoch:  2
Avg loss:  0.5923324227333069
Fold 7. Epoch 02: train acc: 0.5828 train loss: 0.5923 valid acc: 0.6846 valid loss: 0.5605
Epoch:  3
Avg loss:  0.5885550618171692
Fold 7. Epoch 03: train acc: 0.5743 train loss: 0.5886 valid acc: 0.6436 valid loss: 0.5762
Epoch:  4
Avg loss:  0.5661982089281082
Fold 7. Epoch 04: train acc: 0.5714 train loss: 0.5662 valid acc: 0.6914 valid loss: 0.5291
Epoch:  5
Avg loss:  0.587519782781601
Fold 7. Epoch 05: train acc: 0.5824 train loss: 0.5875 valid acc: 0.6299 valid loss: 0.5569
Epoch:  6
Avg loss:  0.5722010046243667
Fold 7. Epoch 06: train acc: 0.5677 train loss: 0.5722 valid acc: 0.6914 valid loss: 0.5195
Epoch:  7
Avg loss:  0.5304736822843552
Fold 7. Epoch 07: train acc: 0.5833 train loss: 0.5305 valid acc: 0.6914 valid loss: 0.5195
Epoch:  8
Avg loss:  0.5664752662181854
Fold 7. Epoch 08: train acc: 0.5716 train loss: 0.5665 valid acc: 0.5957 valid loss: 0.5590
Epoch:  9
Avg loss:  0.5196987688541412
Fold 7. Epoch 09: train acc: 0.5643 train loss: 0.5197 valid acc: 0.6914 valid loss: 0.5089
Epoch:  10
Avg loss:  0.5299827754497528
Fold 7. Epoch 10: train acc: 0.5868 train loss: 0.5300 valid acc: 0.6299 valid loss: 0.5270
Epoch:  11
Avg loss:  0.5085032969713211
Fold 7. Epoch 11: train acc: 0.5739 train loss: 0.5085 valid acc: 0.6572 valid loss: 0.5152
Epoch:  12
Avg loss:  0.5144004851579667
Fold 7. Epoch 12: train acc: 0.5575 train loss: 0.5144 valid acc: 0.6299 valid loss: 0.5191
Epoch:  13
Avg loss:  0.4837167412042618
Fold 7. Epoch 13: train acc: 0.5618 train loss: 0.4837 valid acc: 0.6914 valid loss: 0.5026
Epoch:  14
Avg loss:  0.5288458168506622
Fold 7. Epoch 14: train acc: 0.5832 train loss: 0.5288 valid acc: 0.6230 valid loss: 0.5243
Epoch:  15
Avg loss:  0.5179400265216827
Fold 7. Epoch 15: train acc: 0.5415 train loss: 0.5179 valid acc: 0.6777 valid loss: 0.5016
Epoch:  16
Avg loss:  0.49794070422649384
Fold 7. Epoch 16: train acc: 0.5720 train loss: 0.4979 valid acc: 0.6094 valid loss: 0.5258
Epoch:  17
Avg loss:  0.49795020520687105
Fold 7. Epoch 17: train acc: 0.5680 train loss: 0.4980 valid acc: 0.6777 valid loss: 0.5002
Epoch:  18
Avg loss:  0.4722778230905533
Fold 7. Epoch 18: train acc: 0.5802 train loss: 0.4723 valid acc: 0.6709 valid loss: 0.5032
Epoch:  19
Avg loss:  0.4834971845149994
Fold 7. Epoch 19: train acc: 0.5738 train loss: 0.4835 valid acc: 0.6299 valid loss: 0.5101
Epoch:  20
Avg loss:  0.49889448285102844
Fold 7. Epoch 20: train acc: 0.5508 train loss: 0.4989 valid acc: 0.6162 valid loss: 0.5146
Epoch:  21
Avg loss:  0.49603378772735596
Fold 7. Epoch 21: train acc: 0.5455 train loss: 0.4960 valid acc: 0.6709 valid loss: 0.5011
Epoch:  22
Avg loss:  0.46448301076889037
Fold 7. Epoch 22: train acc: 0.5754 train loss: 0.4645 valid acc: 0.6709 valid loss: 0.5016
Epoch:  23
Avg loss:  0.4751424819231033
Fold 7. Epoch 23: train acc: 0.5433 train loss: 0.4751 valid acc: 0.6230 valid loss: 0.5114
Epoch:  24
Avg loss:  0.44703139662742614
Fold 7. Epoch 24: train acc: 0.5962 train loss: 0.4470 valid acc: 0.6846 valid loss: 0.4986
Epoch:  25
Avg loss:  0.46208992004394533
Fold 7. Epoch 25: train acc: 0.5860 train loss: 0.4621 valid acc: 0.6572 valid loss: 0.4987
Epoch:  26
Avg loss:  0.45011453330516815
Fold 7. Epoch 26: train acc: 0.5896 train loss: 0.4501 valid acc: 0.6367 valid loss: 0.5007
Epoch:  27
Avg loss:  0.45534085035324096
Fold 7. Epoch 27: train acc: 0.5724 train loss: 0.4553 valid acc: 0.6367 valid loss: 0.4977
Epoch:  28
Avg loss:  0.4828002035617828
Fold 7. Epoch 28: train acc: 0.5607 train loss: 0.4828 valid acc: 0.6230 valid loss: 0.5008
Epoch:  29
Avg loss:  0.4755911588668823
Fold 7. Epoch 29: train acc: 0.5815 train loss: 0.4756 valid acc: 0.6846 valid loss: 0.4895
Epoch:  30
Avg loss:  0.48408114314079287
Fold 7. Epoch 30: train acc: 0.5649 train loss: 0.4841 valid acc: 0.6162 valid loss: 0.4989
Epoch:  31
Avg loss:  0.459167343378067
Fold 7. Epoch 31: train acc: 0.5437 train loss: 0.4592 valid acc: 0.6162 valid loss: 0.5114
Epoch:  32
Avg loss:  0.4547558307647705
Fold 7. Epoch 32: train acc: 0.5771 train loss: 0.4548 valid acc: 0.6846 valid loss: 0.4895
Epoch:  33
Avg loss:  0.45400990843772887
Fold 7. Epoch 33: train acc: 0.5669 train loss: 0.4540 valid acc: 0.6572 valid loss: 0.4897
Epoch:  34
Avg loss:  0.46271599531173707
Fold 7. Epoch 34: train acc: 0.5573 train loss: 0.4627 valid acc: 0.6162 valid loss: 0.5122
Epoch:  35
Avg loss:  0.45426359176635744
Fold 7. Epoch 35: train acc: 0.5378 train loss: 0.4543 valid acc: 0.6162 valid loss: 0.4997
Epoch:  36
Avg loss:  0.44881163239479066
Fold 7. Epoch 36: train acc: 0.5842 train loss: 0.4488 valid acc: 0.6572 valid loss: 0.4875
Epoch:  37
Avg loss:  0.43946469724178316
Fold 7. Epoch 37: train acc: 0.5828 train loss: 0.4395 valid acc: 0.6572 valid loss: 0.4874
Epoch:  38
Avg loss:  0.424020953476429
Fold 7. Epoch 38: train acc: 0.5745 train loss: 0.4240 valid acc: 0.6299 valid loss: 0.4917
Epoch:  39
Avg loss:  0.4462894231081009
Fold 7. Epoch 39: train acc: 0.5579 train loss: 0.4463 valid acc: 0.6299 valid loss: 0.4913
Epoch:  40
Avg loss:  0.4543361395597458
Fold 7. Epoch 40: train acc: 0.5625 train loss: 0.4543 valid acc: 0.6299 valid loss: 0.4889
Epoch:  41
Avg loss:  0.4521123468875885
Fold 7. Epoch 41: train acc: 0.5627 train loss: 0.4521 valid acc: 0.6299 valid loss: 0.4913
Epoch:  42
Avg loss:  0.4479441523551941
Fold 7. Epoch 42: train acc: 0.5794 train loss: 0.4479 valid acc: 0.6162 valid loss: 0.4924
Epoch:  43
Avg loss:  0.45149052143096924
Fold 7. Epoch 43: train acc: 0.5607 train loss: 0.4515 valid acc: 0.6436 valid loss: 0.4864
Epoch:  44
Avg loss:  0.45068604946136476
Fold 7. Epoch 44: train acc: 0.5537 train loss: 0.4507 valid acc: 0.6299 valid loss: 0.4901
Epoch:  45
Avg loss:  0.4604048073291779
Fold 7. Epoch 45: train acc: 0.5525 train loss: 0.4604 valid acc: 0.6230 valid loss: 0.4905
Epoch:  46
Avg loss:  0.4331595450639725
Fold 7. Epoch 46: train acc: 0.5663 train loss: 0.4332 valid acc: 0.6299 valid loss: 0.4889
Epoch:  47
Avg loss:  0.464386573433876
Fold 7. Epoch 47: train acc: 0.5393 train loss: 0.4644 valid acc: 0.6299 valid loss: 0.4888
Epoch:  48
Avg loss:  0.41821776032447816
Fold 7. Epoch 48: train acc: 0.5466 train loss: 0.4182 valid acc: 0.6162 valid loss: 0.4994
Epoch:  49
Avg loss:  0.45169719457626345
Fold 7. Epoch 49: train acc: 0.5717 train loss: 0.4517 valid acc: 0.6230 valid loss: 0.4900
Fold 8. Initial acc: 0.4785 loss: 0.6990
Epoch:  0
Avg loss:  0.6785566627979278
Fold 8. Epoch 00: train acc: 0.5546 train loss: 0.6786 valid acc: 0.8438 valid loss: 0.4400
Epoch:  1
Avg loss:  0.6697395980358124
Fold 8. Epoch 01: train acc: 0.5733 train loss: 0.6697 valid acc: 0.6396 valid loss: 0.6375
Epoch:  2
Avg loss:  0.6081705927848816
Fold 8. Epoch 02: train acc: 0.5741 train loss: 0.6082 valid acc: 0.7471 valid loss: 0.5513
Epoch:  3
Avg loss:  0.5845452427864075
Fold 8. Epoch 03: train acc: 0.5482 train loss: 0.5845 valid acc: 0.7793 valid loss: 0.4819
Epoch:  4
Avg loss:  0.576592081785202
Fold 8. Epoch 04: train acc: 0.5525 train loss: 0.5766 valid acc: 0.7578 valid loss: 0.5067
Epoch:  5
Avg loss:  0.5644911527633667
Fold 8. Epoch 05: train acc: 0.5744 train loss: 0.5645 valid acc: 0.7686 valid loss: 0.4885
Epoch:  6
Avg loss:  0.5379301398992539
Fold 8. Epoch 06: train acc: 0.5726 train loss: 0.5379 valid acc: 0.5859 valid loss: 0.6200
Epoch:  7
Avg loss:  0.5901537656784057
Fold 8. Epoch 07: train acc: 0.5208 train loss: 0.5902 valid acc: 0.7363 valid loss: 0.5032
Epoch:  8
Avg loss:  0.5565315812826157
Fold 8. Epoch 08: train acc: 0.5168 train loss: 0.5565 valid acc: 0.7900 valid loss: 0.4213
Epoch:  9
Avg loss:  0.5396385282278061
Fold 8. Epoch 09: train acc: 0.5629 train loss: 0.5396 valid acc: 0.6611 valid loss: 0.5349
Epoch:  10
Avg loss:  0.5261611342430115
Fold 8. Epoch 10: train acc: 0.5384 train loss: 0.5262 valid acc: 0.7578 valid loss: 0.4781
Epoch:  11
Avg loss:  0.5048016726970672
Fold 8. Epoch 11: train acc: 0.5647 train loss: 0.5048 valid acc: 0.6719 valid loss: 0.5265
Epoch:  12
Avg loss:  0.5154275268316268
Fold 8. Epoch 12: train acc: 0.5530 train loss: 0.5154 valid acc: 0.7686 valid loss: 0.4381
Epoch:  13
Avg loss:  0.5059641808271408
Fold 8. Epoch 13: train acc: 0.5593 train loss: 0.5060 valid acc: 0.7363 valid loss: 0.4761
Epoch:  14
Avg loss:  0.506148025393486
Fold 8. Epoch 14: train acc: 0.5593 train loss: 0.5061 valid acc: 0.6934 valid loss: 0.4987
Epoch:  15
Avg loss:  0.5208299636840821
Fold 8. Epoch 15: train acc: 0.5387 train loss: 0.5208 valid acc: 0.7686 valid loss: 0.4462
Epoch:  16
Avg loss:  0.5110116392374039
Fold 8. Epoch 16: train acc: 0.5559 train loss: 0.5110 valid acc: 0.6934 valid loss: 0.4834
Epoch:  17
Avg loss:  0.5103947192430496
Fold 8. Epoch 17: train acc: 0.5494 train loss: 0.5104 valid acc: 0.7686 valid loss: 0.4518
Epoch:  18
Avg loss:  0.5015825808048249
Fold 8. Epoch 18: train acc: 0.5625 train loss: 0.5016 valid acc: 0.6826 valid loss: 0.4955
Epoch:  19
Avg loss:  0.5078349083662033
Fold 8. Epoch 19: train acc: 0.5310 train loss: 0.5078 valid acc: 0.7578 valid loss: 0.4428
Epoch:  20
Avg loss:  0.5069887518882752
Fold 8. Epoch 20: train acc: 0.5820 train loss: 0.5070 valid acc: 0.7148 valid loss: 0.4636
Epoch:  21
Avg loss:  0.4826798319816589
Fold 8. Epoch 21: train acc: 0.5469 train loss: 0.4827 valid acc: 0.7041 valid loss: 0.4758
Epoch:  22
Avg loss:  0.487223744392395
Fold 8. Epoch 22: train acc: 0.5546 train loss: 0.4872 valid acc: 0.7148 valid loss: 0.4640
Epoch:  23
Avg loss:  0.4910401254892349
Fold 8. Epoch 23: train acc: 0.5621 train loss: 0.4910 valid acc: 0.7148 valid loss: 0.4553
Epoch:  24
Avg loss:  0.49878216087818145
Fold 8. Epoch 24: train acc: 0.5715 train loss: 0.4988 valid acc: 0.7793 valid loss: 0.4281
Epoch:  25
Avg loss:  0.4794122576713562
Fold 8. Epoch 25: train acc: 0.5536 train loss: 0.4794 valid acc: 0.6719 valid loss: 0.5070
Epoch:  26
Avg loss:  0.47887365221977235
Fold 8. Epoch 26: train acc: 0.5378 train loss: 0.4789 valid acc: 0.7148 valid loss: 0.4523
Epoch:  27
Avg loss:  0.49341762661933897
Fold 8. Epoch 27: train acc: 0.5407 train loss: 0.4934 valid acc: 0.6826 valid loss: 0.4781
Epoch:  28
Avg loss:  0.4710324138402939
Fold 8. Epoch 28: train acc: 0.5379 train loss: 0.4710 valid acc: 0.7148 valid loss: 0.4627
Epoch:  29
Avg loss:  0.49914739429950716
Fold 8. Epoch 29: train acc: 0.5421 train loss: 0.4991 valid acc: 0.7256 valid loss: 0.4418
Epoch:  30
Avg loss:  0.46865769028663634
Fold 8. Epoch 30: train acc: 0.5733 train loss: 0.4687 valid acc: 0.7793 valid loss: 0.4208
Epoch:  31
Avg loss:  0.4645810306072235
Fold 8. Epoch 31: train acc: 0.5489 train loss: 0.4646 valid acc: 0.6934 valid loss: 0.4762
Epoch:  32
Avg loss:  0.4805141508579254
Fold 8. Epoch 32: train acc: 0.5620 train loss: 0.4805 valid acc: 0.6934 valid loss: 0.4587
Epoch:  33
Avg loss:  0.47034519016742704
Fold 8. Epoch 33: train acc: 0.5610 train loss: 0.4703 valid acc: 0.7900 valid loss: 0.4136
Epoch:  34
Avg loss:  0.504249370098114
Fold 8. Epoch 34: train acc: 0.5700 train loss: 0.5042 valid acc: 0.7256 valid loss: 0.4448
Epoch:  35
Avg loss:  0.46314690113067625
Fold 8. Epoch 35: train acc: 0.5484 train loss: 0.4631 valid acc: 0.6934 valid loss: 0.4755
Epoch:  36
Avg loss:  0.44713791012763976
Fold 8. Epoch 36: train acc: 0.5523 train loss: 0.4471 valid acc: 0.7148 valid loss: 0.4560
Epoch:  37
Avg loss:  0.4763355165719986
Fold 8. Epoch 37: train acc: 0.5391 train loss: 0.4763 valid acc: 0.7471 valid loss: 0.4366
Epoch:  38
Avg loss:  0.46301897168159484
Fold 8. Epoch 38: train acc: 0.5433 train loss: 0.4630 valid acc: 0.6826 valid loss: 0.4863
Epoch:  39
Avg loss:  0.4483806788921356
Fold 8. Epoch 39: train acc: 0.5299 train loss: 0.4484 valid acc: 0.6934 valid loss: 0.4699
Epoch:  40
Avg loss:  0.4623654931783676
Fold 8. Epoch 40: train acc: 0.5443 train loss: 0.4624 valid acc: 0.7471 valid loss: 0.4345
Epoch:  41
Avg loss:  0.4613766372203827
Fold 8. Epoch 41: train acc: 0.5551 train loss: 0.4614 valid acc: 0.7041 valid loss: 0.4544
Epoch:  42
Avg loss:  0.46496442556381223
Fold 8. Epoch 42: train acc: 0.5371 train loss: 0.4650 valid acc: 0.6826 valid loss: 0.4800
Epoch:  43
Avg loss:  0.4784810960292816
Fold 8. Epoch 43: train acc: 0.5310 train loss: 0.4785 valid acc: 0.7148 valid loss: 0.4486
Epoch:  44
Avg loss:  0.4821775555610657
Fold 8. Epoch 44: train acc: 0.5484 train loss: 0.4822 valid acc: 0.7041 valid loss: 0.4587
Epoch:  45
Avg loss:  0.4602487862110138
Fold 8. Epoch 45: train acc: 0.5570 train loss: 0.4602 valid acc: 0.7148 valid loss: 0.4498
Epoch:  46
Avg loss:  0.49338539838790896
Fold 8. Epoch 46: train acc: 0.5508 train loss: 0.4934 valid acc: 0.7256 valid loss: 0.4428
Epoch:  47
Avg loss:  0.4678360313177109
Fold 8. Epoch 47: train acc: 0.5396 train loss: 0.4678 valid acc: 0.7041 valid loss: 0.4584
Epoch:  48
Avg loss:  0.43664742112159727
Fold 8. Epoch 48: train acc: 0.5524 train loss: 0.4366 valid acc: 0.6934 valid loss: 0.4657
Epoch:  49
Avg loss:  0.4571377098560333
Fold 8. Epoch 49: train acc: 0.5510 train loss: 0.4571 valid acc: 0.7256 valid loss: 0.4453
Fold 9. Initial acc: 0.6133 loss: 0.6813
Epoch:  0
Avg loss:  0.6520647287368775
Fold 9. Epoch 00: train acc: 0.6171 train loss: 0.6521 valid acc: 0.6211 valid loss: 0.6516
Epoch:  1
Avg loss:  0.6078430771827698
Fold 9. Epoch 01: train acc: 0.6081 train loss: 0.6078 valid acc: 0.6055 valid loss: 0.6447
Epoch:  2
Avg loss:  0.5844477593898774
Fold 9. Epoch 02: train acc: 0.5778 train loss: 0.5844 valid acc: 0.6055 valid loss: 0.6462
Epoch:  3
Avg loss:  0.5780433297157288
Fold 9. Epoch 03: train acc: 0.5901 train loss: 0.5780 valid acc: 0.6016 valid loss: 0.6371
Epoch:  4
Avg loss:  0.5636705785989762
Fold 9. Epoch 04: train acc: 0.6120 train loss: 0.5637 valid acc: 0.6055 valid loss: 0.6347
Epoch:  5
Avg loss:  0.547071349620819
Fold 9. Epoch 05: train acc: 0.6067 train loss: 0.5471 valid acc: 0.5820 valid loss: 0.6325
Epoch:  6
Avg loss:  0.5320351660251618
Fold 9. Epoch 06: train acc: 0.5755 train loss: 0.5320 valid acc: 0.6055 valid loss: 0.6386
Epoch:  7
Avg loss:  0.5403934597969056
Fold 9. Epoch 07: train acc: 0.6092 train loss: 0.5404 valid acc: 0.5859 valid loss: 0.6246
Epoch:  8
Avg loss:  0.5231068551540374
Fold 9. Epoch 08: train acc: 0.6146 train loss: 0.5231 valid acc: 0.6016 valid loss: 0.6225
Epoch:  9
Avg loss:  0.4933099836111069
Fold 9. Epoch 09: train acc: 0.6008 train loss: 0.4933 valid acc: 0.5898 valid loss: 0.6182
Epoch:  10
Avg loss:  0.5083882838487626
Fold 9. Epoch 10: train acc: 0.5768 train loss: 0.5084 valid acc: 0.6055 valid loss: 0.6224
Epoch:  11
Avg loss:  0.5011055171489716
Fold 9. Epoch 11: train acc: 0.5790 train loss: 0.5011 valid acc: 0.5625 valid loss: 0.6172
Epoch:  12
Avg loss:  0.5074389547109603
Fold 9. Epoch 12: train acc: 0.5673 train loss: 0.5074 valid acc: 0.5977 valid loss: 0.6170
Epoch:  13
Avg loss:  0.48950054347515104
Fold 9. Epoch 13: train acc: 0.5663 train loss: 0.4895 valid acc: 0.5820 valid loss: 0.6134
Epoch:  14
Avg loss:  0.505630886554718
Fold 9. Epoch 14: train acc: 0.5648 train loss: 0.5056 valid acc: 0.5820 valid loss: 0.6120
Epoch:  15
Avg loss:  0.49985814094543457
Fold 9. Epoch 15: train acc: 0.5425 train loss: 0.4999 valid acc: 0.5938 valid loss: 0.6116
Epoch:  16
Avg loss:  0.4711270362138748
Fold 9. Epoch 16: train acc: 0.5688 train loss: 0.4711 valid acc: 0.5781 valid loss: 0.6084
Epoch:  17
Avg loss:  0.5031623333692551
Fold 9. Epoch 17: train acc: 0.5495 train loss: 0.5032 valid acc: 0.5898 valid loss: 0.6086
Epoch:  18
Avg loss:  0.47503518164157865
Fold 9. Epoch 18: train acc: 0.5717 train loss: 0.4750 valid acc: 0.5977 valid loss: 0.6081
Epoch:  19
Avg loss:  0.48391805291175843
Fold 9. Epoch 19: train acc: 0.5873 train loss: 0.4839 valid acc: 0.5938 valid loss: 0.6058
Epoch:  20
Avg loss:  0.4668485164642334
Fold 9. Epoch 20: train acc: 0.5641 train loss: 0.4668 valid acc: 0.5898 valid loss: 0.6065
Epoch:  21
Avg loss:  0.47462074756622313
Fold 9. Epoch 21: train acc: 0.5796 train loss: 0.4746 valid acc: 0.5977 valid loss: 0.6080
Epoch:  22
Avg loss:  0.4504148542881012
Fold 9. Epoch 22: train acc: 0.5515 train loss: 0.4504 valid acc: 0.5625 valid loss: 0.6080
Epoch:  23
Avg loss:  0.45010420083999636
Fold 9. Epoch 23: train acc: 0.5631 train loss: 0.4501 valid acc: 0.6016 valid loss: 0.6136
Epoch:  24
Avg loss:  0.4608565539121628
Fold 9. Epoch 24: train acc: 0.5652 train loss: 0.4609 valid acc: 0.5625 valid loss: 0.6056
Epoch:  25
Avg loss:  0.46826155483722687
Fold 9. Epoch 25: train acc: 0.5741 train loss: 0.4683 valid acc: 0.5820 valid loss: 0.6042
Epoch:  26
Avg loss:  0.4556328564882278
Fold 9. Epoch 26: train acc: 0.5748 train loss: 0.4556 valid acc: 0.5977 valid loss: 0.6043
Epoch:  27
Avg loss:  0.4679152756929398
Fold 9. Epoch 27: train acc: 0.5608 train loss: 0.4679 valid acc: 0.5625 valid loss: 0.6027
Epoch:  28
Avg loss:  0.4725537061691284
Fold 9. Epoch 28: train acc: 0.5535 train loss: 0.4726 valid acc: 0.5859 valid loss: 0.6024
Epoch:  29
Avg loss:  0.4552711993455887
Fold 9. Epoch 29: train acc: 0.5617 train loss: 0.4553 valid acc: 0.5625 valid loss: 0.5998
Epoch:  30
Avg loss:  0.4625172585248947
Fold 9. Epoch 30: train acc: 0.5569 train loss: 0.4625 valid acc: 0.5781 valid loss: 0.5994
Epoch:  31
Avg loss:  0.45199163556098937
Fold 9. Epoch 31: train acc: 0.5896 train loss: 0.4520 valid acc: 0.5938 valid loss: 0.6010
Epoch:  32
Avg loss:  0.4439049392938614
Fold 9. Epoch 32: train acc: 0.5576 train loss: 0.4439 valid acc: 0.5625 valid loss: 0.5971
Epoch:  33
Avg loss:  0.43984260261058805
Fold 9. Epoch 33: train acc: 0.5553 train loss: 0.4398 valid acc: 0.5781 valid loss: 0.5972
Epoch:  34
Avg loss:  0.4512729525566101
Fold 9. Epoch 34: train acc: 0.5539 train loss: 0.4513 valid acc: 0.5625 valid loss: 0.5969
Epoch:  35
Avg loss:  0.4414630472660065
Fold 9. Epoch 35: train acc: 0.5522 train loss: 0.4415 valid acc: 0.5625 valid loss: 0.5960
Epoch:  36
Avg loss:  0.44333210289478303
Fold 9. Epoch 36: train acc: 0.5598 train loss: 0.4433 valid acc: 0.5938 valid loss: 0.5994
Epoch:  37
Avg loss:  0.44078625440597535
Fold 9. Epoch 37: train acc: 0.5677 train loss: 0.4408 valid acc: 0.5625 valid loss: 0.5955
Epoch:  38
Avg loss:  0.4676568329334259
Fold 9. Epoch 38: train acc: 0.5721 train loss: 0.4677 valid acc: 0.5625 valid loss: 0.5958
Epoch:  39
Avg loss:  0.4380594968795776
Fold 9. Epoch 39: train acc: 0.5776 train loss: 0.4381 valid acc: 0.5625 valid loss: 0.5945
Epoch:  40
Avg loss:  0.42974950969219206
Fold 9. Epoch 40: train acc: 0.5687 train loss: 0.4297 valid acc: 0.5977 valid loss: 0.6028
Epoch:  41
Avg loss:  0.441805762052536
Fold 9. Epoch 41: train acc: 0.5612 train loss: 0.4418 valid acc: 0.5625 valid loss: 0.5940
Epoch:  42
Avg loss:  0.43449498116970064
Fold 9. Epoch 42: train acc: 0.5588 train loss: 0.4345 valid acc: 0.5625 valid loss: 0.5934
Epoch:  43
Avg loss:  0.4593741536140442
Fold 9. Epoch 43: train acc: 0.5712 train loss: 0.4594 valid acc: 0.5742 valid loss: 0.5937
Epoch:  44
Avg loss:  0.442660254240036
Fold 9. Epoch 44: train acc: 0.5647 train loss: 0.4427 valid acc: 0.5820 valid loss: 0.5935
Epoch:  45
Avg loss:  0.4467238783836365
Fold 9. Epoch 45: train acc: 0.5635 train loss: 0.4467 valid acc: 0.5820 valid loss: 0.5929
Epoch:  46
Avg loss:  0.4700200080871582
Fold 9. Epoch 46: train acc: 0.5624 train loss: 0.4700 valid acc: 0.5625 valid loss: 0.5911
Epoch:  47
Avg loss:  0.44074935615062716
Fold 9. Epoch 47: train acc: 0.5749 train loss: 0.4407 valid acc: 0.5625 valid loss: 0.5901
Epoch:  48
Avg loss:  0.42639564275741576
Fold 9. Epoch 48: train acc: 0.5640 train loss: 0.4264 valid acc: 0.5859 valid loss: 0.5918
Epoch:  49
Avg loss:  0.4456567257642746
Fold 9. Epoch 49: train acc: 0.5725 train loss: 0.4457 valid acc: 0.5781 valid loss: 0.5903
average accuracy: 0.658984375
DONE
