Starting script
Persuasiveness
Epoch 00: train acc: 0.2376 train loss: 1.7296 valid acc: 0.2373 valid loss: 1.6709
Epoch 01: train acc: 0.2401 train loss: 1.6653 valid acc: 0.2421 valid loss: 1.6664
Epoch 02: train acc: 0.2742 train loss: 1.6384 valid acc: 0.2820 valid loss: 1.6479
Epoch 03: train acc: 0.2858 train loss: 1.6247 valid acc: 0.2355 valid loss: 1.6542
Epoch 04: train acc: 0.3214 train loss: 1.6039 valid acc: 0.2824 valid loss: 1.6379
Epoch 05: train acc: 0.3015 train loss: 1.6018 valid acc: 0.2394 valid loss: 1.6474
Epoch 06: train acc: 0.3238 train loss: 1.5693 valid acc: 0.2781 valid loss: 1.6655
Epoch 07: train acc: 0.3129 train loss: 1.5895 valid acc: 0.2902 valid loss: 1.6359
Epoch 08: train acc: 0.3336 train loss: 1.5791 valid acc: 0.2421 valid loss: 1.6423
Epoch 09: train acc: 0.3189 train loss: 1.5615 valid acc: 0.2890 valid loss: 1.6405
Epoch 10: train acc: 0.3120 train loss: 1.5602 valid acc: 0.2899 valid loss: 1.6342
Epoch 11: train acc: 0.3296 train loss: 1.5583 valid acc: 0.2667 valid loss: 1.6363
Epoch 12: train acc: 0.3557 train loss: 1.5536 valid acc: 0.2373 valid loss: 1.6492
Epoch 13: train acc: 0.3424 train loss: 1.5635 valid acc: 0.2803 valid loss: 1.6420
Epoch 14: train acc: 0.3383 train loss: 1.5415 valid acc: 0.2661 valid loss: 1.6405
Epoch 15: train acc: 0.3731 train loss: 1.5193 valid acc: 0.2797 valid loss: 1.6130
Epoch 16: train acc: 0.4018 train loss: 1.5018 valid acc: 0.2953 valid loss: 1.6175
Epoch 17: train acc: 0.4083 train loss: 1.5013 valid acc: 0.3082 valid loss: 1.6035
Epoch 18: train acc: 0.4231 train loss: 1.4978 valid acc: 0.2778 valid loss: 1.6135
Epoch 19: train acc: 0.4070 train loss: 1.4900 valid acc: 0.2788 valid loss: 1.6225
Epoch 20: train acc: 0.3971 train loss: 1.4864 valid acc: 0.2776 valid loss: 1.6175
Epoch 21: train acc: 0.4304 train loss: 1.4706 valid acc: 0.2902 valid loss: 1.6142
Epoch 22: train acc: 0.4363 train loss: 1.4606 valid acc: 0.3058 valid loss: 1.6160
Epoch 23: train acc: 0.4291 train loss: 1.4701 valid acc: 0.2887 valid loss: 1.6249
Epoch 24: train acc: 0.4015 train loss: 1.4684 valid acc: 0.2983 valid loss: 1.6337
Epoch 25: train acc: 0.3984 train loss: 1.4790 valid acc: 0.2421 valid loss: 1.6317
Epoch 26: train acc: 0.3880 train loss: 1.4622 valid acc: 0.2899 valid loss: 1.6309
Epoch 27: train acc: 0.4431 train loss: 1.4558 valid acc: 0.2914 valid loss: 1.6101
Epoch 28: train acc: 0.4384 train loss: 1.4465 valid acc: 0.2926 valid loss: 1.6057
Epoch 29: train acc: 0.4379 train loss: 1.4346 valid acc: 0.2980 valid loss: 1.6144
Epoch 30: train acc: 0.4249 train loss: 1.4429 valid acc: 0.2718 valid loss: 1.6342
Epoch 31: train acc: 0.4067 train loss: 1.4401 valid acc: 0.2722 valid loss: 1.6151
Epoch 32: train acc: 0.4166 train loss: 1.4345 valid acc: 0.2487 valid loss: 1.6124
Epoch 33: train acc: 0.4679 train loss: 1.4187 valid acc: 0.2761 valid loss: 1.6086
Epoch 34: train acc: 0.4356 train loss: 1.4215 valid acc: 0.2832 valid loss: 1.5982
Epoch 35: train acc: 0.4417 train loss: 1.4235 valid acc: 0.2553 valid loss: 1.6109
Epoch 36: train acc: 0.4571 train loss: 1.4068 valid acc: 0.2989 valid loss: 1.6026
Epoch 37: train acc: 0.4594 train loss: 1.3974 valid acc: 0.2643 valid loss: 1.6022
Epoch 38: train acc: 0.4722 train loss: 1.4073 valid acc: 0.2734 valid loss: 1.6069
Epoch 39: train acc: 0.4786 train loss: 1.4082 valid acc: 0.2643 valid loss: 1.6070
Epoch 40: train acc: 0.4784 train loss: 1.3836 valid acc: 0.2805 valid loss: 1.5975
Epoch 41: train acc: 0.4561 train loss: 1.4022 valid acc: 0.2529 valid loss: 1.5973
Epoch 42: train acc: 0.4830 train loss: 1.3922 valid acc: 0.2809 valid loss: 1.6040
Epoch 43: train acc: 0.4825 train loss: 1.4050 valid acc: 0.2860 valid loss: 1.5985
Epoch 44: train acc: 0.4862 train loss: 1.3849 valid acc: 0.2569 valid loss: 1.6155
Epoch 45: train acc: 0.4653 train loss: 1.3913 valid acc: 0.2667 valid loss: 1.6058
Epoch 46: train acc: 0.4456 train loss: 1.3993 valid acc: 0.2589 valid loss: 1.6071
Epoch 47: train acc: 0.4615 train loss: 1.3826 valid acc: 0.2616 valid loss: 1.6056
Epoch 48: train acc: 0.4373 train loss: 1.3945 valid acc: 0.2526 valid loss: 1.6017
Epoch 49: train acc: 0.4574 train loss: 1.3869 valid acc: 0.2511 valid loss: 1.6099
Run 00: test acc: 0.2866 test loss: 1.6295
Epoch 00: train acc: 0.2519 train loss: 1.6781 valid acc: 0.1904 valid loss: 1.7101
Epoch 01: train acc: 0.2358 train loss: 1.6696 valid acc: 0.2373 valid loss: 1.6486
Epoch 02: train acc: 0.2433 train loss: 1.6479 valid acc: 0.2742 valid loss: 1.6718
Epoch 03: train acc: 0.2684 train loss: 1.6307 valid acc: 0.2361 valid loss: 1.6533
Epoch 04: train acc: 0.2806 train loss: 1.6121 valid acc: 0.2187 valid loss: 1.6639
Epoch 05: train acc: 0.2924 train loss: 1.6074 valid acc: 0.2683 valid loss: 1.6475
Epoch 06: train acc: 0.2841 train loss: 1.5878 valid acc: 0.2746 valid loss: 1.6528
Epoch 07: train acc: 0.3214 train loss: 1.5777 valid acc: 0.2526 valid loss: 1.6339
Epoch 08: train acc: 0.2848 train loss: 1.5900 valid acc: 0.2824 valid loss: 1.6307
Epoch 09: train acc: 0.3701 train loss: 1.5544 valid acc: 0.3031 valid loss: 1.6214
Epoch 10: train acc: 0.3501 train loss: 1.5455 valid acc: 0.2409 valid loss: 1.6752
Epoch 11: train acc: 0.3300 train loss: 1.5694 valid acc: 0.2887 valid loss: 1.6128
Epoch 12: train acc: 0.3818 train loss: 1.5348 valid acc: 0.3070 valid loss: 1.6191
Epoch 13: train acc: 0.3701 train loss: 1.5282 valid acc: 0.2761 valid loss: 1.6203
Epoch 14: train acc: 0.3692 train loss: 1.5253 valid acc: 0.2304 valid loss: 1.6465
Epoch 15: train acc: 0.3528 train loss: 1.5133 valid acc: 0.2734 valid loss: 1.6268
Epoch 16: train acc: 0.3509 train loss: 1.5156 valid acc: 0.2890 valid loss: 1.6261
Epoch 17: train acc: 0.3538 train loss: 1.5324 valid acc: 0.2965 valid loss: 1.6050
Epoch 18: train acc: 0.3914 train loss: 1.5085 valid acc: 0.2902 valid loss: 1.5974
Epoch 19: train acc: 0.4145 train loss: 1.4755 valid acc: 0.2890 valid loss: 1.6067
Epoch 20: train acc: 0.4361 train loss: 1.4832 valid acc: 0.2722 valid loss: 1.6029
Epoch 21: train acc: 0.4200 train loss: 1.4665 valid acc: 0.3160 valid loss: 1.6015
Epoch 22: train acc: 0.3825 train loss: 1.4813 valid acc: 0.3019 valid loss: 1.6000
Epoch 23: train acc: 0.3901 train loss: 1.4647 valid acc: 0.3031 valid loss: 1.6072
Epoch 24: train acc: 0.3566 train loss: 1.4810 valid acc: 0.2451 valid loss: 1.6199
Epoch 25: train acc: 0.4101 train loss: 1.4406 valid acc: 0.3004 valid loss: 1.5982
Epoch 26: train acc: 0.4241 train loss: 1.4516 valid acc: 0.2824 valid loss: 1.6015
Epoch 27: train acc: 0.4252 train loss: 1.4337 valid acc: 0.2995 valid loss: 1.6174
Epoch 28: train acc: 0.4574 train loss: 1.4275 valid acc: 0.2659 valid loss: 1.6084
Epoch 29: train acc: 0.4275 train loss: 1.4291 valid acc: 0.2905 valid loss: 1.6020
Epoch 30: train acc: 0.4493 train loss: 1.4107 valid acc: 0.2671 valid loss: 1.6131
Epoch 31: train acc: 0.4426 train loss: 1.4229 valid acc: 0.2923 valid loss: 1.5929
Epoch 32: train acc: 0.4462 train loss: 1.4051 valid acc: 0.3031 valid loss: 1.5956
Epoch 33: train acc: 0.4439 train loss: 1.4155 valid acc: 0.2667 valid loss: 1.5937
Epoch 34: train acc: 0.4657 train loss: 1.3917 valid acc: 0.3196 valid loss: 1.5943
Epoch 35: train acc: 0.4628 train loss: 1.4008 valid acc: 0.2647 valid loss: 1.6015
Epoch 36: train acc: 0.4688 train loss: 1.3866 valid acc: 0.3040 valid loss: 1.5788
Epoch 37: train acc: 0.4290 train loss: 1.4182 valid acc: 0.2887 valid loss: 1.5999
Epoch 38: train acc: 0.4661 train loss: 1.3941 valid acc: 0.3055 valid loss: 1.5910
Epoch 39: train acc: 0.4539 train loss: 1.4055 valid acc: 0.3175 valid loss: 1.5952
Epoch 40: train acc: 0.4700 train loss: 1.3924 valid acc: 0.2995 valid loss: 1.5970
Epoch 41: train acc: 0.4547 train loss: 1.3856 valid acc: 0.3118 valid loss: 1.6042
Epoch 42: train acc: 0.4643 train loss: 1.3760 valid acc: 0.2908 valid loss: 1.5982
Epoch 43: train acc: 0.4857 train loss: 1.3763 valid acc: 0.2968 valid loss: 1.5949
Epoch 44: train acc: 0.4770 train loss: 1.3688 valid acc: 0.2785 valid loss: 1.5929
Epoch 45: train acc: 0.4732 train loss: 1.3623 valid acc: 0.3106 valid loss: 1.5948
Epoch 46: train acc: 0.4892 train loss: 1.3698 valid acc: 0.3046 valid loss: 1.6045
Epoch 47: train acc: 0.4701 train loss: 1.3551 valid acc: 0.3016 valid loss: 1.6024
Epoch 48: train acc: 0.4674 train loss: 1.3521 valid acc: 0.2980 valid loss: 1.6187
Epoch 49: train acc: 0.4996 train loss: 1.3558 valid acc: 0.2980 valid loss: 1.5946
Run 01: test acc: 0.3311 test loss: 1.6276
Epoch 00: train acc: 0.2124 train loss: 1.6883 valid acc: 0.2472 valid loss: 1.6579
Epoch 01: train acc: 0.2405 train loss: 1.6710 valid acc: 0.2781 valid loss: 1.6560
Epoch 02: train acc: 0.2433 train loss: 1.6410 valid acc: 0.2010 valid loss: 1.6707
Epoch 03: train acc: 0.2532 train loss: 1.6210 valid acc: 0.2773 valid loss: 1.6456
Epoch 04: train acc: 0.2932 train loss: 1.6232 valid acc: 0.2160 valid loss: 1.6625
Epoch 05: train acc: 0.2781 train loss: 1.6047 valid acc: 0.2550 valid loss: 1.6546
Epoch 06: train acc: 0.3350 train loss: 1.5836 valid acc: 0.2550 valid loss: 1.6465
Epoch 07: train acc: 0.3274 train loss: 1.5760 valid acc: 0.2695 valid loss: 1.6346
Epoch 08: train acc: 0.3633 train loss: 1.5602 valid acc: 0.2893 valid loss: 1.6464
Epoch 09: train acc: 0.3705 train loss: 1.5688 valid acc: 0.2749 valid loss: 1.6240
Epoch 10: train acc: 0.3336 train loss: 1.5714 valid acc: 0.2265 valid loss: 1.6369
Epoch 11: train acc: 0.3118 train loss: 1.5697 valid acc: 0.2977 valid loss: 1.6300
Epoch 12: train acc: 0.3810 train loss: 1.5272 valid acc: 0.2592 valid loss: 1.6226
Epoch 13: train acc: 0.3461 train loss: 1.5329 valid acc: 0.2718 valid loss: 1.6204
Epoch 14: train acc: 0.3383 train loss: 1.5448 valid acc: 0.2863 valid loss: 1.6171
Epoch 15: train acc: 0.3681 train loss: 1.5359 valid acc: 0.2538 valid loss: 1.6309
Epoch 16: train acc: 0.3666 train loss: 1.5265 valid acc: 0.2412 valid loss: 1.6395
Epoch 17: train acc: 0.3740 train loss: 1.5100 valid acc: 0.2800 valid loss: 1.6165
Epoch 18: train acc: 0.3501 train loss: 1.5224 valid acc: 0.2856 valid loss: 1.6103
Epoch 19: train acc: 0.4054 train loss: 1.4987 valid acc: 0.2586 valid loss: 1.6110
Epoch 20: train acc: 0.4137 train loss: 1.4994 valid acc: 0.2713 valid loss: 1.6166
Epoch 21: train acc: 0.4062 train loss: 1.4922 valid acc: 0.2941 valid loss: 1.6087
Epoch 22: train acc: 0.4384 train loss: 1.4841 valid acc: 0.2686 valid loss: 1.6153
Epoch 23: train acc: 0.4263 train loss: 1.4711 valid acc: 0.2917 valid loss: 1.6057
Epoch 24: train acc: 0.4226 train loss: 1.4777 valid acc: 0.2824 valid loss: 1.6135
Epoch 25: train acc: 0.4018 train loss: 1.4733 valid acc: 0.2412 valid loss: 1.6184
Epoch 26: train acc: 0.4088 train loss: 1.4655 valid acc: 0.2932 valid loss: 1.6200
Epoch 27: train acc: 0.3997 train loss: 1.4802 valid acc: 0.2553 valid loss: 1.6150
Epoch 28: train acc: 0.4034 train loss: 1.4672 valid acc: 0.2851 valid loss: 1.6000
Epoch 29: train acc: 0.4496 train loss: 1.4565 valid acc: 0.2737 valid loss: 1.6058
Epoch 30: train acc: 0.4353 train loss: 1.4408 valid acc: 0.3040 valid loss: 1.5941
Epoch 31: train acc: 0.4267 train loss: 1.4590 valid acc: 0.2686 valid loss: 1.6108
Epoch 32: train acc: 0.4226 train loss: 1.4437 valid acc: 0.2788 valid loss: 1.5996
Epoch 33: train acc: 0.4350 train loss: 1.4437 valid acc: 0.2655 valid loss: 1.5990
Epoch 34: train acc: 0.4501 train loss: 1.4382 valid acc: 0.2992 valid loss: 1.6038
Epoch 35: train acc: 0.4304 train loss: 1.4436 valid acc: 0.2761 valid loss: 1.6050
Epoch 36: train acc: 0.4566 train loss: 1.4288 valid acc: 0.2926 valid loss: 1.6003
Epoch 37: train acc: 0.4587 train loss: 1.4341 valid acc: 0.2851 valid loss: 1.5977
Epoch 38: train acc: 0.4692 train loss: 1.4248 valid acc: 0.2911 valid loss: 1.5980
Epoch 39: train acc: 0.4514 train loss: 1.4171 valid acc: 0.2725 valid loss: 1.6018
Epoch 40: train acc: 0.4587 train loss: 1.4182 valid acc: 0.2953 valid loss: 1.5997
Epoch 41: train acc: 0.4265 train loss: 1.4244 valid acc: 0.2844 valid loss: 1.5992
Epoch 42: train acc: 0.4457 train loss: 1.4243 valid acc: 0.3055 valid loss: 1.5968
Epoch 43: train acc: 0.4531 train loss: 1.4112 valid acc: 0.3031 valid loss: 1.5975
Epoch 44: train acc: 0.4753 train loss: 1.4058 valid acc: 0.2730 valid loss: 1.5955
Epoch 45: train acc: 0.4607 train loss: 1.4220 valid acc: 0.2974 valid loss: 1.5991
Epoch 46: train acc: 0.4683 train loss: 1.4151 valid acc: 0.2734 valid loss: 1.5971
Epoch 47: train acc: 0.4329 train loss: 1.4173 valid acc: 0.2581 valid loss: 1.6114
Epoch 48: train acc: 0.4584 train loss: 1.3991 valid acc: 0.2923 valid loss: 1.5972
Epoch 49: train acc: 0.4526 train loss: 1.4069 valid acc: 0.2860 valid loss: 1.6014
Run 02: test acc: 0.3079 test loss: 1.6318
Epoch 00: train acc: 0.2185 train loss: 1.7065 valid acc: 0.2199 valid loss: 1.6685
Epoch 01: train acc: 0.2371 train loss: 1.6546 valid acc: 0.2472 valid loss: 1.6709
Epoch 02: train acc: 0.3033 train loss: 1.6545 valid acc: 0.2577 valid loss: 1.6550
Epoch 03: train acc: 0.2589 train loss: 1.6505 valid acc: 0.2049 valid loss: 1.6517
Epoch 04: train acc: 0.2737 train loss: 1.6129 valid acc: 0.2472 valid loss: 1.6494
Epoch 05: train acc: 0.3349 train loss: 1.5906 valid acc: 0.2746 valid loss: 1.6335
Epoch 06: train acc: 0.3470 train loss: 1.5913 valid acc: 0.2253 valid loss: 1.6321
Epoch 07: train acc: 0.3283 train loss: 1.5890 valid acc: 0.2307 valid loss: 1.6276
Epoch 08: train acc: 0.3209 train loss: 1.5745 valid acc: 0.2490 valid loss: 1.6522
Epoch 09: train acc: 0.3232 train loss: 1.5808 valid acc: 0.2550 valid loss: 1.6231
Epoch 10: train acc: 0.3662 train loss: 1.5474 valid acc: 0.2941 valid loss: 1.6224
Epoch 11: train acc: 0.3610 train loss: 1.5529 valid acc: 0.2652 valid loss: 1.6097
Epoch 12: train acc: 0.3653 train loss: 1.5470 valid acc: 0.2611 valid loss: 1.6592
Epoch 13: train acc: 0.3692 train loss: 1.5330 valid acc: 0.2812 valid loss: 1.6197
Epoch 14: train acc: 0.3749 train loss: 1.5356 valid acc: 0.2538 valid loss: 1.6286
Epoch 15: train acc: 0.3569 train loss: 1.5238 valid acc: 0.2604 valid loss: 1.6150
Epoch 16: train acc: 0.3606 train loss: 1.5198 valid acc: 0.2640 valid loss: 1.6200
Epoch 17: train acc: 0.3657 train loss: 1.5061 valid acc: 0.2776 valid loss: 1.6311
Epoch 18: train acc: 0.3788 train loss: 1.5074 valid acc: 0.2746 valid loss: 1.6049
Epoch 19: train acc: 0.3945 train loss: 1.4857 valid acc: 0.2565 valid loss: 1.6184
Epoch 20: train acc: 0.4093 train loss: 1.4764 valid acc: 0.2737 valid loss: 1.6144
Epoch 21: train acc: 0.4291 train loss: 1.4820 valid acc: 0.2718 valid loss: 1.6165
Epoch 22: train acc: 0.4205 train loss: 1.4736 valid acc: 0.2616 valid loss: 1.6141
Epoch 23: train acc: 0.4059 train loss: 1.4767 valid acc: 0.2785 valid loss: 1.6078
Epoch 24: train acc: 0.4301 train loss: 1.4707 valid acc: 0.2749 valid loss: 1.6008
Epoch 25: train acc: 0.4426 train loss: 1.4523 valid acc: 0.2851 valid loss: 1.6109
Epoch 26: train acc: 0.4314 train loss: 1.4614 valid acc: 0.2962 valid loss: 1.6111
Epoch 27: train acc: 0.4191 train loss: 1.4702 valid acc: 0.2914 valid loss: 1.5973
Epoch 28: train acc: 0.4733 train loss: 1.4315 valid acc: 0.2761 valid loss: 1.6069
Epoch 29: train acc: 0.4370 train loss: 1.4498 valid acc: 0.2722 valid loss: 1.5930
Epoch 30: train acc: 0.4353 train loss: 1.4374 valid acc: 0.2914 valid loss: 1.6033
Epoch 31: train acc: 0.4542 train loss: 1.4202 valid acc: 0.2899 valid loss: 1.5965
Epoch 32: train acc: 0.4628 train loss: 1.4264 valid acc: 0.2683 valid loss: 1.6289
Epoch 33: train acc: 0.4187 train loss: 1.4254 valid acc: 0.2911 valid loss: 1.5963
Epoch 34: train acc: 0.4521 train loss: 1.4232 valid acc: 0.2581 valid loss: 1.6131
Epoch 35: train acc: 0.4148 train loss: 1.4176 valid acc: 0.3058 valid loss: 1.6026
Epoch 36: train acc: 0.4264 train loss: 1.4255 valid acc: 0.2932 valid loss: 1.5953
Epoch 37: train acc: 0.4435 train loss: 1.4098 valid acc: 0.2761 valid loss: 1.5991
Epoch 38: train acc: 0.4443 train loss: 1.4103 valid acc: 0.2836 valid loss: 1.6003
Epoch 39: train acc: 0.4662 train loss: 1.3983 valid acc: 0.2538 valid loss: 1.6033
Epoch 40: train acc: 0.4666 train loss: 1.4005 valid acc: 0.2809 valid loss: 1.5899
Epoch 41: train acc: 0.4560 train loss: 1.4027 valid acc: 0.2616 valid loss: 1.6082
Epoch 42: train acc: 0.4706 train loss: 1.3873 valid acc: 0.2769 valid loss: 1.5954
Epoch 43: train acc: 0.4788 train loss: 1.3982 valid acc: 0.2848 valid loss: 1.5953
Epoch 44: train acc: 0.4633 train loss: 1.3928 valid acc: 0.2722 valid loss: 1.6024
Epoch 45: train acc: 0.4773 train loss: 1.3922 valid acc: 0.2640 valid loss: 1.6021
Epoch 46: train acc: 0.4897 train loss: 1.3740 valid acc: 0.3046 valid loss: 1.5951
Epoch 47: train acc: 0.4261 train loss: 1.3877 valid acc: 0.2358 valid loss: 1.6019
Epoch 48: train acc: 0.4683 train loss: 1.3788 valid acc: 0.2926 valid loss: 1.6014
Epoch 49: train acc: 0.4770 train loss: 1.3917 valid acc: 0.2824 valid loss: 1.5965
Run 03: test acc: 0.3192 test loss: 1.6232
Epoch 00: train acc: 0.1867 train loss: 1.7121 valid acc: 0.2202 valid loss: 1.6773
Epoch 01: train acc: 0.2562 train loss: 1.6661 valid acc: 0.2334 valid loss: 1.6628
Epoch 02: train acc: 0.2669 train loss: 1.6353 valid acc: 0.2577 valid loss: 1.6584
Epoch 03: train acc: 0.2932 train loss: 1.6146 valid acc: 0.2280 valid loss: 1.6478
Epoch 04: train acc: 0.3124 train loss: 1.5938 valid acc: 0.2226 valid loss: 1.6518
Epoch 05: train acc: 0.3159 train loss: 1.5926 valid acc: 0.2430 valid loss: 1.6570
Epoch 06: train acc: 0.2841 train loss: 1.5963 valid acc: 0.2541 valid loss: 1.6494
Epoch 07: train acc: 0.3285 train loss: 1.5694 valid acc: 0.2136 valid loss: 1.6484
Epoch 08: train acc: 0.3412 train loss: 1.5564 valid acc: 0.2604 valid loss: 1.6266
Epoch 09: train acc: 0.3679 train loss: 1.5470 valid acc: 0.2800 valid loss: 1.6386
Epoch 10: train acc: 0.3906 train loss: 1.5402 valid acc: 0.2860 valid loss: 1.6160
Epoch 11: train acc: 0.3863 train loss: 1.5270 valid acc: 0.2538 valid loss: 1.6225
Epoch 12: train acc: 0.3852 train loss: 1.5309 valid acc: 0.2295 valid loss: 1.6250
Epoch 13: train acc: 0.3489 train loss: 1.5300 valid acc: 0.3028 valid loss: 1.6154
Epoch 14: train acc: 0.3492 train loss: 1.5173 valid acc: 0.3094 valid loss: 1.6185
Epoch 15: train acc: 0.3359 train loss: 1.5488 valid acc: 0.3019 valid loss: 1.6348
Epoch 16: train acc: 0.3662 train loss: 1.5252 valid acc: 0.2124 valid loss: 1.6513
Epoch 17: train acc: 0.3735 train loss: 1.5070 valid acc: 0.3052 valid loss: 1.6062
Epoch 18: train acc: 0.4075 train loss: 1.4866 valid acc: 0.3004 valid loss: 1.6317
Epoch 19: train acc: 0.3871 train loss: 1.4885 valid acc: 0.2695 valid loss: 1.6218
Epoch 20: train acc: 0.3984 train loss: 1.4835 valid acc: 0.2316 valid loss: 1.6070
Epoch 21: train acc: 0.4122 train loss: 1.4646 valid acc: 0.2746 valid loss: 1.6147
Epoch 22: train acc: 0.4356 train loss: 1.4493 valid acc: 0.2683 valid loss: 1.6049
Epoch 23: train acc: 0.4366 train loss: 1.4467 valid acc: 0.2475 valid loss: 1.6113
Epoch 24: train acc: 0.4073 train loss: 1.4606 valid acc: 0.3070 valid loss: 1.6268
Epoch 25: train acc: 0.4478 train loss: 1.4365 valid acc: 0.3196 valid loss: 1.6036
Epoch 26: train acc: 0.4555 train loss: 1.4207 valid acc: 0.2691 valid loss: 1.6199
Epoch 27: train acc: 0.4208 train loss: 1.4335 valid acc: 0.2499 valid loss: 1.6090
Epoch 28: train acc: 0.4348 train loss: 1.4420 valid acc: 0.2307 valid loss: 1.6297
Epoch 29: train acc: 0.4425 train loss: 1.4233 valid acc: 0.2761 valid loss: 1.6070
Epoch 30: train acc: 0.4509 train loss: 1.4092 valid acc: 0.2370 valid loss: 1.6209
Epoch 31: train acc: 0.4496 train loss: 1.4059 valid acc: 0.2757 valid loss: 1.6029
Epoch 32: train acc: 0.4872 train loss: 1.3858 valid acc: 0.2878 valid loss: 1.6098
Epoch 33: train acc: 0.4630 train loss: 1.3939 valid acc: 0.2487 valid loss: 1.6273
Epoch 34: train acc: 0.4208 train loss: 1.4193 valid acc: 0.2866 valid loss: 1.6064
Epoch 35: train acc: 0.4457 train loss: 1.3947 valid acc: 0.2757 valid loss: 1.6057
Epoch 36: train acc: 0.4823 train loss: 1.3762 valid acc: 0.2616 valid loss: 1.5961
Epoch 37: train acc: 0.4827 train loss: 1.3863 valid acc: 0.2553 valid loss: 1.6082
Epoch 38: train acc: 0.4844 train loss: 1.3827 valid acc: 0.2511 valid loss: 1.6122
Epoch 39: train acc: 0.4779 train loss: 1.3730 valid acc: 0.2695 valid loss: 1.6084
Epoch 40: train acc: 0.4931 train loss: 1.3720 valid acc: 0.2538 valid loss: 1.6018
Epoch 41: train acc: 0.4739 train loss: 1.3747 valid acc: 0.2674 valid loss: 1.6131
Epoch 42: train acc: 0.4814 train loss: 1.3716 valid acc: 0.2581 valid loss: 1.6117
Epoch 43: train acc: 0.4700 train loss: 1.3734 valid acc: 0.2926 valid loss: 1.6008
Epoch 44: train acc: 0.5087 train loss: 1.3580 valid acc: 0.2839 valid loss: 1.6173
Epoch 45: train acc: 0.5008 train loss: 1.3476 valid acc: 0.2749 valid loss: 1.6053
Epoch 46: train acc: 0.4768 train loss: 1.3538 valid acc: 0.2667 valid loss: 1.6097
Epoch 47: train acc: 0.4908 train loss: 1.3544 valid acc: 0.2737 valid loss: 1.6113
Epoch 48: train acc: 0.4804 train loss: 1.3585 valid acc: 0.2499 valid loss: 1.6066
Epoch 49: train acc: 0.5056 train loss: 1.3395 valid acc: 0.2890 valid loss: 1.6086
Run 04: test acc: 0.3231 test loss: 1.6267
Epoch 00: train acc: 0.2182 train loss: 1.7012 valid acc: 0.2205 valid loss: 1.6968
Epoch 01: train acc: 0.2329 train loss: 1.6740 valid acc: 0.2349 valid loss: 1.6835
Epoch 02: train acc: 0.2599 train loss: 1.6535 valid acc: 0.2589 valid loss: 1.6878
Epoch 03: train acc: 0.2625 train loss: 1.6368 valid acc: 0.2836 valid loss: 1.6524
Epoch 04: train acc: 0.2950 train loss: 1.6167 valid acc: 0.2037 valid loss: 1.6580
Epoch 05: train acc: 0.3084 train loss: 1.5970 valid acc: 0.2616 valid loss: 1.6302
Epoch 06: train acc: 0.2993 train loss: 1.5870 valid acc: 0.2292 valid loss: 1.6468
Epoch 07: train acc: 0.3411 train loss: 1.5815 valid acc: 0.2604 valid loss: 1.6308
Epoch 08: train acc: 0.3540 train loss: 1.5754 valid acc: 0.2902 valid loss: 1.6325
Epoch 09: train acc: 0.3170 train loss: 1.5854 valid acc: 0.2217 valid loss: 1.6495
Epoch 10: train acc: 0.3283 train loss: 1.5721 valid acc: 0.2749 valid loss: 1.6302
Epoch 11: train acc: 0.3344 train loss: 1.5476 valid acc: 0.2953 valid loss: 1.6160
Epoch 12: train acc: 0.3566 train loss: 1.5395 valid acc: 0.3070 valid loss: 1.6091
Epoch 13: train acc: 0.3549 train loss: 1.5312 valid acc: 0.3142 valid loss: 1.6224
Epoch 14: train acc: 0.3341 train loss: 1.5326 valid acc: 0.2730 valid loss: 1.6187
Epoch 15: train acc: 0.3704 train loss: 1.5393 valid acc: 0.2781 valid loss: 1.6132
Epoch 16: train acc: 0.4049 train loss: 1.5082 valid acc: 0.2620 valid loss: 1.6214
Epoch 17: train acc: 0.3858 train loss: 1.5020 valid acc: 0.2914 valid loss: 1.6208
Epoch 18: train acc: 0.3455 train loss: 1.5160 valid acc: 0.2652 valid loss: 1.6166
Epoch 19: train acc: 0.3644 train loss: 1.5023 valid acc: 0.2445 valid loss: 1.6178
Epoch 20: train acc: 0.3644 train loss: 1.4980 valid acc: 0.3055 valid loss: 1.6057
Epoch 21: train acc: 0.3935 train loss: 1.4796 valid acc: 0.2514 valid loss: 1.6157
Epoch 22: train acc: 0.4158 train loss: 1.4650 valid acc: 0.2854 valid loss: 1.6071
Epoch 23: train acc: 0.4265 train loss: 1.4545 valid acc: 0.2941 valid loss: 1.6045
Epoch 24: train acc: 0.4236 train loss: 1.4588 valid acc: 0.2604 valid loss: 1.6175
Epoch 25: train acc: 0.4343 train loss: 1.4530 valid acc: 0.2478 valid loss: 1.6165
Epoch 26: train acc: 0.4386 train loss: 1.4631 valid acc: 0.2445 valid loss: 1.5983
Epoch 27: train acc: 0.4249 train loss: 1.4384 valid acc: 0.2400 valid loss: 1.5968
Epoch 28: train acc: 0.4475 train loss: 1.4365 valid acc: 0.2911 valid loss: 1.6001
Epoch 29: train acc: 0.4309 train loss: 1.4341 valid acc: 0.2812 valid loss: 1.6183
Epoch 30: train acc: 0.4256 train loss: 1.4431 valid acc: 0.2989 valid loss: 1.6036
Epoch 31: train acc: 0.4413 train loss: 1.4434 valid acc: 0.3004 valid loss: 1.6118
Epoch 32: train acc: 0.4231 train loss: 1.4410 valid acc: 0.2475 valid loss: 1.6378
Epoch 33: train acc: 0.4148 train loss: 1.4325 valid acc: 0.2815 valid loss: 1.5952
Epoch 34: train acc: 0.4383 train loss: 1.4215 valid acc: 0.2824 valid loss: 1.5958
Epoch 35: train acc: 0.4361 train loss: 1.4158 valid acc: 0.2914 valid loss: 1.5936
Epoch 36: train acc: 0.4570 train loss: 1.4078 valid acc: 0.2926 valid loss: 1.6021
Epoch 37: train acc: 0.4396 train loss: 1.4001 valid acc: 0.2788 valid loss: 1.6056
Epoch 38: train acc: 0.4726 train loss: 1.4028 valid acc: 0.2769 valid loss: 1.5954
Epoch 39: train acc: 0.4409 train loss: 1.4077 valid acc: 0.2827 valid loss: 1.6046
Epoch 40: train acc: 0.4561 train loss: 1.4084 valid acc: 0.2640 valid loss: 1.6006
Epoch 41: train acc: 0.4609 train loss: 1.3899 valid acc: 0.2655 valid loss: 1.6073
Epoch 42: train acc: 0.4387 train loss: 1.4021 valid acc: 0.2941 valid loss: 1.5985
Epoch 43: train acc: 0.4766 train loss: 1.3863 valid acc: 0.2785 valid loss: 1.5958
Epoch 44: train acc: 0.4565 train loss: 1.3939 valid acc: 0.2581 valid loss: 1.6027
Epoch 45: train acc: 0.4779 train loss: 1.3808 valid acc: 0.2679 valid loss: 1.6105
Epoch 46: train acc: 0.4674 train loss: 1.3854 valid acc: 0.2761 valid loss: 1.6056
Epoch 47: train acc: 0.4638 train loss: 1.3845 valid acc: 0.2742 valid loss: 1.5885
Epoch 48: train acc: 0.4857 train loss: 1.3750 valid acc: 0.2706 valid loss: 1.6020
Epoch 49: train acc: 0.4778 train loss: 1.3849 valid acc: 0.2926 valid loss: 1.5988
Run 05: test acc: 0.2977 test loss: 1.6115
Epoch 00: train acc: 0.2063 train loss: 1.6970 valid acc: 0.1967 valid loss: 1.6730
Epoch 01: train acc: 0.2133 train loss: 1.6715 valid acc: 0.2926 valid loss: 1.6519
Epoch 02: train acc: 0.2562 train loss: 1.6428 valid acc: 0.2881 valid loss: 1.6411
Epoch 03: train acc: 0.2706 train loss: 1.6119 valid acc: 0.2989 valid loss: 1.6358
Epoch 04: train acc: 0.3115 train loss: 1.6155 valid acc: 0.2394 valid loss: 1.6400
Epoch 05: train acc: 0.3090 train loss: 1.5965 valid acc: 0.2769 valid loss: 1.6547
Epoch 06: train acc: 0.3131 train loss: 1.5925 valid acc: 0.2616 valid loss: 1.6241
Epoch 07: train acc: 0.3341 train loss: 1.5557 valid acc: 0.2169 valid loss: 1.6382
Epoch 08: train acc: 0.3271 train loss: 1.5687 valid acc: 0.2812 valid loss: 1.6727
Epoch 09: train acc: 0.3076 train loss: 1.5861 valid acc: 0.2640 valid loss: 1.6309
Epoch 10: train acc: 0.3320 train loss: 1.5366 valid acc: 0.2706 valid loss: 1.6528
Epoch 11: train acc: 0.3222 train loss: 1.5677 valid acc: 0.2659 valid loss: 1.6158
Epoch 12: train acc: 0.3627 train loss: 1.5454 valid acc: 0.2911 valid loss: 1.6058
Epoch 13: train acc: 0.3893 train loss: 1.5307 valid acc: 0.2691 valid loss: 1.6113
Epoch 14: train acc: 0.3982 train loss: 1.5065 valid acc: 0.2824 valid loss: 1.6130
Epoch 15: train acc: 0.3753 train loss: 1.5130 valid acc: 0.2523 valid loss: 1.6113
Epoch 16: train acc: 0.4250 train loss: 1.4859 valid acc: 0.2905 valid loss: 1.6198
Epoch 17: train acc: 0.3784 train loss: 1.4937 valid acc: 0.2271 valid loss: 1.6217
Epoch 18: train acc: 0.3922 train loss: 1.4860 valid acc: 0.2992 valid loss: 1.6162
Epoch 19: train acc: 0.4088 train loss: 1.4772 valid acc: 0.2463 valid loss: 1.6041
Epoch 20: train acc: 0.3988 train loss: 1.4827 valid acc: 0.2769 valid loss: 1.6155
Epoch 21: train acc: 0.3875 train loss: 1.4778 valid acc: 0.2805 valid loss: 1.6144
Epoch 22: train acc: 0.4244 train loss: 1.4792 valid acc: 0.2848 valid loss: 1.6020
Epoch 23: train acc: 0.4140 train loss: 1.4682 valid acc: 0.2851 valid loss: 1.6093
Epoch 24: train acc: 0.4171 train loss: 1.4625 valid acc: 0.2890 valid loss: 1.6118
Epoch 25: train acc: 0.4000 train loss: 1.4569 valid acc: 0.2652 valid loss: 1.6014
Epoch 26: train acc: 0.4044 train loss: 1.4587 valid acc: 0.2757 valid loss: 1.6072
Epoch 27: train acc: 0.4166 train loss: 1.4539 valid acc: 0.2581 valid loss: 1.6132
Epoch 28: train acc: 0.4173 train loss: 1.4626 valid acc: 0.2875 valid loss: 1.6062
Epoch 29: train acc: 0.4191 train loss: 1.4574 valid acc: 0.2836 valid loss: 1.6050
Epoch 30: train acc: 0.4252 train loss: 1.4482 valid acc: 0.2502 valid loss: 1.6181
Epoch 31: train acc: 0.4256 train loss: 1.4329 valid acc: 0.2742 valid loss: 1.6056
Epoch 32: train acc: 0.4030 train loss: 1.4488 valid acc: 0.2809 valid loss: 1.6001
Epoch 33: train acc: 0.4431 train loss: 1.4433 valid acc: 0.2494 valid loss: 1.6069
Epoch 34: train acc: 0.4509 train loss: 1.4224 valid acc: 0.2761 valid loss: 1.5990
Epoch 35: train acc: 0.4383 train loss: 1.4375 valid acc: 0.2965 valid loss: 1.6135
Epoch 36: train acc: 0.4574 train loss: 1.4205 valid acc: 0.2746 valid loss: 1.6013
Epoch 37: train acc: 0.4540 train loss: 1.4168 valid acc: 0.2769 valid loss: 1.5968
Epoch 38: train acc: 0.4423 train loss: 1.4087 valid acc: 0.2890 valid loss: 1.5974
Epoch 39: train acc: 0.4425 train loss: 1.4143 valid acc: 0.2965 valid loss: 1.6075
Epoch 40: train acc: 0.4483 train loss: 1.4050 valid acc: 0.2781 valid loss: 1.5988
Epoch 41: train acc: 0.4387 train loss: 1.4041 valid acc: 0.2824 valid loss: 1.6047
Epoch 42: train acc: 0.4690 train loss: 1.4113 valid acc: 0.2820 valid loss: 1.5966
Epoch 43: train acc: 0.4622 train loss: 1.4129 valid acc: 0.2863 valid loss: 1.6015
Epoch 44: train acc: 0.4448 train loss: 1.4048 valid acc: 0.2917 valid loss: 1.6056
Epoch 45: train acc: 0.4643 train loss: 1.4097 valid acc: 0.2643 valid loss: 1.6123
Epoch 46: train acc: 0.4563 train loss: 1.3928 valid acc: 0.2917 valid loss: 1.5992
Epoch 47: train acc: 0.4592 train loss: 1.3843 valid acc: 0.2962 valid loss: 1.6015
Epoch 48: train acc: 0.4844 train loss: 1.3876 valid acc: 0.2848 valid loss: 1.6000
Epoch 49: train acc: 0.4958 train loss: 1.3693 valid acc: 0.2671 valid loss: 1.6062
Run 06: test acc: 0.3160 test loss: 1.6093
Epoch 00: train acc: 0.2181 train loss: 1.7009 valid acc: 0.2172 valid loss: 1.6724
Epoch 01: train acc: 0.2438 train loss: 1.6643 valid acc: 0.2217 valid loss: 1.6637
Epoch 02: train acc: 0.2633 train loss: 1.6331 valid acc: 0.2550 valid loss: 1.6541
Epoch 03: train acc: 0.3096 train loss: 1.6229 valid acc: 0.1956 valid loss: 1.6717
Epoch 04: train acc: 0.3115 train loss: 1.5892 valid acc: 0.2764 valid loss: 1.6496
Epoch 05: train acc: 0.2971 train loss: 1.5988 valid acc: 0.2382 valid loss: 1.6457
Epoch 06: train acc: 0.3058 train loss: 1.5868 valid acc: 0.2635 valid loss: 1.6475
Epoch 07: train acc: 0.3577 train loss: 1.5545 valid acc: 0.2679 valid loss: 1.6360
Epoch 08: train acc: 0.3110 train loss: 1.5796 valid acc: 0.2103 valid loss: 1.6529
Epoch 09: train acc: 0.3157 train loss: 1.5813 valid acc: 0.2574 valid loss: 1.6357
Epoch 10: train acc: 0.3438 train loss: 1.5380 valid acc: 0.2836 valid loss: 1.6288
Epoch 11: train acc: 0.3782 train loss: 1.5418 valid acc: 0.2742 valid loss: 1.6243
Epoch 12: train acc: 0.3717 train loss: 1.5280 valid acc: 0.2557 valid loss: 1.6351
Epoch 13: train acc: 0.3662 train loss: 1.5228 valid acc: 0.2800 valid loss: 1.6858
Epoch 14: train acc: 0.3414 train loss: 1.5416 valid acc: 0.2652 valid loss: 1.6211
Epoch 15: train acc: 0.3844 train loss: 1.5118 valid acc: 0.2307 valid loss: 1.6402
Epoch 16: train acc: 0.3470 train loss: 1.5218 valid acc: 0.2382 valid loss: 1.6442
Epoch 17: train acc: 0.3748 train loss: 1.5168 valid acc: 0.2809 valid loss: 1.6153
Epoch 18: train acc: 0.3840 train loss: 1.5011 valid acc: 0.2541 valid loss: 1.6310
Epoch 19: train acc: 0.3971 train loss: 1.4843 valid acc: 0.2460 valid loss: 1.6488
Epoch 20: train acc: 0.3871 train loss: 1.4823 valid acc: 0.2604 valid loss: 1.6251
Epoch 21: train acc: 0.4097 train loss: 1.4688 valid acc: 0.2914 valid loss: 1.6261
Epoch 22: train acc: 0.4254 train loss: 1.4625 valid acc: 0.2550 valid loss: 1.6126
Epoch 23: train acc: 0.4174 train loss: 1.4594 valid acc: 0.2734 valid loss: 1.6125
Epoch 24: train acc: 0.4379 train loss: 1.4596 valid acc: 0.2616 valid loss: 1.6316
Epoch 25: train acc: 0.4394 train loss: 1.4382 valid acc: 0.2620 valid loss: 1.6298
Epoch 26: train acc: 0.4232 train loss: 1.4457 valid acc: 0.2334 valid loss: 1.6225
Epoch 27: train acc: 0.4571 train loss: 1.4406 valid acc: 0.2679 valid loss: 1.6243
Epoch 28: train acc: 0.4426 train loss: 1.4425 valid acc: 0.2397 valid loss: 1.6125
Epoch 29: train acc: 0.4452 train loss: 1.4267 valid acc: 0.2448 valid loss: 1.6193
Epoch 30: train acc: 0.4269 train loss: 1.4281 valid acc: 0.2655 valid loss: 1.6030
Epoch 31: train acc: 0.4540 train loss: 1.4169 valid acc: 0.2436 valid loss: 1.6197
Epoch 32: train acc: 0.4448 train loss: 1.4180 valid acc: 0.2698 valid loss: 1.6094
Epoch 33: train acc: 0.4360 train loss: 1.4300 valid acc: 0.2523 valid loss: 1.6122
Epoch 34: train acc: 0.4500 train loss: 1.4098 valid acc: 0.2686 valid loss: 1.6212
Epoch 35: train acc: 0.4810 train loss: 1.3910 valid acc: 0.2722 valid loss: 1.6101
Epoch 36: train acc: 0.4656 train loss: 1.3934 valid acc: 0.2742 valid loss: 1.6107
Epoch 37: train acc: 0.4775 train loss: 1.3909 valid acc: 0.2511 valid loss: 1.6201
Epoch 38: train acc: 0.4646 train loss: 1.3949 valid acc: 0.3199 valid loss: 1.6162
Epoch 39: train acc: 0.4604 train loss: 1.3848 valid acc: 0.2598 valid loss: 1.6124
Epoch 40: train acc: 0.4666 train loss: 1.3893 valid acc: 0.2734 valid loss: 1.6166
Epoch 41: train acc: 0.4706 train loss: 1.3879 valid acc: 0.3172 valid loss: 1.6173
Epoch 42: train acc: 0.4607 train loss: 1.4026 valid acc: 0.2484 valid loss: 1.6251
Epoch 43: train acc: 0.4822 train loss: 1.3719 valid acc: 0.2757 valid loss: 1.6077
Epoch 44: train acc: 0.4664 train loss: 1.3863 valid acc: 0.2628 valid loss: 1.6062
Epoch 45: train acc: 0.4856 train loss: 1.3845 valid acc: 0.2878 valid loss: 1.6253
Epoch 46: train acc: 0.5054 train loss: 1.3543 valid acc: 0.2581 valid loss: 1.6260
Epoch 47: train acc: 0.4739 train loss: 1.3681 valid acc: 0.2526 valid loss: 1.6158
Epoch 48: train acc: 0.4875 train loss: 1.3530 valid acc: 0.2968 valid loss: 1.6190
Epoch 49: train acc: 0.4622 train loss: 1.3729 valid acc: 0.2472 valid loss: 1.6251
Run 07: test acc: 0.3265 test loss: 1.6222
Epoch 00: train acc: 0.2246 train loss: 1.7058 valid acc: 0.2076 valid loss: 1.6877
Epoch 01: train acc: 0.2654 train loss: 1.6680 valid acc: 0.2917 valid loss: 1.6515
Epoch 02: train acc: 0.2606 train loss: 1.6384 valid acc: 0.2397 valid loss: 1.6550
Epoch 03: train acc: 0.3085 train loss: 1.6224 valid acc: 0.2202 valid loss: 1.6572
Epoch 04: train acc: 0.2859 train loss: 1.6092 valid acc: 0.2926 valid loss: 1.6381
Epoch 05: train acc: 0.3341 train loss: 1.5927 valid acc: 0.2788 valid loss: 1.6304
Epoch 06: train acc: 0.3305 train loss: 1.5780 valid acc: 0.2604 valid loss: 1.6312
Epoch 07: train acc: 0.3292 train loss: 1.5999 valid acc: 0.3106 valid loss: 1.6445
Epoch 08: train acc: 0.3322 train loss: 1.6098 valid acc: 0.2496 valid loss: 1.6808
Epoch 09: train acc: 0.3159 train loss: 1.5808 valid acc: 0.2883 valid loss: 1.6211
Epoch 10: train acc: 0.3300 train loss: 1.5680 valid acc: 0.2887 valid loss: 1.6283
Epoch 11: train acc: 0.3805 train loss: 1.5439 valid acc: 0.2914 valid loss: 1.6107
Epoch 12: train acc: 0.4179 train loss: 1.5272 valid acc: 0.2977 valid loss: 1.6096
Epoch 13: train acc: 0.4049 train loss: 1.5266 valid acc: 0.2647 valid loss: 1.6123
Epoch 14: train acc: 0.4109 train loss: 1.5154 valid acc: 0.2535 valid loss: 1.6178
Epoch 15: train acc: 0.3562 train loss: 1.5320 valid acc: 0.2995 valid loss: 1.6355
Epoch 16: train acc: 0.3181 train loss: 1.5251 valid acc: 0.2679 valid loss: 1.6311
Epoch 17: train acc: 0.3596 train loss: 1.5270 valid acc: 0.2797 valid loss: 1.6002
Epoch 18: train acc: 0.4039 train loss: 1.5088 valid acc: 0.2698 valid loss: 1.6117
Epoch 19: train acc: 0.4030 train loss: 1.4994 valid acc: 0.2890 valid loss: 1.6066
Epoch 20: train acc: 0.4317 train loss: 1.4739 valid acc: 0.2661 valid loss: 1.6101
Epoch 21: train acc: 0.4140 train loss: 1.4710 valid acc: 0.3019 valid loss: 1.6031
Epoch 22: train acc: 0.4150 train loss: 1.4730 valid acc: 0.2643 valid loss: 1.5982
Epoch 23: train acc: 0.4519 train loss: 1.4583 valid acc: 0.3067 valid loss: 1.5948
Epoch 24: train acc: 0.4123 train loss: 1.4599 valid acc: 0.3094 valid loss: 1.6037
Epoch 25: train acc: 0.4132 train loss: 1.4670 valid acc: 0.2827 valid loss: 1.6195
Epoch 26: train acc: 0.4327 train loss: 1.4579 valid acc: 0.2550 valid loss: 1.6107
Epoch 27: train acc: 0.4244 train loss: 1.4436 valid acc: 0.2785 valid loss: 1.6059
Epoch 28: train acc: 0.4101 train loss: 1.4785 valid acc: 0.2980 valid loss: 1.6041
Epoch 29: train acc: 0.3993 train loss: 1.4581 valid acc: 0.2773 valid loss: 1.6135
Epoch 30: train acc: 0.4389 train loss: 1.4425 valid acc: 0.2761 valid loss: 1.6121
Epoch 31: train acc: 0.4277 train loss: 1.4447 valid acc: 0.2793 valid loss: 1.5905
Epoch 32: train acc: 0.4573 train loss: 1.4329 valid acc: 0.2871 valid loss: 1.5945
Epoch 33: train acc: 0.4775 train loss: 1.4157 valid acc: 0.2667 valid loss: 1.6028
Epoch 34: train acc: 0.4705 train loss: 1.4286 valid acc: 0.2746 valid loss: 1.5974
Epoch 35: train acc: 0.4561 train loss: 1.4128 valid acc: 0.2695 valid loss: 1.5920
Epoch 36: train acc: 0.5059 train loss: 1.4018 valid acc: 0.2698 valid loss: 1.6046
Epoch 37: train acc: 0.4544 train loss: 1.4281 valid acc: 0.2608 valid loss: 1.6014
Epoch 38: train acc: 0.4662 train loss: 1.4151 valid acc: 0.2761 valid loss: 1.5974
Epoch 39: train acc: 0.4815 train loss: 1.4050 valid acc: 0.2667 valid loss: 1.6000
Epoch 40: train acc: 0.4911 train loss: 1.3981 valid acc: 0.2706 valid loss: 1.5906
Epoch 41: train acc: 0.4656 train loss: 1.4015 valid acc: 0.3007 valid loss: 1.5966
Epoch 42: train acc: 0.4841 train loss: 1.3926 valid acc: 0.2647 valid loss: 1.5873
Epoch 43: train acc: 0.4682 train loss: 1.4008 valid acc: 0.2749 valid loss: 1.6004
Epoch 44: train acc: 0.4936 train loss: 1.3928 valid acc: 0.2746 valid loss: 1.5902
Epoch 45: train acc: 0.4791 train loss: 1.4029 valid acc: 0.2647 valid loss: 1.6075
Epoch 46: train acc: 0.4861 train loss: 1.3988 valid acc: 0.2761 valid loss: 1.5997
Epoch 47: train acc: 0.4908 train loss: 1.3886 valid acc: 0.2640 valid loss: 1.6004
Epoch 48: train acc: 0.5012 train loss: 1.4103 valid acc: 0.2706 valid loss: 1.6068
Epoch 49: train acc: 0.4844 train loss: 1.3835 valid acc: 0.2455 valid loss: 1.6044
Run 08: test acc: 0.2998 test loss: 1.6219
Epoch 00: train acc: 0.2202 train loss: 1.7010 valid acc: 0.2424 valid loss: 1.6679
Epoch 01: train acc: 0.2508 train loss: 1.6671 valid acc: 0.2565 valid loss: 1.6685
Epoch 02: train acc: 0.2768 train loss: 1.6298 valid acc: 0.1956 valid loss: 1.6621
Epoch 03: train acc: 0.2838 train loss: 1.6222 valid acc: 0.2659 valid loss: 1.6470
Epoch 04: train acc: 0.3020 train loss: 1.6100 valid acc: 0.2226 valid loss: 1.6726
Epoch 05: train acc: 0.2962 train loss: 1.6146 valid acc: 0.2827 valid loss: 1.6286
Epoch 06: train acc: 0.3450 train loss: 1.5764 valid acc: 0.2511 valid loss: 1.6408
Epoch 07: train acc: 0.3071 train loss: 1.5876 valid acc: 0.2256 valid loss: 1.6555
Epoch 08: train acc: 0.3163 train loss: 1.5839 valid acc: 0.2722 valid loss: 1.6311
Epoch 09: train acc: 0.3718 train loss: 1.5626 valid acc: 0.2788 valid loss: 1.6475
Epoch 10: train acc: 0.3754 train loss: 1.5376 valid acc: 0.2848 valid loss: 1.6252
Epoch 11: train acc: 0.3891 train loss: 1.5469 valid acc: 0.2832 valid loss: 1.6313
Epoch 12: train acc: 0.3331 train loss: 1.5422 valid acc: 0.2436 valid loss: 1.6305
Epoch 13: train acc: 0.4159 train loss: 1.5213 valid acc: 0.2766 valid loss: 1.6121
Epoch 14: train acc: 0.3863 train loss: 1.5188 valid acc: 0.2839 valid loss: 1.6110
Epoch 15: train acc: 0.4154 train loss: 1.4981 valid acc: 0.3199 valid loss: 1.6133
Epoch 16: train acc: 0.3867 train loss: 1.5147 valid acc: 0.2436 valid loss: 1.6328
Epoch 17: train acc: 0.3901 train loss: 1.5057 valid acc: 0.2917 valid loss: 1.6188
Epoch 18: train acc: 0.3696 train loss: 1.5188 valid acc: 0.2956 valid loss: 1.6299
Epoch 19: train acc: 0.3702 train loss: 1.4842 valid acc: 0.2911 valid loss: 1.6374
Epoch 20: train acc: 0.4071 train loss: 1.4879 valid acc: 0.2800 valid loss: 1.6130
Epoch 21: train acc: 0.3953 train loss: 1.4797 valid acc: 0.2394 valid loss: 1.6428
Epoch 22: train acc: 0.3574 train loss: 1.4802 valid acc: 0.2824 valid loss: 1.6101
Epoch 23: train acc: 0.4223 train loss: 1.4530 valid acc: 0.3193 valid loss: 1.6099
Epoch 24: train acc: 0.3867 train loss: 1.4531 valid acc: 0.2761 valid loss: 1.6357
Epoch 25: train acc: 0.4315 train loss: 1.4376 valid acc: 0.2809 valid loss: 1.6202
Epoch 26: train acc: 0.4047 train loss: 1.4416 valid acc: 0.2565 valid loss: 1.6092
Epoch 27: train acc: 0.4495 train loss: 1.4457 valid acc: 0.2797 valid loss: 1.6192
Epoch 28: train acc: 0.4396 train loss: 1.4188 valid acc: 0.2899 valid loss: 1.6140
Epoch 29: train acc: 0.4462 train loss: 1.4198 valid acc: 0.2730 valid loss: 1.6143
Epoch 30: train acc: 0.4496 train loss: 1.4218 valid acc: 0.2839 valid loss: 1.6127
Epoch 31: train acc: 0.4622 train loss: 1.4150 valid acc: 0.2667 valid loss: 1.6126
Epoch 32: train acc: 0.4722 train loss: 1.4044 valid acc: 0.2679 valid loss: 1.6081
Epoch 33: train acc: 0.4636 train loss: 1.3960 valid acc: 0.2773 valid loss: 1.6105
Epoch 34: train acc: 0.4609 train loss: 1.3962 valid acc: 0.2623 valid loss: 1.6176
Epoch 35: train acc: 0.4302 train loss: 1.4232 valid acc: 0.2671 valid loss: 1.6232
Epoch 36: train acc: 0.4444 train loss: 1.4106 valid acc: 0.2643 valid loss: 1.6194
Epoch 37: train acc: 0.4490 train loss: 1.4034 valid acc: 0.2715 valid loss: 1.6090
Epoch 38: train acc: 0.4910 train loss: 1.3848 valid acc: 0.2788 valid loss: 1.6069
Epoch 39: train acc: 0.4456 train loss: 1.3943 valid acc: 0.2502 valid loss: 1.6306
Epoch 40: train acc: 0.4775 train loss: 1.3804 valid acc: 0.2632 valid loss: 1.6060
Epoch 41: train acc: 0.4766 train loss: 1.3781 valid acc: 0.2667 valid loss: 1.6095
Epoch 42: train acc: 0.4979 train loss: 1.3594 valid acc: 0.2553 valid loss: 1.6116
Epoch 43: train acc: 0.4897 train loss: 1.3684 valid acc: 0.2538 valid loss: 1.6086
Epoch 44: train acc: 0.4682 train loss: 1.3717 valid acc: 0.2608 valid loss: 1.6097
Epoch 45: train acc: 0.4840 train loss: 1.3743 valid acc: 0.2613 valid loss: 1.6021
Epoch 46: train acc: 0.4775 train loss: 1.3679 valid acc: 0.2592 valid loss: 1.6141
Epoch 47: train acc: 0.4820 train loss: 1.3702 valid acc: 0.2659 valid loss: 1.6174
Epoch 48: train acc: 0.5079 train loss: 1.3589 valid acc: 0.2793 valid loss: 1.6160
Epoch 49: train acc: 0.4822 train loss: 1.3633 valid acc: 0.2655 valid loss: 1.6190
Run 09: test acc: 0.2832 test loss: 1.6299
Test acc: 0.3091 (0.0159), loss: 1.6234 (0.0072)
DONE
