Starting script
GCDC Yahoo
Epoch 00: train acc: 0.4539 train loss: 1.0529 valid acc: 0.5078 valid loss: 1.0366
Epoch 01: train acc: 0.4932 train loss: 1.0186 valid acc: 0.5664 valid loss: 0.9946
Epoch 02: train acc: 0.5055 train loss: 1.0097 valid acc: 0.5117 valid loss: 1.0028
Epoch 03: train acc: 0.5123 train loss: 1.0061 valid acc: 0.4180 valid loss: 1.0618
Epoch 04: train acc: 0.5127 train loss: 1.0001 valid acc: 0.6289 valid loss: 0.9373
Epoch 05: train acc: 0.5109 train loss: 0.9912 valid acc: 0.5977 valid loss: 0.9907
Epoch 06: train acc: 0.5186 train loss: 0.9839 valid acc: 0.6289 valid loss: 0.9542
Epoch 07: train acc: 0.5125 train loss: 0.9782 valid acc: 0.6094 valid loss: 0.9683
Epoch 08: train acc: 0.5482 train loss: 0.9723 valid acc: 0.5469 valid loss: 0.9722
Epoch 09: train acc: 0.5373 train loss: 0.9676 valid acc: 0.5273 valid loss: 1.0386
Epoch 10: train acc: 0.5529 train loss: 0.9584 valid acc: 0.5664 valid loss: 1.0007
Epoch 11: train acc: 0.5662 train loss: 0.9519 valid acc: 0.5234 valid loss: 1.0000
Epoch 12: train acc: 0.5652 train loss: 0.9501 valid acc: 0.5391 valid loss: 0.9726
Epoch 13: train acc: 0.5590 train loss: 0.9472 valid acc: 0.6172 valid loss: 0.9375
Epoch 14: train acc: 0.5715 train loss: 0.9379 valid acc: 0.5391 valid loss: 1.0077
Epoch 15: train acc: 0.5914 train loss: 0.9295 valid acc: 0.6016 valid loss: 0.9533
Epoch 16: train acc: 0.5881 train loss: 0.9292 valid acc: 0.5273 valid loss: 1.0245
Epoch 17: train acc: 0.5902 train loss: 0.9295 valid acc: 0.4219 valid loss: 1.0619
Epoch 18: train acc: 0.5971 train loss: 0.9162 valid acc: 0.6289 valid loss: 0.9342
Epoch 19: train acc: 0.5947 train loss: 0.9149 valid acc: 0.5508 valid loss: 0.9874
Epoch 20: train acc: 0.6018 train loss: 0.9139 valid acc: 0.5469 valid loss: 1.0270
Epoch 21: train acc: 0.6195 train loss: 0.9087 valid acc: 0.6094 valid loss: 0.9447
Epoch 22: train acc: 0.6146 train loss: 0.9011 valid acc: 0.5508 valid loss: 0.9486
Epoch 23: train acc: 0.6068 train loss: 0.8992 valid acc: 0.5938 valid loss: 0.9162
Epoch 24: train acc: 0.6139 train loss: 0.8961 valid acc: 0.5312 valid loss: 0.9795
Epoch 25: train acc: 0.6178 train loss: 0.8982 valid acc: 0.5781 valid loss: 0.9715
Epoch 26: train acc: 0.6266 train loss: 0.8889 valid acc: 0.6133 valid loss: 0.9650
Epoch 27: train acc: 0.6191 train loss: 0.8855 valid acc: 0.5977 valid loss: 0.9317
Epoch 28: train acc: 0.6268 train loss: 0.8802 valid acc: 0.5430 valid loss: 0.9833
Epoch 29: train acc: 0.6166 train loss: 0.8893 valid acc: 0.6055 valid loss: 0.9411
Epoch 30: train acc: 0.6303 train loss: 0.8806 valid acc: 0.5664 valid loss: 0.9707
Epoch 31: train acc: 0.6166 train loss: 0.8783 valid acc: 0.5508 valid loss: 0.9241
Epoch 32: train acc: 0.6264 train loss: 0.8750 valid acc: 0.5898 valid loss: 0.9701
Epoch 33: train acc: 0.6244 train loss: 0.8751 valid acc: 0.6055 valid loss: 0.9472
Epoch 34: train acc: 0.6293 train loss: 0.8719 valid acc: 0.5625 valid loss: 0.9357
Epoch 35: train acc: 0.6314 train loss: 0.8655 valid acc: 0.5781 valid loss: 0.9792
Epoch 36: train acc: 0.6338 train loss: 0.8654 valid acc: 0.6445 valid loss: 0.8903
Epoch 37: train acc: 0.6301 train loss: 0.8654 valid acc: 0.6094 valid loss: 0.9528
Epoch 38: train acc: 0.6344 train loss: 0.8635 valid acc: 0.6016 valid loss: 0.9488
Epoch 39: train acc: 0.6238 train loss: 0.8670 valid acc: 0.6289 valid loss: 0.9139
Epoch 40: train acc: 0.6186 train loss: 0.8629 valid acc: 0.5898 valid loss: 0.8958
Epoch 41: train acc: 0.6260 train loss: 0.8633 valid acc: 0.6172 valid loss: 0.8925
Epoch 42: train acc: 0.6297 train loss: 0.8590 valid acc: 0.6172 valid loss: 0.9134
Epoch 43: train acc: 0.6367 train loss: 0.8575 valid acc: 0.5781 valid loss: 0.9685
Epoch 44: train acc: 0.6326 train loss: 0.8606 valid acc: 0.6445 valid loss: 0.9171
Epoch 45: train acc: 0.6371 train loss: 0.8581 valid acc: 0.5859 valid loss: 0.9631
Epoch 46: train acc: 0.6344 train loss: 0.8516 valid acc: 0.5898 valid loss: 0.9551
Epoch 47: train acc: 0.6338 train loss: 0.8522 valid acc: 0.6367 valid loss: 0.8823
Epoch 48: train acc: 0.6320 train loss: 0.8551 valid acc: 0.5312 valid loss: 1.0457
Epoch 49: train acc: 0.6346 train loss: 0.8544 valid acc: 0.5781 valid loss: 0.9532
Run 00: test acc: 0.5492 test loss: 0.9878
Epoch 00: train acc: 0.4783 train loss: 1.0441 valid acc: 0.5664 valid loss: 0.9762
Epoch 01: train acc: 0.4965 train loss: 1.0122 valid acc: 0.5430 valid loss: 1.0007
Epoch 02: train acc: 0.4986 train loss: 1.0039 valid acc: 0.5664 valid loss: 0.9592
Epoch 03: train acc: 0.5250 train loss: 0.9964 valid acc: 0.3789 valid loss: 1.0726
Epoch 04: train acc: 0.5098 train loss: 0.9957 valid acc: 0.5977 valid loss: 0.9695
Epoch 05: train acc: 0.5363 train loss: 0.9861 valid acc: 0.5820 valid loss: 0.9514
Epoch 06: train acc: 0.5332 train loss: 0.9735 valid acc: 0.5273 valid loss: 1.0211
Epoch 07: train acc: 0.5402 train loss: 0.9653 valid acc: 0.6406 valid loss: 0.9085
Epoch 08: train acc: 0.5408 train loss: 0.9636 valid acc: 0.5820 valid loss: 0.9547
Epoch 09: train acc: 0.5742 train loss: 0.9567 valid acc: 0.5078 valid loss: 1.0510
Epoch 10: train acc: 0.5656 train loss: 0.9420 valid acc: 0.6484 valid loss: 0.9166
Epoch 11: train acc: 0.5818 train loss: 0.9346 valid acc: 0.5703 valid loss: 0.9567
Epoch 12: train acc: 0.5867 train loss: 0.9295 valid acc: 0.5742 valid loss: 0.9388
Epoch 13: train acc: 0.5934 train loss: 0.9262 valid acc: 0.6211 valid loss: 0.9354
Epoch 14: train acc: 0.5959 train loss: 0.9232 valid acc: 0.5781 valid loss: 0.9560
Epoch 15: train acc: 0.5898 train loss: 0.9139 valid acc: 0.5703 valid loss: 0.9755
Epoch 16: train acc: 0.5984 train loss: 0.9032 valid acc: 0.5820 valid loss: 0.9305
Epoch 17: train acc: 0.6035 train loss: 0.8941 valid acc: 0.5156 valid loss: 1.0021
Epoch 18: train acc: 0.6121 train loss: 0.8990 valid acc: 0.5781 valid loss: 0.9587
Epoch 19: train acc: 0.6232 train loss: 0.8892 valid acc: 0.6055 valid loss: 0.9443
Epoch 20: train acc: 0.6162 train loss: 0.8818 valid acc: 0.6094 valid loss: 0.9644
Epoch 21: train acc: 0.6219 train loss: 0.8757 valid acc: 0.5664 valid loss: 0.9453
Epoch 22: train acc: 0.6211 train loss: 0.8779 valid acc: 0.5977 valid loss: 0.9474
Epoch 23: train acc: 0.6215 train loss: 0.8696 valid acc: 0.5469 valid loss: 0.9589
Epoch 24: train acc: 0.6270 train loss: 0.8655 valid acc: 0.5273 valid loss: 1.0078
Epoch 25: train acc: 0.6266 train loss: 0.8659 valid acc: 0.5781 valid loss: 0.9618
Epoch 26: train acc: 0.6232 train loss: 0.8613 valid acc: 0.5117 valid loss: 0.9927
Epoch 27: train acc: 0.6297 train loss: 0.8585 valid acc: 0.6641 valid loss: 0.8715
Epoch 28: train acc: 0.6285 train loss: 0.8535 valid acc: 0.5859 valid loss: 0.9348
Epoch 29: train acc: 0.6254 train loss: 0.8511 valid acc: 0.5469 valid loss: 0.9399
Epoch 30: train acc: 0.6324 train loss: 0.8487 valid acc: 0.6094 valid loss: 0.9401
Epoch 31: train acc: 0.6363 train loss: 0.8441 valid acc: 0.6172 valid loss: 0.8872
Epoch 32: train acc: 0.6230 train loss: 0.8495 valid acc: 0.6367 valid loss: 0.9017
Epoch 33: train acc: 0.6357 train loss: 0.8488 valid acc: 0.6211 valid loss: 0.9070
Epoch 34: train acc: 0.6363 train loss: 0.8446 valid acc: 0.5898 valid loss: 0.9343
Epoch 35: train acc: 0.6318 train loss: 0.8449 valid acc: 0.5781 valid loss: 0.9238
Epoch 36: train acc: 0.6406 train loss: 0.8393 valid acc: 0.5273 valid loss: 0.9623
Epoch 37: train acc: 0.6420 train loss: 0.8355 valid acc: 0.6172 valid loss: 0.8803
Epoch 38: train acc: 0.6359 train loss: 0.8367 valid acc: 0.5547 valid loss: 0.9393
Epoch 39: train acc: 0.6234 train loss: 0.8413 valid acc: 0.5781 valid loss: 0.9533
Epoch 40: train acc: 0.6324 train loss: 0.8283 valid acc: 0.6406 valid loss: 0.8992
Epoch 41: train acc: 0.6404 train loss: 0.8277 valid acc: 0.5938 valid loss: 0.9264
Epoch 42: train acc: 0.6414 train loss: 0.8289 valid acc: 0.5898 valid loss: 0.9542
Epoch 43: train acc: 0.6406 train loss: 0.8207 valid acc: 0.6797 valid loss: 0.8246
Epoch 44: train acc: 0.6402 train loss: 0.8237 valid acc: 0.5312 valid loss: 0.9919
Epoch 45: train acc: 0.6400 train loss: 0.8217 valid acc: 0.5469 valid loss: 0.9530
Epoch 46: train acc: 0.6371 train loss: 0.8279 valid acc: 0.5938 valid loss: 0.9786
Epoch 47: train acc: 0.6469 train loss: 0.8186 valid acc: 0.5742 valid loss: 0.9710
Epoch 48: train acc: 0.6406 train loss: 0.8181 valid acc: 0.5391 valid loss: 0.9626
Epoch 49: train acc: 0.6514 train loss: 0.8184 valid acc: 0.5430 valid loss: 1.0472
Run 01: test acc: 0.5617 test loss: 0.9806
Epoch 00: train acc: 0.4816 train loss: 1.0419 valid acc: 0.4844 valid loss: 1.0093
Epoch 01: train acc: 0.5008 train loss: 1.0161 valid acc: 0.5898 valid loss: 0.9687
Epoch 02: train acc: 0.5094 train loss: 1.0061 valid acc: 0.5742 valid loss: 0.9725
Epoch 03: train acc: 0.5133 train loss: 1.0064 valid acc: 0.5195 valid loss: 1.0133
Epoch 04: train acc: 0.5188 train loss: 0.9926 valid acc: 0.5195 valid loss: 1.0026
Epoch 05: train acc: 0.5164 train loss: 0.9864 valid acc: 0.5703 valid loss: 0.9832
Epoch 06: train acc: 0.5371 train loss: 0.9816 valid acc: 0.5391 valid loss: 0.9897
Epoch 07: train acc: 0.5340 train loss: 0.9778 valid acc: 0.6055 valid loss: 0.9177
Epoch 08: train acc: 0.5695 train loss: 0.9685 valid acc: 0.6016 valid loss: 0.9510
Epoch 09: train acc: 0.5414 train loss: 0.9628 valid acc: 0.5898 valid loss: 0.9311
Epoch 10: train acc: 0.5578 train loss: 0.9615 valid acc: 0.5508 valid loss: 0.9987
Epoch 11: train acc: 0.5801 train loss: 0.9460 valid acc: 0.5117 valid loss: 1.0098
Epoch 12: train acc: 0.5639 train loss: 0.9406 valid acc: 0.5352 valid loss: 0.9799
Epoch 13: train acc: 0.5924 train loss: 0.9311 valid acc: 0.5938 valid loss: 0.9644
Epoch 14: train acc: 0.5924 train loss: 0.9220 valid acc: 0.5664 valid loss: 0.9557
Epoch 15: train acc: 0.6025 train loss: 0.9162 valid acc: 0.5703 valid loss: 0.9698
Epoch 16: train acc: 0.6045 train loss: 0.9146 valid acc: 0.6016 valid loss: 0.9390
Epoch 17: train acc: 0.6025 train loss: 0.9206 valid acc: 0.6289 valid loss: 0.9210
Epoch 18: train acc: 0.6027 train loss: 0.9065 valid acc: 0.5664 valid loss: 0.9543
Epoch 19: train acc: 0.6055 train loss: 0.8999 valid acc: 0.5430 valid loss: 0.9926
Epoch 20: train acc: 0.6240 train loss: 0.8918 valid acc: 0.6250 valid loss: 0.9095
Epoch 21: train acc: 0.6064 train loss: 0.8929 valid acc: 0.5664 valid loss: 0.9626
Epoch 22: train acc: 0.5906 train loss: 0.8974 valid acc: 0.6133 valid loss: 0.9130
Epoch 23: train acc: 0.6225 train loss: 0.8878 valid acc: 0.5703 valid loss: 0.9718
Epoch 24: train acc: 0.6193 train loss: 0.8756 valid acc: 0.5352 valid loss: 0.9475
Epoch 25: train acc: 0.6256 train loss: 0.8742 valid acc: 0.5586 valid loss: 0.9875
Epoch 26: train acc: 0.6193 train loss: 0.8738 valid acc: 0.5977 valid loss: 0.9315
Epoch 27: train acc: 0.6260 train loss: 0.8723 valid acc: 0.6055 valid loss: 0.9322
Epoch 28: train acc: 0.6242 train loss: 0.8628 valid acc: 0.6055 valid loss: 0.9409
Epoch 29: train acc: 0.6361 train loss: 0.8642 valid acc: 0.6484 valid loss: 0.8862
Epoch 30: train acc: 0.6285 train loss: 0.8617 valid acc: 0.5977 valid loss: 0.9473
Epoch 31: train acc: 0.6381 train loss: 0.8575 valid acc: 0.5469 valid loss: 1.0052
Epoch 32: train acc: 0.6340 train loss: 0.8515 valid acc: 0.5508 valid loss: 0.9839
Epoch 33: train acc: 0.6320 train loss: 0.8542 valid acc: 0.6133 valid loss: 0.9438
Epoch 34: train acc: 0.6396 train loss: 0.8506 valid acc: 0.6016 valid loss: 0.9364
Epoch 35: train acc: 0.6273 train loss: 0.8505 valid acc: 0.6328 valid loss: 0.8995
Epoch 36: train acc: 0.6322 train loss: 0.8466 valid acc: 0.5664 valid loss: 0.9643
Epoch 37: train acc: 0.6299 train loss: 0.8429 valid acc: 0.6211 valid loss: 0.8805
Epoch 38: train acc: 0.6248 train loss: 0.8453 valid acc: 0.5586 valid loss: 0.9672
Epoch 39: train acc: 0.6365 train loss: 0.8376 valid acc: 0.5938 valid loss: 0.9402
Epoch 40: train acc: 0.6342 train loss: 0.8365 valid acc: 0.6875 valid loss: 0.8644
Epoch 41: train acc: 0.6350 train loss: 0.8376 valid acc: 0.6289 valid loss: 0.8826
Epoch 42: train acc: 0.6328 train loss: 0.8339 valid acc: 0.6172 valid loss: 0.8823
Epoch 43: train acc: 0.6393 train loss: 0.8328 valid acc: 0.6172 valid loss: 0.8781
Epoch 44: train acc: 0.6445 train loss: 0.8281 valid acc: 0.5938 valid loss: 0.9110
Epoch 45: train acc: 0.6463 train loss: 0.8218 valid acc: 0.6055 valid loss: 0.9247
Epoch 46: train acc: 0.6447 train loss: 0.8271 valid acc: 0.5234 valid loss: 1.0048
Epoch 47: train acc: 0.6467 train loss: 0.8241 valid acc: 0.5898 valid loss: 0.9524
Epoch 48: train acc: 0.6344 train loss: 0.8299 valid acc: 0.5977 valid loss: 0.9366
Epoch 49: train acc: 0.6418 train loss: 0.8196 valid acc: 0.5977 valid loss: 0.9207
Run 02: test acc: 0.5551 test loss: 0.9683
Epoch 00: train acc: 0.4785 train loss: 1.0457 valid acc: 0.5898 valid loss: 0.9830
Epoch 01: train acc: 0.5018 train loss: 1.0140 valid acc: 0.5898 valid loss: 0.9709
Epoch 02: train acc: 0.5037 train loss: 1.0054 valid acc: 0.5352 valid loss: 0.9774
Epoch 03: train acc: 0.5125 train loss: 1.0064 valid acc: 0.5430 valid loss: 0.9572
Epoch 04: train acc: 0.5205 train loss: 0.9873 valid acc: 0.5703 valid loss: 0.9700
Epoch 05: train acc: 0.5275 train loss: 0.9818 valid acc: 0.5547 valid loss: 0.9895
Epoch 06: train acc: 0.5275 train loss: 0.9775 valid acc: 0.5547 valid loss: 1.0182
Epoch 07: train acc: 0.5533 train loss: 0.9716 valid acc: 0.6172 valid loss: 0.9274
Epoch 08: train acc: 0.5576 train loss: 0.9665 valid acc: 0.5234 valid loss: 0.9977
Epoch 09: train acc: 0.5717 train loss: 0.9624 valid acc: 0.6055 valid loss: 0.9808
Epoch 10: train acc: 0.5602 train loss: 0.9547 valid acc: 0.5938 valid loss: 0.9677
Epoch 11: train acc: 0.5803 train loss: 0.9446 valid acc: 0.5781 valid loss: 0.9636
Epoch 12: train acc: 0.5766 train loss: 0.9424 valid acc: 0.5391 valid loss: 0.9933
Epoch 13: train acc: 0.5955 train loss: 0.9369 valid acc: 0.6250 valid loss: 0.9374
Epoch 14: train acc: 0.5828 train loss: 0.9316 valid acc: 0.5391 valid loss: 1.0148
Epoch 15: train acc: 0.5961 train loss: 0.9246 valid acc: 0.5625 valid loss: 0.9321
Epoch 16: train acc: 0.5885 train loss: 0.9215 valid acc: 0.5703 valid loss: 0.9814
Epoch 17: train acc: 0.6219 train loss: 0.9145 valid acc: 0.6172 valid loss: 0.9397
Epoch 18: train acc: 0.5828 train loss: 0.9126 valid acc: 0.5156 valid loss: 1.0068
Epoch 19: train acc: 0.6074 train loss: 0.9050 valid acc: 0.5977 valid loss: 0.9369
Epoch 20: train acc: 0.6188 train loss: 0.9018 valid acc: 0.5977 valid loss: 0.9477
Epoch 21: train acc: 0.6107 train loss: 0.8979 valid acc: 0.6016 valid loss: 0.9214
Epoch 22: train acc: 0.6100 train loss: 0.8948 valid acc: 0.5664 valid loss: 0.9782
Epoch 23: train acc: 0.6236 train loss: 0.8900 valid acc: 0.6328 valid loss: 0.9038
Epoch 24: train acc: 0.6234 train loss: 0.8843 valid acc: 0.6172 valid loss: 0.9171
Epoch 25: train acc: 0.6029 train loss: 0.8896 valid acc: 0.6250 valid loss: 0.9137
Epoch 26: train acc: 0.6262 train loss: 0.8843 valid acc: 0.5703 valid loss: 0.9766
Epoch 27: train acc: 0.6148 train loss: 0.8816 valid acc: 0.5977 valid loss: 0.9263
Epoch 28: train acc: 0.6283 train loss: 0.8750 valid acc: 0.5469 valid loss: 0.9679
Epoch 29: train acc: 0.6320 train loss: 0.8726 valid acc: 0.6250 valid loss: 0.9036
Epoch 30: train acc: 0.6281 train loss: 0.8717 valid acc: 0.6406 valid loss: 0.9081
Epoch 31: train acc: 0.6316 train loss: 0.8641 valid acc: 0.5195 valid loss: 1.0077
Epoch 32: train acc: 0.6105 train loss: 0.8696 valid acc: 0.5898 valid loss: 0.9317
Epoch 33: train acc: 0.6121 train loss: 0.8729 valid acc: 0.5664 valid loss: 0.9429
Epoch 34: train acc: 0.6352 train loss: 0.8602 valid acc: 0.6250 valid loss: 0.8920
Epoch 35: train acc: 0.6260 train loss: 0.8602 valid acc: 0.5781 valid loss: 0.9911
Epoch 36: train acc: 0.6270 train loss: 0.8562 valid acc: 0.6055 valid loss: 0.9434
Epoch 37: train acc: 0.6248 train loss: 0.8522 valid acc: 0.5898 valid loss: 0.9347
Epoch 38: train acc: 0.6332 train loss: 0.8535 valid acc: 0.6250 valid loss: 0.8900
Epoch 39: train acc: 0.6314 train loss: 0.8501 valid acc: 0.5977 valid loss: 0.9146
Epoch 40: train acc: 0.6355 train loss: 0.8487 valid acc: 0.6016 valid loss: 0.9233
Epoch 41: train acc: 0.6371 train loss: 0.8486 valid acc: 0.6328 valid loss: 0.8750
Epoch 42: train acc: 0.6348 train loss: 0.8442 valid acc: 0.5195 valid loss: 0.9764
Epoch 43: train acc: 0.6299 train loss: 0.8431 valid acc: 0.6328 valid loss: 0.9034
Epoch 44: train acc: 0.6336 train loss: 0.8421 valid acc: 0.6289 valid loss: 0.8873
Epoch 45: train acc: 0.6377 train loss: 0.8441 valid acc: 0.5664 valid loss: 0.9717
Epoch 46: train acc: 0.6314 train loss: 0.8423 valid acc: 0.6523 valid loss: 0.9025
Epoch 47: train acc: 0.6402 train loss: 0.8415 valid acc: 0.6289 valid loss: 0.8869
Epoch 48: train acc: 0.6410 train loss: 0.8344 valid acc: 0.5742 valid loss: 0.9525
Epoch 49: train acc: 0.6398 train loss: 0.8343 valid acc: 0.5703 valid loss: 0.9408
Run 03: test acc: 0.5547 test loss: 0.9878
Epoch 00: train acc: 0.4896 train loss: 1.0415 valid acc: 0.5664 valid loss: 0.9615
Epoch 01: train acc: 0.5115 train loss: 1.0084 valid acc: 0.5000 valid loss: 1.0565
Epoch 02: train acc: 0.4938 train loss: 1.0074 valid acc: 0.6016 valid loss: 0.9361
Epoch 03: train acc: 0.5100 train loss: 1.0006 valid acc: 0.5625 valid loss: 0.9505
Epoch 04: train acc: 0.5209 train loss: 0.9891 valid acc: 0.5117 valid loss: 1.0088
Epoch 05: train acc: 0.5146 train loss: 0.9786 valid acc: 0.5742 valid loss: 0.9398
Epoch 06: train acc: 0.5410 train loss: 0.9730 valid acc: 0.4922 valid loss: 1.0613
Epoch 07: train acc: 0.5465 train loss: 0.9611 valid acc: 0.5742 valid loss: 0.9691
Epoch 08: train acc: 0.5500 train loss: 0.9582 valid acc: 0.6016 valid loss: 0.9200
Epoch 09: train acc: 0.5543 train loss: 0.9492 valid acc: 0.6406 valid loss: 0.9192
Epoch 10: train acc: 0.5717 train loss: 0.9414 valid acc: 0.6055 valid loss: 0.9691
Epoch 11: train acc: 0.5666 train loss: 0.9399 valid acc: 0.5391 valid loss: 1.0203
Epoch 12: train acc: 0.5900 train loss: 0.9303 valid acc: 0.5391 valid loss: 0.9867
Epoch 13: train acc: 0.5748 train loss: 0.9258 valid acc: 0.5898 valid loss: 0.9514
Epoch 14: train acc: 0.6041 train loss: 0.9214 valid acc: 0.5391 valid loss: 0.9992
Epoch 15: train acc: 0.5816 train loss: 0.9228 valid acc: 0.5391 valid loss: 1.0022
Epoch 16: train acc: 0.5992 train loss: 0.9104 valid acc: 0.5938 valid loss: 0.9452
Epoch 17: train acc: 0.6088 train loss: 0.9090 valid acc: 0.5898 valid loss: 0.9753
Epoch 18: train acc: 0.5723 train loss: 0.9224 valid acc: 0.5898 valid loss: 0.9030
Epoch 19: train acc: 0.6133 train loss: 0.9039 valid acc: 0.5391 valid loss: 0.9847
Epoch 20: train acc: 0.5920 train loss: 0.9026 valid acc: 0.5391 valid loss: 1.0146
Epoch 21: train acc: 0.6150 train loss: 0.8910 valid acc: 0.5586 valid loss: 0.9482
Epoch 22: train acc: 0.6205 train loss: 0.8901 valid acc: 0.5625 valid loss: 0.9737
Epoch 23: train acc: 0.6152 train loss: 0.8844 valid acc: 0.5430 valid loss: 0.9864
Epoch 24: train acc: 0.6277 train loss: 0.8856 valid acc: 0.6562 valid loss: 0.8910
Epoch 25: train acc: 0.6256 train loss: 0.8797 valid acc: 0.5703 valid loss: 0.9705
Epoch 26: train acc: 0.6121 train loss: 0.8837 valid acc: 0.5430 valid loss: 1.0114
Epoch 27: train acc: 0.6201 train loss: 0.8764 valid acc: 0.5703 valid loss: 0.9233
Epoch 28: train acc: 0.6270 train loss: 0.8701 valid acc: 0.5664 valid loss: 0.9543
Epoch 29: train acc: 0.6324 train loss: 0.8702 valid acc: 0.6211 valid loss: 0.9087
Epoch 30: train acc: 0.6320 train loss: 0.8650 valid acc: 0.5508 valid loss: 0.9667
Epoch 31: train acc: 0.6350 train loss: 0.8634 valid acc: 0.6758 valid loss: 0.8351
Epoch 32: train acc: 0.6322 train loss: 0.8611 valid acc: 0.6016 valid loss: 0.9435
Epoch 33: train acc: 0.6354 train loss: 0.8605 valid acc: 0.6250 valid loss: 0.9093
Epoch 34: train acc: 0.6398 train loss: 0.8562 valid acc: 0.5742 valid loss: 0.9763
Epoch 35: train acc: 0.6309 train loss: 0.8548 valid acc: 0.6211 valid loss: 0.8923
Epoch 36: train acc: 0.6279 train loss: 0.8589 valid acc: 0.6250 valid loss: 0.9327
Epoch 37: train acc: 0.6230 train loss: 0.8586 valid acc: 0.5703 valid loss: 0.9383
Epoch 38: train acc: 0.6318 train loss: 0.8538 valid acc: 0.6523 valid loss: 0.8753
Epoch 39: train acc: 0.6359 train loss: 0.8517 valid acc: 0.5703 valid loss: 0.9775
Epoch 40: train acc: 0.6301 train loss: 0.8538 valid acc: 0.5977 valid loss: 0.9159
Epoch 41: train acc: 0.6293 train loss: 0.8520 valid acc: 0.5430 valid loss: 0.9497
Epoch 42: train acc: 0.6320 train loss: 0.8474 valid acc: 0.5508 valid loss: 0.9874
Epoch 43: train acc: 0.6365 train loss: 0.8424 valid acc: 0.5703 valid loss: 0.9648
Epoch 44: train acc: 0.6336 train loss: 0.8470 valid acc: 0.6523 valid loss: 0.8599
Epoch 45: train acc: 0.6332 train loss: 0.8436 valid acc: 0.6289 valid loss: 0.9038
Epoch 46: train acc: 0.6355 train loss: 0.8425 valid acc: 0.5703 valid loss: 0.9626
Epoch 47: train acc: 0.6363 train loss: 0.8452 valid acc: 0.5703 valid loss: 0.9688
Epoch 48: train acc: 0.6373 train loss: 0.8404 valid acc: 0.5469 valid loss: 0.9580
Epoch 49: train acc: 0.6322 train loss: 0.8427 valid acc: 0.6523 valid loss: 0.8637
Run 04: test acc: 0.5715 test loss: 0.9606
Epoch 00: train acc: 0.4824 train loss: 1.0293 valid acc: 0.5156 valid loss: 1.0285
Epoch 01: train acc: 0.4996 train loss: 1.0050 valid acc: 0.5117 valid loss: 0.9861
Epoch 02: train acc: 0.5098 train loss: 0.9985 valid acc: 0.5703 valid loss: 1.0043
Epoch 03: train acc: 0.5264 train loss: 0.9913 valid acc: 0.5781 valid loss: 0.9418
Epoch 04: train acc: 0.5135 train loss: 0.9817 valid acc: 0.5312 valid loss: 1.0294
Epoch 05: train acc: 0.5328 train loss: 0.9751 valid acc: 0.6289 valid loss: 0.9566
Epoch 06: train acc: 0.5756 train loss: 0.9664 valid acc: 0.5547 valid loss: 0.9862
Epoch 07: train acc: 0.5430 train loss: 0.9581 valid acc: 0.6133 valid loss: 0.9505
Epoch 08: train acc: 0.5738 train loss: 0.9531 valid acc: 0.6055 valid loss: 0.9552
Epoch 09: train acc: 0.5662 train loss: 0.9423 valid acc: 0.5938 valid loss: 1.0016
Epoch 10: train acc: 0.5766 train loss: 0.9428 valid acc: 0.5039 valid loss: 0.9915
Epoch 11: train acc: 0.6031 train loss: 0.9298 valid acc: 0.6445 valid loss: 0.9098
Epoch 12: train acc: 0.6055 train loss: 0.9223 valid acc: 0.6484 valid loss: 0.8884
Epoch 13: train acc: 0.6037 train loss: 0.9175 valid acc: 0.5859 valid loss: 0.9512
Epoch 14: train acc: 0.5922 train loss: 0.9113 valid acc: 0.6406 valid loss: 0.8979
Epoch 15: train acc: 0.5984 train loss: 0.9073 valid acc: 0.5312 valid loss: 1.0020
Epoch 16: train acc: 0.6129 train loss: 0.9013 valid acc: 0.5469 valid loss: 1.0108
Epoch 17: train acc: 0.6104 train loss: 0.8938 valid acc: 0.5938 valid loss: 0.9608
Epoch 18: train acc: 0.6113 train loss: 0.8931 valid acc: 0.4805 valid loss: 1.0057
Epoch 19: train acc: 0.6107 train loss: 0.8910 valid acc: 0.6602 valid loss: 0.9268
Epoch 20: train acc: 0.6229 train loss: 0.8792 valid acc: 0.5625 valid loss: 0.9887
Epoch 21: train acc: 0.6203 train loss: 0.8800 valid acc: 0.5859 valid loss: 0.9348
Epoch 22: train acc: 0.6152 train loss: 0.8773 valid acc: 0.5625 valid loss: 0.9977
Epoch 23: train acc: 0.6176 train loss: 0.8693 valid acc: 0.6406 valid loss: 0.9131
Epoch 24: train acc: 0.6326 train loss: 0.8684 valid acc: 0.5352 valid loss: 0.9694
Epoch 25: train acc: 0.6256 train loss: 0.8663 valid acc: 0.5078 valid loss: 0.9762
Epoch 26: train acc: 0.6350 train loss: 0.8564 valid acc: 0.5742 valid loss: 0.9267
Epoch 27: train acc: 0.6268 train loss: 0.8542 valid acc: 0.5391 valid loss: 0.9788
Epoch 28: train acc: 0.6215 train loss: 0.8551 valid acc: 0.6172 valid loss: 0.9042
Epoch 29: train acc: 0.6326 train loss: 0.8488 valid acc: 0.6094 valid loss: 0.9286
Epoch 30: train acc: 0.6270 train loss: 0.8516 valid acc: 0.5352 valid loss: 1.0042
Epoch 31: train acc: 0.6324 train loss: 0.8461 valid acc: 0.5273 valid loss: 0.9709
Epoch 32: train acc: 0.6182 train loss: 0.8492 valid acc: 0.5469 valid loss: 0.9843
Epoch 33: train acc: 0.6365 train loss: 0.8452 valid acc: 0.5742 valid loss: 0.9464
Epoch 34: train acc: 0.6373 train loss: 0.8396 valid acc: 0.5039 valid loss: 1.0114
Epoch 35: train acc: 0.6385 train loss: 0.8378 valid acc: 0.6016 valid loss: 0.9694
Epoch 36: train acc: 0.6361 train loss: 0.8324 valid acc: 0.5781 valid loss: 0.9777
Epoch 37: train acc: 0.6320 train loss: 0.8342 valid acc: 0.6250 valid loss: 0.9071
Epoch 38: train acc: 0.6354 train loss: 0.8353 valid acc: 0.5938 valid loss: 0.9031
Epoch 39: train acc: 0.6391 train loss: 0.8308 valid acc: 0.5781 valid loss: 0.9530
Epoch 40: train acc: 0.6330 train loss: 0.8274 valid acc: 0.4922 valid loss: 1.0896
Epoch 41: train acc: 0.6408 train loss: 0.8267 valid acc: 0.6055 valid loss: 0.9418
Epoch 42: train acc: 0.6346 train loss: 0.8257 valid acc: 0.5742 valid loss: 0.9921
Epoch 43: train acc: 0.6414 train loss: 0.8251 valid acc: 0.6250 valid loss: 0.8947
Epoch 44: train acc: 0.6404 train loss: 0.8260 valid acc: 0.6680 valid loss: 0.8855
Epoch 45: train acc: 0.6408 train loss: 0.8194 valid acc: 0.5859 valid loss: 0.9432
Epoch 46: train acc: 0.6430 train loss: 0.8213 valid acc: 0.5742 valid loss: 0.9403
Epoch 47: train acc: 0.6436 train loss: 0.8209 valid acc: 0.5703 valid loss: 0.9983
Epoch 48: train acc: 0.6395 train loss: 0.8220 valid acc: 0.6211 valid loss: 0.8700
Epoch 49: train acc: 0.6348 train loss: 0.8239 valid acc: 0.5703 valid loss: 0.9596
Run 05: test acc: 0.5945 test loss: 0.9321
Epoch 00: train acc: 0.4771 train loss: 1.0423 valid acc: 0.5078 valid loss: 1.0385
Epoch 01: train acc: 0.4949 train loss: 1.0125 valid acc: 0.5391 valid loss: 1.0437
Epoch 02: train acc: 0.5031 train loss: 1.0040 valid acc: 0.6211 valid loss: 0.9713
Epoch 03: train acc: 0.5188 train loss: 0.9949 valid acc: 0.6523 valid loss: 0.9033
Epoch 04: train acc: 0.5217 train loss: 0.9901 valid acc: 0.6016 valid loss: 0.9313
Epoch 05: train acc: 0.5305 train loss: 0.9890 valid acc: 0.6016 valid loss: 0.9789
Epoch 06: train acc: 0.5256 train loss: 0.9754 valid acc: 0.5117 valid loss: 1.0347
Epoch 07: train acc: 0.5654 train loss: 0.9634 valid acc: 0.4961 valid loss: 1.0214
Epoch 08: train acc: 0.5395 train loss: 0.9576 valid acc: 0.5273 valid loss: 0.9969
Epoch 09: train acc: 0.5670 train loss: 0.9502 valid acc: 0.5508 valid loss: 0.9587
Epoch 10: train acc: 0.5807 train loss: 0.9467 valid acc: 0.5898 valid loss: 0.9650
Epoch 11: train acc: 0.5666 train loss: 0.9346 valid acc: 0.5625 valid loss: 0.9617
Epoch 12: train acc: 0.5967 train loss: 0.9312 valid acc: 0.6016 valid loss: 0.9297
Epoch 13: train acc: 0.6039 train loss: 0.9236 valid acc: 0.6250 valid loss: 0.9288
Epoch 14: train acc: 0.5912 train loss: 0.9195 valid acc: 0.5742 valid loss: 0.9667
Epoch 15: train acc: 0.6053 train loss: 0.9182 valid acc: 0.5664 valid loss: 0.9693
Epoch 16: train acc: 0.6018 train loss: 0.9096 valid acc: 0.5664 valid loss: 0.9582
Epoch 17: train acc: 0.6008 train loss: 0.9031 valid acc: 0.6289 valid loss: 0.8964
Epoch 18: train acc: 0.6256 train loss: 0.9015 valid acc: 0.5508 valid loss: 1.0149
Epoch 19: train acc: 0.6082 train loss: 0.8983 valid acc: 0.6367 valid loss: 0.9087
Epoch 20: train acc: 0.6283 train loss: 0.8862 valid acc: 0.6328 valid loss: 0.8965
Epoch 21: train acc: 0.6225 train loss: 0.8859 valid acc: 0.5547 valid loss: 0.9673
Epoch 22: train acc: 0.6139 train loss: 0.8894 valid acc: 0.6016 valid loss: 0.9082
Epoch 23: train acc: 0.6154 train loss: 0.8830 valid acc: 0.5586 valid loss: 0.9519
Epoch 24: train acc: 0.6285 train loss: 0.8757 valid acc: 0.5820 valid loss: 0.9626
Epoch 25: train acc: 0.6182 train loss: 0.8770 valid acc: 0.5000 valid loss: 0.9802
Epoch 26: train acc: 0.6205 train loss: 0.8790 valid acc: 0.6406 valid loss: 0.8695
Epoch 27: train acc: 0.6307 train loss: 0.8706 valid acc: 0.5820 valid loss: 0.9673
Epoch 28: train acc: 0.6326 train loss: 0.8654 valid acc: 0.5859 valid loss: 0.9277
Epoch 29: train acc: 0.6324 train loss: 0.8652 valid acc: 0.6406 valid loss: 0.9207
Epoch 30: train acc: 0.6289 train loss: 0.8669 valid acc: 0.6211 valid loss: 0.9235
Epoch 31: train acc: 0.6301 train loss: 0.8624 valid acc: 0.5664 valid loss: 0.9654
Epoch 32: train acc: 0.6254 train loss: 0.8658 valid acc: 0.5781 valid loss: 0.9591
Epoch 33: train acc: 0.6285 train loss: 0.8581 valid acc: 0.6562 valid loss: 0.8580
Epoch 34: train acc: 0.6340 train loss: 0.8586 valid acc: 0.5820 valid loss: 0.9552
Epoch 35: train acc: 0.6285 train loss: 0.8580 valid acc: 0.6406 valid loss: 0.9119
Epoch 36: train acc: 0.6260 train loss: 0.8534 valid acc: 0.6172 valid loss: 0.9427
Epoch 37: train acc: 0.6234 train loss: 0.8550 valid acc: 0.5938 valid loss: 0.9813
Epoch 38: train acc: 0.6309 train loss: 0.8484 valid acc: 0.5391 valid loss: 0.9845
Epoch 39: train acc: 0.6336 train loss: 0.8564 valid acc: 0.5820 valid loss: 0.9904
Epoch 40: train acc: 0.6359 train loss: 0.8492 valid acc: 0.6328 valid loss: 0.8946
Epoch 41: train acc: 0.6324 train loss: 0.8459 valid acc: 0.5469 valid loss: 0.9863
Epoch 42: train acc: 0.6385 train loss: 0.8421 valid acc: 0.6406 valid loss: 0.8711
Epoch 43: train acc: 0.6307 train loss: 0.8441 valid acc: 0.6094 valid loss: 0.9274
Epoch 44: train acc: 0.6422 train loss: 0.8407 valid acc: 0.6641 valid loss: 0.8869
Epoch 45: train acc: 0.6371 train loss: 0.8496 valid acc: 0.6328 valid loss: 0.8825
Epoch 46: train acc: 0.6348 train loss: 0.8392 valid acc: 0.6328 valid loss: 0.8684
Epoch 47: train acc: 0.6328 train loss: 0.8394 valid acc: 0.6367 valid loss: 0.8994
Epoch 48: train acc: 0.6320 train loss: 0.8427 valid acc: 0.6172 valid loss: 0.8882
Epoch 49: train acc: 0.6445 train loss: 0.8359 valid acc: 0.6641 valid loss: 0.8532
Run 06: test acc: 0.5516 test loss: 0.9763
Epoch 00: train acc: 0.4840 train loss: 1.0350 valid acc: 0.5625 valid loss: 0.9587
Epoch 01: train acc: 0.4996 train loss: 1.0120 valid acc: 0.4805 valid loss: 1.0385
Epoch 02: train acc: 0.4977 train loss: 1.0027 valid acc: 0.6172 valid loss: 0.9081
Epoch 03: train acc: 0.5094 train loss: 0.9942 valid acc: 0.5703 valid loss: 0.9690
Epoch 04: train acc: 0.5414 train loss: 0.9862 valid acc: 0.4688 valid loss: 1.0934
Epoch 05: train acc: 0.5211 train loss: 0.9926 valid acc: 0.5508 valid loss: 1.0090
Epoch 06: train acc: 0.5420 train loss: 0.9792 valid acc: 0.6094 valid loss: 0.9768
Epoch 07: train acc: 0.5549 train loss: 0.9612 valid acc: 0.5547 valid loss: 0.9609
Epoch 08: train acc: 0.5539 train loss: 0.9573 valid acc: 0.5820 valid loss: 0.9977
Epoch 09: train acc: 0.5611 train loss: 0.9585 valid acc: 0.5625 valid loss: 0.9636
Epoch 10: train acc: 0.5547 train loss: 0.9495 valid acc: 0.5820 valid loss: 0.9508
Epoch 11: train acc: 0.5775 train loss: 0.9358 valid acc: 0.5469 valid loss: 0.9532
Epoch 12: train acc: 0.6070 train loss: 0.9310 valid acc: 0.5664 valid loss: 0.9544
Epoch 13: train acc: 0.5861 train loss: 0.9309 valid acc: 0.5312 valid loss: 0.9768
Epoch 14: train acc: 0.5967 train loss: 0.9309 valid acc: 0.5664 valid loss: 0.9905
Epoch 15: train acc: 0.5969 train loss: 0.9156 valid acc: 0.5664 valid loss: 0.9458
Epoch 16: train acc: 0.5961 train loss: 0.9157 valid acc: 0.5312 valid loss: 0.9758
Epoch 17: train acc: 0.6027 train loss: 0.9081 valid acc: 0.6133 valid loss: 0.8921
Epoch 18: train acc: 0.5914 train loss: 0.9072 valid acc: 0.5859 valid loss: 0.9237
Epoch 19: train acc: 0.6184 train loss: 0.9005 valid acc: 0.5078 valid loss: 1.0095
Epoch 20: train acc: 0.6123 train loss: 0.8997 valid acc: 0.6211 valid loss: 0.8959
Epoch 21: train acc: 0.6074 train loss: 0.8970 valid acc: 0.5273 valid loss: 0.9978
Epoch 22: train acc: 0.6049 train loss: 0.8995 valid acc: 0.5391 valid loss: 1.0116
Epoch 23: train acc: 0.6178 train loss: 0.8893 valid acc: 0.5859 valid loss: 0.9625
Epoch 24: train acc: 0.6201 train loss: 0.8871 valid acc: 0.5938 valid loss: 0.9427
Epoch 25: train acc: 0.6256 train loss: 0.8814 valid acc: 0.6328 valid loss: 0.9283
Epoch 26: train acc: 0.6219 train loss: 0.8810 valid acc: 0.6250 valid loss: 0.9106
Epoch 27: train acc: 0.6234 train loss: 0.8765 valid acc: 0.5938 valid loss: 0.9862
Epoch 28: train acc: 0.6127 train loss: 0.8770 valid acc: 0.6289 valid loss: 0.9086
Epoch 29: train acc: 0.6092 train loss: 0.8949 valid acc: 0.5664 valid loss: 0.9521
Epoch 30: train acc: 0.6188 train loss: 0.8768 valid acc: 0.5352 valid loss: 0.9828
Epoch 31: train acc: 0.6188 train loss: 0.8663 valid acc: 0.6250 valid loss: 0.9178
Epoch 32: train acc: 0.6291 train loss: 0.8598 valid acc: 0.5938 valid loss: 0.9103
Epoch 33: train acc: 0.6229 train loss: 0.8617 valid acc: 0.5898 valid loss: 0.9499
Epoch 34: train acc: 0.6174 train loss: 0.8671 valid acc: 0.5898 valid loss: 0.9206
Epoch 35: train acc: 0.6248 train loss: 0.8579 valid acc: 0.6016 valid loss: 0.9541
Epoch 36: train acc: 0.6313 train loss: 0.8570 valid acc: 0.5977 valid loss: 0.9352
Epoch 37: train acc: 0.6354 train loss: 0.8516 valid acc: 0.6250 valid loss: 0.9047
Epoch 38: train acc: 0.6318 train loss: 0.8467 valid acc: 0.5430 valid loss: 0.9830
Epoch 39: train acc: 0.6393 train loss: 0.8478 valid acc: 0.5352 valid loss: 1.0066
Epoch 40: train acc: 0.6346 train loss: 0.8490 valid acc: 0.5664 valid loss: 0.9711
Epoch 41: train acc: 0.6227 train loss: 0.8456 valid acc: 0.5469 valid loss: 0.9672
Epoch 42: train acc: 0.6373 train loss: 0.8443 valid acc: 0.5664 valid loss: 0.9166
Epoch 43: train acc: 0.6297 train loss: 0.8410 valid acc: 0.5977 valid loss: 0.9284
Epoch 44: train acc: 0.6365 train loss: 0.8408 valid acc: 0.6797 valid loss: 0.8365
Epoch 45: train acc: 0.6348 train loss: 0.8392 valid acc: 0.6055 valid loss: 0.9573
Epoch 46: train acc: 0.6326 train loss: 0.8405 valid acc: 0.6289 valid loss: 0.9112
Epoch 47: train acc: 0.6369 train loss: 0.8371 valid acc: 0.5508 valid loss: 0.9801
Epoch 48: train acc: 0.6340 train loss: 0.8396 valid acc: 0.5938 valid loss: 0.9327
Epoch 49: train acc: 0.6359 train loss: 0.8360 valid acc: 0.6250 valid loss: 0.8993
Run 07: test acc: 0.5758 test loss: 0.9377
Epoch 00: train acc: 0.4660 train loss: 1.0276 valid acc: 0.5625 valid loss: 0.9846
Epoch 01: train acc: 0.4977 train loss: 1.0084 valid acc: 0.5352 valid loss: 0.9925
Epoch 02: train acc: 0.5043 train loss: 1.0024 valid acc: 0.4609 valid loss: 1.0158
Epoch 03: train acc: 0.5217 train loss: 0.9976 valid acc: 0.5742 valid loss: 1.0134
Epoch 04: train acc: 0.5133 train loss: 0.9878 valid acc: 0.5938 valid loss: 0.9786
Epoch 05: train acc: 0.5234 train loss: 0.9824 valid acc: 0.5820 valid loss: 0.9789
Epoch 06: train acc: 0.5434 train loss: 0.9721 valid acc: 0.5352 valid loss: 1.0080
Epoch 07: train acc: 0.5453 train loss: 0.9633 valid acc: 0.5859 valid loss: 1.0221
Epoch 08: train acc: 0.5736 train loss: 0.9619 valid acc: 0.5742 valid loss: 0.9345
Epoch 09: train acc: 0.5484 train loss: 0.9556 valid acc: 0.6211 valid loss: 0.9637
Epoch 10: train acc: 0.5820 train loss: 0.9376 valid acc: 0.6211 valid loss: 0.9215
Epoch 11: train acc: 0.5732 train loss: 0.9348 valid acc: 0.6172 valid loss: 0.9193
Epoch 12: train acc: 0.5951 train loss: 0.9307 valid acc: 0.5625 valid loss: 0.9893
Epoch 13: train acc: 0.5791 train loss: 0.9173 valid acc: 0.6016 valid loss: 0.9721
Epoch 14: train acc: 0.6104 train loss: 0.9136 valid acc: 0.6133 valid loss: 0.9250
Epoch 15: train acc: 0.6098 train loss: 0.9039 valid acc: 0.5547 valid loss: 0.9730
Epoch 16: train acc: 0.5947 train loss: 0.9025 valid acc: 0.5586 valid loss: 0.9778
Epoch 17: train acc: 0.6000 train loss: 0.8967 valid acc: 0.5234 valid loss: 0.9564
Epoch 18: train acc: 0.6119 train loss: 0.8919 valid acc: 0.5234 valid loss: 1.0065
Epoch 19: train acc: 0.6223 train loss: 0.8955 valid acc: 0.5781 valid loss: 0.9390
Epoch 20: train acc: 0.6223 train loss: 0.8742 valid acc: 0.5977 valid loss: 0.8822
Epoch 21: train acc: 0.6229 train loss: 0.8749 valid acc: 0.5469 valid loss: 1.0117
Epoch 22: train acc: 0.6145 train loss: 0.8744 valid acc: 0.5469 valid loss: 1.0195
Epoch 23: train acc: 0.6184 train loss: 0.8700 valid acc: 0.5898 valid loss: 0.9065
Epoch 24: train acc: 0.6207 train loss: 0.8704 valid acc: 0.6484 valid loss: 0.8744
Epoch 25: train acc: 0.6283 train loss: 0.8581 valid acc: 0.4883 valid loss: 0.9965
Epoch 26: train acc: 0.6160 train loss: 0.8682 valid acc: 0.5859 valid loss: 0.9005
Epoch 27: train acc: 0.6357 train loss: 0.8574 valid acc: 0.5742 valid loss: 0.9757
Epoch 28: train acc: 0.6416 train loss: 0.8555 valid acc: 0.6016 valid loss: 0.9448
Epoch 29: train acc: 0.6314 train loss: 0.8470 valid acc: 0.5078 valid loss: 1.0125
Epoch 30: train acc: 0.6281 train loss: 0.8580 valid acc: 0.5469 valid loss: 0.9679
Epoch 31: train acc: 0.6387 train loss: 0.8489 valid acc: 0.5742 valid loss: 0.9555
Epoch 32: train acc: 0.6393 train loss: 0.8468 valid acc: 0.5742 valid loss: 0.9642
Epoch 33: train acc: 0.6420 train loss: 0.8428 valid acc: 0.5430 valid loss: 0.9429
Epoch 34: train acc: 0.6268 train loss: 0.8452 valid acc: 0.5781 valid loss: 0.9750
Epoch 35: train acc: 0.6369 train loss: 0.8377 valid acc: 0.6250 valid loss: 0.9257
Epoch 36: train acc: 0.6371 train loss: 0.8378 valid acc: 0.6016 valid loss: 0.9037
Epoch 37: train acc: 0.6377 train loss: 0.8372 valid acc: 0.5156 valid loss: 0.9900
Epoch 38: train acc: 0.6418 train loss: 0.8343 valid acc: 0.5938 valid loss: 0.9059
Epoch 39: train acc: 0.6352 train loss: 0.8322 valid acc: 0.5703 valid loss: 0.9941
Epoch 40: train acc: 0.6361 train loss: 0.8360 valid acc: 0.5117 valid loss: 0.9979
Epoch 41: train acc: 0.6326 train loss: 0.8318 valid acc: 0.5703 valid loss: 0.9375
Epoch 42: train acc: 0.6320 train loss: 0.8320 valid acc: 0.5664 valid loss: 0.9482
Epoch 43: train acc: 0.6406 train loss: 0.8279 valid acc: 0.6016 valid loss: 0.9085
Epoch 44: train acc: 0.6391 train loss: 0.8305 valid acc: 0.5508 valid loss: 0.9512
Epoch 45: train acc: 0.6420 train loss: 0.8249 valid acc: 0.6289 valid loss: 0.9020
Epoch 46: train acc: 0.6414 train loss: 0.8251 valid acc: 0.5742 valid loss: 0.9676
Epoch 47: train acc: 0.6418 train loss: 0.8220 valid acc: 0.5859 valid loss: 0.9217
Epoch 48: train acc: 0.6480 train loss: 0.8203 valid acc: 0.5156 valid loss: 1.0456
Epoch 49: train acc: 0.6406 train loss: 0.8205 valid acc: 0.6250 valid loss: 0.8946
Run 08: test acc: 0.5516 test loss: 0.9632
Epoch 00: train acc: 0.4707 train loss: 1.0330 valid acc: 0.5703 valid loss: 1.0069
Epoch 01: train acc: 0.5000 train loss: 1.0121 valid acc: 0.5391 valid loss: 0.9958
Epoch 02: train acc: 0.4996 train loss: 1.0070 valid acc: 0.4805 valid loss: 1.0809
Epoch 03: train acc: 0.5066 train loss: 0.9985 valid acc: 0.5703 valid loss: 1.0066
Epoch 04: train acc: 0.5170 train loss: 0.9935 valid acc: 0.5664 valid loss: 0.9839
Epoch 05: train acc: 0.5186 train loss: 0.9804 valid acc: 0.5703 valid loss: 0.9607
Epoch 06: train acc: 0.5406 train loss: 0.9851 valid acc: 0.5820 valid loss: 0.9613
Epoch 07: train acc: 0.5309 train loss: 0.9693 valid acc: 0.4883 valid loss: 1.0209
Epoch 08: train acc: 0.5453 train loss: 0.9588 valid acc: 0.5859 valid loss: 0.9657
Epoch 09: train acc: 0.5666 train loss: 0.9517 valid acc: 0.5820 valid loss: 0.9633
Epoch 10: train acc: 0.5818 train loss: 0.9463 valid acc: 0.5234 valid loss: 0.9939
Epoch 11: train acc: 0.5777 train loss: 0.9456 valid acc: 0.5703 valid loss: 0.9879
Epoch 12: train acc: 0.5734 train loss: 0.9298 valid acc: 0.5625 valid loss: 0.9640
Epoch 13: train acc: 0.5914 train loss: 0.9270 valid acc: 0.6289 valid loss: 0.9327
Epoch 14: train acc: 0.6180 train loss: 0.9187 valid acc: 0.5391 valid loss: 0.9926
Epoch 15: train acc: 0.5975 train loss: 0.9089 valid acc: 0.5586 valid loss: 0.9745
Epoch 16: train acc: 0.6111 train loss: 0.9067 valid acc: 0.5664 valid loss: 0.9785
Epoch 17: train acc: 0.6131 train loss: 0.8960 valid acc: 0.5703 valid loss: 0.9700
Epoch 18: train acc: 0.6189 train loss: 0.8906 valid acc: 0.4883 valid loss: 0.9998
Epoch 19: train acc: 0.6164 train loss: 0.8913 valid acc: 0.5352 valid loss: 0.9737
Epoch 20: train acc: 0.6137 train loss: 0.8839 valid acc: 0.5156 valid loss: 0.9952
Epoch 21: train acc: 0.6213 train loss: 0.8826 valid acc: 0.5781 valid loss: 0.9670
Epoch 22: train acc: 0.6264 train loss: 0.8768 valid acc: 0.5664 valid loss: 0.9637
Epoch 23: train acc: 0.6313 train loss: 0.8672 valid acc: 0.5391 valid loss: 0.9933
Epoch 24: train acc: 0.6252 train loss: 0.8634 valid acc: 0.6289 valid loss: 0.9197
Epoch 25: train acc: 0.6234 train loss: 0.8602 valid acc: 0.5898 valid loss: 0.8746
Epoch 26: train acc: 0.6385 train loss: 0.8620 valid acc: 0.5391 valid loss: 0.9864
Epoch 27: train acc: 0.6139 train loss: 0.8588 valid acc: 0.5820 valid loss: 0.9242
Epoch 28: train acc: 0.6246 train loss: 0.8602 valid acc: 0.6016 valid loss: 0.8991
Epoch 29: train acc: 0.6262 train loss: 0.8533 valid acc: 0.5039 valid loss: 1.0699
Epoch 30: train acc: 0.6273 train loss: 0.8522 valid acc: 0.6523 valid loss: 0.8841
Epoch 31: train acc: 0.6213 train loss: 0.8510 valid acc: 0.5586 valid loss: 0.9988
Epoch 32: train acc: 0.6307 train loss: 0.8486 valid acc: 0.6016 valid loss: 0.9215
Epoch 33: train acc: 0.6328 train loss: 0.8437 valid acc: 0.6016 valid loss: 0.9151
Epoch 34: train acc: 0.6311 train loss: 0.8416 valid acc: 0.5586 valid loss: 0.9404
Epoch 35: train acc: 0.6385 train loss: 0.8386 valid acc: 0.5938 valid loss: 0.9455
Epoch 36: train acc: 0.6373 train loss: 0.8364 valid acc: 0.5078 valid loss: 0.9962
Epoch 37: train acc: 0.6348 train loss: 0.8335 valid acc: 0.5664 valid loss: 1.0037
Epoch 38: train acc: 0.6338 train loss: 0.8344 valid acc: 0.5859 valid loss: 0.9319
Epoch 39: train acc: 0.6424 train loss: 0.8287 valid acc: 0.6172 valid loss: 0.8681
Epoch 40: train acc: 0.6432 train loss: 0.8285 valid acc: 0.5352 valid loss: 0.9912
Epoch 41: train acc: 0.6266 train loss: 0.8349 valid acc: 0.5664 valid loss: 0.9471
Epoch 42: train acc: 0.6301 train loss: 0.8275 valid acc: 0.6016 valid loss: 0.9175
Epoch 43: train acc: 0.6410 train loss: 0.8235 valid acc: 0.5898 valid loss: 0.9084
Epoch 44: train acc: 0.6449 train loss: 0.8161 valid acc: 0.5586 valid loss: 0.9504
Epoch 45: train acc: 0.6438 train loss: 0.8188 valid acc: 0.5977 valid loss: 0.9420
Epoch 46: train acc: 0.6379 train loss: 0.8208 valid acc: 0.5703 valid loss: 0.9684
Epoch 47: train acc: 0.6447 train loss: 0.8179 valid acc: 0.5352 valid loss: 1.0160
Epoch 48: train acc: 0.6340 train loss: 0.8258 valid acc: 0.5664 valid loss: 0.9877
Epoch 49: train acc: 0.6438 train loss: 0.8145 valid acc: 0.6758 valid loss: 0.8314
Run 09: test acc: 0.5484 test loss: 0.9780
Test acc: 0.5614 (0.0141), loss: 0.9672 (0.0184)
DONE
