Starting script
GCDC Yelp
Epoch 00: train acc: 0.4951 train loss: 1.0340 valid acc: 0.5703 valid loss: 0.9773
Epoch 01: train acc: 0.5107 train loss: 1.0118 valid acc: 0.5703 valid loss: 0.9684
Epoch 02: train acc: 0.5131 train loss: 1.0097 valid acc: 0.5977 valid loss: 0.9901
Epoch 03: train acc: 0.5137 train loss: 0.9940 valid acc: 0.5117 valid loss: 0.9971
Epoch 04: train acc: 0.5164 train loss: 0.9980 valid acc: 0.5117 valid loss: 1.0423
Epoch 05: train acc: 0.5186 train loss: 0.9917 valid acc: 0.5312 valid loss: 0.9983
Epoch 06: train acc: 0.5107 train loss: 0.9894 valid acc: 0.5547 valid loss: 0.9542
Epoch 07: train acc: 0.5250 train loss: 0.9811 valid acc: 0.5039 valid loss: 1.0123
Epoch 08: train acc: 0.5260 train loss: 0.9728 valid acc: 0.4922 valid loss: 1.0243
Epoch 09: train acc: 0.5312 train loss: 0.9748 valid acc: 0.5156 valid loss: 1.0156
Epoch 10: train acc: 0.5365 train loss: 0.9738 valid acc: 0.4883 valid loss: 1.0308
Epoch 11: train acc: 0.5457 train loss: 0.9670 valid acc: 0.4609 valid loss: 1.0215
Epoch 12: train acc: 0.5439 train loss: 0.9612 valid acc: 0.4844 valid loss: 1.0352
Epoch 13: train acc: 0.5621 train loss: 0.9567 valid acc: 0.5430 valid loss: 0.9628
Epoch 14: train acc: 0.5365 train loss: 0.9532 valid acc: 0.4727 valid loss: 1.0540
Epoch 15: train acc: 0.5547 train loss: 0.9572 valid acc: 0.4883 valid loss: 1.0071
Epoch 16: train acc: 0.5561 train loss: 0.9535 valid acc: 0.4961 valid loss: 0.9910
Epoch 17: train acc: 0.5654 train loss: 0.9481 valid acc: 0.5586 valid loss: 0.9559
Epoch 18: train acc: 0.5611 train loss: 0.9434 valid acc: 0.5039 valid loss: 1.0240
Epoch 19: train acc: 0.5539 train loss: 0.9421 valid acc: 0.4336 valid loss: 1.0357
Epoch 20: train acc: 0.5717 train loss: 0.9419 valid acc: 0.4922 valid loss: 1.0128
Epoch 21: train acc: 0.5658 train loss: 0.9382 valid acc: 0.5078 valid loss: 1.0104
Epoch 22: train acc: 0.5520 train loss: 0.9399 valid acc: 0.4570 valid loss: 1.0492
Epoch 23: train acc: 0.5645 train loss: 0.9440 valid acc: 0.4727 valid loss: 1.0326
Epoch 24: train acc: 0.5637 train loss: 0.9296 valid acc: 0.5000 valid loss: 1.0257
Epoch 25: train acc: 0.5719 train loss: 0.9314 valid acc: 0.5820 valid loss: 0.9764
Epoch 26: train acc: 0.5795 train loss: 0.9264 valid acc: 0.5000 valid loss: 1.0089
Epoch 27: train acc: 0.5697 train loss: 0.9283 valid acc: 0.4648 valid loss: 1.0446
Epoch 28: train acc: 0.5727 train loss: 0.9225 valid acc: 0.4453 valid loss: 1.0470
Epoch 29: train acc: 0.5719 train loss: 0.9220 valid acc: 0.4922 valid loss: 0.9859
Epoch 30: train acc: 0.5725 train loss: 0.9194 valid acc: 0.4492 valid loss: 1.0499
Epoch 31: train acc: 0.5660 train loss: 0.9213 valid acc: 0.4062 valid loss: 1.0638
Epoch 32: train acc: 0.5809 train loss: 0.9179 valid acc: 0.5117 valid loss: 0.9776
Epoch 33: train acc: 0.5729 train loss: 0.9170 valid acc: 0.5000 valid loss: 1.0150
Epoch 34: train acc: 0.5830 train loss: 0.9142 valid acc: 0.5273 valid loss: 0.9965
Epoch 35: train acc: 0.5707 train loss: 0.9179 valid acc: 0.5117 valid loss: 1.0143
Epoch 36: train acc: 0.5816 train loss: 0.9110 valid acc: 0.5000 valid loss: 0.9937
Epoch 37: train acc: 0.5732 train loss: 0.9076 valid acc: 0.5195 valid loss: 1.0080
Epoch 38: train acc: 0.5703 train loss: 0.9148 valid acc: 0.4922 valid loss: 0.9932
Epoch 39: train acc: 0.5932 train loss: 0.9081 valid acc: 0.4297 valid loss: 1.0455
Epoch 40: train acc: 0.5721 train loss: 0.9103 valid acc: 0.4805 valid loss: 1.0408
Epoch 41: train acc: 0.5887 train loss: 0.9066 valid acc: 0.4023 valid loss: 1.0719
Epoch 42: train acc: 0.5742 train loss: 0.9087 valid acc: 0.4531 valid loss: 1.0802
Epoch 43: train acc: 0.5824 train loss: 0.9097 valid acc: 0.4766 valid loss: 1.0375
Epoch 44: train acc: 0.5867 train loss: 0.9027 valid acc: 0.3906 valid loss: 1.0547
Epoch 45: train acc: 0.5760 train loss: 0.9029 valid acc: 0.5078 valid loss: 1.0396
Epoch 46: train acc: 0.5842 train loss: 0.8979 valid acc: 0.4922 valid loss: 1.0070
Epoch 47: train acc: 0.5844 train loss: 0.9006 valid acc: 0.5117 valid loss: 1.0228
Epoch 48: train acc: 0.5926 train loss: 0.8972 valid acc: 0.5156 valid loss: 0.9898
Epoch 49: train acc: 0.5830 train loss: 0.8984 valid acc: 0.5000 valid loss: 1.0302
Run 00: test acc: 0.5395 test loss: 1.0117
Epoch 00: train acc: 0.5092 train loss: 1.0230 valid acc: 0.5977 valid loss: 0.9605
Epoch 01: train acc: 0.5107 train loss: 1.0091 valid acc: 0.5430 valid loss: 0.9810
Epoch 02: train acc: 0.5199 train loss: 0.9986 valid acc: 0.5664 valid loss: 0.9889
Epoch 03: train acc: 0.5176 train loss: 0.9947 valid acc: 0.4492 valid loss: 1.0542
Epoch 04: train acc: 0.5230 train loss: 1.0064 valid acc: 0.4766 valid loss: 1.0510
Epoch 05: train acc: 0.5309 train loss: 0.9764 valid acc: 0.5312 valid loss: 0.9527
Epoch 06: train acc: 0.5205 train loss: 0.9765 valid acc: 0.5352 valid loss: 0.9875
Epoch 07: train acc: 0.5369 train loss: 0.9656 valid acc: 0.5508 valid loss: 1.0035
Epoch 08: train acc: 0.5416 train loss: 0.9630 valid acc: 0.3984 valid loss: 1.0640
Epoch 09: train acc: 0.5453 train loss: 0.9577 valid acc: 0.5469 valid loss: 0.9812
Epoch 10: train acc: 0.5422 train loss: 0.9637 valid acc: 0.4336 valid loss: 1.0347
Epoch 11: train acc: 0.5457 train loss: 0.9544 valid acc: 0.4688 valid loss: 1.0362
Epoch 12: train acc: 0.5508 train loss: 0.9514 valid acc: 0.4688 valid loss: 1.0163
Epoch 13: train acc: 0.5531 train loss: 0.9452 valid acc: 0.4961 valid loss: 1.0175
Epoch 14: train acc: 0.5621 train loss: 0.9507 valid acc: 0.4570 valid loss: 1.0324
Epoch 15: train acc: 0.5555 train loss: 0.9471 valid acc: 0.4766 valid loss: 1.0415
Epoch 16: train acc: 0.5592 train loss: 0.9454 valid acc: 0.4141 valid loss: 1.0588
Epoch 17: train acc: 0.5738 train loss: 0.9363 valid acc: 0.5273 valid loss: 1.0144
Epoch 18: train acc: 0.5738 train loss: 0.9344 valid acc: 0.4336 valid loss: 1.0045
Epoch 19: train acc: 0.5596 train loss: 0.9301 valid acc: 0.4492 valid loss: 1.0475
Epoch 20: train acc: 0.5715 train loss: 0.9248 valid acc: 0.4688 valid loss: 0.9992
Epoch 21: train acc: 0.5723 train loss: 0.9243 valid acc: 0.4609 valid loss: 1.0378
Epoch 22: train acc: 0.5766 train loss: 0.9264 valid acc: 0.4609 valid loss: 1.0363
Epoch 23: train acc: 0.5717 train loss: 0.9247 valid acc: 0.4531 valid loss: 1.0218
Epoch 24: train acc: 0.5734 train loss: 0.9209 valid acc: 0.4375 valid loss: 1.0746
Epoch 25: train acc: 0.5732 train loss: 0.9185 valid acc: 0.4492 valid loss: 1.0644
Epoch 26: train acc: 0.5758 train loss: 0.9143 valid acc: 0.4805 valid loss: 1.0302
Epoch 27: train acc: 0.5801 train loss: 0.9128 valid acc: 0.4492 valid loss: 1.0139
Epoch 28: train acc: 0.5760 train loss: 0.9117 valid acc: 0.4492 valid loss: 1.0649
Epoch 29: train acc: 0.5738 train loss: 0.9130 valid acc: 0.5117 valid loss: 1.0264
Epoch 30: train acc: 0.5742 train loss: 0.9121 valid acc: 0.5391 valid loss: 0.9838
Epoch 31: train acc: 0.5777 train loss: 0.9071 valid acc: 0.4531 valid loss: 1.0489
Epoch 32: train acc: 0.5850 train loss: 0.9071 valid acc: 0.5117 valid loss: 0.9889
Epoch 33: train acc: 0.5775 train loss: 0.9068 valid acc: 0.4023 valid loss: 1.0863
Epoch 34: train acc: 0.5891 train loss: 0.9096 valid acc: 0.5117 valid loss: 1.0206
Epoch 35: train acc: 0.5834 train loss: 0.9039 valid acc: 0.4453 valid loss: 1.0326
Epoch 36: train acc: 0.5850 train loss: 0.9022 valid acc: 0.4922 valid loss: 1.0225
Epoch 37: train acc: 0.5822 train loss: 0.8991 valid acc: 0.5000 valid loss: 1.0160
Epoch 38: train acc: 0.5805 train loss: 0.8993 valid acc: 0.4688 valid loss: 1.0286
Epoch 39: train acc: 0.5969 train loss: 0.8951 valid acc: 0.4883 valid loss: 1.0266
Epoch 40: train acc: 0.5770 train loss: 0.8952 valid acc: 0.5508 valid loss: 0.9438
Epoch 41: train acc: 0.5900 train loss: 0.8940 valid acc: 0.4727 valid loss: 1.0198
Epoch 42: train acc: 0.5826 train loss: 0.8913 valid acc: 0.4648 valid loss: 1.0446
Epoch 43: train acc: 0.5916 train loss: 0.8892 valid acc: 0.4727 valid loss: 1.0341
Epoch 44: train acc: 0.5848 train loss: 0.8930 valid acc: 0.4961 valid loss: 0.9912
Epoch 45: train acc: 0.5840 train loss: 0.8927 valid acc: 0.3672 valid loss: 1.0903
Epoch 46: train acc: 0.5867 train loss: 0.8888 valid acc: 0.5000 valid loss: 0.9980
Epoch 47: train acc: 0.5922 train loss: 0.8877 valid acc: 0.5078 valid loss: 1.0356
Epoch 48: train acc: 0.5930 train loss: 0.8886 valid acc: 0.4336 valid loss: 1.0660
Epoch 49: train acc: 0.5863 train loss: 0.8879 valid acc: 0.4883 valid loss: 0.9979
Run 01: test acc: 0.5559 test loss: 0.9700
Epoch 00: train acc: 0.5025 train loss: 1.0395 valid acc: 0.5430 valid loss: 1.0105
Epoch 01: train acc: 0.5119 train loss: 1.0206 valid acc: 0.5430 valid loss: 1.0094
Epoch 02: train acc: 0.5096 train loss: 1.0075 valid acc: 0.5156 valid loss: 1.0162
Epoch 03: train acc: 0.5113 train loss: 0.9984 valid acc: 0.4883 valid loss: 1.0467
Epoch 04: train acc: 0.5090 train loss: 0.9940 valid acc: 0.5391 valid loss: 0.9768
Epoch 05: train acc: 0.5154 train loss: 0.9887 valid acc: 0.5508 valid loss: 0.9981
Epoch 06: train acc: 0.5189 train loss: 0.9855 valid acc: 0.5000 valid loss: 1.0156
Epoch 07: train acc: 0.5328 train loss: 0.9784 valid acc: 0.5352 valid loss: 0.9725
Epoch 08: train acc: 0.5148 train loss: 0.9828 valid acc: 0.5938 valid loss: 0.9332
Epoch 09: train acc: 0.5287 train loss: 0.9709 valid acc: 0.4023 valid loss: 1.0571
Epoch 10: train acc: 0.5316 train loss: 0.9654 valid acc: 0.5117 valid loss: 1.0101
Epoch 11: train acc: 0.5398 train loss: 0.9604 valid acc: 0.4648 valid loss: 1.0368
Epoch 12: train acc: 0.5527 train loss: 0.9571 valid acc: 0.4570 valid loss: 1.0267
Epoch 13: train acc: 0.5430 train loss: 0.9602 valid acc: 0.4023 valid loss: 1.0699
Epoch 14: train acc: 0.5523 train loss: 0.9521 valid acc: 0.5195 valid loss: 0.9618
Epoch 15: train acc: 0.5498 train loss: 0.9474 valid acc: 0.5117 valid loss: 0.9751
Epoch 16: train acc: 0.5551 train loss: 0.9380 valid acc: 0.5469 valid loss: 0.9985
Epoch 17: train acc: 0.5660 train loss: 0.9409 valid acc: 0.5430 valid loss: 0.9867
Epoch 18: train acc: 0.5711 train loss: 0.9364 valid acc: 0.4219 valid loss: 1.0357
Epoch 19: train acc: 0.5633 train loss: 0.9407 valid acc: 0.4883 valid loss: 1.0228
Epoch 20: train acc: 0.5721 train loss: 0.9320 valid acc: 0.4883 valid loss: 1.0211
Epoch 21: train acc: 0.5740 train loss: 0.9256 valid acc: 0.4609 valid loss: 1.0189
Epoch 22: train acc: 0.5654 train loss: 0.9288 valid acc: 0.5078 valid loss: 0.9904
Epoch 23: train acc: 0.5711 train loss: 0.9221 valid acc: 0.5078 valid loss: 0.9710
Epoch 24: train acc: 0.5750 train loss: 0.9207 valid acc: 0.3828 valid loss: 1.1243
Epoch 25: train acc: 0.5639 train loss: 0.9219 valid acc: 0.5664 valid loss: 0.9565
Epoch 26: train acc: 0.5742 train loss: 0.9170 valid acc: 0.5234 valid loss: 0.9954
Epoch 27: train acc: 0.5750 train loss: 0.9145 valid acc: 0.5547 valid loss: 1.0162
Epoch 28: train acc: 0.5789 train loss: 0.9108 valid acc: 0.5352 valid loss: 0.9903
Epoch 29: train acc: 0.5711 train loss: 0.9173 valid acc: 0.4961 valid loss: 1.0270
Epoch 30: train acc: 0.5768 train loss: 0.9084 valid acc: 0.5508 valid loss: 1.0099
Epoch 31: train acc: 0.5748 train loss: 0.9103 valid acc: 0.5195 valid loss: 1.0018
Epoch 32: train acc: 0.5762 train loss: 0.9035 valid acc: 0.5469 valid loss: 0.9508
Epoch 33: train acc: 0.5814 train loss: 0.9000 valid acc: 0.5391 valid loss: 0.9465
Epoch 34: train acc: 0.5916 train loss: 0.9003 valid acc: 0.5234 valid loss: 0.9678
Epoch 35: train acc: 0.5793 train loss: 0.9011 valid acc: 0.5469 valid loss: 0.9508
Epoch 36: train acc: 0.5748 train loss: 0.8979 valid acc: 0.5273 valid loss: 1.0099
Epoch 37: train acc: 0.5867 train loss: 0.8966 valid acc: 0.5078 valid loss: 0.9695
Epoch 38: train acc: 0.5846 train loss: 0.8954 valid acc: 0.4531 valid loss: 1.0869
Epoch 39: train acc: 0.5889 train loss: 0.8894 valid acc: 0.5469 valid loss: 1.0433
Epoch 40: train acc: 0.5965 train loss: 0.8914 valid acc: 0.5117 valid loss: 0.9801
Epoch 41: train acc: 0.5848 train loss: 0.8905 valid acc: 0.4922 valid loss: 1.0119
Epoch 42: train acc: 0.5992 train loss: 0.8898 valid acc: 0.5508 valid loss: 0.9637
Epoch 43: train acc: 0.5906 train loss: 0.8903 valid acc: 0.5469 valid loss: 0.9622
Epoch 44: train acc: 0.5914 train loss: 0.8859 valid acc: 0.5430 valid loss: 0.9877
Epoch 45: train acc: 0.5859 train loss: 0.8823 valid acc: 0.4766 valid loss: 0.9757
Epoch 46: train acc: 0.5955 train loss: 0.8851 valid acc: 0.5195 valid loss: 0.9721
Epoch 47: train acc: 0.5840 train loss: 0.8822 valid acc: 0.4883 valid loss: 0.9781
Epoch 48: train acc: 0.5947 train loss: 0.8808 valid acc: 0.4844 valid loss: 1.0022
Epoch 49: train acc: 0.5934 train loss: 0.8805 valid acc: 0.5273 valid loss: 1.0013
Run 02: test acc: 0.5469 test loss: 0.9843
Epoch 00: train acc: 0.5045 train loss: 1.0449 valid acc: 0.5703 valid loss: 0.9678
Epoch 01: train acc: 0.5084 train loss: 1.0157 valid acc: 0.5430 valid loss: 1.0049
Epoch 02: train acc: 0.5131 train loss: 1.0082 valid acc: 0.5703 valid loss: 0.9890
Epoch 03: train acc: 0.5107 train loss: 1.0029 valid acc: 0.5117 valid loss: 1.0074
Epoch 04: train acc: 0.5201 train loss: 0.9923 valid acc: 0.5977 valid loss: 0.9513
Epoch 05: train acc: 0.5166 train loss: 0.9899 valid acc: 0.4727 valid loss: 1.0296
Epoch 06: train acc: 0.5230 train loss: 0.9840 valid acc: 0.5078 valid loss: 1.0075
Epoch 07: train acc: 0.5330 train loss: 0.9746 valid acc: 0.6055 valid loss: 0.9319
Epoch 08: train acc: 0.5301 train loss: 0.9750 valid acc: 0.4688 valid loss: 1.0246
Epoch 09: train acc: 0.5266 train loss: 0.9757 valid acc: 0.4922 valid loss: 1.0321
Epoch 10: train acc: 0.5275 train loss: 0.9752 valid acc: 0.4453 valid loss: 1.0675
Epoch 11: train acc: 0.5451 train loss: 0.9650 valid acc: 0.4180 valid loss: 1.0476
Epoch 12: train acc: 0.5564 train loss: 0.9494 valid acc: 0.5977 valid loss: 0.8934
Epoch 13: train acc: 0.5502 train loss: 0.9495 valid acc: 0.4219 valid loss: 1.0445
Epoch 14: train acc: 0.5549 train loss: 0.9542 valid acc: 0.4219 valid loss: 1.0544
Epoch 15: train acc: 0.5416 train loss: 0.9484 valid acc: 0.4609 valid loss: 1.0719
Epoch 16: train acc: 0.5416 train loss: 0.9535 valid acc: 0.5664 valid loss: 0.9531
Epoch 17: train acc: 0.5604 train loss: 0.9522 valid acc: 0.5742 valid loss: 0.9375
Epoch 18: train acc: 0.5502 train loss: 0.9485 valid acc: 0.4414 valid loss: 1.1012
Epoch 19: train acc: 0.5779 train loss: 0.9374 valid acc: 0.3398 valid loss: 1.0987
Epoch 20: train acc: 0.5525 train loss: 0.9398 valid acc: 0.5625 valid loss: 0.9654
Epoch 21: train acc: 0.5746 train loss: 0.9287 valid acc: 0.3828 valid loss: 1.0511
Epoch 22: train acc: 0.5619 train loss: 0.9329 valid acc: 0.4492 valid loss: 1.0306
Epoch 23: train acc: 0.5756 train loss: 0.9242 valid acc: 0.5156 valid loss: 0.9900
Epoch 24: train acc: 0.5723 train loss: 0.9201 valid acc: 0.5273 valid loss: 0.9920
Epoch 25: train acc: 0.5707 train loss: 0.9242 valid acc: 0.3984 valid loss: 1.1249
Epoch 26: train acc: 0.5672 train loss: 0.9207 valid acc: 0.4727 valid loss: 1.0459
Epoch 27: train acc: 0.5809 train loss: 0.9192 valid acc: 0.5508 valid loss: 0.9660
Epoch 28: train acc: 0.5738 train loss: 0.9134 valid acc: 0.4023 valid loss: 1.0382
Epoch 29: train acc: 0.5732 train loss: 0.9105 valid acc: 0.4883 valid loss: 0.9916
Epoch 30: train acc: 0.5805 train loss: 0.9092 valid acc: 0.5000 valid loss: 0.9709
Epoch 31: train acc: 0.5736 train loss: 0.9116 valid acc: 0.5000 valid loss: 1.0164
Epoch 32: train acc: 0.5820 train loss: 0.9065 valid acc: 0.4062 valid loss: 1.0824
Epoch 33: train acc: 0.5889 train loss: 0.9024 valid acc: 0.5156 valid loss: 0.9687
Epoch 34: train acc: 0.5869 train loss: 0.9050 valid acc: 0.4258 valid loss: 1.0148
Epoch 35: train acc: 0.5813 train loss: 0.8999 valid acc: 0.4219 valid loss: 1.0321
Epoch 36: train acc: 0.5902 train loss: 0.8972 valid acc: 0.4805 valid loss: 1.0271
Epoch 37: train acc: 0.5975 train loss: 0.8958 valid acc: 0.4961 valid loss: 0.9557
Epoch 38: train acc: 0.5750 train loss: 0.8948 valid acc: 0.4180 valid loss: 1.0574
Epoch 39: train acc: 0.5857 train loss: 0.8960 valid acc: 0.4844 valid loss: 1.0144
Epoch 40: train acc: 0.5965 train loss: 0.8914 valid acc: 0.5195 valid loss: 0.9854
Epoch 41: train acc: 0.5943 train loss: 0.8947 valid acc: 0.5156 valid loss: 1.0018
Epoch 42: train acc: 0.5930 train loss: 0.8919 valid acc: 0.5117 valid loss: 0.9613
Epoch 43: train acc: 0.5938 train loss: 0.8915 valid acc: 0.5586 valid loss: 0.9414
Epoch 44: train acc: 0.6037 train loss: 0.8844 valid acc: 0.5352 valid loss: 0.9858
Epoch 45: train acc: 0.5813 train loss: 0.8880 valid acc: 0.4648 valid loss: 1.0126
Epoch 46: train acc: 0.6092 train loss: 0.8853 valid acc: 0.5156 valid loss: 1.0116
Epoch 47: train acc: 0.5898 train loss: 0.8872 valid acc: 0.5039 valid loss: 0.9955
Epoch 48: train acc: 0.5816 train loss: 0.8882 valid acc: 0.4258 valid loss: 1.0295
Epoch 49: train acc: 0.6021 train loss: 0.8839 valid acc: 0.4688 valid loss: 1.0128
Run 03: test acc: 0.5586 test loss: 0.9519
Epoch 00: train acc: 0.4980 train loss: 1.0354 valid acc: 0.4883 valid loss: 1.0339
Epoch 01: train acc: 0.5119 train loss: 1.0215 valid acc: 0.5430 valid loss: 0.9752
Epoch 02: train acc: 0.5143 train loss: 1.0088 valid acc: 0.5703 valid loss: 0.9866
Epoch 03: train acc: 0.5168 train loss: 1.0006 valid acc: 0.5977 valid loss: 0.9421
Epoch 04: train acc: 0.5215 train loss: 0.9928 valid acc: 0.4766 valid loss: 1.0230
Epoch 05: train acc: 0.5191 train loss: 0.9824 valid acc: 0.4766 valid loss: 1.0318
Epoch 06: train acc: 0.5166 train loss: 0.9799 valid acc: 0.5234 valid loss: 0.9897
Epoch 07: train acc: 0.5303 train loss: 0.9830 valid acc: 0.5312 valid loss: 0.9926
Epoch 08: train acc: 0.5389 train loss: 0.9765 valid acc: 0.5000 valid loss: 1.0279
Epoch 09: train acc: 0.5363 train loss: 0.9674 valid acc: 0.4766 valid loss: 1.0137
Epoch 10: train acc: 0.5428 train loss: 0.9666 valid acc: 0.4844 valid loss: 1.0242
Epoch 11: train acc: 0.5359 train loss: 0.9653 valid acc: 0.4922 valid loss: 1.0414
Epoch 12: train acc: 0.5535 train loss: 0.9559 valid acc: 0.5391 valid loss: 0.9534
Epoch 13: train acc: 0.5561 train loss: 0.9512 valid acc: 0.4961 valid loss: 1.0230
Epoch 14: train acc: 0.5457 train loss: 0.9576 valid acc: 0.4531 valid loss: 1.0537
Epoch 15: train acc: 0.5539 train loss: 0.9526 valid acc: 0.5742 valid loss: 0.9693
Epoch 16: train acc: 0.5605 train loss: 0.9436 valid acc: 0.4961 valid loss: 1.0123
Epoch 17: train acc: 0.5541 train loss: 0.9418 valid acc: 0.5078 valid loss: 0.9644
Epoch 18: train acc: 0.5619 train loss: 0.9439 valid acc: 0.4492 valid loss: 1.0433
Epoch 19: train acc: 0.5602 train loss: 0.9365 valid acc: 0.5469 valid loss: 0.9849
Epoch 20: train acc: 0.5691 train loss: 0.9368 valid acc: 0.5156 valid loss: 1.0128
Epoch 21: train acc: 0.5701 train loss: 0.9328 valid acc: 0.4727 valid loss: 0.9789
Epoch 22: train acc: 0.5711 train loss: 0.9302 valid acc: 0.4844 valid loss: 1.0329
Epoch 23: train acc: 0.5729 train loss: 0.9290 valid acc: 0.4727 valid loss: 1.0174
Epoch 24: train acc: 0.5777 train loss: 0.9249 valid acc: 0.5078 valid loss: 0.9880
Epoch 25: train acc: 0.5785 train loss: 0.9211 valid acc: 0.5742 valid loss: 0.9876
Epoch 26: train acc: 0.5699 train loss: 0.9292 valid acc: 0.5195 valid loss: 0.9829
Epoch 27: train acc: 0.5766 train loss: 0.9211 valid acc: 0.5078 valid loss: 1.0003
Epoch 28: train acc: 0.5711 train loss: 0.9175 valid acc: 0.4805 valid loss: 1.0143
Epoch 29: train acc: 0.5787 train loss: 0.9143 valid acc: 0.5469 valid loss: 0.9843
Epoch 30: train acc: 0.5859 train loss: 0.9112 valid acc: 0.5508 valid loss: 0.9662
Epoch 31: train acc: 0.5756 train loss: 0.9115 valid acc: 0.4961 valid loss: 1.0166
Epoch 32: train acc: 0.5789 train loss: 0.9086 valid acc: 0.4609 valid loss: 1.0265
Epoch 33: train acc: 0.5732 train loss: 0.9102 valid acc: 0.5781 valid loss: 0.9688
Epoch 34: train acc: 0.5805 train loss: 0.9108 valid acc: 0.4922 valid loss: 1.0382
Epoch 35: train acc: 0.5752 train loss: 0.9084 valid acc: 0.5508 valid loss: 1.0031
Epoch 36: train acc: 0.5881 train loss: 0.9098 valid acc: 0.5273 valid loss: 0.9833
Epoch 37: train acc: 0.5777 train loss: 0.9058 valid acc: 0.5508 valid loss: 0.9700
Epoch 38: train acc: 0.5756 train loss: 0.9059 valid acc: 0.5469 valid loss: 0.9605
Epoch 39: train acc: 0.5873 train loss: 0.9007 valid acc: 0.5977 valid loss: 0.9662
Epoch 40: train acc: 0.5791 train loss: 0.9003 valid acc: 0.5391 valid loss: 0.9621
Epoch 41: train acc: 0.5842 train loss: 0.9040 valid acc: 0.5352 valid loss: 0.9789
Epoch 42: train acc: 0.5785 train loss: 0.8982 valid acc: 0.5391 valid loss: 0.9935
Epoch 43: train acc: 0.5883 train loss: 0.8952 valid acc: 0.5352 valid loss: 0.9981
Epoch 44: train acc: 0.5846 train loss: 0.9000 valid acc: 0.5508 valid loss: 0.9885
Epoch 45: train acc: 0.5855 train loss: 0.8963 valid acc: 0.5117 valid loss: 1.0333
Epoch 46: train acc: 0.5844 train loss: 0.8970 valid acc: 0.4805 valid loss: 1.0179
Epoch 47: train acc: 0.5814 train loss: 0.8956 valid acc: 0.4883 valid loss: 1.0693
Epoch 48: train acc: 0.5924 train loss: 0.8921 valid acc: 0.5820 valid loss: 0.9474
Epoch 49: train acc: 0.5889 train loss: 0.8905 valid acc: 0.4883 valid loss: 0.9923
Run 04: test acc: 0.5367 test loss: 0.9856
Epoch 00: train acc: 0.5141 train loss: 1.0252 valid acc: 0.5430 valid loss: 0.9957
Epoch 01: train acc: 0.5084 train loss: 1.0107 valid acc: 0.5273 valid loss: 1.0203
Epoch 02: train acc: 0.5150 train loss: 1.0039 valid acc: 0.5430 valid loss: 0.9840
Epoch 03: train acc: 0.5191 train loss: 0.9915 valid acc: 0.5312 valid loss: 1.0050
Epoch 04: train acc: 0.5227 train loss: 0.9822 valid acc: 0.5078 valid loss: 1.0152
Epoch 05: train acc: 0.5301 train loss: 0.9804 valid acc: 0.5234 valid loss: 0.9545
Epoch 06: train acc: 0.5297 train loss: 0.9828 valid acc: 0.5156 valid loss: 1.0227
Epoch 07: train acc: 0.5457 train loss: 0.9722 valid acc: 0.4961 valid loss: 0.9986
Epoch 08: train acc: 0.5287 train loss: 0.9739 valid acc: 0.5273 valid loss: 1.0117
Epoch 09: train acc: 0.5430 train loss: 0.9617 valid acc: 0.5312 valid loss: 1.0156
Epoch 10: train acc: 0.5426 train loss: 0.9673 valid acc: 0.4609 valid loss: 1.0549
Epoch 11: train acc: 0.5572 train loss: 0.9560 valid acc: 0.6406 valid loss: 0.8458
Epoch 12: train acc: 0.5326 train loss: 0.9722 valid acc: 0.5742 valid loss: 0.9610
Epoch 13: train acc: 0.5355 train loss: 0.9583 valid acc: 0.4531 valid loss: 1.0939
Epoch 14: train acc: 0.5771 train loss: 0.9400 valid acc: 0.4844 valid loss: 1.0491
Epoch 15: train acc: 0.5648 train loss: 0.9495 valid acc: 0.3867 valid loss: 1.0557
Epoch 16: train acc: 0.5457 train loss: 0.9437 valid acc: 0.3945 valid loss: 1.1596
Epoch 17: train acc: 0.5584 train loss: 0.9448 valid acc: 0.4492 valid loss: 1.0420
Epoch 18: train acc: 0.5764 train loss: 0.9330 valid acc: 0.4922 valid loss: 1.0290
Epoch 19: train acc: 0.5705 train loss: 0.9349 valid acc: 0.4609 valid loss: 1.0595
Epoch 20: train acc: 0.5664 train loss: 0.9293 valid acc: 0.4648 valid loss: 1.0026
Epoch 21: train acc: 0.5775 train loss: 0.9324 valid acc: 0.4961 valid loss: 0.9896
Epoch 22: train acc: 0.5613 train loss: 0.9286 valid acc: 0.5703 valid loss: 0.9335
Epoch 23: train acc: 0.5697 train loss: 0.9330 valid acc: 0.5117 valid loss: 0.9780
Epoch 24: train acc: 0.5770 train loss: 0.9211 valid acc: 0.4570 valid loss: 1.0332
Epoch 25: train acc: 0.5799 train loss: 0.9195 valid acc: 0.5117 valid loss: 1.0171
Epoch 26: train acc: 0.5813 train loss: 0.9244 valid acc: 0.5430 valid loss: 1.0393
Epoch 27: train acc: 0.5723 train loss: 0.9164 valid acc: 0.3750 valid loss: 1.0791
Epoch 28: train acc: 0.5773 train loss: 0.9138 valid acc: 0.5000 valid loss: 1.0530
Epoch 29: train acc: 0.5781 train loss: 0.9171 valid acc: 0.5508 valid loss: 0.9843
Epoch 30: train acc: 0.5742 train loss: 0.9118 valid acc: 0.5156 valid loss: 1.0050
Epoch 31: train acc: 0.5777 train loss: 0.9091 valid acc: 0.4102 valid loss: 1.0832
Epoch 32: train acc: 0.5861 train loss: 0.9075 valid acc: 0.5039 valid loss: 0.9909
Epoch 33: train acc: 0.5861 train loss: 0.9071 valid acc: 0.4648 valid loss: 0.9977
Epoch 34: train acc: 0.5830 train loss: 0.9036 valid acc: 0.4609 valid loss: 1.0116
Epoch 35: train acc: 0.5844 train loss: 0.9033 valid acc: 0.4336 valid loss: 1.0414
Epoch 36: train acc: 0.5811 train loss: 0.9011 valid acc: 0.4219 valid loss: 1.0252
Epoch 37: train acc: 0.5928 train loss: 0.8967 valid acc: 0.5078 valid loss: 0.9853
Epoch 38: train acc: 0.5758 train loss: 0.8963 valid acc: 0.4336 valid loss: 1.0562
Epoch 39: train acc: 0.5809 train loss: 0.8989 valid acc: 0.4766 valid loss: 1.0212
Epoch 40: train acc: 0.5865 train loss: 0.8938 valid acc: 0.4570 valid loss: 1.0300
Epoch 41: train acc: 0.5887 train loss: 0.8964 valid acc: 0.4766 valid loss: 1.0104
Epoch 42: train acc: 0.5914 train loss: 0.8918 valid acc: 0.3984 valid loss: 1.0894
Epoch 43: train acc: 0.5908 train loss: 0.8922 valid acc: 0.5273 valid loss: 0.9888
Epoch 44: train acc: 0.5926 train loss: 0.8907 valid acc: 0.4492 valid loss: 1.0243
Epoch 45: train acc: 0.5916 train loss: 0.8911 valid acc: 0.4570 valid loss: 1.0325
Epoch 46: train acc: 0.5873 train loss: 0.8880 valid acc: 0.4570 valid loss: 1.0416
Epoch 47: train acc: 0.5902 train loss: 0.8853 valid acc: 0.5039 valid loss: 1.0437
Epoch 48: train acc: 0.5895 train loss: 0.8866 valid acc: 0.3477 valid loss: 1.0812
Epoch 49: train acc: 0.5879 train loss: 0.8875 valid acc: 0.4180 valid loss: 1.0908
Run 05: test acc: 0.5273 test loss: 0.9922
Epoch 00: train acc: 0.5113 train loss: 1.0304 valid acc: 0.5703 valid loss: 0.9754
Epoch 01: train acc: 0.5119 train loss: 1.0072 valid acc: 0.5156 valid loss: 1.0013
Epoch 02: train acc: 0.5098 train loss: 1.0045 valid acc: 0.5703 valid loss: 0.9456
Epoch 03: train acc: 0.5133 train loss: 0.9971 valid acc: 0.5117 valid loss: 1.0193
Epoch 04: train acc: 0.5174 train loss: 0.9843 valid acc: 0.5391 valid loss: 0.9938
Epoch 05: train acc: 0.5314 train loss: 0.9784 valid acc: 0.4648 valid loss: 1.0024
Epoch 06: train acc: 0.5428 train loss: 0.9767 valid acc: 0.4492 valid loss: 1.0262
Epoch 07: train acc: 0.5447 train loss: 0.9683 valid acc: 0.4727 valid loss: 1.0055
Epoch 08: train acc: 0.5502 train loss: 0.9614 valid acc: 0.5078 valid loss: 0.9800
Epoch 09: train acc: 0.5428 train loss: 0.9619 valid acc: 0.5078 valid loss: 1.0080
Epoch 10: train acc: 0.5545 train loss: 0.9601 valid acc: 0.4961 valid loss: 1.0117
Epoch 11: train acc: 0.5443 train loss: 0.9556 valid acc: 0.4648 valid loss: 1.0268
Epoch 12: train acc: 0.5508 train loss: 0.9488 valid acc: 0.5508 valid loss: 0.9861
Epoch 13: train acc: 0.5525 train loss: 0.9577 valid acc: 0.5781 valid loss: 0.9564
Epoch 14: train acc: 0.5656 train loss: 0.9641 valid acc: 0.5078 valid loss: 0.9693
Epoch 15: train acc: 0.5471 train loss: 0.9512 valid acc: 0.3867 valid loss: 1.1776
Epoch 16: train acc: 0.5594 train loss: 0.9412 valid acc: 0.5000 valid loss: 1.0203
Epoch 17: train acc: 0.5709 train loss: 0.9319 valid acc: 0.4062 valid loss: 1.0419
Epoch 18: train acc: 0.5754 train loss: 0.9310 valid acc: 0.4844 valid loss: 1.0433
Epoch 19: train acc: 0.5658 train loss: 0.9276 valid acc: 0.4609 valid loss: 1.0216
Epoch 20: train acc: 0.5729 train loss: 0.9271 valid acc: 0.4336 valid loss: 1.0685
Epoch 21: train acc: 0.5775 train loss: 0.9245 valid acc: 0.4727 valid loss: 1.0088
Epoch 22: train acc: 0.5732 train loss: 0.9232 valid acc: 0.4922 valid loss: 1.0318
Epoch 23: train acc: 0.5805 train loss: 0.9251 valid acc: 0.3867 valid loss: 1.0628
Epoch 24: train acc: 0.5701 train loss: 0.9202 valid acc: 0.4414 valid loss: 1.0499
Epoch 25: train acc: 0.5762 train loss: 0.9171 valid acc: 0.5156 valid loss: 0.9954
Epoch 26: train acc: 0.5785 train loss: 0.9140 valid acc: 0.4180 valid loss: 1.0807
Epoch 27: train acc: 0.5762 train loss: 0.9135 valid acc: 0.4336 valid loss: 1.0409
Epoch 28: train acc: 0.5818 train loss: 0.9085 valid acc: 0.3906 valid loss: 1.0779
Epoch 29: train acc: 0.5717 train loss: 0.9094 valid acc: 0.4727 valid loss: 1.0215
Epoch 30: train acc: 0.5816 train loss: 0.9065 valid acc: 0.5430 valid loss: 0.9903
Epoch 31: train acc: 0.5771 train loss: 0.9054 valid acc: 0.4844 valid loss: 1.0257
Epoch 32: train acc: 0.5713 train loss: 0.9071 valid acc: 0.4609 valid loss: 1.0289
Epoch 33: train acc: 0.5826 train loss: 0.9036 valid acc: 0.4453 valid loss: 1.0459
Epoch 34: train acc: 0.5801 train loss: 0.9030 valid acc: 0.4414 valid loss: 0.9977
Epoch 35: train acc: 0.5918 train loss: 0.9009 valid acc: 0.4570 valid loss: 1.0072
Epoch 36: train acc: 0.5859 train loss: 0.8974 valid acc: 0.5312 valid loss: 0.9667
Epoch 37: train acc: 0.5980 train loss: 0.8984 valid acc: 0.5195 valid loss: 0.9503
Epoch 38: train acc: 0.5793 train loss: 0.8951 valid acc: 0.4297 valid loss: 1.0956
Epoch 39: train acc: 0.5918 train loss: 0.8925 valid acc: 0.4453 valid loss: 1.0133
Epoch 40: train acc: 0.5900 train loss: 0.8933 valid acc: 0.5078 valid loss: 0.9950
Epoch 41: train acc: 0.5885 train loss: 0.8922 valid acc: 0.4414 valid loss: 1.0552
Epoch 42: train acc: 0.5816 train loss: 0.8910 valid acc: 0.4727 valid loss: 1.0272
Epoch 43: train acc: 0.5895 train loss: 0.8913 valid acc: 0.4414 valid loss: 1.0399
Epoch 44: train acc: 0.5932 train loss: 0.8850 valid acc: 0.4375 valid loss: 1.0466
Epoch 45: train acc: 0.5898 train loss: 0.8891 valid acc: 0.4883 valid loss: 1.0047
Epoch 46: train acc: 0.5889 train loss: 0.8875 valid acc: 0.5000 valid loss: 1.0111
Epoch 47: train acc: 0.5963 train loss: 0.8855 valid acc: 0.4141 valid loss: 1.0542
Epoch 48: train acc: 0.5924 train loss: 0.8848 valid acc: 0.5000 valid loss: 1.0154
Epoch 49: train acc: 0.6029 train loss: 0.8831 valid acc: 0.5156 valid loss: 0.9819
Run 06: test acc: 0.5422 test loss: 0.9709
Epoch 00: train acc: 0.4824 train loss: 1.0471 valid acc: 0.5430 valid loss: 1.0191
Epoch 01: train acc: 0.5090 train loss: 1.0193 valid acc: 0.5156 valid loss: 1.0372
Epoch 02: train acc: 0.5156 train loss: 1.0090 valid acc: 0.5664 valid loss: 0.9827
Epoch 03: train acc: 0.5104 train loss: 1.0029 valid acc: 0.5391 valid loss: 0.9946
Epoch 04: train acc: 0.5104 train loss: 0.9969 valid acc: 0.4727 valid loss: 1.0299
Epoch 05: train acc: 0.5162 train loss: 0.9968 valid acc: 0.5352 valid loss: 0.9795
Epoch 06: train acc: 0.5164 train loss: 0.9810 valid acc: 0.5039 valid loss: 1.0205
Epoch 07: train acc: 0.5330 train loss: 0.9768 valid acc: 0.4922 valid loss: 1.0298
Epoch 08: train acc: 0.5281 train loss: 0.9783 valid acc: 0.4766 valid loss: 1.0193
Epoch 09: train acc: 0.5264 train loss: 0.9705 valid acc: 0.4570 valid loss: 1.0166
Epoch 10: train acc: 0.5389 train loss: 0.9632 valid acc: 0.5508 valid loss: 0.9721
Epoch 11: train acc: 0.5318 train loss: 0.9670 valid acc: 0.4648 valid loss: 1.0320
Epoch 12: train acc: 0.5406 train loss: 0.9635 valid acc: 0.4453 valid loss: 1.0517
Epoch 13: train acc: 0.5381 train loss: 0.9559 valid acc: 0.5664 valid loss: 0.9685
Epoch 14: train acc: 0.5686 train loss: 0.9571 valid acc: 0.5898 valid loss: 0.9512
Epoch 15: train acc: 0.5391 train loss: 0.9521 valid acc: 0.5000 valid loss: 1.0349
Epoch 16: train acc: 0.5539 train loss: 0.9464 valid acc: 0.5430 valid loss: 0.9717
Epoch 17: train acc: 0.5664 train loss: 0.9483 valid acc: 0.5117 valid loss: 0.9857
Epoch 18: train acc: 0.5598 train loss: 0.9408 valid acc: 0.4531 valid loss: 1.0332
Epoch 19: train acc: 0.5637 train loss: 0.9442 valid acc: 0.5312 valid loss: 0.9885
Epoch 20: train acc: 0.5604 train loss: 0.9361 valid acc: 0.5938 valid loss: 0.9267
Epoch 21: train acc: 0.5691 train loss: 0.9358 valid acc: 0.4531 valid loss: 1.0626
Epoch 22: train acc: 0.5615 train loss: 0.9286 valid acc: 0.4844 valid loss: 1.0087
Epoch 23: train acc: 0.5627 train loss: 0.9335 valid acc: 0.4062 valid loss: 1.1333
Epoch 24: train acc: 0.5545 train loss: 0.9273 valid acc: 0.5039 valid loss: 0.9901
Epoch 25: train acc: 0.5711 train loss: 0.9278 valid acc: 0.4336 valid loss: 1.0334
Epoch 26: train acc: 0.5771 train loss: 0.9203 valid acc: 0.4531 valid loss: 1.0744
Epoch 27: train acc: 0.5748 train loss: 0.9205 valid acc: 0.5078 valid loss: 1.0436
Epoch 28: train acc: 0.5729 train loss: 0.9181 valid acc: 0.4023 valid loss: 1.0306
Epoch 29: train acc: 0.5857 train loss: 0.9135 valid acc: 0.3906 valid loss: 1.0697
Epoch 30: train acc: 0.5820 train loss: 0.9105 valid acc: 0.5703 valid loss: 0.9526
Epoch 31: train acc: 0.5848 train loss: 0.9106 valid acc: 0.5000 valid loss: 0.9740
Epoch 32: train acc: 0.5861 train loss: 0.9076 valid acc: 0.5312 valid loss: 0.9532
Epoch 33: train acc: 0.5857 train loss: 0.9047 valid acc: 0.5000 valid loss: 1.0416
Epoch 34: train acc: 0.5813 train loss: 0.8988 valid acc: 0.4570 valid loss: 1.0111
Epoch 35: train acc: 0.5803 train loss: 0.9007 valid acc: 0.4648 valid loss: 1.0141
Epoch 36: train acc: 0.5869 train loss: 0.9024 valid acc: 0.5703 valid loss: 0.9967
Epoch 37: train acc: 0.5875 train loss: 0.8959 valid acc: 0.5039 valid loss: 0.9921
Epoch 38: train acc: 0.5904 train loss: 0.8935 valid acc: 0.5039 valid loss: 1.0321
Epoch 39: train acc: 0.5799 train loss: 0.8921 valid acc: 0.4492 valid loss: 1.0030
Epoch 40: train acc: 0.5848 train loss: 0.8923 valid acc: 0.4844 valid loss: 0.9838
Epoch 41: train acc: 0.6061 train loss: 0.8918 valid acc: 0.5703 valid loss: 0.9394
Epoch 42: train acc: 0.5803 train loss: 0.8899 valid acc: 0.4570 valid loss: 1.0622
Epoch 43: train acc: 0.6002 train loss: 0.8896 valid acc: 0.4336 valid loss: 1.0215
Epoch 44: train acc: 0.5930 train loss: 0.8858 valid acc: 0.5117 valid loss: 0.9779
Epoch 45: train acc: 0.5924 train loss: 0.8824 valid acc: 0.5156 valid loss: 0.9925
Epoch 46: train acc: 0.5922 train loss: 0.8800 valid acc: 0.4219 valid loss: 1.0584
Epoch 47: train acc: 0.5869 train loss: 0.8824 valid acc: 0.4258 valid loss: 1.0411
Epoch 48: train acc: 0.5932 train loss: 0.8832 valid acc: 0.4219 valid loss: 1.0705
Epoch 49: train acc: 0.5936 train loss: 0.8777 valid acc: 0.4922 valid loss: 1.0089
Run 07: test acc: 0.5715 test loss: 0.9537
Epoch 00: train acc: 0.5076 train loss: 1.0234 valid acc: 0.5938 valid loss: 0.9505
Epoch 01: train acc: 0.5096 train loss: 1.0095 valid acc: 0.5703 valid loss: 0.9594
Epoch 02: train acc: 0.4979 train loss: 1.0037 valid acc: 0.5977 valid loss: 0.9404
Epoch 03: train acc: 0.5158 train loss: 1.0077 valid acc: 0.4414 valid loss: 1.0672
Epoch 04: train acc: 0.5178 train loss: 0.9958 valid acc: 0.5273 valid loss: 0.9848
Epoch 05: train acc: 0.5213 train loss: 0.9796 valid acc: 0.4688 valid loss: 1.0527
Epoch 06: train acc: 0.5227 train loss: 0.9788 valid acc: 0.5039 valid loss: 0.9925
Epoch 07: train acc: 0.5217 train loss: 0.9805 valid acc: 0.3633 valid loss: 1.0683
Epoch 08: train acc: 0.5342 train loss: 0.9716 valid acc: 0.4453 valid loss: 1.0339
Epoch 09: train acc: 0.5320 train loss: 0.9666 valid acc: 0.4453 valid loss: 1.0561
Epoch 10: train acc: 0.5561 train loss: 0.9643 valid acc: 0.4180 valid loss: 1.0538
Epoch 11: train acc: 0.5359 train loss: 0.9577 valid acc: 0.5117 valid loss: 1.0261
Epoch 12: train acc: 0.5367 train loss: 0.9671 valid acc: 0.4805 valid loss: 1.0453
Epoch 13: train acc: 0.5553 train loss: 0.9534 valid acc: 0.5312 valid loss: 0.9944
Epoch 14: train acc: 0.5498 train loss: 0.9468 valid acc: 0.4727 valid loss: 1.0387
Epoch 15: train acc: 0.5586 train loss: 0.9432 valid acc: 0.4297 valid loss: 1.0801
Epoch 16: train acc: 0.5766 train loss: 0.9370 valid acc: 0.5898 valid loss: 0.9601
Epoch 17: train acc: 0.5588 train loss: 0.9480 valid acc: 0.4609 valid loss: 1.0852
Epoch 18: train acc: 0.5543 train loss: 0.9369 valid acc: 0.3945 valid loss: 1.1078
Epoch 19: train acc: 0.5754 train loss: 0.9348 valid acc: 0.5117 valid loss: 1.0150
Epoch 20: train acc: 0.5631 train loss: 0.9346 valid acc: 0.5039 valid loss: 1.0142
Epoch 21: train acc: 0.5672 train loss: 0.9349 valid acc: 0.4023 valid loss: 1.0502
Epoch 22: train acc: 0.5740 train loss: 0.9266 valid acc: 0.5391 valid loss: 0.9836
Epoch 23: train acc: 0.5717 train loss: 0.9267 valid acc: 0.4805 valid loss: 1.0495
Epoch 24: train acc: 0.5719 train loss: 0.9294 valid acc: 0.5156 valid loss: 1.0132
Epoch 25: train acc: 0.5783 train loss: 0.9241 valid acc: 0.5938 valid loss: 0.9547
Epoch 26: train acc: 0.5711 train loss: 0.9182 valid acc: 0.3906 valid loss: 1.1100
Epoch 27: train acc: 0.5785 train loss: 0.9133 valid acc: 0.5234 valid loss: 0.9459
Epoch 28: train acc: 0.5713 train loss: 0.9146 valid acc: 0.4414 valid loss: 1.0538
Epoch 29: train acc: 0.5824 train loss: 0.9156 valid acc: 0.5000 valid loss: 1.0325
Epoch 30: train acc: 0.5789 train loss: 0.9108 valid acc: 0.3906 valid loss: 1.0745
Epoch 31: train acc: 0.5762 train loss: 0.9118 valid acc: 0.4570 valid loss: 1.0695
Epoch 32: train acc: 0.5783 train loss: 0.9043 valid acc: 0.3984 valid loss: 1.1196
Epoch 33: train acc: 0.5770 train loss: 0.9058 valid acc: 0.4102 valid loss: 1.0904
Epoch 34: train acc: 0.5760 train loss: 0.9028 valid acc: 0.4453 valid loss: 1.1148
Epoch 35: train acc: 0.5783 train loss: 0.9063 valid acc: 0.4414 valid loss: 1.0509
Epoch 36: train acc: 0.5904 train loss: 0.8994 valid acc: 0.4766 valid loss: 1.0690
Epoch 37: train acc: 0.5791 train loss: 0.8963 valid acc: 0.4961 valid loss: 1.0057
Epoch 38: train acc: 0.5781 train loss: 0.9021 valid acc: 0.4922 valid loss: 1.0459
Epoch 39: train acc: 0.5805 train loss: 0.8995 valid acc: 0.4258 valid loss: 1.0581
Epoch 40: train acc: 0.5789 train loss: 0.8965 valid acc: 0.3594 valid loss: 1.0733
Epoch 41: train acc: 0.5895 train loss: 0.8982 valid acc: 0.4844 valid loss: 1.0181
Epoch 42: train acc: 0.5852 train loss: 0.8944 valid acc: 0.4492 valid loss: 1.0621
Epoch 43: train acc: 0.5918 train loss: 0.8940 valid acc: 0.4453 valid loss: 1.0741
Epoch 44: train acc: 0.5805 train loss: 0.8942 valid acc: 0.4414 valid loss: 1.0267
Epoch 45: train acc: 0.5906 train loss: 0.8901 valid acc: 0.4258 valid loss: 1.0500
Epoch 46: train acc: 0.5824 train loss: 0.8890 valid acc: 0.4297 valid loss: 1.0403
Epoch 47: train acc: 0.5926 train loss: 0.8913 valid acc: 0.4062 valid loss: 1.0912
Epoch 48: train acc: 0.5879 train loss: 0.8894 valid acc: 0.4492 valid loss: 1.0071
Epoch 49: train acc: 0.6010 train loss: 0.8860 valid acc: 0.4062 valid loss: 1.1127
Run 08: test acc: 0.5422 test loss: 0.9874
Epoch 00: train acc: 0.4902 train loss: 1.0437 valid acc: 0.5156 valid loss: 1.0264
Epoch 01: train acc: 0.5096 train loss: 1.0149 valid acc: 0.6250 valid loss: 0.9328
Epoch 02: train acc: 0.5102 train loss: 1.0023 valid acc: 0.6250 valid loss: 0.9093
Epoch 03: train acc: 0.5162 train loss: 1.0004 valid acc: 0.5977 valid loss: 0.9515
Epoch 04: train acc: 0.5123 train loss: 0.9978 valid acc: 0.5703 valid loss: 0.9912
Epoch 05: train acc: 0.5168 train loss: 0.9860 valid acc: 0.5312 valid loss: 0.9866
Epoch 06: train acc: 0.5318 train loss: 0.9825 valid acc: 0.5664 valid loss: 0.9571
Epoch 07: train acc: 0.5281 train loss: 0.9743 valid acc: 0.5117 valid loss: 1.0027
Epoch 08: train acc: 0.5359 train loss: 0.9726 valid acc: 0.4883 valid loss: 1.0091
Epoch 09: train acc: 0.5264 train loss: 0.9734 valid acc: 0.4102 valid loss: 1.0505
Epoch 10: train acc: 0.5297 train loss: 0.9719 valid acc: 0.5391 valid loss: 0.9763
Epoch 11: train acc: 0.5523 train loss: 0.9650 valid acc: 0.6172 valid loss: 0.9197
Epoch 12: train acc: 0.5455 train loss: 0.9628 valid acc: 0.4023 valid loss: 1.0771
Epoch 13: train acc: 0.5383 train loss: 0.9544 valid acc: 0.3555 valid loss: 1.0705
Epoch 14: train acc: 0.5723 train loss: 0.9545 valid acc: 0.4961 valid loss: 0.9935
Epoch 15: train acc: 0.5520 train loss: 0.9514 valid acc: 0.5312 valid loss: 1.0172
Epoch 16: train acc: 0.5414 train loss: 0.9517 valid acc: 0.5352 valid loss: 0.9958
Epoch 17: train acc: 0.5498 train loss: 0.9473 valid acc: 0.4492 valid loss: 1.0399
Epoch 18: train acc: 0.5688 train loss: 0.9424 valid acc: 0.5234 valid loss: 1.0000
Epoch 19: train acc: 0.5502 train loss: 0.9396 valid acc: 0.5000 valid loss: 0.9904
Epoch 20: train acc: 0.5578 train loss: 0.9361 valid acc: 0.4883 valid loss: 1.0242
Epoch 21: train acc: 0.5746 train loss: 0.9321 valid acc: 0.5234 valid loss: 0.9935
Epoch 22: train acc: 0.5613 train loss: 0.9340 valid acc: 0.4375 valid loss: 1.0172
Epoch 23: train acc: 0.5699 train loss: 0.9288 valid acc: 0.5117 valid loss: 0.9811
Epoch 24: train acc: 0.5658 train loss: 0.9300 valid acc: 0.3828 valid loss: 1.0871
Epoch 25: train acc: 0.5840 train loss: 0.9272 valid acc: 0.5938 valid loss: 0.9356
Epoch 26: train acc: 0.5758 train loss: 0.9242 valid acc: 0.4297 valid loss: 1.0490
Epoch 27: train acc: 0.5746 train loss: 0.9245 valid acc: 0.4609 valid loss: 1.0199
Epoch 28: train acc: 0.5684 train loss: 0.9238 valid acc: 0.4766 valid loss: 1.0151
Epoch 29: train acc: 0.5768 train loss: 0.9209 valid acc: 0.4766 valid loss: 1.0071
Epoch 30: train acc: 0.5830 train loss: 0.9162 valid acc: 0.4414 valid loss: 1.0091
Epoch 31: train acc: 0.5748 train loss: 0.9195 valid acc: 0.4336 valid loss: 1.0143
Epoch 32: train acc: 0.5830 train loss: 0.9148 valid acc: 0.5117 valid loss: 1.0014
Epoch 33: train acc: 0.5771 train loss: 0.9114 valid acc: 0.4727 valid loss: 1.0488
Epoch 34: train acc: 0.5686 train loss: 0.9122 valid acc: 0.5234 valid loss: 0.9756
Epoch 35: train acc: 0.5779 train loss: 0.9104 valid acc: 0.3594 valid loss: 1.0506
Epoch 36: train acc: 0.5754 train loss: 0.9121 valid acc: 0.4688 valid loss: 0.9840
Epoch 37: train acc: 0.5863 train loss: 0.9077 valid acc: 0.4688 valid loss: 1.0264
Epoch 38: train acc: 0.5762 train loss: 0.9069 valid acc: 0.4922 valid loss: 1.0017
Epoch 39: train acc: 0.5818 train loss: 0.9044 valid acc: 0.5273 valid loss: 1.0055
Epoch 40: train acc: 0.5791 train loss: 0.9027 valid acc: 0.4453 valid loss: 0.9677
Epoch 41: train acc: 0.5777 train loss: 0.9049 valid acc: 0.5156 valid loss: 0.9734
Epoch 42: train acc: 0.5848 train loss: 0.9030 valid acc: 0.5625 valid loss: 0.9290
Epoch 43: train acc: 0.5734 train loss: 0.9058 valid acc: 0.5078 valid loss: 0.9865
Epoch 44: train acc: 0.5955 train loss: 0.8996 valid acc: 0.5625 valid loss: 0.9390
Epoch 45: train acc: 0.5717 train loss: 0.9006 valid acc: 0.5273 valid loss: 0.9439
Epoch 46: train acc: 0.5832 train loss: 0.9027 valid acc: 0.5742 valid loss: 0.9404
Epoch 47: train acc: 0.5908 train loss: 0.8974 valid acc: 0.4062 valid loss: 1.0248
Epoch 48: train acc: 0.5877 train loss: 0.8951 valid acc: 0.4570 valid loss: 1.0000
Epoch 49: train acc: 0.5854 train loss: 0.8925 valid acc: 0.4648 valid loss: 1.0320
Run 09: test acc: 0.5449 test loss: 0.9817
Test acc: 0.5466 (0.0119), loss: 0.9789 (0.0171)
DONE
